Log file open, 08/11/20 23:09:09
LogInit: Display: Running engine for game: firstgame
LogPlatformFile: Not using cached read wrapper
LogTaskGraph: Started task graph with 5 named threads and 35 total threads with 3 sets of task threads.
LogStats: Stats thread started at 0.779964
LogD3D11RHI: Loaded GFSDK_Aftermath_Lib.x64.dll
LogICUInternationalization: ICU TimeZone Detection - Raw Offset: -8:00, Platform Override: ''
LogPluginManager: Mounting plugin Paper2D
LogPluginManager: Mounting plugin AISupport
LogPluginManager: Mounting plugin LightPropagationVolume
LogPluginManager: Mounting plugin CameraShakePreviewer
LogPluginManager: Mounting plugin ActorLayerUtilities
LogPluginManager: Mounting plugin AnimationSharing
LogPluginManager: Mounting plugin CLionSourceCodeAccess
LogPluginManager: Mounting plugin CodeLiteSourceCodeAccess
LogPluginManager: Mounting plugin GitSourceControl
LogPluginManager: Mounting plugin KDevelopSourceCodeAccess
LogPluginManager: Mounting plugin NullSourceCodeAccess
LogPluginManager: Mounting plugin PerforceSourceControl
LogPluginManager: Mounting plugin PlasticSourceControl
LogPluginManager: Mounting plugin RiderSourceCodeAccess
LogPluginManager: Mounting plugin SubversionSourceControl
LogPluginManager: Mounting plugin UObjectPlugin
LogPluginManager: Mounting plugin VisualStudioCodeSourceCodeAccess
LogPluginManager: Mounting plugin VisualStudioSourceCodeAccess
LogPluginManager: Mounting plugin XCodeSourceCodeAccess
LogPluginManager: Mounting plugin AssetManagerEditor
LogPluginManager: Mounting plugin CryptoKeys
LogPluginManager: Mounting plugin CurveEditorTools
LogPluginManager: Mounting plugin DataValidation
LogPluginManager: Mounting plugin EditorScriptingUtilities
LogPluginManager: Mounting plugin FacialAnimation
LogPluginManager: Mounting plugin GameplayTagsEditor
LogPluginManager: Mounting plugin GeometryMode
LogPluginManager: Mounting plugin MacGraphicsSwitching
LogPluginManager: Mounting plugin MaterialAnalyzer
LogPluginManager: Mounting plugin MobileLauncherProfileWizard
LogPluginManager: Mounting plugin PluginBrowser
LogPluginManager: Mounting plugin SpeedTreeImporter
LogPluginManager: Mounting plugin DatasmithContent
LogPluginManager: Mounting plugin VariantManagerContent
LogPluginManager: Mounting plugin AlembicImporter
LogPluginManager: Mounting plugin AutomationUtils
LogPluginManager: Mounting plugin BackChannel
LogPluginManager: Mounting plugin ChaosCloth
LogPluginManager: Mounting plugin ChaosClothEditor
LogPluginManager: Mounting plugin ChaosEditor
LogPluginManager: Mounting plugin ChaosNiagara
LogPluginManager: Mounting plugin ChaosSolverPlugin
LogPluginManager: Mounting plugin CharacterAI
LogPluginManager: Mounting plugin GeometryCache
LogPluginManager: Mounting plugin GeometryCollectionPlugin
LogPluginManager: Mounting plugin GeometryProcessing
LogPluginManager: Mounting plugin PlanarCut
LogPluginManager: Mounting plugin PlatformCrypto
LogPluginManager: Mounting plugin ProxyLODPlugin
LogPluginManager: Mounting plugin SkeletalReduction
LogPluginManager: Mounting plugin Niagara
LogPluginManager: Mounting plugin MagicLeap
LogPluginManager: Mounting plugin MagicLeapLightEstimation
LogPluginManager: Mounting plugin MagicLeapMedia
LogPluginManager: Mounting plugin MagicLeapPassableWorld
LogPluginManager: Mounting plugin MLSDK
LogPluginManager: Mounting plugin AndroidMedia
LogPluginManager: Mounting plugin AvfMedia
LogPluginManager: Mounting plugin ImgMedia
LogPluginManager: Mounting plugin MediaCompositing
LogPluginManager: Mounting plugin MediaPlayerEditor
LogPluginManager: Mounting plugin WebMMedia
LogPluginManager: Mounting plugin WmfMedia
LogPluginManager: Mounting plugin MeshPainting
LogPluginManager: Mounting plugin TcpMessaging
LogPluginManager: Mounting plugin UdpMessaging
LogPluginManager: Mounting plugin ActorSequence
LogPluginManager: Mounting plugin LevelSequenceEditor
LogPluginManager: Mounting plugin MatineeToLevelSequence
LogPluginManager: Mounting plugin MovieRenderPipeline
LogPluginManager: Mounting plugin TemplateSequence
LogPluginManager: Mounting plugin NetcodeUnitTest
LogPluginManager: Mounting plugin NUTUnrealEngine4
LogPluginManager: Mounting plugin OnlineSubsystemGooglePlay
LogPluginManager: Mounting plugin OnlineSubsystemIOS
LogPluginManager: Mounting plugin OnlineSubsystem
LogPluginManager: Mounting plugin OnlineSubsystemNull
LogPluginManager: Mounting plugin OnlineSubsystemUtils
LogPluginManager: Mounting plugin LauncherChunkInstaller
LogPluginManager: Mounting plugin AndroidDeviceProfileSelector
LogPluginManager: Mounting plugin AndroidMoviePlayer
LogPluginManager: Mounting plugin AndroidPermission
LogPluginManager: Mounting plugin AppleImageUtils
LogPluginManager: Mounting plugin AppleMoviePlayer
LogPluginManager: Mounting plugin ArchVisCharacter
LogPluginManager: Mounting plugin AssetTags
LogPluginManager: Mounting plugin AudioCapture
LogPluginManager: Mounting plugin CableComponent
LogPluginManager: Mounting plugin CustomMeshComponent
LogPluginManager: Mounting plugin EditableMesh
LogPluginManager: Mounting plugin ExampleDeviceProfileSelector
LogPluginManager: Mounting plugin GoogleCloudMessaging
LogPluginManager: Mounting plugin GooglePAD
LogPluginManager: Mounting plugin IOSDeviceProfileSelector
LogPluginManager: Mounting plugin LinuxDeviceProfileSelector
LogPluginManager: Mounting plugin LocationServicesBPLibrary
LogPluginManager: Mounting plugin MobilePatchingUtils
LogPluginManager: Mounting plugin OculusVR
LogPluginManager: Mounting plugin PhysXVehicles
LogPluginManager: Mounting plugin PostSplashScreen
LogPluginManager: Mounting plugin ProceduralMeshComponent
LogPluginManager: Mounting plugin RuntimePhysXCooking
LogPluginManager: Mounting plugin SignificanceManager
LogPluginManager: Mounting plugin SoundFields
LogPluginManager: Mounting plugin SteamVR
LogPluginManager: Mounting plugin Synthesis
LogPluginManager: Mounting plugin WebMMoviePlayer
LogPluginManager: Mounting plugin WindowsMoviePlayer
LogPluginManager: Mounting plugin ScreenshotTools
LogInit: Using libcurl 7.55.1-DEV
LogInit:  - built for x86_64-pc-win32
LogInit:  - supports SSL with OpenSSL/1.1.1
LogInit:  - supports HTTP deflate (compression) using libz 1.2.8
LogInit:  - other features:
LogInit:      CURL_VERSION_SSL
LogInit:      CURL_VERSION_LIBZ
LogInit:      CURL_VERSION_IPV6
LogInit:      CURL_VERSION_ASYNCHDNS
LogInit:      CURL_VERSION_LARGEFILE
LogInit:      CURL_VERSION_IDN
LogInit:  CurlRequestOptions (configurable via config and command line):
LogInit:  - bVerifyPeer = true  - Libcurl will verify peer certificate
LogInit:  - bUseHttpProxy = false  - Libcurl will NOT use HTTP proxy
LogInit:  - bDontReuseConnections = false  - Libcurl will reuse connections
LogInit:  - MaxHostConnections = 16  - Libcurl will limit the number of connections to a host
LogInit:  - LocalHostAddr = Default
LogInit:  - BufferSize = 65536
LogOnline: OSS: Creating online subsystem instance for: NULL
LogInit: WinSock: version 1.1 (2.2), MaxSocks=32767, MaxUdp=65467
LogOnline: OSS: TryLoadSubsystemAndSetDefault: Loaded subsystem for module [NULL]
LogInit: Build: ++UE4+Release-4.25-CL-13594126
LogInit: Engine Version: 4.25.1-13594126+++UE4+Release-4.25
LogInit: Compatible Engine Version: 4.25.0-13144385+++UE4+Release-4.25
LogInit: Net CL: 13144385
LogInit: OS: Windows 10 (Release 1909) (), CPU: AMD Ryzen 5 3600 6-Core Processor              , GPU: NVIDIA GeForce GTX 1660
LogInit: Compiled (64-bit): Jun  2 2020 02:10:36
LogInit: Compiled with Visual C++: 19.24.28315.00
LogInit: Build Configuration: Development
LogInit: Branch Name: ++UE4+Release-4.25
LogInit: Command Line:  -EpicPortal -epicusername=Madeincheese -epicuserid=bca6142b207148d29d71114de8c3e857 -epiclocale=zh-Hans
LogInit: Base Directory: D:/Epic Games/UE_4.25/Engine/Binaries/Win64/
LogInit: Allocator: TBB
LogInit: Installed Engine Build: 1
LogDevObjectVersion: Number of dev versions registered: 26
LogDevObjectVersion:   Dev-Blueprints (B0D832E4-1F89-4F0D-ACCF-7EB736FD4AA2): 10
LogDevObjectVersion:   Dev-Build (E1C64328-A22C-4D53-A36C-8E866417BD8C): 0
LogDevObjectVersion:   Dev-Core (375EC13C-06E4-48FB-B500-84F0262A717E): 4
LogDevObjectVersion:   Dev-Editor (E4B068ED-F494-42E9-A231-DA0B2E46BB41): 38
LogDevObjectVersion:   Dev-Framework (CFFC743F-43B0-4480-9391-14DF171D2073): 37
LogDevObjectVersion:   Dev-Mobile (B02B49B5-BB20-44E9-A304-32B752E40360): 2
LogDevObjectVersion:   Dev-Networking (A4E4105C-59A1-49B5-A7C5-40C4547EDFEE): 0
LogDevObjectVersion:   Dev-Online (39C831C9-5AE6-47DC-9A44-9C173E1C8E7C): 0
LogDevObjectVersion:   Dev-Physics (78F01B33-EBEA-4F98-B9B4-84EACCB95AA2): 4
LogDevObjectVersion:   Dev-Platform (6631380F-2D4D-43E0-8009-CF276956A95A): 0
LogDevObjectVersion:   Dev-Rendering (12F88B9F-8875-4AFC-A67C-D90C383ABD29): 43
LogDevObjectVersion:   Dev-Sequencer (7B5AE74C-D270-4C10-A958-57980B212A5A): 12
LogDevObjectVersion:   Dev-VR (D7296918-1DD6-4BDD-9DE2-64A83CC13884): 3
LogDevObjectVersion:   Dev-LoadTimes (C2A15278-BFE7-4AFE-6C17-90FF531DF755): 1
LogDevObjectVersion:   Private-Geometry (6EACA3D4-40EC-4CC1-B786-8BED09428FC5): 3
LogDevObjectVersion:   Dev-AnimPhys (29E575DD-E0A3-4627-9D10-D276232CDCEA): 17
LogDevObjectVersion:   Dev-Anim (AF43A65D-7FD3-4947-9873-3E8ED9C1BB05): 7
LogDevObjectVersion:   Dev-ReflectionCapture (6B266CEC-1EC7-4B8F-A30B-E4D90942FC07): 1
LogDevObjectVersion:   Dev-Automation (0DF73D61-A23F-47EA-B727-89E90C41499A): 1
LogDevObjectVersion:   FortniteMain (601D1886-AC64-4F84-AA16-D3DE0DEAC7D6): 31
LogDevObjectVersion:   Dev-Enterprise (9DFFBCD6-494F-0158-E221-12823C92A888): 10
LogDevObjectVersion:   Dev-Niagara (F2AED0AC-9AFE-416F-8664-AA7FFA26D6FC): 1
LogDevObjectVersion:   Dev-Destruction (174F1F0B-B4C6-45A5-B13F-2EE8D0FB917D): 10
LogDevObjectVersion:   Dev-Physics-Ext (35F94A83-E258-406C-A318-09F59610247C): 37
LogDevObjectVersion:   Dev-PhysicsMaterial-Chaos (B68FC16E-8B1B-42E2-B453-215C058844FE): 1
LogDevObjectVersion:   Dev-CineCamera (B2E18506-4273-CFC2-A54E-F4BB758BBA07): 1
LogInit: Presizing for max 25165824 objects, including 0 objects not considered by GC, pre-allocating 0 bytes for permanent pool.
LogConfig: Applying CVar settings from Section [/Script/Engine.StreamingSettings] File [C:/Users/haoru/Desktop/TPSGame/firstgame/Saved/Config/Windows/Engine.ini]
LogConfig: Setting CVar [[s.MinBulkDataSizeForAsyncLoading:131072]]
LogConfig: Setting CVar [[s.AsyncLoadingThreadEnabled:0]]
LogConfig: Setting CVar [[s.EventDrivenLoaderEnabled:1]]
LogConfig: Setting CVar [[s.WarnIfTimeLimitExceeded:0]]
LogConfig: Setting CVar [[s.TimeLimitExceededMultiplier:1.5]]
LogConfig: Setting CVar [[s.TimeLimitExceededMinTime:0.005]]
LogConfig: Setting CVar [[s.UseBackgroundLevelStreaming:1]]
LogConfig: Setting CVar [[s.PriorityAsyncLoadingExtraTime:15.0]]
LogConfig: Setting CVar [[s.LevelStreamingActorsUpdateTimeLimit:5.0]]
LogConfig: Setting CVar [[s.PriorityLevelStreamingActorsUpdateExtraTime:5.0]]
LogConfig: Setting CVar [[s.LevelStreamingComponentsRegistrationGranularity:10]]
LogConfig: Setting CVar [[s.UnregisterComponentsTimeLimit:1.0]]
LogConfig: Setting CVar [[s.LevelStreamingComponentsUnregistrationGranularity:5]]
LogConfig: Setting CVar [[s.FlushStreamingOnExit:1]]
LogInit: Object subsystem initialized
LogConfig: Setting CVar [[con.DebugEarlyDefault:1]]
LogConfig: Setting CVar [[r.setres:1280x720]]
[2020.08.12-06.09.09:954][  0]LogConfig: Setting CVar [[r.VSync:0]]
[2020.08.12-06.09.09:954][  0]LogConfig: Setting CVar [[r.RHICmdBypass:0]]
[2020.08.12-06.09.09:954][  0]LogConfig: Applying CVar settings from Section [/Script/Engine.RendererSettings] File [C:/Users/haoru/Desktop/TPSGame/firstgame/Saved/Config/Windows/Engine.ini]
[2020.08.12-06.09.09:954][  0]LogConfig: Setting CVar [[r.GPUCrashDebugging:0]]
[2020.08.12-06.09.09:954][  0]LogConfig: Applying CVar settings from Section [/Script/Engine.RendererOverrideSettings] File [C:/Users/haoru/Desktop/TPSGame/firstgame/Saved/Config/Windows/Engine.ini]
[2020.08.12-06.09.09:954][  0]LogConfig: Applying CVar settings from Section [/Script/Engine.StreamingSettings] File [C:/Users/haoru/Desktop/TPSGame/firstgame/Saved/Config/Windows/Engine.ini]
[2020.08.12-06.09.09:954][  0]LogConfig: Setting CVar [[s.MinBulkDataSizeForAsyncLoading:131072]]
[2020.08.12-06.09.09:954][  0]LogConfig: Setting CVar [[s.AsyncLoadingThreadEnabled:0]]
[2020.08.12-06.09.09:954][  0]LogConfig: Setting CVar [[s.EventDrivenLoaderEnabled:1]]
[2020.08.12-06.09.09:954][  0]LogConfig: Setting CVar [[s.WarnIfTimeLimitExceeded:0]]
[2020.08.12-06.09.09:954][  0]LogConfig: Setting CVar [[s.TimeLimitExceededMultiplier:1.5]]
[2020.08.12-06.09.09:954][  0]LogConfig: Setting CVar [[s.TimeLimitExceededMinTime:0.005]]
[2020.08.12-06.09.09:954][  0]LogConfig: Setting CVar [[s.UseBackgroundLevelStreaming:1]]
[2020.08.12-06.09.09:954][  0]LogConfig: Setting CVar [[s.PriorityAsyncLoadingExtraTime:15.0]]
[2020.08.12-06.09.09:954][  0]LogConfig: Setting CVar [[s.LevelStreamingActorsUpdateTimeLimit:5.0]]
[2020.08.12-06.09.09:954][  0]LogConfig: Setting CVar [[s.PriorityLevelStreamingActorsUpdateExtraTime:5.0]]
[2020.08.12-06.09.09:954][  0]LogConfig: Setting CVar [[s.LevelStreamingComponentsRegistrationGranularity:10]]
[2020.08.12-06.09.09:954][  0]LogConfig: Setting CVar [[s.UnregisterComponentsTimeLimit:1.0]]
[2020.08.12-06.09.09:954][  0]LogConfig: Setting CVar [[s.LevelStreamingComponentsUnregistrationGranularity:5]]
[2020.08.12-06.09.09:954][  0]LogConfig: Setting CVar [[s.FlushStreamingOnExit:1]]
[2020.08.12-06.09.09:954][  0]LogConfig: Applying CVar settings from Section [/Script/Engine.GarbageCollectionSettings] File [C:/Users/haoru/Desktop/TPSGame/firstgame/Saved/Config/Windows/Engine.ini]
[2020.08.12-06.09.09:954][  0]LogConfig: Setting CVar [[gc.MaxObjectsNotConsideredByGC:1]]
[2020.08.12-06.09.09:954][  0]LogConfig: Setting CVar [[gc.SizeOfPermanentObjectPool:0]]
[2020.08.12-06.09.09:954][  0]LogConfig: Setting CVar [[gc.FlushStreamingOnGC:0]]
[2020.08.12-06.09.09:954][  0]LogConfig: Setting CVar [[gc.NumRetriesBeforeForcingGC:10]]
[2020.08.12-06.09.09:954][  0]LogConfig: Setting CVar [[gc.AllowParallelGC:1]]
[2020.08.12-06.09.09:954][  0]LogConfig: Setting CVar [[gc.TimeBetweenPurgingPendingKillObjects:61.1]]
[2020.08.12-06.09.09:954][  0]LogConfig: Setting CVar [[gc.MaxObjectsInEditor:25165824]]
[2020.08.12-06.09.09:954][  0]LogConfig: Setting CVar [[gc.IncrementalBeginDestroyEnabled:1]]
[2020.08.12-06.09.09:954][  0]LogConfig: Setting CVar [[gc.CreateGCClusters:1]]
[2020.08.12-06.09.09:954][  0]LogConfig: Setting CVar [[gc.MinGCClusterSize:5]]
[2020.08.12-06.09.09:954][  0]LogConfig: Setting CVar [[gc.ActorClusteringEnabled:0]]
[2020.08.12-06.09.09:954][  0]LogConfig: Setting CVar [[gc.BlueprintClusteringEnabled:0]]
[2020.08.12-06.09.09:954][  0]LogConfig: Setting CVar [[gc.UseDisregardForGCOnDedicatedServers:0]]
[2020.08.12-06.09.09:954][  0]LogConfig: Applying CVar settings from Section [/Script/Engine.NetworkSettings] File [C:/Users/haoru/Desktop/TPSGame/firstgame/Saved/Config/Windows/Engine.ini]
[2020.08.12-06.09.09:954][  0]LogConfig: Applying CVar settings from Section [/Script/UnrealEd.CookerSettings] File [C:/Users/haoru/Desktop/TPSGame/firstgame/Saved/Config/Windows/Engine.ini]
[2020.08.12-06.09.09:956][  0]LogConfig: Applying CVar settings from Section [ViewDistanceQuality@3] File [C:/Users/haoru/Desktop/TPSGame/firstgame/Saved/Config/Windows/Scalability.ini]
[2020.08.12-06.09.09:956][  0]LogConfig: Setting CVar [[r.SkeletalMeshLODBias:0]]
[2020.08.12-06.09.09:956][  0]LogConfig: Setting CVar [[r.ViewDistanceScale:1.0]]
[2020.08.12-06.09.09:956][  0]LogConfig: Applying CVar settings from Section [AntiAliasingQuality@3] File [C:/Users/haoru/Desktop/TPSGame/firstgame/Saved/Config/Windows/Scalability.ini]
[2020.08.12-06.09.09:956][  0]LogConfig: Setting CVar [[r.PostProcessAAQuality:4]]
[2020.08.12-06.09.09:956][  0]LogConfig: Applying CVar settings from Section [ShadowQuality@3] File [C:/Users/haoru/Desktop/TPSGame/firstgame/Saved/Config/Windows/Scalability.ini]
[2020.08.12-06.09.09:956][  0]LogConfig: Setting CVar [[r.LightFunctionQuality:1]]
[2020.08.12-06.09.09:956][  0]LogConfig: Setting CVar [[r.ShadowQuality:5]]
[2020.08.12-06.09.09:956][  0]LogConfig: Setting CVar [[r.Shadow.CSM.MaxCascades:10]]
[2020.08.12-06.09.09:956][  0]LogConfig: Setting CVar [[r.Shadow.MaxResolution:2048]]
[2020.08.12-06.09.09:956][  0]LogConfig: Setting CVar [[r.Shadow.MaxCSMResolution:2048]]
[2020.08.12-06.09.09:956][  0]LogConfig: Setting CVar [[r.Shadow.RadiusThreshold:0.01]]
[2020.08.12-06.09.09:956][  0]LogConfig: Setting CVar [[r.Shadow.DistanceScale:1.0]]
[2020.08.12-06.09.09:956][  0]LogConfig: Setting CVar [[r.Shadow.CSM.TransitionScale:1.0]]
[2020.08.12-06.09.09:956][  0]LogConfig: Setting CVar [[r.Shadow.PreShadowResolutionFactor:1.0]]
[2020.08.12-06.09.09:956][  0]LogConfig: Setting CVar [[r.DistanceFieldShadowing:1]]
[2020.08.12-06.09.09:956][  0]LogConfig: Setting CVar [[r.DistanceFieldAO:1]]
[2020.08.12-06.09.09:956][  0]LogConfig: Setting CVar [[r.AOQuality:2]]
[2020.08.12-06.09.09:956][  0]LogConfig: Setting CVar [[r.VolumetricFog:1]]
[2020.08.12-06.09.09:956][  0]LogConfig: Setting CVar [[r.VolumetricFog.GridPixelSize:8]]
[2020.08.12-06.09.09:956][  0]LogConfig: Setting CVar [[r.VolumetricFog.GridSizeZ:128]]
[2020.08.12-06.09.09:956][  0]LogConfig: Setting CVar [[r.VolumetricFog.HistoryMissSupersampleCount:4]]
[2020.08.12-06.09.09:956][  0]LogConfig: Setting CVar [[r.LightMaxDrawDistanceScale:1]]
[2020.08.12-06.09.09:956][  0]LogConfig: Setting CVar [[r.CapsuleShadows:1]]
[2020.08.12-06.09.09:956][  0]LogConfig: Applying CVar settings from Section [PostProcessQuality@3] File [C:/Users/haoru/Desktop/TPSGame/firstgame/Saved/Config/Windows/Scalability.ini]
[2020.08.12-06.09.09:956][  0]LogConfig: Setting CVar [[r.MotionBlurQuality:4]]
[2020.08.12-06.09.09:956][  0]LogConfig: Setting CVar [[r.AmbientOcclusionMipLevelFactor:0.4]]
[2020.08.12-06.09.09:956][  0]LogConfig: Setting CVar [[r.AmbientOcclusionMaxQuality:100]]
[2020.08.12-06.09.09:956][  0]LogConfig: Setting CVar [[r.AmbientOcclusionLevels:-1]]
[2020.08.12-06.09.09:956][  0]LogConfig: Setting CVar [[r.AmbientOcclusionRadiusScale:1.0]]
[2020.08.12-06.09.09:956][  0]LogConfig: Setting CVar [[r.DepthOfFieldQuality:2]]
[2020.08.12-06.09.09:956][  0]LogConfig: Setting CVar [[r.RenderTargetPoolMin:400]]
[2020.08.12-06.09.09:956][  0]LogConfig: Setting CVar [[r.LensFlareQuality:2]]
[2020.08.12-06.09.09:956][  0]LogConfig: Setting CVar [[r.SceneColorFringeQuality:1]]
[2020.08.12-06.09.09:957][  0]LogConfig: Setting CVar [[r.EyeAdaptationQuality:2]]
[2020.08.12-06.09.09:957][  0]LogConfig: Setting CVar [[r.BloomQuality:5]]
[2020.08.12-06.09.09:957][  0]LogConfig: Setting CVar [[r.FastBlurThreshold:100]]
[2020.08.12-06.09.09:957][  0]LogConfig: Setting CVar [[r.Upscale.Quality:3]]
[2020.08.12-06.09.09:957][  0]LogConfig: Setting CVar [[r.Tonemapper.GrainQuantization:1]]
[2020.08.12-06.09.09:957][  0]LogConfig: Setting CVar [[r.LightShaftQuality:1]]
[2020.08.12-06.09.09:957][  0]LogConfig: Setting CVar [[r.Filter.SizeScale:1]]
[2020.08.12-06.09.09:957][  0]LogConfig: Setting CVar [[r.Tonemapper.Quality:5]]
[2020.08.12-06.09.09:957][  0]LogConfig: Setting CVar [[r.DOF.Gather.AccumulatorQuality:1        ; higher gathering accumulator quality]]
[2020.08.12-06.09.09:957][  0]LogConfig: Setting CVar [[r.DOF.Gather.PostfilterMethod:1          ; Median3x3 postfilering method]]
[2020.08.12-06.09.09:957][  0]LogConfig: Setting CVar [[r.DOF.Gather.EnableBokehSettings:0       ; no bokeh simulation when gathering]]
[2020.08.12-06.09.09:957][  0]LogConfig: Setting CVar [[r.DOF.Gather.RingCount:4                 ; medium number of samples when gathering]]
[2020.08.12-06.09.09:957][  0]LogConfig: Setting CVar [[r.DOF.Scatter.ForegroundCompositing:1    ; additive foreground scattering]]
[2020.08.12-06.09.09:957][  0]LogConfig: Setting CVar [[r.DOF.Scatter.BackgroundCompositing:2    ; additive background scattering]]
[2020.08.12-06.09.09:957][  0]LogConfig: Setting CVar [[r.DOF.Scatter.EnableBokehSettings:1      ; bokeh simulation when scattering]]
[2020.08.12-06.09.09:957][  0]LogConfig: Setting CVar [[r.DOF.Scatter.MaxSpriteRatio:0.1         ; only a maximum of 10% of scattered bokeh]]
[2020.08.12-06.09.09:957][  0]LogConfig: Setting CVar [[r.DOF.Recombine.Quality:1                ; cheap slight out of focus]]
[2020.08.12-06.09.09:957][  0]LogConfig: Setting CVar [[r.DOF.Recombine.EnableBokehSettings:0    ; no bokeh simulation on slight out of focus]]
[2020.08.12-06.09.09:957][  0]LogConfig: Setting CVar [[r.DOF.TemporalAAQuality:1                ; more stable temporal accumulation]]
[2020.08.12-06.09.09:957][  0]LogConfig: Setting CVar [[r.DOF.Kernel.MaxForegroundRadius:0.025]]
[2020.08.12-06.09.09:957][  0]LogConfig: Setting CVar [[r.DOF.Kernel.MaxBackgroundRadius:0.025]]
[2020.08.12-06.09.09:957][  0]LogConfig: Applying CVar settings from Section [TextureQuality@3] File [C:/Users/haoru/Desktop/TPSGame/firstgame/Saved/Config/Windows/Scalability.ini]
[2020.08.12-06.09.09:957][  0]LogConfig: Setting CVar [[r.Streaming.MipBias:0]]
[2020.08.12-06.09.09:957][  0]LogConfig: Setting CVar [[r.Streaming.AmortizeCPUToGPUCopy:0]]
[2020.08.12-06.09.09:957][  0]LogConfig: Setting CVar [[r.Streaming.MaxNumTexturesToStreamPerFrame:0]]
[2020.08.12-06.09.09:957][  0]LogConfig: Setting CVar [[r.Streaming.Boost:1]]
[2020.08.12-06.09.09:957][  0]LogConfig: Setting CVar [[r.MaxAnisotropy:8]]
[2020.08.12-06.09.09:957][  0]LogConfig: Setting CVar [[r.VT.MaxAnisotropy:8]]
[2020.08.12-06.09.09:957][  0]LogConfig: Setting CVar [[r.Streaming.LimitPoolSizeToVRAM:0]]
[2020.08.12-06.09.09:957][  0]LogConfig: Setting CVar [[r.Streaming.PoolSize:1000]]
[2020.08.12-06.09.09:957][  0]LogConfig: Setting CVar [[r.Streaming.MaxEffectiveScreenSize:0]]
[2020.08.12-06.09.09:957][  0]LogConfig: Applying CVar settings from Section [EffectsQuality@3] File [C:/Users/haoru/Desktop/TPSGame/firstgame/Saved/Config/Windows/Scalability.ini]
[2020.08.12-06.09.09:957][  0]LogConfig: Setting CVar [[r.TranslucencyLightingVolumeDim:64]]
[2020.08.12-06.09.09:957][  0]LogConfig: Setting CVar [[r.RefractionQuality:2]]
[2020.08.12-06.09.09:957][  0]LogConfig: Setting CVar [[r.SSR.Quality:3]]
[2020.08.12-06.09.09:957][  0]LogConfig: Setting CVar [[r.SSR.HalfResSceneColor:0]]
[2020.08.12-06.09.09:957][  0]LogConfig: Setting CVar [[r.SceneColorFormat:4]]
[2020.08.12-06.09.09:957][  0]LogConfig: Setting CVar [[r.DetailMode:2]]
[2020.08.12-06.09.09:957][  0]LogConfig: Setting CVar [[r.TranslucencyVolumeBlur:1]]
[2020.08.12-06.09.09:957][  0]LogConfig: Setting CVar [[r.MaterialQualityLevel:1 ; High quality]]
[2020.08.12-06.09.09:957][  0]LogConfig: Setting CVar [[r.SSS.Scale:1]]
[2020.08.12-06.09.09:957][  0]LogConfig: Setting CVar [[r.SSS.SampleSet:2]]
[2020.08.12-06.09.09:957][  0]LogConfig: Setting CVar [[r.SSS.Quality:1]]
[2020.08.12-06.09.09:957][  0]LogConfig: Setting CVar [[r.SSS.HalfRes:0]]
[2020.08.12-06.09.09:957][  0]LogConfig: Setting CVar [[r.SSGI.Quality:3]]
[2020.08.12-06.09.09:957][  0]LogConfig: Setting CVar [[r.EmitterSpawnRateScale:1.0]]
[2020.08.12-06.09.09:957][  0]LogConfig: Setting CVar [[r.ParticleLightQuality:2]]
[2020.08.12-06.09.09:957][  0]LogConfig: Setting CVar [[r.SkyAtmosphere.AerialPerspectiveLUT.FastApplyOnOpaque:1 ; Always have FastSkyLUT 1 in this case to avoid wrong sky]]
[2020.08.12-06.09.09:957][  0]LogConfig: Setting CVar [[r.SkyAtmosphere.AerialPerspectiveLUT.SampleCountPerSlice:1]]
[2020.08.12-06.09.09:957][  0]LogConfig: Setting CVar [[r.SkyAtmosphere.AerialPerspectiveLUT.DepthResolution:16.0]]
[2020.08.12-06.09.09:957][  0]LogConfig: Setting CVar [[r.SkyAtmosphere.FastSkyLUT:1]]
[2020.08.12-06.09.09:957][  0]LogConfig: Setting CVar [[r.SkyAtmosphere.FastSkyLUT.SampleCountMin:4.0]]
[2020.08.12-06.09.09:957][  0]LogConfig: Setting CVar [[r.SkyAtmosphere.FastSkyLUT.SampleCountMax:32.0]]
[2020.08.12-06.09.09:957][  0]LogConfig: Setting CVar [[r.SkyAtmosphere.SampleCountMin:4.0]]
[2020.08.12-06.09.09:957][  0]LogConfig: Setting CVar [[r.SkyAtmosphere.SampleCountMax:32.0]]
[2020.08.12-06.09.09:957][  0]LogConfig: Setting CVar [[r.SkyAtmosphere.TransmittanceLUT.UseSmallFormat:0]]
[2020.08.12-06.09.09:957][  0]LogConfig: Setting CVar [[r.SkyAtmosphere.TransmittanceLUT.SampleCount:10.0]]
[2020.08.12-06.09.09:957][  0]LogConfig: Setting CVar [[r.SkyAtmosphere.MultiScatteringLUT.SampleCount:15.0]]
[2020.08.12-06.09.09:957][  0]LogConfig: Applying CVar settings from Section [FoliageQuality@3] File [C:/Users/haoru/Desktop/TPSGame/firstgame/Saved/Config/Windows/Scalability.ini]
[2020.08.12-06.09.09:957][  0]LogConfig: Setting CVar [[foliage.DensityScale:1.0]]
[2020.08.12-06.09.09:957][  0]LogConfig: Setting CVar [[grass.DensityScale:1.0]]
[2020.08.12-06.09.09:957][  0]LogConfig: Applying CVar settings from Section [ShadingQuality@3] File [C:/Users/haoru/Desktop/TPSGame/firstgame/Saved/Config/Windows/Scalability.ini]
[2020.08.12-06.09.09:957][  0]LogConfig: Setting CVar [[r.HairStrands.SkyLighting.SampleCount:16]]
[2020.08.12-06.09.09:957][  0]LogConfig: Setting CVar [[r.HairStrands.SkyLighting.JitterIntegration:0]]
[2020.08.12-06.09.09:957][  0]LogConfig: Setting CVar [[r.HairStrands.SkyAO.SampleCount:16]]
[2020.08.12-06.09.09:957][  0]LogConfig: Setting CVar [[r.HairStrands.DeepShadow.SuperSampling:0]]
[2020.08.12-06.09.09:957][  0]LogConfig: Setting CVar [[r.HairStrands.VisibilityPPLL:0]]
[2020.08.12-06.09.09:957][  0]LogConfig: Setting CVar [[r.HairStrands.RasterizationScale:0.5]]
[2020.08.12-06.09.09:957][  0]LogConfig: Setting CVar [[r.HairStrands.VelocityRasterizationScale:1]]
[2020.08.12-06.09.09:957][  0]LogInit: Selected Device Profile: [Windows]
[2020.08.12-06.09.09:957][  0]LogInit: Applying CVar settings loaded from the selected device profile: [Windows]
[2020.08.12-06.09.09:957][  0]LogHAL: Display: Platform has ~ 16 GB [17125621760 / 17179869184 / 16], which maps to Larger [LargestMinGB=32, LargerMinGB=12, DefaultMinGB=8, SmallerMinGB=6, SmallestMinGB=0)
[2020.08.12-06.09.09:957][  0]LogInit: Going up to parent DeviceProfile []
[2020.08.12-06.09.09:957][  0]LogConfig: Applying CVar settings from Section [ViewDistanceQuality@3] File [C:/Users/haoru/Desktop/TPSGame/firstgame/Saved/Config/Windows/Scalability.ini]
[2020.08.12-06.09.09:957][  0]LogConfig: Setting CVar [[r.SkeletalMeshLODBias:0]]
[2020.08.12-06.09.09:957][  0]LogConfig: Setting CVar [[r.ViewDistanceScale:1.0]]
[2020.08.12-06.09.09:958][  0]LogConfig: Applying CVar settings from Section [AntiAliasingQuality@3] File [C:/Users/haoru/Desktop/TPSGame/firstgame/Saved/Config/Windows/Scalability.ini]
[2020.08.12-06.09.09:958][  0]LogConfig: Setting CVar [[r.PostProcessAAQuality:4]]
[2020.08.12-06.09.09:958][  0]LogConfig: Applying CVar settings from Section [ShadowQuality@3] File [C:/Users/haoru/Desktop/TPSGame/firstgame/Saved/Config/Windows/Scalability.ini]
[2020.08.12-06.09.09:958][  0]LogConfig: Setting CVar [[r.LightFunctionQuality:1]]
[2020.08.12-06.09.09:958][  0]LogConfig: Setting CVar [[r.ShadowQuality:5]]
[2020.08.12-06.09.09:958][  0]LogConfig: Setting CVar [[r.Shadow.CSM.MaxCascades:10]]
[2020.08.12-06.09.09:958][  0]LogConfig: Setting CVar [[r.Shadow.MaxResolution:2048]]
[2020.08.12-06.09.09:958][  0]LogConfig: Setting CVar [[r.Shadow.MaxCSMResolution:2048]]
[2020.08.12-06.09.09:958][  0]LogConfig: Setting CVar [[r.Shadow.RadiusThreshold:0.01]]
[2020.08.12-06.09.09:958][  0]LogConfig: Setting CVar [[r.Shadow.DistanceScale:1.0]]
[2020.08.12-06.09.09:958][  0]LogConfig: Setting CVar [[r.Shadow.CSM.TransitionScale:1.0]]
[2020.08.12-06.09.09:958][  0]LogConfig: Setting CVar [[r.Shadow.PreShadowResolutionFactor:1.0]]
[2020.08.12-06.09.09:958][  0]LogConfig: Setting CVar [[r.DistanceFieldShadowing:1]]
[2020.08.12-06.09.09:958][  0]LogConfig: Setting CVar [[r.DistanceFieldAO:1]]
[2020.08.12-06.09.09:958][  0]LogConfig: Setting CVar [[r.AOQuality:2]]
[2020.08.12-06.09.09:958][  0]LogConfig: Setting CVar [[r.VolumetricFog:1]]
[2020.08.12-06.09.09:958][  0]LogConfig: Setting CVar [[r.VolumetricFog.GridPixelSize:8]]
[2020.08.12-06.09.09:958][  0]LogConfig: Setting CVar [[r.VolumetricFog.GridSizeZ:128]]
[2020.08.12-06.09.09:958][  0]LogConfig: Setting CVar [[r.VolumetricFog.HistoryMissSupersampleCount:4]]
[2020.08.12-06.09.09:958][  0]LogConfig: Setting CVar [[r.LightMaxDrawDistanceScale:1]]
[2020.08.12-06.09.09:958][  0]LogConfig: Setting CVar [[r.CapsuleShadows:1]]
[2020.08.12-06.09.09:958][  0]LogConfig: Applying CVar settings from Section [PostProcessQuality@3] File [C:/Users/haoru/Desktop/TPSGame/firstgame/Saved/Config/Windows/Scalability.ini]
[2020.08.12-06.09.09:958][  0]LogConfig: Setting CVar [[r.MotionBlurQuality:4]]
[2020.08.12-06.09.09:958][  0]LogConfig: Setting CVar [[r.AmbientOcclusionMipLevelFactor:0.4]]
[2020.08.12-06.09.09:958][  0]LogConfig: Setting CVar [[r.AmbientOcclusionMaxQuality:100]]
[2020.08.12-06.09.09:958][  0]LogConfig: Setting CVar [[r.AmbientOcclusionLevels:-1]]
[2020.08.12-06.09.09:958][  0]LogConfig: Setting CVar [[r.AmbientOcclusionRadiusScale:1.0]]
[2020.08.12-06.09.09:958][  0]LogConfig: Setting CVar [[r.DepthOfFieldQuality:2]]
[2020.08.12-06.09.09:958][  0]LogConfig: Setting CVar [[r.RenderTargetPoolMin:400]]
[2020.08.12-06.09.09:958][  0]LogConfig: Setting CVar [[r.LensFlareQuality:2]]
[2020.08.12-06.09.09:958][  0]LogConfig: Setting CVar [[r.SceneColorFringeQuality:1]]
[2020.08.12-06.09.09:958][  0]LogConfig: Setting CVar [[r.EyeAdaptationQuality:2]]
[2020.08.12-06.09.09:958][  0]LogConfig: Setting CVar [[r.BloomQuality:5]]
[2020.08.12-06.09.09:958][  0]LogConfig: Setting CVar [[r.FastBlurThreshold:100]]
[2020.08.12-06.09.09:958][  0]LogConfig: Setting CVar [[r.Upscale.Quality:3]]
[2020.08.12-06.09.09:958][  0]LogConfig: Setting CVar [[r.Tonemapper.GrainQuantization:1]]
[2020.08.12-06.09.09:958][  0]LogConfig: Setting CVar [[r.LightShaftQuality:1]]
[2020.08.12-06.09.09:958][  0]LogConfig: Setting CVar [[r.Filter.SizeScale:1]]
[2020.08.12-06.09.09:958][  0]LogConfig: Setting CVar [[r.Tonemapper.Quality:5]]
[2020.08.12-06.09.09:958][  0]LogConfig: Setting CVar [[r.DOF.Gather.AccumulatorQuality:1        ; higher gathering accumulator quality]]
[2020.08.12-06.09.09:958][  0]LogConfig: Setting CVar [[r.DOF.Gather.PostfilterMethod:1          ; Median3x3 postfilering method]]
[2020.08.12-06.09.09:958][  0]LogConfig: Setting CVar [[r.DOF.Gather.EnableBokehSettings:0       ; no bokeh simulation when gathering]]
[2020.08.12-06.09.09:958][  0]LogConfig: Setting CVar [[r.DOF.Gather.RingCount:4                 ; medium number of samples when gathering]]
[2020.08.12-06.09.09:958][  0]LogConfig: Setting CVar [[r.DOF.Scatter.ForegroundCompositing:1    ; additive foreground scattering]]
[2020.08.12-06.09.09:958][  0]LogConfig: Setting CVar [[r.DOF.Scatter.BackgroundCompositing:2    ; additive background scattering]]
[2020.08.12-06.09.09:958][  0]LogConfig: Setting CVar [[r.DOF.Scatter.EnableBokehSettings:1      ; bokeh simulation when scattering]]
[2020.08.12-06.09.09:958][  0]LogConfig: Setting CVar [[r.DOF.Scatter.MaxSpriteRatio:0.1         ; only a maximum of 10% of scattered bokeh]]
[2020.08.12-06.09.09:958][  0]LogConfig: Setting CVar [[r.DOF.Recombine.Quality:1                ; cheap slight out of focus]]
[2020.08.12-06.09.09:958][  0]LogConfig: Setting CVar [[r.DOF.Recombine.EnableBokehSettings:0    ; no bokeh simulation on slight out of focus]]
[2020.08.12-06.09.09:958][  0]LogConfig: Setting CVar [[r.DOF.TemporalAAQuality:1                ; more stable temporal accumulation]]
[2020.08.12-06.09.09:958][  0]LogConfig: Setting CVar [[r.DOF.Kernel.MaxForegroundRadius:0.025]]
[2020.08.12-06.09.09:958][  0]LogConfig: Setting CVar [[r.DOF.Kernel.MaxBackgroundRadius:0.025]]
[2020.08.12-06.09.09:958][  0]LogConfig: Applying CVar settings from Section [TextureQuality@3] File [C:/Users/haoru/Desktop/TPSGame/firstgame/Saved/Config/Windows/Scalability.ini]
[2020.08.12-06.09.09:958][  0]LogConfig: Setting CVar [[r.Streaming.MipBias:0]]
[2020.08.12-06.09.09:958][  0]LogConfig: Setting CVar [[r.Streaming.AmortizeCPUToGPUCopy:0]]
[2020.08.12-06.09.09:958][  0]LogConfig: Setting CVar [[r.Streaming.MaxNumTexturesToStreamPerFrame:0]]
[2020.08.12-06.09.09:958][  0]LogConfig: Setting CVar [[r.Streaming.Boost:1]]
[2020.08.12-06.09.09:958][  0]LogConfig: Setting CVar [[r.MaxAnisotropy:8]]
[2020.08.12-06.09.09:958][  0]LogConfig: Setting CVar [[r.VT.MaxAnisotropy:8]]
[2020.08.12-06.09.09:958][  0]LogConfig: Setting CVar [[r.Streaming.LimitPoolSizeToVRAM:0]]
[2020.08.12-06.09.09:958][  0]LogConfig: Setting CVar [[r.Streaming.PoolSize:1000]]
[2020.08.12-06.09.09:958][  0]LogConfig: Setting CVar [[r.Streaming.MaxEffectiveScreenSize:0]]
[2020.08.12-06.09.09:958][  0]LogConfig: Applying CVar settings from Section [EffectsQuality@3] File [C:/Users/haoru/Desktop/TPSGame/firstgame/Saved/Config/Windows/Scalability.ini]
[2020.08.12-06.09.09:958][  0]LogConfig: Setting CVar [[r.TranslucencyLightingVolumeDim:64]]
[2020.08.12-06.09.09:958][  0]LogConfig: Setting CVar [[r.RefractionQuality:2]]
[2020.08.12-06.09.09:958][  0]LogConfig: Setting CVar [[r.SSR.Quality:3]]
[2020.08.12-06.09.09:958][  0]LogConfig: Setting CVar [[r.SSR.HalfResSceneColor:0]]
[2020.08.12-06.09.09:958][  0]LogConfig: Setting CVar [[r.SceneColorFormat:4]]
[2020.08.12-06.09.09:958][  0]LogConfig: Setting CVar [[r.DetailMode:2]]
[2020.08.12-06.09.09:958][  0]LogConfig: Setting CVar [[r.TranslucencyVolumeBlur:1]]
[2020.08.12-06.09.09:958][  0]LogConfig: Setting CVar [[r.MaterialQualityLevel:1 ; High quality]]
[2020.08.12-06.09.09:958][  0]LogConfig: Setting CVar [[r.SSS.Scale:1]]
[2020.08.12-06.09.09:958][  0]LogConfig: Setting CVar [[r.SSS.SampleSet:2]]
[2020.08.12-06.09.09:958][  0]LogConfig: Setting CVar [[r.SSS.Quality:1]]
[2020.08.12-06.09.09:958][  0]LogConfig: Setting CVar [[r.SSS.HalfRes:0]]
[2020.08.12-06.09.09:958][  0]LogConfig: Setting CVar [[r.SSGI.Quality:3]]
[2020.08.12-06.09.09:958][  0]LogConfig: Setting CVar [[r.EmitterSpawnRateScale:1.0]]
[2020.08.12-06.09.09:958][  0]LogConfig: Setting CVar [[r.ParticleLightQuality:2]]
[2020.08.12-06.09.09:958][  0]LogConfig: Setting CVar [[r.SkyAtmosphere.AerialPerspectiveLUT.FastApplyOnOpaque:1 ; Always have FastSkyLUT 1 in this case to avoid wrong sky]]
[2020.08.12-06.09.09:958][  0]LogConfig: Setting CVar [[r.SkyAtmosphere.AerialPerspectiveLUT.SampleCountPerSlice:1]]
[2020.08.12-06.09.09:958][  0]LogConfig: Setting CVar [[r.SkyAtmosphere.AerialPerspectiveLUT.DepthResolution:16.0]]
[2020.08.12-06.09.09:958][  0]LogConfig: Setting CVar [[r.SkyAtmosphere.FastSkyLUT:1]]
[2020.08.12-06.09.09:958][  0]LogConfig: Setting CVar [[r.SkyAtmosphere.FastSkyLUT.SampleCountMin:4.0]]
[2020.08.12-06.09.09:958][  0]LogConfig: Setting CVar [[r.SkyAtmosphere.FastSkyLUT.SampleCountMax:32.0]]
[2020.08.12-06.09.09:958][  0]LogConfig: Setting CVar [[r.SkyAtmosphere.SampleCountMin:4.0]]
[2020.08.12-06.09.09:958][  0]LogConfig: Setting CVar [[r.SkyAtmosphere.SampleCountMax:32.0]]
[2020.08.12-06.09.09:959][  0]LogConfig: Setting CVar [[r.SkyAtmosphere.TransmittanceLUT.UseSmallFormat:0]]
[2020.08.12-06.09.09:959][  0]LogConfig: Setting CVar [[r.SkyAtmosphere.TransmittanceLUT.SampleCount:10.0]]
[2020.08.12-06.09.09:959][  0]LogConfig: Setting CVar [[r.SkyAtmosphere.MultiScatteringLUT.SampleCount:15.0]]
[2020.08.12-06.09.09:959][  0]LogConfig: Applying CVar settings from Section [FoliageQuality@3] File [C:/Users/haoru/Desktop/TPSGame/firstgame/Saved/Config/Windows/Scalability.ini]
[2020.08.12-06.09.09:959][  0]LogConfig: Setting CVar [[foliage.DensityScale:1.0]]
[2020.08.12-06.09.09:959][  0]LogConfig: Setting CVar [[grass.DensityScale:1.0]]
[2020.08.12-06.09.09:959][  0]LogConfig: Applying CVar settings from Section [ShadingQuality@3] File [C:/Users/haoru/Desktop/TPSGame/firstgame/Saved/Config/Windows/Scalability.ini]
[2020.08.12-06.09.09:959][  0]LogConfig: Setting CVar [[r.HairStrands.SkyLighting.SampleCount:16]]
[2020.08.12-06.09.09:959][  0]LogConfig: Setting CVar [[r.HairStrands.SkyLighting.JitterIntegration:0]]
[2020.08.12-06.09.09:959][  0]LogConfig: Setting CVar [[r.HairStrands.SkyAO.SampleCount:16]]
[2020.08.12-06.09.09:959][  0]LogConfig: Setting CVar [[r.HairStrands.DeepShadow.SuperSampling:0]]
[2020.08.12-06.09.09:959][  0]LogConfig: Setting CVar [[r.HairStrands.VisibilityPPLL:0]]
[2020.08.12-06.09.09:959][  0]LogConfig: Setting CVar [[r.HairStrands.RasterizationScale:0.5]]
[2020.08.12-06.09.09:959][  0]LogConfig: Setting CVar [[r.HairStrands.VelocityRasterizationScale:1]]
[2020.08.12-06.09.09:959][  0]LogConfig: Applying CVar settings from Section [Startup] File [../../../Engine/Config/ConsoleVariables.ini]
[2020.08.12-06.09.09:959][  0]LogConfig: Setting CVar [[net.UseAdaptiveNetUpdateFrequency:0]]
[2020.08.12-06.09.09:959][  0]LogConfig: Setting CVar [[p.chaos.AllowCreatePhysxBodies:1]]
[2020.08.12-06.09.09:959][  0]LogConfig: Setting CVar [[fx.SkipVectorVMBackendOptimizations:1]]
[2020.08.12-06.09.09:959][  0]LogConfig: Applying CVar settings from Section [ConsoleVariables] File [C:/Users/haoru/Desktop/TPSGame/firstgame/Saved/Config/Windows/Engine.ini]
[2020.08.12-06.09.09:959][  0]LogInit: Computer: DESKTOP-4O78A5T
[2020.08.12-06.09.09:959][  0]LogInit: User: haoru
[2020.08.12-06.09.09:959][  0]LogInit: CPU Page size=4096, Cores=6
[2020.08.12-06.09.09:959][  0]LogInit: High frequency timer resolution =10.000000 MHz
[2020.08.12-06.09.09:959][  0]LogMemory: Memory total: Physical=15.9GB (16GB approx)
[2020.08.12-06.09.09:959][  0]LogMemory: Platform Memory Stats for Windows
[2020.08.12-06.09.09:959][  0]LogMemory: Process Physical Memory: 116.67 MB used, 116.67 MB peak
[2020.08.12-06.09.09:959][  0]LogMemory: Process Virtual Memory: 105.94 MB used, 105.94 MB peak
[2020.08.12-06.09.09:959][  0]LogMemory: Physical Memory: 7420.16 MB used,  8912.11 MB free, 16332.27 MB total
[2020.08.12-06.09.09:959][  0]LogMemory: Virtual Memory: 5174.15 MB used,  134212552.00 MB free, 134217728.00 MB total
[2020.08.12-06.09.09:994][  0]LogWindows: WindowsPlatformFeatures enabled
[2020.08.12-06.09.10:020][  0]LogInit: Physics initialised using underlying interface: PhysX
[2020.08.12-06.09.10:021][  0]LogInit: Using OS detected language (en-US).
[2020.08.12-06.09.10:021][  0]LogInit: Using OS detected locale (en-US).
[2020.08.12-06.09.10:022][  0]LogTextLocalizationManager: No specific localization for 'en-US' exists, so the 'en' localization will be used.
[2020.08.12-06.09.10:191][  0]LogInit: Setting process to per monitor DPI aware
[2020.08.12-06.09.10:218][  0]LogSlate: New Slate User Created.  User Index 0, Is Virtual User: 0
[2020.08.12-06.09.10:219][  0]LogSlate: Slate User Registered.  User Index 0, Is Virtual User: 0
[2020.08.12-06.09.10:324][  0]LogHMD: Failed to initialize OpenVR with code 110
[2020.08.12-06.09.10:324][  0]LogD3D11RHI: D3D11 min allowed feature level: 11_0
[2020.08.12-06.09.10:324][  0]LogD3D11RHI: D3D11 max allowed feature level: 11_0
[2020.08.12-06.09.10:324][  0]LogD3D11RHI: D3D11 adapters:
[2020.08.12-06.09.10:385][  0]LogD3D11RHI:    0. 'NVIDIA GeForce GTX 1660' (Feature Level 11_0)
[2020.08.12-06.09.10:385][  0]LogD3D11RHI:       5991/0/8166 MB DedicatedVideo/DedicatedSystem/SharedSystem, Outputs:1, VendorId:0x10de
[2020.08.12-06.09.10:387][  0]LogD3D11RHI:    1. 'Microsoft Basic Render Driver' (Feature Level 11_0)
[2020.08.12-06.09.10:387][  0]LogD3D11RHI:       0/0/8166 MB DedicatedVideo/DedicatedSystem/SharedSystem, Outputs:0, VendorId:0x1414
[2020.08.12-06.09.10:387][  0]LogD3D11RHI: Chosen D3D11 Adapter: 0
[2020.08.12-06.09.10:397][  0]LogD3D11RHI: Creating new Direct3DDevice
[2020.08.12-06.09.10:397][  0]LogD3D11RHI:     GPU DeviceId: 0x2184 (for the marketing name, search the web for "GPU Device Id")
[2020.08.12-06.09.10:397][  0]LogWindows: EnumDisplayDevices:
[2020.08.12-06.09.10:397][  0]LogWindows:    0. 'NVIDIA GeForce GTX 1660' (P:1 D:1)
[2020.08.12-06.09.10:398][  0]LogWindows:    1. 'NVIDIA GeForce GTX 1660' (P:0 D:0)
[2020.08.12-06.09.10:398][  0]LogWindows:    2. 'NVIDIA GeForce GTX 1660' (P:0 D:0)
[2020.08.12-06.09.10:398][  0]LogWindows:    3. 'NVIDIA GeForce GTX 1660' (P:0 D:0)
[2020.08.12-06.09.10:398][  0]LogWindows: DebugString: FoundDriverCount:4 
[2020.08.12-06.09.10:398][  0]LogD3D11RHI:     Adapter Name: NVIDIA GeForce GTX 1660
[2020.08.12-06.09.10:398][  0]LogD3D11RHI:   Driver Version: 451.48 (internal:27.21.14.5148, unified:451.48)
[2020.08.12-06.09.10:398][  0]LogD3D11RHI:      Driver Date: 6-21-2020
[2020.08.12-06.09.10:398][  0]LogRHI: Texture pool is 4193 MB (70% of 5991 MB)
[2020.08.12-06.09.10:444][  0]LogD3D11RHI: RHI has support for 64 bit atomics
[2020.08.12-06.09.10:447][  0]LogD3D11RHI: [Aftermath] Enabled and primed
[2020.08.12-06.09.10:447][  0]LogD3D11RHI: Async texture creation enabled
[2020.08.12-06.09.10:447][  0]LogD3D11RHI: Array index from any shader is supported
[2020.08.12-06.09.10:462][  0]LogD3D11RHI: GPU Timing Frequency: 1000.000000 (Debug: 2 1)
[2020.08.12-06.09.10:758][  0]LogTargetPlatformManager: Display: Loaded TargetPlatform 'AllDesktop'
[2020.08.12-06.09.10:779][  0]LogTargetPlatformManager: Display: Loaded TargetPlatform 'Android'
[2020.08.12-06.09.10:779][  0]LogTargetPlatformManager: Display: Loaded TargetPlatform 'Android_ASTC'
[2020.08.12-06.09.10:779][  0]LogTargetPlatformManager: Display: Loaded TargetPlatform 'Android_DXT'
[2020.08.12-06.09.10:779][  0]LogTargetPlatformManager: Display: Loaded TargetPlatform 'Android_ETC2'
[2020.08.12-06.09.10:779][  0]LogTargetPlatformManager: Display: Loaded TargetPlatform 'AndroidClient'
[2020.08.12-06.09.10:779][  0]LogTargetPlatformManager: Display: Loaded TargetPlatform 'Android_ASTCClient'
[2020.08.12-06.09.10:779][  0]LogTargetPlatformManager: Display: Loaded TargetPlatform 'Android_DXTClient'
[2020.08.12-06.09.10:779][  0]LogTargetPlatformManager: Display: Loaded TargetPlatform 'Android_ETC2Client'
[2020.08.12-06.09.10:779][  0]LogTargetPlatformManager: Display: Loaded TargetPlatform 'Android_Multi'
[2020.08.12-06.09.10:779][  0]LogTargetPlatformManager: Display: Loaded TargetPlatform 'Android_MultiClient'
[2020.08.12-06.09.10:801][  0]LogTargetPlatformManager: Display: Loaded TargetPlatform 'IOSClient'
[2020.08.12-06.09.10:801][  0]LogTargetPlatformManager: Display: Loaded TargetPlatform 'IOS'
[2020.08.12-06.09.10:811][  0]LogTargetPlatformManager: Display: Loaded TargetPlatform 'Linux'
[2020.08.12-06.09.10:820][  0]LogTargetPlatformManager: Display: Loaded TargetPlatform 'LinuxNoEditor'
[2020.08.12-06.09.10:829][  0]LogTargetPlatformManager: Display: Loaded TargetPlatform 'LinuxClient'
[2020.08.12-06.09.10:838][  0]LogTargetPlatformManager: Display: Loaded TargetPlatform 'LinuxServer'
[2020.08.12-06.09.10:846][  0]LogTargetPlatformManager: Display: Loaded TargetPlatform 'LinuxAArch64NoEditor'
[2020.08.12-06.09.10:855][  0]LogTargetPlatformManager: Display: Loaded TargetPlatform 'LinuxAArch64Client'
[2020.08.12-06.09.10:863][  0]LogTargetPlatformManager: Display: Loaded TargetPlatform 'LinuxAArch64Server'
[2020.08.12-06.09.10:887][  0]LogTargetPlatformManager: Display: Loaded TargetPlatform 'Lumin'
[2020.08.12-06.09.10:887][  0]LogTargetPlatformManager: Display: Loaded TargetPlatform 'LuminClient'
[2020.08.12-06.09.10:901][  0]LogTargetPlatformManager: Display: Loaded TargetPlatform 'TVOSClient'
[2020.08.12-06.09.10:901][  0]LogTargetPlatformManager: Display: Loaded TargetPlatform 'TVOS'
[2020.08.12-06.09.10:910][  0]LogTargetPlatformManager: Display: Loaded TargetPlatform 'WindowsNoEditor'
[2020.08.12-06.09.10:919][  0]LogTargetPlatformManager: Display: Loaded TargetPlatform 'Windows'
[2020.08.12-06.09.10:927][  0]LogTargetPlatformManager: Display: Loaded TargetPlatform 'WindowsClient'
[2020.08.12-06.09.10:936][  0]LogTargetPlatformManager: Display: Loaded TargetPlatform 'WindowsServer'
[2020.08.12-06.09.10:936][  0]LogTargetPlatformManager: Display: Building Assets For Windows
[2020.08.12-06.09.10:942][  0]LogAudioDebug: Display: Lib vorbis DLL was dynamically loaded.
[2020.08.12-06.09.10:991][  0]LogShaderCompilers: Guid format shader working directory is 5 characters bigger than the processId version (C:/Users/haoru/Desktop/TPSGame/firstgame/Intermediate/Shaders/WorkingDirectory/15680/).
[2020.08.12-06.09.10:991][  0]LogShaderCompilers: Cleaned the shader compiler working directory 'C:/Users/haoru/AppData/Local/Temp/UnrealShaderWorkingDir/0963EC5949D7A4C60C742C932E227BDC/'.
[2020.08.12-06.09.10:991][  0]LogXGEController: Cleaning working directory: C:/Users/haoru/AppData/Local/Temp/UnrealXGEWorkingDir/
[2020.08.12-06.09.10:991][  0]LogXGEController: Cannot use XGE Controller as Incredibuild is not installed on this machine.
[2020.08.12-06.09.10:991][  0]LogShaderCompilers: Cannot use XGE Shader Compiler as Incredibuild is not installed on this machine.
[2020.08.12-06.09.10:991][  0]LogShaderCompilers: Display: Using Local Shader Compiler.
[2020.08.12-06.09.11:680][  0]LogDerivedDataCache: Display: Max Cache Size: 512 MB
[2020.08.12-06.09.11:727][  0]LogDerivedDataCache: Loaded boot cache 0.05s 76MB C:/Users/haoru/AppData/Local/UnrealEngine/4.25/DerivedDataCache/Boot.ddc.
[2020.08.12-06.09.11:727][  0]LogDerivedDataCache: Display: Loaded Boot cache: C:/Users/haoru/AppData/Local/UnrealEngine/4.25/DerivedDataCache/Boot.ddc
[2020.08.12-06.09.11:728][  0]LogDerivedDataCache: FDerivedDataBackendGraph:  Pak pak cache file C:/Users/haoru/Desktop/TPSGame/firstgame/DerivedDataCache/DDC.ddp not found, will not use a pak cache.
[2020.08.12-06.09.11:728][  0]LogDerivedDataCache: Unable to find inner node Pak for hierarchical cache Hierarchy.
[2020.08.12-06.09.11:728][  0]LogDerivedDataCache: FDerivedDataBackendGraph:  CompressedPak pak cache file C:/Users/haoru/Desktop/TPSGame/firstgame/DerivedDataCache/Compressed.ddp not found, will not use a pak cache.
[2020.08.12-06.09.11:728][  0]LogDerivedDataCache: Unable to find inner node CompressedPak for hierarchical cache Hierarchy.
[2020.08.12-06.09.11:738][  0]LogDerivedDataCache: Display: Pak cache opened for reading ../../../Engine/DerivedDataCache/Compressed.ddp.
[2020.08.12-06.09.11:738][  0]LogDerivedDataCache: FDerivedDataBackendGraph:  EnterprisePak pak cache file ../../../Enterprise/DerivedDataCache/Compressed.ddp not found, will not use a pak cache.
[2020.08.12-06.09.11:738][  0]LogDerivedDataCache: Unable to find inner node EnterprisePak for hierarchical cache Hierarchy.
[2020.08.12-06.09.11:739][  0]LogDerivedDataCache: Using Local data cache path C:/Users/haoru/AppData/Local/UnrealEngine/Common/DerivedDataCache: Writable
[2020.08.12-06.09.11:739][  0]LogDerivedDataCache: Shared data cache path not found in *engine.ini, will not use an Shared cache.
[2020.08.12-06.09.11:739][  0]LogDerivedDataCache: Unable to find inner node Shared for hierarchical cache Hierarchy.
[2020.08.12-06.09.11:784][  0]LogSlate: Using FreeType 2.10.0
[2020.08.12-06.09.11:784][  0]LogSlate: SlateFontServices - WITH_FREETYPE: 1, WITH_HARFBUZZ: 1
[2020.08.12-06.09.11:804][  0]LogAssetRegistry: FAssetRegistry took 0.0026 seconds to start up
[2020.08.12-06.09.12:023][  0]LogInit: Selected Device Profile: [Windows]
[2020.08.12-06.09.12:118][  0]LogMeshReduction: Using QuadricMeshReduction for automatic static mesh reduction
[2020.08.12-06.09.12:118][  0]LogMeshReduction: Using SimplygonMeshReduction for automatic skeletal mesh reduction
[2020.08.12-06.09.12:118][  0]LogMeshReduction: Using ProxyLODMeshReduction for automatic mesh merging
[2020.08.12-06.09.12:119][  0]LogMeshReduction: No distributed automatic mesh merging module available
[2020.08.12-06.09.12:119][  0]LogMeshMerging: No distributed automatic mesh merging module available
[2020.08.12-06.09.12:132][  0]LogNetVersion: firstgame 1.0.0, NetCL: 13144385, EngineNetVer: 14, GameNetVer: 0 (Checksum: 3518325962)
[2020.08.12-06.09.12:482][  0]LogAISub: UAISubsystem::UAISubsystem AISubsystem (000001AAE4D89BC0), frame # 0
[2020.08.12-06.09.12:482][  0]LogAISub: UAISubsystem::UAISubsystem AIPerceptionSystem (000001AAE4CDCF40), frame # 0
[2020.08.12-06.09.12:484][  0]LogAISub: UAISubsystem::UAISubsystem EnvQueryManager (000001AAE4D2DE00), frame # 0
[2020.08.12-06.09.12:530][  0]LogPackageLocalizationCache: Processed 19 localized package path(s) for 1 prioritized culture(s) in 0.041516 seconds
[2020.08.12-06.09.12:535][  0]LogUObjectArray: 15917 objects as part of root set at end of initial load.
[2020.08.12-06.09.12:535][  0]LogUObjectAllocator: 3965568 out of 0 bytes used by permanent object pool.
[2020.08.12-06.09.12:535][  0]LogUObjectArray: CloseDisregardForGC: 0/0 objects in disregard for GC pool
[2020.08.12-06.09.12:806][  0]LogTcpMessaging: Initializing TcpMessaging bridge
[2020.08.12-06.09.12:810][  0]LogUdpMessaging: Initializing bridge on interface 0.0.0.0:0 to multicast group 230.0.0.1:6666.
[2020.08.12-06.09.12:891][  0]SourceControl: Source control is disabled
[2020.08.12-06.09.12:891][  0]SourceControl: Source control is disabled
[2020.08.12-06.09.12:893][  0]SourceControl: Source control is disabled
[2020.08.12-06.09.12:895][  0]SourceControl: Source control is disabled
[2020.08.12-06.09.12:901][  0]SourceControl: Source control is disabled
[2020.08.12-06.09.13:091][  0]LogAndroidPermission: UAndroidPermissionCallbackProxy::GetInstance
[2020.08.12-06.09.13:107][  0]LogAudioCaptureCore: Display: No Audio Capture implementations found. Audio input will be silent.
[2020.08.12-06.09.13:107][  0]LogAudioCaptureCore: Display: No Audio Capture implementations found. Audio input will be silent.
[2020.08.12-06.09.13:147][  0]LogOcInput: OculusInput pre-init called
[2020.08.12-06.09.13:156][  0]LogWindows: Failed to load 'OVRPlugin.dll' (GetLastError=126)
[2020.08.12-06.09.13:156][  0]LogWindows: File 'OVRPlugin.dll' does not exist
[2020.08.12-06.09.13:213][  0]LogEngine: Initializing Engine...
[2020.08.12-06.09.13:214][  0]LogHMD: Failed to initialize OpenVR with code 110
[2020.08.12-06.09.13:214][  0]LogMagicLeap: Warning: VR disabled because ZI is not enabled.  To enable, in the editor, Edit -> Project Settings -> Plugins -> Magic Leap Plugin -> Enable Zero Iteration
[2020.08.12-06.09.13:215][  0]LogStats: UGameplayTagsManager::InitializeManager -  0.000 s
[2020.08.12-06.09.13:308][  0]LogInit: Initializing FReadOnlyCVARCache
[2020.08.12-06.09.13:315][  0]LogAIModule: Creating AISystem for world Untitled
[2020.08.12-06.09.13:315][  0]LogAISub: UAISubsystem::UAISubsystem EnvQueryManager (000001AAE9AA3C00), frame # 0
[2020.08.12-06.09.13:315][  0]LogAISub: UAISubsystem::UAISubsystem AIPerceptionSystem (000001AAE9B1EAC0), frame # 0
[2020.08.12-06.09.13:328][  0]LogAudioMixer: Display: Audio Mixer Platform Settings:
[2020.08.12-06.09.13:328][  0]LogAudioMixer: Display: 	Sample Rate:						  48000
[2020.08.12-06.09.13:328][  0]LogAudioMixer: Display: 	Callback Buffer Frame Size Requested: 1024
[2020.08.12-06.09.13:328][  0]LogAudioMixer: Display: 	Callback Buffer Frame Size To Use:	  1024
[2020.08.12-06.09.13:328][  0]LogAudioMixer: Display: 	Number of buffers to queue:			  2
[2020.08.12-06.09.13:328][  0]LogAudioMixer: Display: 	Max Channels (voices):				  32
[2020.08.12-06.09.13:328][  0]LogAudioMixer: Display: 	Number of Async Source Workers:		  0
[2020.08.12-06.09.13:328][  0]LogAudio: Display: AudioDevice MaxSources: 32
[2020.08.12-06.09.13:328][  0]LogAudio: Display: Using built-in audio occlusion.
[2020.08.12-06.09.13:328][  0]LogAudioMixer: Display: Initializing audio mixer.
[2020.08.12-06.09.13:338][  0]LogAudioMixer: Display: 0: FrontLeft
[2020.08.12-06.09.13:338][  0]LogAudioMixer: Display: 1: FrontRight
[2020.08.12-06.09.13:338][  0]LogAudioMixer: Display: 2: FrontCenter
[2020.08.12-06.09.13:338][  0]LogAudioMixer: Display: 3: LowFrequency
[2020.08.12-06.09.13:338][  0]LogAudioMixer: Display: 4: BackLeft
[2020.08.12-06.09.13:338][  0]LogAudioMixer: Display: 5: BackRight
[2020.08.12-06.09.13:338][  0]LogAudioMixer: Display: 6: SideLeft
[2020.08.12-06.09.13:338][  0]LogAudioMixer: Display: 7: SideRight
[2020.08.12-06.09.13:377][  0]LogAudioMixer: Display: Using Audio Device Speakers (7.1 Surround Sound)
[2020.08.12-06.09.13:381][  0]LogAudioMixer: Display: Initializing Sound Submixes...
[2020.08.12-06.09.13:383][  0]LogAudioMixer: Display: Creating Master Submix 'MasterSubmixDefault'
[2020.08.12-06.09.13:383][  0]LogAudioMixer: Display: Creating Master Submix 'MasterReverbSubmixDefault'
[2020.08.12-06.09.13:384][  0]LogAudioMixer: Display: Creating Master Submix 'MasterEQSubmixDefault'
[2020.08.12-06.09.13:384][  0]LogInit: FAudioDevice initialized.
[2020.08.12-06.09.13:385][  0]LogNetVersion: Set ProjectVersion to 1.0.0.0. Version Checksum will be recalculated on next use.
[2020.08.12-06.09.13:460][  0]LogDerivedDataCache: Saved boot cache 0.07s 76MB C:/Users/haoru/AppData/Local/UnrealEngine/4.25/DerivedDataCache/Boot.ddc.
[2020.08.12-06.09.13:464][  0]LogInit: Texture streaming: Enabled
[2020.08.12-06.09.13:477][  0]LogEngineSessionManager: EngineSessionManager initialized
[2020.08.12-06.09.13:477][  0]LogEngineSessionManager: EngineSessionManager sent abnormal shutdown report. Type=Crashed, SessionId={83370D6C-4FDE-7678-0BB3-D7A054CC02FD}
[2020.08.12-06.09.13:477][  0]LogEditorSessionSummary: Verbose: Initializing EditorSessionSummaryWriter for editor session tracking
[2020.08.12-06.09.13:479][  0]LogEditorSessionSummary: EditorSessionSummaryWriter initialized
[2020.08.12-06.09.13:543][  0]LogInit: Transaction tracking system initialized
[2020.08.12-06.09.13:560][  0]BlueprintLog: New page: Editor Load
[2020.08.12-06.09.13:615][  0]LocalizationService: Localization service is disabled
[2020.08.12-06.09.13:736][  0]LogCook: Display: Max memory allowance for cook 16384mb min free memory 0mb
[2020.08.12-06.09.13:736][  0]LogCook: Display: Mobile HDR setting 1
[2020.08.12-06.09.13:852][  0]LogFileCache: Scanning file cache for directory 'C:/Users/haoru/Desktop/TPSGame/firstgame/Content/' took 0.01s
[2020.08.12-06.09.14:008][  0]SourceControl: Source control is disabled
[2020.08.12-06.09.14:008][  0]LogUnrealEdMisc: Loading editor; pre map load, took 5.608
[2020.08.12-06.09.14:008][  0]Cmd: MAP LOAD FILE="C:/Users/haoru/Desktop/TPSGame/firstgame/Content/ThirdPersonBP/Maps/ThirdPersonExampleMap.umap" TEMPLATE=0 SHOWPROGRESS=1 FEATURELEVEL=3
[2020.08.12-06.09.14:008][  0]LightingResults: New page: Lighting Build
[2020.08.12-06.09.14:009][  0]LogWorld: UWorld::CleanupWorld for Untitled, bSessionEnded=true, bCleanupResources=true
[2020.08.12-06.09.14:009][  0]LogSlate: InvalidateAllWidgets triggered.  All widgets were invalidated
[2020.08.12-06.09.14:009][  0]MapCheck: New page: Map Check
[2020.08.12-06.09.14:009][  0]LightingResults: New page: Lighting Build
[2020.08.12-06.09.14:021][  0]LogAISub: UAISubsystem::~UAISubsystem EnvQueryManager (000001AAE9AA3C00), frame # 0
[2020.08.12-06.09.14:021][  0]LogAISub: UAISubsystem::~UAISubsystem AIPerceptionSystem (000001AAE9B1EAC0), frame # 0
[2020.08.12-06.09.14:022][  0]LogUObjectHash: Compacting FUObjectHashTables data took   0.69ms
[2020.08.12-06.09.14:836][  0]LogAIModule: Creating AISystem for world ThirdPersonExampleMap
[2020.08.12-06.09.14:836][  0]LogAISub: UAISubsystem::UAISubsystem EnvQueryManager (000001AAF1707E00), frame # 0
[2020.08.12-06.09.14:836][  0]LogAISub: UAISubsystem::UAISubsystem AIPerceptionSystem (000001AAF1762340), frame # 0
[2020.08.12-06.09.14:845][  0]LogEditorServer: Finished looking for orphan Actors (0.000 secs)
[2020.08.12-06.09.14:860][  0]LogUObjectHash: Compacting FUObjectHashTables data took   1.07ms
[2020.08.12-06.09.14:861][  0]Cmd: MAP CHECKDEP NOCLEARLOG
[2020.08.12-06.09.14:861][  0]MapCheck: Map check complete: 0 Error(s), 0 Warning(s), took 0.145ms to complete.
[2020.08.12-06.09.14:861][  0]LogFileHelpers: Loading map 'ThirdPersonExampleMap' took 0.853
[2020.08.12-06.09.14:863][  0]LogUnrealEdMisc: Total Editor Startup Time, took 6.463
[2020.08.12-06.09.15:003][  0]LogSlate: Updating window title bar state: overlay mode, drag disabled, window buttons hidden, title bar hidden
[2020.08.12-06.09.15:009][  0]LogSlate: Updating window title bar state: overlay mode, drag disabled, window buttons hidden, title bar hidden
[2020.08.12-06.09.15:016][  0]LogSlate: Updating window title bar state: overlay mode, drag disabled, window buttons hidden, title bar hidden
[2020.08.12-06.09.15:022][  0]LogSlate: Updating window title bar state: overlay mode, drag disabled, window buttons hidden, title bar hidden
[2020.08.12-06.09.15:028][  0]LogCollectionManager: Loaded 0 collections in 0.000696 seconds
[2020.08.12-06.09.15:042][  0]LogFileCache: Scanning file cache for directory 'C:/Users/haoru/Desktop/TPSGame/firstgame/Saved/Collections/' took 0.00s
[2020.08.12-06.09.15:042][  0]LogFileCache: Scanning file cache for directory 'C:/Users/haoru/Desktop/TPSGame/firstgame/Content/Developers/haoru/Collections/' took 0.00s
[2020.08.12-06.09.15:042][  0]LogFileCache: Scanning file cache for directory 'C:/Users/haoru/Desktop/TPSGame/firstgame/Content/Collections/' took 0.00s
[2020.08.12-06.09.15:042][  0]LogContentBrowser: Native class hierarchy populated in 0.0095 seconds. Added 3427 classes and 821 folders.
[2020.08.12-06.09.15:045][  0]LogContentBrowser: Native class hierarchy updated for 'WidgetCarousel' in 0.0003 seconds. Added 0 classes and 0 folders.
[2020.08.12-06.09.15:076][  0]LogContentBrowser: Native class hierarchy updated for 'AddContentDialog' in 0.0003 seconds. Added 0 classes and 0 folders.
[2020.08.12-06.09.15:077][  0]LogContentBrowser: Native class hierarchy updated for 'SceneOutliner' in 0.0002 seconds. Added 2 classes and 0 folders.
[2020.08.12-06.09.15:216][  0]LogSlate: Took 0.000194 seconds to synchronously load lazily loaded font '../../../Engine/Content/Slate/Fonts/Roboto-Regular.ttf' (155K)
[2020.08.12-06.09.15:218][  0]LogSlate: Took 0.000103 seconds to synchronously load lazily loaded font '../../../Engine/Content/Slate/Fonts/Roboto-Bold.ttf' (160K)
[2020.08.12-06.09.15:222][  0]LogSlate: Took 0.000109 seconds to synchronously load lazily loaded font '../../../Engine/Content/Editor/Slate/Fonts/FontAwesome.ttf' (139K)
[2020.08.12-06.09.15:273][  0]LogRenderer: Reallocating scene render targets to support 1208x572 Format 10 NumSamples 1 (Frame:1).
[2020.08.12-06.09.15:370][  0]LogContentBrowser: Native class hierarchy updated for 'HierarchicalLODOutliner' in 0.0003 seconds. Added 0 classes and 0 folders.
[2020.08.12-06.09.15:370][  0]LogLoad: (Engine Initialization) Total time: 6.97 seconds
[2020.08.12-06.09.15:370][  0]LogLoad: (Engine Initialization) Total Blueprint compile time: 0.00 seconds
[2020.08.12-06.09.15:416][  0]LogAssetRegistry: Asset discovery search completed in 3.6121 seconds
[2020.08.12-06.09.15:419][  0]LogCollectionManager: Fixed up redirectors for 0 collections in 0.000002 seconds (updated 0 objects)
[2020.08.12-06.09.15:420][  0]LogContentStreaming: Texture pool size now 1000 MB
[2020.08.12-06.09.15:484][  0]LogSlate: Took 0.000218 seconds to synchronously load lazily loaded font '../../../Engine/Content/Slate/Fonts/Roboto-Light.ttf' (167K)
[2020.08.12-06.09.16:723][  4]LogSlate: Took 0.000176 seconds to synchronously load lazily loaded font '../../../Engine/Content/Slate/Fonts/Roboto-Light.ttf' (167K)
[2020.08.12-06.09.17:810][ 81]LogAssetEditorSubsystem: Opening Asset editor for Blueprint /Game/ThirdPersonBP/Blueprints/Weapons/KA74_BP.KA74_BP
[2020.08.12-06.09.18:000][ 81]LogContentBrowser: Native class hierarchy updated for 'BlueprintGraph' in 0.0006 seconds. Added 125 classes and 0 folders.
[2020.08.12-06.09.18:857][ 81]LogSlate: Took 0.000201 seconds to synchronously load lazily loaded font '../../../Engine/Content/Slate/Fonts/Roboto-BoldCondensed.ttf' (158K)
[2020.08.12-06.09.18:929][ 82]LogSlate: Took 0.000165 seconds to synchronously load lazily loaded font '../../../Engine/Content/Slate/Fonts/Roboto-Italic.ttf' (157K)
[2020.08.12-06.09.58:427][ 87]LogAssetEditorSubsystem: Opening Asset editor for Skeleton /Game/ThirdPersonBP/FPS_Weapon_Bundle/Weapons/Meshes/KA74U/SK_KA74U_Y_Skeleton.SK_KA74U_Y_Skeleton
[2020.08.12-06.09.58:438][ 87]LogContentBrowser: Native class hierarchy updated for 'SkeletonEditor' in 0.0004 seconds. Added 1 classes and 2 folders.
[2020.08.12-06.09.58:453][ 87]LogSkeletalMesh: Building Skeletal Mesh SK_KA74U_Y...
[2020.08.12-06.09.58:472][ 87]LogSkeletalMesh: Built Skeletal Mesh [0.02s] /Game/ThirdPersonBP/FPS_Weapon_Bundle/Weapons/Meshes/KA74U/SK_KA74U_Y.SK_KA74U_Y
[2020.08.12-06.09.58:620][ 87]LogActorComponent: RegisterComponentWithWorld: (/Engine/Transient.World_7:PersistentLevel.AnimationEditorPreviewActor_0.DebugSkelMeshComponent_0) Already registered. Aborting.
[2020.08.12-06.09.58:626][ 87]LogContentBrowser: Native class hierarchy updated for 'PinnedCommandList' in 0.0003 seconds. Added 1 classes and 0 folders.
[2020.08.12-06.09.58:677][ 87]LogSkeletalMesh: USkeletalMeshComponent::InitArticulated : Bodies already created (/Engine/Transient.World_7:PersistentLevel.AnimationEditorPreviewActor_0.DebugSkelMeshComponent_0) - call TermArticulated first.
[2020.08.12-06.09.59:900][154]LogSlate: Window 'SK_KA74U_Y_Skeleton' being destroyed
[2020.08.12-06.09.59:907][154]LogSlate: Window 'SK_KA74U_Y_Skeleton' being destroyed
[2020.08.12-06.09.59:930][154]LogWorld: UWorld::CleanupWorld for World_4, bSessionEnded=true, bCleanupResources=true
[2020.08.12-06.09.59:930][154]LogSlate: InvalidateAllWidgets triggered.  All widgets were invalidated
[2020.08.12-06.09.59:994][154]LogWorld: UWorld::CleanupWorld for World_7, bSessionEnded=true, bCleanupResources=true
[2020.08.12-06.09.59:994][154]LogSlate: InvalidateAllWidgets triggered.  All widgets were invalidated
[2020.08.12-06.10.01:076][248]LogAssetEditorSubsystem: Opening Asset editor for Skeleton /Game/ThirdPersonBP/FPS_Weapon_Bundle/Weapons/Meshes/KA74U/SK_KA74U_X_Skeleton.SK_KA74U_X_Skeleton
[2020.08.12-06.10.01:083][248]LogActorComponent: RegisterComponentWithWorld: (/Engine/Transient.World_8:PersistentLevel.AnimationEditorPreviewActor_0.DebugSkelMeshComponent_0) Already registered. Aborting.
[2020.08.12-06.10.01:161][248]LogSkeletalMesh: USkeletalMeshComponent::InitArticulated : Bodies already created (/Engine/Transient.World_8:PersistentLevel.AnimationEditorPreviewActor_0.DebugSkelMeshComponent_0) - call TermArticulated first.
[2020.08.12-06.10.25:620][633]LogUObjectHash: Compacting FUObjectHashTables data took   3.41ms
[2020.08.12-06.10.25:679][633]LogSavePackage: Moving 'C:/Users/haoru/Desktop/TPSGame/firstgame/Saved/ThirdPersonExampleMap758CC3014004664A23C9E8B122C4A270.tmp' to 'C:/Users/haoru/Desktop/TPSGame/firstgame/Content/ThirdPersonBP/Maps/ThirdPersonExampleMap.umap'
[2020.08.12-06.10.25:845][633]LogSavePackage: Moving 'C:/Users/haoru/Desktop/TPSGame/firstgame/Saved/ThirdPersonExampleMap_BuiltData360B18214BED39C345FB52AB4FEACDFA.tmp' to 'C:/Users/haoru/Desktop/TPSGame/firstgame/Content/ThirdPersonBP/Maps/ThirdPersonExampleMap_BuiltData.uasset'
[2020.08.12-06.10.25:866][633]AssetCheck: New page: Asset Save: multiple assets
[2020.08.12-06.10.25:866][633]LogContentValidation: Display: Validating World /Game/ThirdPersonBP/Maps/ThirdPersonExampleMap.ThirdPersonExampleMap
[2020.08.12-06.10.25:866][633]LogContentValidation: Display: Validating MapBuildDataRegistry /Game/ThirdPersonBP/Maps/ThirdPersonExampleMap_BuiltData.ThirdPersonExampleMap_BuiltData
[2020.08.12-06.10.28:194][837]LogSavePackage: Moving 'C:/Users/haoru/Desktop/TPSGame/firstgame/Saved/SK_KA74U_X_SkeletonFC214CDF4CABAE19D4CC598985381C3F.tmp' to 'C:/Users/haoru/Desktop/TPSGame/firstgame/Content/ThirdPersonBP/FPS_Weapon_Bundle/Weapons/Meshes/KA74U/SK_KA74U_X_Skeleton.uasset'
[2020.08.12-06.10.28:218][837]AssetCheck: New page: Asset Save: SK_KA74U_X_Skeleton
[2020.08.12-06.10.28:218][837]LogContentValidation: Display: Validating Skeleton /Game/ThirdPersonBP/FPS_Weapon_Bundle/Weapons/Meshes/KA74U/SK_KA74U_X_Skeleton.SK_KA74U_X_Skeleton
[2020.08.12-06.10.36:641][693]LogAssetEditorSubsystem: Opening Asset editor for Skeleton /Game/ThirdPersonBP/FPS_Weapon_Bundle/Weapons/Meshes/Ka47/SK_KA47_X_Skeleton.SK_KA47_X_Skeleton
[2020.08.12-06.10.36:663][693]LogActorComponent: RegisterComponentWithWorld: (/Engine/Transient.World_9:PersistentLevel.AnimationEditorPreviewActor_0.DebugSkelMeshComponent_0) Already registered. Aborting.
[2020.08.12-06.10.36:723][693]LogSkeletalMesh: USkeletalMeshComponent::InitArticulated : Bodies already created (/Engine/Transient.World_9:PersistentLevel.AnimationEditorPreviewActor_0.DebugSkelMeshComponent_0) - call TermArticulated first.
[2020.08.12-06.10.50:708][ 26]LogSavePackage: Moving 'C:/Users/haoru/Desktop/TPSGame/firstgame/Saved/SK_KA74U_X_Skeleton8D931E794DFF69193FDCECBE04C9FF15.tmp' to 'C:/Users/haoru/Desktop/TPSGame/firstgame/Content/ThirdPersonBP/FPS_Weapon_Bundle/Weapons/Meshes/KA74U/SK_KA74U_X_Skeleton.uasset'
[2020.08.12-06.10.50:724][ 26]AssetCheck: New page: Asset Save: SK_KA74U_X_Skeleton
[2020.08.12-06.10.50:725][ 26]LogContentValidation: Display: Validating Skeleton /Game/ThirdPersonBP/FPS_Weapon_Bundle/Weapons/Meshes/KA74U/SK_KA74U_X_Skeleton.SK_KA74U_X_Skeleton
[2020.08.12-06.11.08:493][834]LogAssetEditorSubsystem: Opening Asset editor for Skeleton /Game/ThirdPersonBP/FPS_Weapon_Bundle/Weapons/Meshes/AR4/SK_AR4_X_Skeleton.SK_AR4_X_Skeleton
[2020.08.12-06.11.08:498][834]LogActorComponent: RegisterComponentWithWorld: (/Engine/Transient.World_10:PersistentLevel.AnimationEditorPreviewActor_0.DebugSkelMeshComponent_0) Already registered. Aborting.
[2020.08.12-06.11.08:558][834]LogSkeletalMesh: USkeletalMeshComponent::InitArticulated : Bodies already created (/Engine/Transient.World_10:PersistentLevel.AnimationEditorPreviewActor_0.DebugSkelMeshComponent_0) - call TermArticulated first.
[2020.08.12-06.11.30:263][856]LogSavePackage: Moving 'C:/Users/haoru/Desktop/TPSGame/firstgame/Saved/SK_AR4_X_Skeleton80475F78412E33CD1B2CCC8608DF8D85.tmp' to 'C:/Users/haoru/Desktop/TPSGame/firstgame/Content/ThirdPersonBP/FPS_Weapon_Bundle/Weapons/Meshes/AR4/SK_AR4_X_Skeleton.uasset'
[2020.08.12-06.11.30:284][856]AssetCheck: New page: Asset Save: SK_AR4_X_Skeleton
[2020.08.12-06.11.30:284][856]LogContentValidation: Display: Validating Skeleton /Game/ThirdPersonBP/FPS_Weapon_Bundle/Weapons/Meshes/AR4/SK_AR4_X_Skeleton.SK_AR4_X_Skeleton
[2020.08.12-06.11.44:274][318]LogAssetEditorSubsystem: Opening Asset editor for Skeleton /Game/ThirdPersonBP/FPS_Weapon_Bundle/Weapons/Meshes/SMG11/SK_SMG11_X_Skeleton.SK_SMG11_X_Skeleton
[2020.08.12-06.11.44:280][318]LogActorComponent: RegisterComponentWithWorld: (/Engine/Transient.World_11:PersistentLevel.AnimationEditorPreviewActor_0.DebugSkelMeshComponent_0) Already registered. Aborting.
[2020.08.12-06.11.44:340][318]LogSkeletalMesh: USkeletalMeshComponent::InitArticulated : Bodies already created (/Engine/Transient.World_11:PersistentLevel.AnimationEditorPreviewActor_0.DebugSkelMeshComponent_0) - call TermArticulated first.
[2020.08.12-06.12.06:874][367]LogSavePackage: Moving 'C:/Users/haoru/Desktop/TPSGame/firstgame/Saved/SK_SMG11_X_SkeletonAEBB7BF142B8C771B82C8FB466639947.tmp' to 'C:/Users/haoru/Desktop/TPSGame/firstgame/Content/ThirdPersonBP/FPS_Weapon_Bundle/Weapons/Meshes/SMG11/SK_SMG11_X_Skeleton.uasset'
[2020.08.12-06.12.06:894][367]AssetCheck: New page: Asset Save: SK_SMG11_X_Skeleton
[2020.08.12-06.12.06:894][367]LogContentValidation: Display: Validating Skeleton /Game/ThirdPersonBP/FPS_Weapon_Bundle/Weapons/Meshes/SMG11/SK_SMG11_X_Skeleton.SK_SMG11_X_Skeleton
[2020.08.12-06.12.31:124][105]LogAssetEditorSubsystem: Opening Asset editor for Blueprint /Game/ThirdPersonBP/Blueprints/Weapons/AK47_BP.AK47_BP
[2020.08.12-06.12.41:124][940]LogAssetEditorSubsystem: Opening Asset editor for Blueprint /Game/ThirdPersonBP/Blueprints/Weapons/KA74_BP.KA74_BP
[2020.08.12-06.12.48:278][554]Cmd: OBJ SAVEPACKAGE PACKAGE="/Game/ThirdPersonBP/Blueprints/Weapons/KA74_BP" FILE="C:/Users/haoru/Desktop/TPSGame/firstgame/Content/ThirdPersonBP/Blueprints/Weapons/KA74_BP.uasset" SILENT=true
[2020.08.12-06.12.48:312][554]LogSavePackage: Moving 'C:/Users/haoru/Desktop/TPSGame/firstgame/Saved/KA74_BPF22FDF1D476F9317D45749948CA98219.tmp' to 'C:/Users/haoru/Desktop/TPSGame/firstgame/Content/ThirdPersonBP/Blueprints/Weapons/KA74_BP.uasset'
[2020.08.12-06.12.48:330][554]AssetCheck: New page: Asset Save: KA74_BP
[2020.08.12-06.12.48:330][554]LogContentValidation: Display: Validating Blueprint /Game/ThirdPersonBP/Blueprints/Weapons/KA74_BP.KA74_BP
[2020.08.12-06.13.19:492][268]BlueprintLog: New page: Compile KA74_BP
[2020.08.12-06.13.19:494][268]LogBlueprint: Error: [Compiler KA74_BP] Spawn node  SpawnActor NONE  must have a  Class  specified.
[2020.08.12-06.13.19:565][268]LogUObjectHash: Compacting FUObjectHashTables data took   3.10ms
[2020.08.12-06.13.19:629][268]LogSlate: Took 0.000137 seconds to synchronously load lazily loaded font '../../../Engine/Content/Slate/Fonts/DroidSansMono.ttf' (77K)
[2020.08.12-06.13.19:974][299]Cmd: OBJ SAVEPACKAGE PACKAGE="/Game/ThirdPersonBP/Blueprints/Weapons/KA74_BP" FILE="C:/Users/haoru/Desktop/TPSGame/firstgame/Content/ThirdPersonBP/Blueprints/Weapons/KA74_BP.uasset" SILENT=true
[2020.08.12-06.13.20:003][299]LogSavePackage: Moving 'C:/Users/haoru/Desktop/TPSGame/firstgame/Saved/KA74_BP1D218814460A436402465E917486C0CA.tmp' to 'C:/Users/haoru/Desktop/TPSGame/firstgame/Content/ThirdPersonBP/Blueprints/Weapons/KA74_BP.uasset'
[2020.08.12-06.13.20:018][299]AssetCheck: New page: Asset Save: KA74_BP
[2020.08.12-06.13.20:018][299]LogContentValidation: Display: Validating Blueprint /Game/ThirdPersonBP/Blueprints/Weapons/KA74_BP.KA74_BP
[2020.08.12-06.13.27:393][964]BlueprintLog: New page: Compile KA74_BP
[2020.08.12-06.13.27:432][964]LogUObjectHash: Compacting FUObjectHashTables data took   2.37ms
[2020.08.12-06.13.27:859][995]Cmd: OBJ SAVEPACKAGE PACKAGE="/Game/ThirdPersonBP/Blueprints/Weapons/KA74_BP" FILE="C:/Users/haoru/Desktop/TPSGame/firstgame/Content/ThirdPersonBP/Blueprints/Weapons/KA74_BP.uasset" SILENT=true
[2020.08.12-06.13.27:890][995]LogSavePackage: Moving 'C:/Users/haoru/Desktop/TPSGame/firstgame/Saved/KA74_BP294584CB45BDC77E4A4B9AB0AE01D87D.tmp' to 'C:/Users/haoru/Desktop/TPSGame/firstgame/Content/ThirdPersonBP/Blueprints/Weapons/KA74_BP.uasset'
[2020.08.12-06.13.27:904][995]AssetCheck: New page: Asset Save: KA74_BP
[2020.08.12-06.13.27:904][995]LogContentValidation: Display: Validating Blueprint /Game/ThirdPersonBP/Blueprints/Weapons/KA74_BP.KA74_BP
[2020.08.12-06.13.29:830][157]LogSlate: Prevented a slow task dialog from being summoned while a context menu was open
[2020.08.12-06.13.34:372][593]BlueprintLog: New page: Compile KA74_BP
[2020.08.12-06.13.34:412][593]LogUObjectHash: Compacting FUObjectHashTables data took   2.40ms
[2020.08.12-06.13.34:891][630]Cmd: OBJ SAVEPACKAGE PACKAGE="/Game/ThirdPersonBP/Blueprints/Weapons/KA74_BP" FILE="C:/Users/haoru/Desktop/TPSGame/firstgame/Content/ThirdPersonBP/Blueprints/Weapons/KA74_BP.uasset" SILENT=true
[2020.08.12-06.13.34:921][630]LogSavePackage: Moving 'C:/Users/haoru/Desktop/TPSGame/firstgame/Saved/KA74_BP76862B4A457BF2D9F64F588F733108A2.tmp' to 'C:/Users/haoru/Desktop/TPSGame/firstgame/Content/ThirdPersonBP/Blueprints/Weapons/KA74_BP.uasset'
[2020.08.12-06.13.34:935][630]AssetCheck: New page: Asset Save: KA74_BP
[2020.08.12-06.13.34:935][630]LogContentValidation: Display: Validating Blueprint /Game/ThirdPersonBP/Blueprints/Weapons/KA74_BP.KA74_BP
[2020.08.12-06.13.39:825][133]LogAssetEditorSubsystem: Opening Asset editor for Blueprint /Game/ThirdPersonBP/Blueprints/Weapons/M4_BP.M4_BP
[2020.08.12-06.14.13:105][991]LogEditorTransaction: Undo Add Node
[2020.08.12-06.14.13:425][991]LogActorComponent: RegisterComponentWithWorld: (/Engine/Transient.World_8:PersistentLevel.AnimationEditorPreviewActor_0.DebugSkelMeshComponent_0) Already registered. Aborting.
[2020.08.12-06.14.13:427][991]LogActorComponent: RegisterComponentWithWorld: (/Engine/Transient.World_9:PersistentLevel.AnimationEditorPreviewActor_0.DebugSkelMeshComponent_0) Already registered. Aborting.
[2020.08.12-06.14.13:429][991]LogActorComponent: RegisterComponentWithWorld: (/Engine/Transient.World_10:PersistentLevel.AnimationEditorPreviewActor_0.DebugSkelMeshComponent_0) Already registered. Aborting.
[2020.08.12-06.14.13:431][991]LogActorComponent: RegisterComponentWithWorld: (/Engine/Transient.World_11:PersistentLevel.AnimationEditorPreviewActor_0.DebugSkelMeshComponent_0) Already registered. Aborting.
[2020.08.12-06.14.29:707][417]LogSlate: Prevented a slow task dialog from being summoned while a context menu was open
[2020.08.12-06.14.34:550][862]BlueprintLog: New page: Compile M4_BP
[2020.08.12-06.14.34:593][862]LogUObjectHash: Compacting FUObjectHashTables data took   2.44ms
[2020.08.12-06.14.35:008][891]Cmd: OBJ SAVEPACKAGE PACKAGE="/Game/ThirdPersonBP/Blueprints/Weapons/M4_BP" FILE="C:/Users/haoru/Desktop/TPSGame/firstgame/Content/ThirdPersonBP/Blueprints/Weapons/M4_BP.uasset" SILENT=true
[2020.08.12-06.14.35:042][891]LogSavePackage: Moving 'C:/Users/haoru/Desktop/TPSGame/firstgame/Saved/M4_BPCF0322DE441AF694A8FB1BB21C5CA89D.tmp' to 'C:/Users/haoru/Desktop/TPSGame/firstgame/Content/ThirdPersonBP/Blueprints/Weapons/M4_BP.uasset'
[2020.08.12-06.14.35:061][891]AssetCheck: New page: Asset Save: M4_BP
[2020.08.12-06.14.35:061][891]LogContentValidation: Display: Validating Blueprint /Game/ThirdPersonBP/Blueprints/Weapons/M4_BP.M4_BP
[2020.08.12-06.14.36:620][ 36]LogTemp: Repeating last play command: Selected Viewport
[2020.08.12-06.14.36:640][ 36]LogPlayLevel: PlayLevel: No blueprints needed recompiling
[2020.08.12-06.14.36:640][ 36]PIE: New page: PIE session: ThirdPersonExampleMap (Aug 11, 2020, 4:14:36 PM)
[2020.08.12-06.14.36:641][ 36]LogOnline: OSS: Creating online subsystem instance for: NULL
[2020.08.12-06.14.36:642][ 36]LogOnline: OSS: TryLoadSubsystemAndSetDefault: Loaded subsystem for module [NULL]
[2020.08.12-06.14.36:642][ 36]LogPlayLevel: Creating play world package: /Game/ThirdPersonBP/Maps/UEDPIE_0_ThirdPersonExampleMap
[2020.08.12-06.14.36:653][ 36]LogPlayLevel: PIE: StaticDuplicateObject took: (0.010856s)
[2020.08.12-06.14.36:654][ 36]LogAIModule: Creating AISystem for world ThirdPersonExampleMap
[2020.08.12-06.14.36:654][ 36]LogAISub: UAISubsystem::UAISubsystem EnvQueryManager (000001AB771F4A00), frame # 29036
[2020.08.12-06.14.36:654][ 36]LogAISub: UAISubsystem::UAISubsystem AIPerceptionSystem (000001AB79748900), frame # 29036
[2020.08.12-06.14.36:655][ 36]LogPlayLevel: PIE: World Init took: (0.001402s)
[2020.08.12-06.14.36:655][ 36]LogPlayLevel: PIE: Created PIE world by copying editor world from /Game/ThirdPersonBP/Maps/ThirdPersonExampleMap.ThirdPersonExampleMap to /Game/ThirdPersonBP/Maps/UEDPIE_0_ThirdPersonExampleMap.ThirdPersonExampleMap (0.012404s)
[2020.08.12-06.14.36:683][ 36]LogUObjectHash: Compacting FUObjectHashTables data took   2.47ms
[2020.08.12-06.14.36:684][ 36]LogAudioMixer: Display: Audio Mixer Platform Settings:
[2020.08.12-06.14.36:684][ 36]LogAudioMixer: Display: 	Sample Rate:						  48000
[2020.08.12-06.14.36:684][ 36]LogAudioMixer: Display: 	Callback Buffer Frame Size Requested: 1024
[2020.08.12-06.14.36:684][ 36]LogAudioMixer: Display: 	Callback Buffer Frame Size To Use:	  1024
[2020.08.12-06.14.36:684][ 36]LogAudioMixer: Display: 	Number of buffers to queue:			  2
[2020.08.12-06.14.36:684][ 36]LogAudioMixer: Display: 	Max Channels (voices):				  32
[2020.08.12-06.14.36:684][ 36]LogAudioMixer: Display: 	Number of Async Source Workers:		  0
[2020.08.12-06.14.36:684][ 36]LogAudio: Display: AudioDevice MaxSources: 32
[2020.08.12-06.14.36:684][ 36]LogAudio: Display: Using built-in audio occlusion.
[2020.08.12-06.14.36:685][ 36]LogAudioMixer: Display: Initializing audio mixer.
[2020.08.12-06.14.36:688][ 36]LogAudioMixer: Display: 0: FrontLeft
[2020.08.12-06.14.36:688][ 36]LogAudioMixer: Display: 1: FrontRight
[2020.08.12-06.14.36:688][ 36]LogAudioMixer: Display: 2: FrontCenter
[2020.08.12-06.14.36:688][ 36]LogAudioMixer: Display: 3: LowFrequency
[2020.08.12-06.14.36:688][ 36]LogAudioMixer: Display: 4: BackLeft
[2020.08.12-06.14.36:688][ 36]LogAudioMixer: Display: 5: BackRight
[2020.08.12-06.14.36:688][ 36]LogAudioMixer: Display: 6: SideLeft
[2020.08.12-06.14.36:688][ 36]LogAudioMixer: Display: 7: SideRight
[2020.08.12-06.14.36:711][ 36]LogAudioMixer: Display: Using Audio Device Speakers (7.1 Surround Sound)
[2020.08.12-06.14.36:711][ 36]LogAudioMixer: Display: Initializing Sound Submixes...
[2020.08.12-06.14.36:711][ 36]LogAudioMixer: Display: Creating Master Submix 'MasterSubmixDefault'
[2020.08.12-06.14.36:711][ 36]LogAudioMixer: Display: Creating Master Submix 'MasterReverbSubmixDefault'
[2020.08.12-06.14.36:711][ 36]LogAudioMixer: Display: Creating Master Submix 'MasterEQSubmixDefault'
[2020.08.12-06.14.36:723][ 36]LogInit: FAudioDevice initialized.
[2020.08.12-06.14.36:736][ 36]LogLoad: Game class is 'ThirdPersonGameMode_C'
[2020.08.12-06.14.36:738][ 36]LogWorld: Bringing World /Game/ThirdPersonBP/Maps/UEDPIE_0_ThirdPersonExampleMap.ThirdPersonExampleMap up for play (max tick rate 0) at 2020.08.11-23.14.36
[2020.08.12-06.14.36:739][ 36]LogWorld: Bringing up level for play took: 0.002619
[2020.08.12-06.14.36:739][ 36]LogOnline: OSS: Creating online subsystem instance for: :Context_17
[2020.08.12-06.14.36:751][ 36]LogContentBrowser: Native class hierarchy updated for 'MovieSceneCapture' in 0.0004 seconds. Added 20 classes and 0 folders.
[2020.08.12-06.14.36:754][ 36]PIE: Server logged in
[2020.08.12-06.14.36:756][ 36]PIE: Play in editor total start time 0.116 seconds.
[2020.08.12-06.14.36:782][ 36]LogScript: Warning: Accessed None trying to read property EquipedWeapon
	AmmoUI_C /Engine/Transient.UnrealEdEngine_0:GameInstance_0.AmmoUI_C_0
	Function /Game/ThirdPersonBP/Blueprints/AmmoUI.AmmoUI_C:GetCurrentAmmo:00A9
[2020.08.12-06.14.36:783][ 36]LogScript: Warning: Accessed None trying to read property EquipedWeapon
	AmmoUI_C /Engine/Transient.UnrealEdEngine_0:GameInstance_0.AmmoUI_C_0
	Function /Game/ThirdPersonBP/Blueprints/AmmoUI.AmmoUI_C:Get_MaxAmmo_Text_0:00A9
[2020.08.12-06.14.37:111][ 37]LogScript: Warning: Accessed None trying to read property EquipedWeapon
	AmmoUI_C /Engine/Transient.UnrealEdEngine_0:GameInstance_0.AmmoUI_C_0
	Function /Game/ThirdPersonBP/Blueprints/AmmoUI.AmmoUI_C:GetCurrentAmmo:00A9
[2020.08.12-06.14.37:111][ 37]LogScript: Warning: Accessed None trying to read property EquipedWeapon
	AmmoUI_C /Engine/Transient.UnrealEdEngine_0:GameInstance_0.AmmoUI_C_0
	Function /Game/ThirdPersonBP/Blueprints/AmmoUI.AmmoUI_C:Get_MaxAmmo_Text_0:00A9
[2020.08.12-06.14.37:118][ 38]LogScript: Warning: Accessed None trying to read property EquipedWeapon
	Ue4ASP_Character_C /Game/ThirdPersonBP/Maps/UEDPIE_0_ThirdPersonExampleMap.ThirdPersonExampleMap:PersistentLevel.Ue4ASP_Character_C_0
	Function /Game/ThirdPersonBP/AnimStarterPack/Ue4ASP_Character.Ue4ASP_Character_C:ExecuteUbergraph_Ue4ASP_Character:01D6
[2020.08.12-06.14.37:118][ 38]PIE: Error: Blueprint Runtime Error: "Accessed None trying to read property EquipedWeapon". Blueprint:  Ue4ASP_Character Function:  Execute Ubergraph Ue 4ASP Character Graph:  EventGraph Node:  Branch
[2020.08.12-06.14.37:120][ 38]LogScript: Warning: Accessed None trying to read property EquipedWeapon
	AmmoUI_C /Engine/Transient.UnrealEdEngine_0:GameInstance_0.AmmoUI_C_0
	Function /Game/ThirdPersonBP/Blueprints/AmmoUI.AmmoUI_C:GetCurrentAmmo:00A9
[2020.08.12-06.14.37:120][ 38]LogScript: Warning: Accessed None trying to read property EquipedWeapon
	AmmoUI_C /Engine/Transient.UnrealEdEngine_0:GameInstance_0.AmmoUI_C_0
	Function /Game/ThirdPersonBP/Blueprints/AmmoUI.AmmoUI_C:Get_MaxAmmo_Text_0:00A9
[2020.08.12-06.14.37:128][ 39]LogScript: Warning: Accessed None trying to read property EquipedWeapon
	AmmoUI_C /Engine/Transient.UnrealEdEngine_0:GameInstance_0.AmmoUI_C_0
	Function /Game/ThirdPersonBP/Blueprints/AmmoUI.AmmoUI_C:GetCurrentAmmo:00A9
[2020.08.12-06.14.37:128][ 39]LogScript: Warning: Accessed None trying to read property EquipedWeapon
	AmmoUI_C /Engine/Transient.UnrealEdEngine_0:GameInstance_0.AmmoUI_C_0
	Function /Game/ThirdPersonBP/Blueprints/AmmoUI.AmmoUI_C:Get_MaxAmmo_Text_0:00A9
[2020.08.12-06.14.37:136][ 40]LogScript: Warning: Accessed None trying to read property EquipedWeapon
	AmmoUI_C /Engine/Transient.UnrealEdEngine_0:GameInstance_0.AmmoUI_C_0
	Function /Game/ThirdPersonBP/Blueprints/AmmoUI.AmmoUI_C:GetCurrentAmmo:00A9
[2020.08.12-06.14.37:136][ 40]LogScript: Warning: Accessed None trying to read property EquipedWeapon
	AmmoUI_C /Engine/Transient.UnrealEdEngine_0:GameInstance_0.AmmoUI_C_0
	Function /Game/ThirdPersonBP/Blueprints/AmmoUI.AmmoUI_C:Get_MaxAmmo_Text_0:00A9
[2020.08.12-06.14.37:145][ 41]LogScript: Warning: Accessed None trying to read property EquipedWeapon
	AmmoUI_C /Engine/Transient.UnrealEdEngine_0:GameInstance_0.AmmoUI_C_0
	Function /Game/ThirdPersonBP/Blueprints/AmmoUI.AmmoUI_C:GetCurrentAmmo:00A9
[2020.08.12-06.14.37:145][ 41]LogScript: Warning: Accessed None trying to read property EquipedWeapon
	AmmoUI_C /Engine/Transient.UnrealEdEngine_0:GameInstance_0.AmmoUI_C_0
	Function /Game/ThirdPersonBP/Blueprints/AmmoUI.AmmoUI_C:Get_MaxAmmo_Text_0:00A9
[2020.08.12-06.14.37:154][ 42]LogScript: Warning: Accessed None trying to read property EquipedWeapon
	AmmoUI_C /Engine/Transient.UnrealEdEngine_0:GameInstance_0.AmmoUI_C_0
	Function /Game/ThirdPersonBP/Blueprints/AmmoUI.AmmoUI_C:GetCurrentAmmo:00A9
[2020.08.12-06.14.37:154][ 42]LogScript: Warning: Accessed None trying to read property EquipedWeapon
	AmmoUI_C /Engine/Transient.UnrealEdEngine_0:GameInstance_0.AmmoUI_C_0
	Function /Game/ThirdPersonBP/Blueprints/AmmoUI.AmmoUI_C:Get_MaxAmmo_Text_0:00A9
[2020.08.12-06.14.37:162][ 43]LogScript: Warning: Accessed None trying to read property EquipedWeapon
	AmmoUI_C /Engine/Transient.UnrealEdEngine_0:GameInstance_0.AmmoUI_C_0
	Function /Game/ThirdPersonBP/Blueprints/AmmoUI.AmmoUI_C:GetCurrentAmmo:00A9
[2020.08.12-06.14.37:162][ 43]LogScript: Warning: Accessed None trying to read property EquipedWeapon
	AmmoUI_C /Engine/Transient.UnrealEdEngine_0:GameInstance_0.AmmoUI_C_0
	Function /Game/ThirdPersonBP/Blueprints/AmmoUI.AmmoUI_C:Get_MaxAmmo_Text_0:00A9
[2020.08.12-06.14.37:173][ 44]LogScript: Warning: Accessed None trying to read property EquipedWeapon
	AmmoUI_C /Engine/Transient.UnrealEdEngine_0:GameInstance_0.AmmoUI_C_0
	Function /Game/ThirdPersonBP/Blueprints/AmmoUI.AmmoUI_C:GetCurrentAmmo:00A9
[2020.08.12-06.14.38:269][174]LogBlueprintUserMessages: [KA74_BP_C_0] Floor
[2020.08.12-06.14.38:363][184]LogBlueprintUserMessages: [KA74_BP_C_0] Floor
[2020.08.12-06.14.38:761][230]LogBlueprintUserMessages: [KA74_BP_C_0] Floor
[2020.08.12-06.14.38:856][241]LogBlueprintUserMessages: [KA74_BP_C_0] Floor
[2020.08.12-06.14.38:960][253]LogBlueprintUserMessages: [KA74_BP_C_0] Floor
[2020.08.12-06.14.39:375][301]LogBlueprintUserMessages: [KA74_BP_C_0] Floor
[2020.08.12-06.14.39:469][312]LogBlueprintUserMessages: [KA74_BP_C_0] Floor
[2020.08.12-06.14.39:573][324]LogBlueprintUserMessages: [KA74_BP_C_0] Floor
[2020.08.12-06.14.40:048][379]LogBlueprintUserMessages: [KA74_BP_C_0] Floor
[2020.08.12-06.14.40:143][390]LogBlueprintUserMessages: [KA74_BP_C_0] Floor
[2020.08.12-06.14.40:248][402]LogBlueprintUserMessages: [KA74_BP_C_0] Floor
[2020.08.12-06.14.40:719][455]LogBlueprintUserMessages: [KA74_BP_C_0] Wall11
[2020.08.12-06.14.40:812][466]LogBlueprintUserMessages: [KA74_BP_C_0] Wall11
[2020.08.12-06.14.40:915][478]LogBlueprintUserMessages: [KA74_BP_C_0] Wall11
[2020.08.12-06.14.41:331][526]LogBlueprintUserMessages: [KA74_BP_C_0] Wall11
[2020.08.12-06.14.41:427][537]LogBlueprintUserMessages: [KA74_BP_C_0] Wall11
[2020.08.12-06.14.41:529][548]LogBlueprintUserMessages: [KA74_BP_C_0] Wall11
[2020.08.12-06.14.41:976][597]LogBlueprintUserMessages: [KA74_BP_C_0] Wall11
[2020.08.12-06.14.42:074][607]LogBlueprintUserMessages: [KA74_BP_C_0] Wall11
[2020.08.12-06.14.42:178][617]LogBlueprintUserMessages: [KA74_BP_C_0] Wall11
[2020.08.12-06.14.42:585][657]LogBlueprintUserMessages: [KA74_BP_C_0] Wall11
[2020.08.12-06.14.42:675][666]LogBlueprintUserMessages: [KA74_BP_C_0] Wall11
[2020.08.12-06.14.42:776][676]LogBlueprintUserMessages: [KA74_BP_C_0] Wall11
[2020.08.12-06.14.43:296][726]LogScript: Warning: Accessed None trying to read property K2Node_DynamicCast_AsUe_4ASP_Character
	KA74_BP_C /Game/ThirdPersonBP/Maps/UEDPIE_0_ThirdPersonExampleMap.ThirdPersonExampleMap:PersistentLevel.KA74_BP_C_0
	Function /Game/ThirdPersonBP/Blueprints/Weapons/Weapon_Base.Weapon_Base_C:Reload:0230
[2020.08.12-06.14.43:296][726]PIE: Error: Blueprint Runtime Error: "Accessed None trying to read property K2Node_DynamicCast_AsUe_4ASP_Character". Blueprint:  Weapon_Base Function:  Reload Graph:  Reload Node:  Return Node
[2020.08.12-06.14.47:232][157]LogBlueprintUserMessages: [AK47_BP_C_0] Floor
[2020.08.12-06.14.47:324][167]LogBlueprintUserMessages: [AK47_BP_C_0] Floor
[2020.08.12-06.14.47:431][179]LogBlueprintUserMessages: [AK47_BP_C_0] Floor
[2020.08.12-06.14.47:794][220]LogBlueprintUserMessages: [AK47_BP_C_0] Floor
[2020.08.12-06.14.47:892][231]LogBlueprintUserMessages: [AK47_BP_C_0] Floor
[2020.08.12-06.14.47:995][242]LogBlueprintUserMessages: [AK47_BP_C_0] Floor
[2020.08.12-06.14.48:433][289]LogBlueprintUserMessages: [AK47_BP_C_0] Floor
[2020.08.12-06.14.48:531][299]LogBlueprintUserMessages: [AK47_BP_C_0] Floor
[2020.08.12-06.14.48:632][310]LogBlueprintUserMessages: [AK47_BP_C_0] Floor
[2020.08.12-06.14.48:733][320]LogBlueprintUserMessages: [AK47_BP_C_0] Floor
[2020.08.12-06.14.49:183][368]LogBlueprintUserMessages: [AK47_BP_C_0] Floor
[2020.08.12-06.14.49:276][378]LogBlueprintUserMessages: [AK47_BP_C_0] Floor
[2020.08.12-06.14.49:381][389]LogBlueprintUserMessages: [AK47_BP_C_0] Floor
[2020.08.12-06.14.49:814][436]LogBlueprintUserMessages: [AK47_BP_C_0] Floor
[2020.08.12-06.14.49:914][447]LogBlueprintUserMessages: [AK47_BP_C_0] Floor
[2020.08.12-06.14.50:015][458]LogBlueprintUserMessages: [AK47_BP_C_0] Floor
[2020.08.12-06.14.50:458][506]LogBlueprintUserMessages: [AK47_BP_C_0] Floor
[2020.08.12-06.14.50:556][517]LogBlueprintUserMessages: [AK47_BP_C_0] Floor
[2020.08.12-06.14.50:657][528]LogBlueprintUserMessages: [AK47_BP_C_0] Floor
[2020.08.12-06.14.52:350][717]LogBlueprintUserMessages: [AK47_BP_C_1] Floor
[2020.08.12-06.14.52:445][728]LogBlueprintUserMessages: [AK47_BP_C_1] Floor
[2020.08.12-06.14.52:548][740]LogBlueprintUserMessages: [AK47_BP_C_1] RifleBullet43
[2020.08.12-06.14.56:931][262]LogBlueprintUserMessages: [M4_BP_C_0] Wall11
[2020.08.12-06.14.57:025][272]LogBlueprintUserMessages: [M4_BP_C_0] Wall11
[2020.08.12-06.14.57:131][284]LogBlueprintUserMessages: [M4_BP_C_0] Wall11
[2020.08.12-06.14.57:466][322]LogBlueprintUserMessages: [M4_BP_C_0] Wall11
[2020.08.12-06.14.57:563][333]LogBlueprintUserMessages: [M4_BP_C_0] Wall11
[2020.08.12-06.14.57:663][344]LogBlueprintUserMessages: [M4_BP_C_0] Wall11
[2020.08.12-06.14.58:112][392]LogBlueprintUserMessages: [M4_BP_C_0] Wall11
[2020.08.12-06.14.58:203][401]LogBlueprintUserMessages: [M4_BP_C_0] Wall11
[2020.08.12-06.14.58:312][412]LogBlueprintUserMessages: [M4_BP_C_0] Wall11
[2020.08.12-06.15.00:068][614]LogBlueprintUserMessages: [SMG_C_0] Wall11
[2020.08.12-06.15.00:165][625]LogBlueprintUserMessages: [SMG_C_0] Wall11
[2020.08.12-06.15.00:265][637]LogBlueprintUserMessages: [SMG_C_0] Wall11
[2020.08.12-06.15.00:368][649]LogBlueprintUserMessages: [SMG_C_0] Wall11
[2020.08.12-06.15.00:473][661]LogBlueprintUserMessages: [SMG_C_0] Wall11
[2020.08.12-06.15.00:944][714]LogBlueprintUserMessages: [SMG_C_0] Wall11
[2020.08.12-06.15.01:035][724]LogBlueprintUserMessages: [SMG_C_0] Wall11
[2020.08.12-06.15.01:138][735]LogBlueprintUserMessages: [SMG_C_0] Wall11
[2020.08.12-06.15.01:624][787]LogBlueprintUserMessages: [SMG_C_0] Wall11
[2020.08.12-06.15.01:721][797]LogBlueprintUserMessages: [SMG_C_0] Wall11
[2020.08.12-06.15.01:828][808]LogBlueprintUserMessages: [SMG_C_0] Wall11
[2020.08.12-06.15.02:158][841]LogBlueprintUserMessages: [SMG_C_0] Wall11
[2020.08.12-06.15.02:258][850]LogBlueprintUserMessages: [SMG_C_0] Wall11
[2020.08.12-06.15.02:360][859]LogBlueprintUserMessages: [SMG_C_0] Wall11
[2020.08.12-06.15.03:973][ 21]LogBlueprintUserMessages: [SMG_C_0] Wall11
[2020.08.12-06.15.04:065][ 31]LogBlueprintUserMessages: [SMG_C_0] Wall11
[2020.08.12-06.15.04:566][ 85]LogScript: Warning: Accessed None trying to read property K2Node_DynamicCast_AsUe_4ASP_Character
	SMG_C /Game/ThirdPersonBP/Maps/UEDPIE_0_ThirdPersonExampleMap.ThirdPersonExampleMap:PersistentLevel.SMG_C_0
	Function /Game/ThirdPersonBP/Blueprints/Weapons/Weapon_Base.Weapon_Base_C:Reload:0230
[2020.08.12-06.15.04:567][ 85]PIE: Error: Blueprint Runtime Error: "Accessed None trying to read property K2Node_DynamicCast_AsUe_4ASP_Character". Blueprint:  Weapon_Base Function:  Reload Graph:  Reload Node:  Return Node
[2020.08.12-06.15.06:128][261]LogSlate: Updating window title bar state: overlay mode, drag disabled, window buttons hidden, title bar hidden
[2020.08.12-06.15.06:128][261]LogWorld: BeginTearingDown for /Game/ThirdPersonBP/Maps/UEDPIE_0_ThirdPersonExampleMap
[2020.08.12-06.15.06:128][261]LogWorld: UWorld::CleanupWorld for ThirdPersonExampleMap, bSessionEnded=true, bCleanupResources=true
[2020.08.12-06.15.06:129][261]LogSlate: InvalidateAllWidgets triggered.  All widgets were invalidated
[2020.08.12-06.15.06:136][261]LogPlayLevel: Display: Shutting down PIE online subsystems
[2020.08.12-06.15.06:142][261]LogSlate: InvalidateAllWidgets triggered.  All widgets were invalidated
[2020.08.12-06.15.06:189][261]LogSlate: Updating window title bar state: overlay mode, drag disabled, window buttons hidden, title bar hidden
[2020.08.12-06.15.06:192][261]LogAISub: UAISubsystem::~UAISubsystem AIPerceptionSystem (000001AB79748900), frame # 32261
[2020.08.12-06.15.06:192][261]LogAISub: UAISubsystem::~UAISubsystem EnvQueryManager (000001AB771F4A00), frame # 32261
[2020.08.12-06.15.06:215][261]LogUObjectHash: Compacting FUObjectHashTables data took   3.90ms
[2020.08.12-06.15.06:368][262]LogPlayLevel: Display: Destroying online subsystem :Context_17
[2020.08.12-06.15.07:352][353]LogSlate: Window 'Message Log' being destroyed
[2020.08.12-06.15.07:359][353]LogSlate: Window 'Message Log' being destroyed
[2020.08.12-06.15.17:541][411]LogAssetEditorSubsystem: Opening Asset editor for Blueprint /Game/ThirdPersonBP/Blueprints/Weapons/SMGShell.SMGShell
[2020.08.12-06.15.19:664][536]BlueprintLog: New page: Compile SMGShell
[2020.08.12-06.15.19:722][536]LogUObjectHash: Compacting FUObjectHashTables data took   3.69ms
[2020.08.12-06.15.29:514][256]LogStaticMesh: Building static mesh SM_Shell_9mm_Empty...
[2020.08.12-06.15.29:549][256]LogStaticMesh: Built static mesh [0.04s] /Game/ThirdPersonBP/FPS_Weapon_Bundle/Weapons/Meshes/Ammunition/SM_Shell_9mm_Empty.SM_Shell_9mm_Empty
[2020.08.12-06.15.36:631][785]LogTexture: Display: Building textures: T_9x18_ALB (AutoDXT, 256X256)
[2020.08.12-06.15.36:631][785]LogTexture: Display: Building textures: T_9x18_NRM (BC5, 256X256)
[2020.08.12-06.15.36:631][785]LogTexture: Display: Building textures: T_9x18_M_MSK (AutoDXT, 256X256)
[2020.08.12-06.15.36:631][785]LogStaticMesh: Building static mesh SM_Shell_9x18_Empty...
[2020.08.12-06.15.36:660][785]LogStaticMesh: Built static mesh [0.03s] /Game/ThirdPersonBP/FPS_Weapon_Bundle/Weapons/Meshes/Ammunition/SM_Shell_9x18_Empty.SM_Shell_9x18_Empty
[2020.08.12-06.15.40:611][ 56]LogStaticMesh: Building static mesh SM_Shell_762x51_Empty...
[2020.08.12-06.15.40:643][ 56]LogStaticMesh: Built static mesh [0.03s] /Game/ThirdPersonBP/FPS_Weapon_Bundle/Weapons/Meshes/Ammunition/SM_Shell_762x51_Empty.SM_Shell_762x51_Empty
[2020.08.12-06.15.48:354][550]LogTexture: Display: Building textures: T_40mm_Grenade_ALB (AutoDXT, 512X512)
[2020.08.12-06.15.48:354][550]LogTexture: Display: Building textures: T_40mm_Grenade_NRM (BC5, 512X512)
[2020.08.12-06.15.48:354][550]LogTexture: Display: Building textures: T_40mm_Grenade_M_MSK (AutoDXT, 512X512)
[2020.08.12-06.15.48:354][550]LogStaticMesh: Building static mesh SM_Shell_40mm_G_Empty...
[2020.08.12-06.15.48:379][550]LogStaticMesh: Built static mesh [0.03s] /Game/ThirdPersonBP/FPS_Weapon_Bundle/Weapons/Meshes/Ammunition/SM_Shell_40mm_G_Empty.SM_Shell_40mm_G_Empty
[2020.08.12-06.15.51:442][754]LogTexture: Display: Building textures: T_45ap_ALB (AutoDXT, 256X256)
[2020.08.12-06.15.51:442][754]LogTexture: Display: Building textures: T_45ap_M_MSK (AutoDXT, 256X256)
[2020.08.12-06.15.51:442][754]LogTexture: Display: Building textures: T_45ap_NRM (BC5, 256X256)
[2020.08.12-06.15.51:442][754]LogStaticMesh: Building static mesh SM_Shell_45ap_Empty...
[2020.08.12-06.15.51:458][754]LogStaticMesh: Built static mesh [0.02s] /Game/ThirdPersonBP/FPS_Weapon_Bundle/Weapons/Meshes/Ammunition/SM_Shell_45ap_Empty.SM_Shell_45ap_Empty
[2020.08.12-06.15.53:194][882]LogD3D11RHI: Error: Result failed 
 at D:/Build/++UE4+Licensee/Sync/Engine/Source/Runtime/Windows/D3D11RHI/Private/D3D11Query.cpp:348 
 with error DXGI_ERROR_DEVICE_REMOVED DXGI_ERROR_DRIVER_INTERNAL_ERROR
[2020.08.12-06.15.53:194][882]LogWindows: Windows GetLastError: The operation completed successfully. (0)
[2020.08.12-06.15.54:547][883]LogWindows: FPlatformMisc::RequestExit(0)
[2020.08.12-06.15.54:547][883]LogCore: Engine exit requested (reason: Win RequestExit)
[2020.08.12-06.15.54:547][883]LogWindows: Error: Error reentered: Assertion failed: Result >= 0 [File:D:/Build/++UE4+Licensee/Sync/Engine/Source/Runtime/RHI/Private/PipelineStateCache.cpp] [Line: 1258] 


[2020.08.12-06.15.54:547][883]LogOutputDevice: Warning: 

Script Stack (0 frames):

[2020.08.12-06.15.54:547][883]LogWindows: Windows GetLastError: The operation completed successfully. (0)
[2020.08.12-06.15.54:547][883]LogWindows: FPlatformMisc::RequestExit(0)
[2020.08.12-06.15.54:547][883]LogCore: Engine exit requested (reason: Win RequestExit; note: exit was already requested)
[2020.08.12-06.15.54:548][883]LogOutputDevice: Warning: 

Script Stack (0 frames):

[2020.08.12-06.15.54:548][883]LogWindows: Windows GetLastError: The operation completed successfully. (0)
[2020.08.12-06.15.54:548][883]LogWindows: FPlatformMisc::RequestExit(0)
[2020.08.12-06.15.54:548][883]LogCore: Engine exit requested (reason: Win RequestExit; note: exit was already requested)
[2020.08.12-06.15.54:549][883]LogOutputDevice: Warning: 

Script Stack (0 frames):

[2020.08.12-06.15.54:549][883]LogWindows: Windows GetLastError: The operation completed successfully. (0)
[2020.08.12-06.15.54:549][883]LogWindows: FPlatformMisc::RequestExit(0)
[2020.08.12-06.15.54:549][883]LogCore: Engine exit requested (reason: Win RequestExit; note: exit was already requested)
[2020.08.12-06.15.54:550][883]LogOutputDevice: Warning: 

Script Stack (0 frames):

[2020.08.12-06.15.54:550][883]LogWindows: Windows GetLastError: The operation completed successfully. (0)
[2020.08.12-06.15.54:550][883]LogWindows: FPlatformMisc::RequestExit(0)
[2020.08.12-06.15.54:550][883]LogCore: Engine exit requested (reason: Win RequestExit; note: exit was already requested)
[2020.08.12-06.15.54:551][883]LogOutputDevice: Warning: 

Script Stack (0 frames):

[2020.08.12-06.15.54:551][883]LogWindows: Windows GetLastError: The operation completed successfully. (0)
[2020.08.12-06.15.54:551][883]LogWindows: FPlatformMisc::RequestExit(0)
[2020.08.12-06.15.54:551][883]LogCore: Engine exit requested (reason: Win RequestExit; note: exit was already requested)
[2020.08.12-06.15.54:553][883]LogWindows: FPlatformMisc::RequestExit(0)
[2020.08.12-06.15.54:553][883]LogOutputDevice: Warning: 

Script Stack (0 frames):

[2020.08.12-06.15.54:553][883]LogCore: Engine exit requested (reason: Win RequestExit; note: exit was already requested)
[2020.08.12-06.15.54:553][883]LogThreadingWindows: Error: Runnable thread RenderThread 11 crashed.
[2020.08.12-06.15.54:553][883]LogWindows: Windows GetLastError: The operation completed successfully. (0)
[2020.08.12-06.15.54:553][883]LogWindows: Error: HandleError re-entered.
[2020.08.12-06.15.54:553][883]LogWindows: Error: === Critical error: ===
[2020.08.12-06.15.54:553][883]LogWindows: FPlatformMisc::RequestExit(1)
[2020.08.12-06.15.54:553][883]LogWindows: Error: 
[2020.08.12-06.15.54:553][883]LogCore: Engine exit requested (reason: Win RequestExit; note: exit was already requested)
[2020.08.12-06.15.54:553][883]LogWindows: Error: 
[2020.08.12-06.15.54:568][883]Log file closed, 08/11/20 23:15:54
