Log file open, 07/19/20 22:09:18
LogInit: Display: Running engine for game: firstgame
LogPlatformFile: Not using cached read wrapper
LogTaskGraph: Started task graph with 5 named threads and 35 total threads with 3 sets of task threads.
LogStats: Stats thread started at 0.904295
LogD3D11RHI: Loaded GFSDK_Aftermath_Lib.x64.dll
LogICUInternationalization: ICU TimeZone Detection - Raw Offset: -8:00, Platform Override: ''
LogPluginManager: Mounting plugin Paper2D
LogPluginManager: Mounting plugin AISupport
LogPluginManager: Mounting plugin LightPropagationVolume
LogPluginManager: Mounting plugin CameraShakePreviewer
LogPluginManager: Mounting plugin ActorLayerUtilities
LogPluginManager: Mounting plugin AnimationSharing
LogPluginManager: Mounting plugin CLionSourceCodeAccess
LogPluginManager: Mounting plugin CodeLiteSourceCodeAccess
LogPluginManager: Mounting plugin GitSourceControl
LogPluginManager: Mounting plugin KDevelopSourceCodeAccess
LogPluginManager: Mounting plugin NullSourceCodeAccess
LogPluginManager: Mounting plugin PerforceSourceControl
LogPluginManager: Mounting plugin PlasticSourceControl
LogPluginManager: Mounting plugin RiderSourceCodeAccess
LogPluginManager: Mounting plugin SubversionSourceControl
LogPluginManager: Mounting plugin UObjectPlugin
LogPluginManager: Mounting plugin VisualStudioCodeSourceCodeAccess
LogPluginManager: Mounting plugin VisualStudioSourceCodeAccess
LogPluginManager: Mounting plugin XCodeSourceCodeAccess
LogPluginManager: Mounting plugin AssetManagerEditor
LogPluginManager: Mounting plugin CryptoKeys
LogPluginManager: Mounting plugin CurveEditorTools
LogPluginManager: Mounting plugin DataValidation
LogPluginManager: Mounting plugin EditorScriptingUtilities
LogPluginManager: Mounting plugin FacialAnimation
LogPluginManager: Mounting plugin GameplayTagsEditor
LogPluginManager: Mounting plugin GeometryMode
LogPluginManager: Mounting plugin MacGraphicsSwitching
LogPluginManager: Mounting plugin MaterialAnalyzer
LogPluginManager: Mounting plugin MobileLauncherProfileWizard
LogPluginManager: Mounting plugin PluginBrowser
LogPluginManager: Mounting plugin SpeedTreeImporter
LogPluginManager: Mounting plugin DatasmithContent
LogPluginManager: Mounting plugin VariantManagerContent
LogPluginManager: Mounting plugin AlembicImporter
LogPluginManager: Mounting plugin AutomationUtils
LogPluginManager: Mounting plugin BackChannel
LogPluginManager: Mounting plugin ChaosCloth
LogPluginManager: Mounting plugin ChaosClothEditor
LogPluginManager: Mounting plugin ChaosEditor
LogPluginManager: Mounting plugin ChaosNiagara
LogPluginManager: Mounting plugin ChaosSolverPlugin
LogPluginManager: Mounting plugin CharacterAI
LogPluginManager: Mounting plugin GeometryCache
LogPluginManager: Mounting plugin GeometryCollectionPlugin
LogPluginManager: Mounting plugin GeometryProcessing
LogPluginManager: Mounting plugin PlanarCut
LogPluginManager: Mounting plugin PlatformCrypto
LogPluginManager: Mounting plugin ProxyLODPlugin
LogPluginManager: Mounting plugin SkeletalReduction
LogPluginManager: Mounting plugin Niagara
LogPluginManager: Mounting plugin MagicLeap
LogPluginManager: Mounting plugin MagicLeapLightEstimation
LogPluginManager: Mounting plugin MagicLeapMedia
LogPluginManager: Mounting plugin MagicLeapPassableWorld
LogPluginManager: Mounting plugin MLSDK
LogPluginManager: Mounting plugin AndroidMedia
LogPluginManager: Mounting plugin AvfMedia
LogPluginManager: Mounting plugin ImgMedia
LogPluginManager: Mounting plugin MediaCompositing
LogPluginManager: Mounting plugin MediaPlayerEditor
LogPluginManager: Mounting plugin WebMMedia
LogPluginManager: Mounting plugin WmfMedia
LogPluginManager: Mounting plugin MeshPainting
LogPluginManager: Mounting plugin TcpMessaging
LogPluginManager: Mounting plugin UdpMessaging
LogPluginManager: Mounting plugin ActorSequence
LogPluginManager: Mounting plugin LevelSequenceEditor
LogPluginManager: Mounting plugin MatineeToLevelSequence
LogPluginManager: Mounting plugin MovieRenderPipeline
LogPluginManager: Mounting plugin TemplateSequence
LogPluginManager: Mounting plugin NetcodeUnitTest
LogPluginManager: Mounting plugin NUTUnrealEngine4
LogPluginManager: Mounting plugin OnlineSubsystemGooglePlay
LogPluginManager: Mounting plugin OnlineSubsystemIOS
LogPluginManager: Mounting plugin OnlineSubsystem
LogPluginManager: Mounting plugin OnlineSubsystemNull
LogPluginManager: Mounting plugin OnlineSubsystemUtils
LogPluginManager: Mounting plugin LauncherChunkInstaller
LogPluginManager: Mounting plugin AndroidDeviceProfileSelector
LogPluginManager: Mounting plugin AndroidMoviePlayer
LogPluginManager: Mounting plugin AndroidPermission
LogPluginManager: Mounting plugin AppleImageUtils
LogPluginManager: Mounting plugin AppleMoviePlayer
LogPluginManager: Mounting plugin ArchVisCharacter
LogPluginManager: Mounting plugin AssetTags
LogPluginManager: Mounting plugin AudioCapture
LogPluginManager: Mounting plugin CableComponent
LogPluginManager: Mounting plugin CustomMeshComponent
LogPluginManager: Mounting plugin EditableMesh
LogPluginManager: Mounting plugin ExampleDeviceProfileSelector
LogPluginManager: Mounting plugin GoogleCloudMessaging
LogPluginManager: Mounting plugin GooglePAD
LogPluginManager: Mounting plugin IOSDeviceProfileSelector
LogPluginManager: Mounting plugin LinuxDeviceProfileSelector
LogPluginManager: Mounting plugin LocationServicesBPLibrary
LogPluginManager: Mounting plugin MobilePatchingUtils
LogPluginManager: Mounting plugin OculusVR
LogPluginManager: Mounting plugin PhysXVehicles
LogPluginManager: Mounting plugin PostSplashScreen
LogPluginManager: Mounting plugin ProceduralMeshComponent
LogPluginManager: Mounting plugin RuntimePhysXCooking
LogPluginManager: Mounting plugin SignificanceManager
LogPluginManager: Mounting plugin SoundFields
LogPluginManager: Mounting plugin SteamVR
LogPluginManager: Mounting plugin Synthesis
LogPluginManager: Mounting plugin WebMMoviePlayer
LogPluginManager: Mounting plugin WindowsMoviePlayer
LogPluginManager: Mounting plugin ScreenshotTools
LogInit: Using libcurl 7.55.1-DEV
LogInit:  - built for x86_64-pc-win32
LogInit:  - supports SSL with OpenSSL/1.1.1
LogInit:  - supports HTTP deflate (compression) using libz 1.2.8
LogInit:  - other features:
LogInit:      CURL_VERSION_SSL
LogInit:      CURL_VERSION_LIBZ
LogInit:      CURL_VERSION_IPV6
LogInit:      CURL_VERSION_ASYNCHDNS
LogInit:      CURL_VERSION_LARGEFILE
LogInit:      CURL_VERSION_IDN
LogInit:  CurlRequestOptions (configurable via config and command line):
LogInit:  - bVerifyPeer = true  - Libcurl will verify peer certificate
LogInit:  - bUseHttpProxy = false  - Libcurl will NOT use HTTP proxy
LogInit:  - bDontReuseConnections = false  - Libcurl will reuse connections
LogInit:  - MaxHostConnections = 16  - Libcurl will limit the number of connections to a host
LogInit:  - LocalHostAddr = Default
LogInit:  - BufferSize = 65536
LogOnline: OSS: Creating online subsystem instance for: NULL
LogInit: WinSock: version 1.1 (2.2), MaxSocks=32767, MaxUdp=65467
LogOnline: OSS: TryLoadSubsystemAndSetDefault: Loaded subsystem for module [NULL]
LogInit: Build: ++UE4+Release-4.25-CL-13594126
LogInit: Engine Version: 4.25.1-13594126+++UE4+Release-4.25
LogInit: Compatible Engine Version: 4.25.0-13144385+++UE4+Release-4.25
LogInit: Net CL: 13144385
LogInit: OS: Windows 10 (Release 1909) (), CPU: AMD Ryzen 5 3600 6-Core Processor              , GPU: NVIDIA GeForce GTX 1660
LogInit: Compiled (64-bit): Jun  2 2020 02:10:36
LogInit: Compiled with Visual C++: 19.24.28315.00
LogInit: Build Configuration: Development
LogInit: Branch Name: ++UE4+Release-4.25
LogInit: Command Line:  -EpicPortal -epicusername=Madeincheese -epicuserid=bca6142b207148d29d71114de8c3e857 -epiclocale=zh-Hans
LogInit: Base Directory: D:/Epic Games/UE_4.25/Engine/Binaries/Win64/
LogInit: Allocator: TBB
LogInit: Installed Engine Build: 1
LogDevObjectVersion: Number of dev versions registered: 26
LogDevObjectVersion:   Dev-Blueprints (B0D832E4-1F89-4F0D-ACCF-7EB736FD4AA2): 10
LogDevObjectVersion:   Dev-Build (E1C64328-A22C-4D53-A36C-8E866417BD8C): 0
LogDevObjectVersion:   Dev-Core (375EC13C-06E4-48FB-B500-84F0262A717E): 4
LogDevObjectVersion:   Dev-Editor (E4B068ED-F494-42E9-A231-DA0B2E46BB41): 38
LogDevObjectVersion:   Dev-Framework (CFFC743F-43B0-4480-9391-14DF171D2073): 37
LogDevObjectVersion:   Dev-Mobile (B02B49B5-BB20-44E9-A304-32B752E40360): 2
LogDevObjectVersion:   Dev-Networking (A4E4105C-59A1-49B5-A7C5-40C4547EDFEE): 0
LogDevObjectVersion:   Dev-Online (39C831C9-5AE6-47DC-9A44-9C173E1C8E7C): 0
LogDevObjectVersion:   Dev-Physics (78F01B33-EBEA-4F98-B9B4-84EACCB95AA2): 4
LogDevObjectVersion:   Dev-Platform (6631380F-2D4D-43E0-8009-CF276956A95A): 0
LogDevObjectVersion:   Dev-Rendering (12F88B9F-8875-4AFC-A67C-D90C383ABD29): 43
LogDevObjectVersion:   Dev-Sequencer (7B5AE74C-D270-4C10-A958-57980B212A5A): 12
LogDevObjectVersion:   Dev-VR (D7296918-1DD6-4BDD-9DE2-64A83CC13884): 3
LogDevObjectVersion:   Dev-LoadTimes (C2A15278-BFE7-4AFE-6C17-90FF531DF755): 1
LogDevObjectVersion:   Private-Geometry (6EACA3D4-40EC-4CC1-B786-8BED09428FC5): 3
LogDevObjectVersion:   Dev-AnimPhys (29E575DD-E0A3-4627-9D10-D276232CDCEA): 17
LogDevObjectVersion:   Dev-Anim (AF43A65D-7FD3-4947-9873-3E8ED9C1BB05): 7
LogDevObjectVersion:   Dev-ReflectionCapture (6B266CEC-1EC7-4B8F-A30B-E4D90942FC07): 1
LogDevObjectVersion:   Dev-Automation (0DF73D61-A23F-47EA-B727-89E90C41499A): 1
LogDevObjectVersion:   FortniteMain (601D1886-AC64-4F84-AA16-D3DE0DEAC7D6): 31
LogDevObjectVersion:   Dev-Enterprise (9DFFBCD6-494F-0158-E221-12823C92A888): 10
LogDevObjectVersion:   Dev-Niagara (F2AED0AC-9AFE-416F-8664-AA7FFA26D6FC): 1
LogDevObjectVersion:   Dev-Destruction (174F1F0B-B4C6-45A5-B13F-2EE8D0FB917D): 10
LogDevObjectVersion:   Dev-Physics-Ext (35F94A83-E258-406C-A318-09F59610247C): 37
LogDevObjectVersion:   Dev-PhysicsMaterial-Chaos (B68FC16E-8B1B-42E2-B453-215C058844FE): 1
LogDevObjectVersion:   Dev-CineCamera (B2E18506-4273-CFC2-A54E-F4BB758BBA07): 1
LogInit: Presizing for max 25165824 objects, including 0 objects not considered by GC, pre-allocating 0 bytes for permanent pool.
LogConfig: Applying CVar settings from Section [/Script/Engine.StreamingSettings] File [C:/Users/haoru/Desktop/TPSGame/firstgame/Saved/Config/Windows/Engine.ini]
LogConfig: Setting CVar [[s.MinBulkDataSizeForAsyncLoading:131072]]
LogConfig: Setting CVar [[s.AsyncLoadingThreadEnabled:0]]
LogConfig: Setting CVar [[s.EventDrivenLoaderEnabled:1]]
LogConfig: Setting CVar [[s.WarnIfTimeLimitExceeded:0]]
LogConfig: Setting CVar [[s.TimeLimitExceededMultiplier:1.5]]
LogConfig: Setting CVar [[s.TimeLimitExceededMinTime:0.005]]
LogConfig: Setting CVar [[s.UseBackgroundLevelStreaming:1]]
LogConfig: Setting CVar [[s.PriorityAsyncLoadingExtraTime:15.0]]
LogConfig: Setting CVar [[s.LevelStreamingActorsUpdateTimeLimit:5.0]]
LogConfig: Setting CVar [[s.PriorityLevelStreamingActorsUpdateExtraTime:5.0]]
LogConfig: Setting CVar [[s.LevelStreamingComponentsRegistrationGranularity:10]]
LogConfig: Setting CVar [[s.UnregisterComponentsTimeLimit:1.0]]
LogConfig: Setting CVar [[s.LevelStreamingComponentsUnregistrationGranularity:5]]
LogConfig: Setting CVar [[s.FlushStreamingOnExit:1]]
LogInit: Object subsystem initialized
LogConfig: Setting CVar [[con.DebugEarlyDefault:1]]
LogConfig: Setting CVar [[r.setres:1280x720]]
[2020.07.20-05.09.19:005][  0]LogConfig: Setting CVar [[r.VSync:0]]
[2020.07.20-05.09.19:005][  0]LogConfig: Setting CVar [[r.RHICmdBypass:0]]
[2020.07.20-05.09.19:005][  0]LogConfig: Applying CVar settings from Section [/Script/Engine.RendererSettings] File [C:/Users/haoru/Desktop/TPSGame/firstgame/Saved/Config/Windows/Engine.ini]
[2020.07.20-05.09.19:005][  0]LogConfig: Setting CVar [[r.GPUCrashDebugging:0]]
[2020.07.20-05.09.19:005][  0]LogConfig: Applying CVar settings from Section [/Script/Engine.RendererOverrideSettings] File [C:/Users/haoru/Desktop/TPSGame/firstgame/Saved/Config/Windows/Engine.ini]
[2020.07.20-05.09.19:005][  0]LogConfig: Applying CVar settings from Section [/Script/Engine.StreamingSettings] File [C:/Users/haoru/Desktop/TPSGame/firstgame/Saved/Config/Windows/Engine.ini]
[2020.07.20-05.09.19:005][  0]LogConfig: Setting CVar [[s.MinBulkDataSizeForAsyncLoading:131072]]
[2020.07.20-05.09.19:005][  0]LogConfig: Setting CVar [[s.AsyncLoadingThreadEnabled:0]]
[2020.07.20-05.09.19:005][  0]LogConfig: Setting CVar [[s.EventDrivenLoaderEnabled:1]]
[2020.07.20-05.09.19:005][  0]LogConfig: Setting CVar [[s.WarnIfTimeLimitExceeded:0]]
[2020.07.20-05.09.19:005][  0]LogConfig: Setting CVar [[s.TimeLimitExceededMultiplier:1.5]]
[2020.07.20-05.09.19:005][  0]LogConfig: Setting CVar [[s.TimeLimitExceededMinTime:0.005]]
[2020.07.20-05.09.19:005][  0]LogConfig: Setting CVar [[s.UseBackgroundLevelStreaming:1]]
[2020.07.20-05.09.19:005][  0]LogConfig: Setting CVar [[s.PriorityAsyncLoadingExtraTime:15.0]]
[2020.07.20-05.09.19:005][  0]LogConfig: Setting CVar [[s.LevelStreamingActorsUpdateTimeLimit:5.0]]
[2020.07.20-05.09.19:005][  0]LogConfig: Setting CVar [[s.PriorityLevelStreamingActorsUpdateExtraTime:5.0]]
[2020.07.20-05.09.19:005][  0]LogConfig: Setting CVar [[s.LevelStreamingComponentsRegistrationGranularity:10]]
[2020.07.20-05.09.19:005][  0]LogConfig: Setting CVar [[s.UnregisterComponentsTimeLimit:1.0]]
[2020.07.20-05.09.19:005][  0]LogConfig: Setting CVar [[s.LevelStreamingComponentsUnregistrationGranularity:5]]
[2020.07.20-05.09.19:005][  0]LogConfig: Setting CVar [[s.FlushStreamingOnExit:1]]
[2020.07.20-05.09.19:005][  0]LogConfig: Applying CVar settings from Section [/Script/Engine.GarbageCollectionSettings] File [C:/Users/haoru/Desktop/TPSGame/firstgame/Saved/Config/Windows/Engine.ini]
[2020.07.20-05.09.19:005][  0]LogConfig: Setting CVar [[gc.MaxObjectsNotConsideredByGC:1]]
[2020.07.20-05.09.19:005][  0]LogConfig: Setting CVar [[gc.SizeOfPermanentObjectPool:0]]
[2020.07.20-05.09.19:005][  0]LogConfig: Setting CVar [[gc.FlushStreamingOnGC:0]]
[2020.07.20-05.09.19:005][  0]LogConfig: Setting CVar [[gc.NumRetriesBeforeForcingGC:10]]
[2020.07.20-05.09.19:005][  0]LogConfig: Setting CVar [[gc.AllowParallelGC:1]]
[2020.07.20-05.09.19:005][  0]LogConfig: Setting CVar [[gc.TimeBetweenPurgingPendingKillObjects:61.1]]
[2020.07.20-05.09.19:005][  0]LogConfig: Setting CVar [[gc.MaxObjectsInEditor:25165824]]
[2020.07.20-05.09.19:005][  0]LogConfig: Setting CVar [[gc.IncrementalBeginDestroyEnabled:1]]
[2020.07.20-05.09.19:005][  0]LogConfig: Setting CVar [[gc.CreateGCClusters:1]]
[2020.07.20-05.09.19:005][  0]LogConfig: Setting CVar [[gc.MinGCClusterSize:5]]
[2020.07.20-05.09.19:005][  0]LogConfig: Setting CVar [[gc.ActorClusteringEnabled:0]]
[2020.07.20-05.09.19:005][  0]LogConfig: Setting CVar [[gc.BlueprintClusteringEnabled:0]]
[2020.07.20-05.09.19:005][  0]LogConfig: Setting CVar [[gc.UseDisregardForGCOnDedicatedServers:0]]
[2020.07.20-05.09.19:005][  0]LogConfig: Applying CVar settings from Section [/Script/Engine.NetworkSettings] File [C:/Users/haoru/Desktop/TPSGame/firstgame/Saved/Config/Windows/Engine.ini]
[2020.07.20-05.09.19:005][  0]LogConfig: Applying CVar settings from Section [/Script/UnrealEd.CookerSettings] File [C:/Users/haoru/Desktop/TPSGame/firstgame/Saved/Config/Windows/Engine.ini]
[2020.07.20-05.09.19:007][  0]LogConfig: Applying CVar settings from Section [ViewDistanceQuality@3] File [C:/Users/haoru/Desktop/TPSGame/firstgame/Saved/Config/Windows/Scalability.ini]
[2020.07.20-05.09.19:007][  0]LogConfig: Setting CVar [[r.SkeletalMeshLODBias:0]]
[2020.07.20-05.09.19:007][  0]LogConfig: Setting CVar [[r.ViewDistanceScale:1.0]]
[2020.07.20-05.09.19:007][  0]LogConfig: Applying CVar settings from Section [AntiAliasingQuality@3] File [C:/Users/haoru/Desktop/TPSGame/firstgame/Saved/Config/Windows/Scalability.ini]
[2020.07.20-05.09.19:007][  0]LogConfig: Setting CVar [[r.PostProcessAAQuality:4]]
[2020.07.20-05.09.19:007][  0]LogConfig: Applying CVar settings from Section [ShadowQuality@3] File [C:/Users/haoru/Desktop/TPSGame/firstgame/Saved/Config/Windows/Scalability.ini]
[2020.07.20-05.09.19:007][  0]LogConfig: Setting CVar [[r.LightFunctionQuality:1]]
[2020.07.20-05.09.19:007][  0]LogConfig: Setting CVar [[r.ShadowQuality:5]]
[2020.07.20-05.09.19:007][  0]LogConfig: Setting CVar [[r.Shadow.CSM.MaxCascades:10]]
[2020.07.20-05.09.19:007][  0]LogConfig: Setting CVar [[r.Shadow.MaxResolution:2048]]
[2020.07.20-05.09.19:007][  0]LogConfig: Setting CVar [[r.Shadow.MaxCSMResolution:2048]]
[2020.07.20-05.09.19:007][  0]LogConfig: Setting CVar [[r.Shadow.RadiusThreshold:0.01]]
[2020.07.20-05.09.19:007][  0]LogConfig: Setting CVar [[r.Shadow.DistanceScale:1.0]]
[2020.07.20-05.09.19:007][  0]LogConfig: Setting CVar [[r.Shadow.CSM.TransitionScale:1.0]]
[2020.07.20-05.09.19:007][  0]LogConfig: Setting CVar [[r.Shadow.PreShadowResolutionFactor:1.0]]
[2020.07.20-05.09.19:007][  0]LogConfig: Setting CVar [[r.DistanceFieldShadowing:1]]
[2020.07.20-05.09.19:007][  0]LogConfig: Setting CVar [[r.DistanceFieldAO:1]]
[2020.07.20-05.09.19:007][  0]LogConfig: Setting CVar [[r.AOQuality:2]]
[2020.07.20-05.09.19:007][  0]LogConfig: Setting CVar [[r.VolumetricFog:1]]
[2020.07.20-05.09.19:007][  0]LogConfig: Setting CVar [[r.VolumetricFog.GridPixelSize:8]]
[2020.07.20-05.09.19:007][  0]LogConfig: Setting CVar [[r.VolumetricFog.GridSizeZ:128]]
[2020.07.20-05.09.19:007][  0]LogConfig: Setting CVar [[r.VolumetricFog.HistoryMissSupersampleCount:4]]
[2020.07.20-05.09.19:007][  0]LogConfig: Setting CVar [[r.LightMaxDrawDistanceScale:1]]
[2020.07.20-05.09.19:007][  0]LogConfig: Setting CVar [[r.CapsuleShadows:1]]
[2020.07.20-05.09.19:007][  0]LogConfig: Applying CVar settings from Section [PostProcessQuality@3] File [C:/Users/haoru/Desktop/TPSGame/firstgame/Saved/Config/Windows/Scalability.ini]
[2020.07.20-05.09.19:007][  0]LogConfig: Setting CVar [[r.MotionBlurQuality:4]]
[2020.07.20-05.09.19:007][  0]LogConfig: Setting CVar [[r.AmbientOcclusionMipLevelFactor:0.4]]
[2020.07.20-05.09.19:007][  0]LogConfig: Setting CVar [[r.AmbientOcclusionMaxQuality:100]]
[2020.07.20-05.09.19:007][  0]LogConfig: Setting CVar [[r.AmbientOcclusionLevels:-1]]
[2020.07.20-05.09.19:007][  0]LogConfig: Setting CVar [[r.AmbientOcclusionRadiusScale:1.0]]
[2020.07.20-05.09.19:007][  0]LogConfig: Setting CVar [[r.DepthOfFieldQuality:2]]
[2020.07.20-05.09.19:007][  0]LogConfig: Setting CVar [[r.RenderTargetPoolMin:400]]
[2020.07.20-05.09.19:007][  0]LogConfig: Setting CVar [[r.LensFlareQuality:2]]
[2020.07.20-05.09.19:007][  0]LogConfig: Setting CVar [[r.SceneColorFringeQuality:1]]
[2020.07.20-05.09.19:007][  0]LogConfig: Setting CVar [[r.EyeAdaptationQuality:2]]
[2020.07.20-05.09.19:007][  0]LogConfig: Setting CVar [[r.BloomQuality:5]]
[2020.07.20-05.09.19:007][  0]LogConfig: Setting CVar [[r.FastBlurThreshold:100]]
[2020.07.20-05.09.19:007][  0]LogConfig: Setting CVar [[r.Upscale.Quality:3]]
[2020.07.20-05.09.19:007][  0]LogConfig: Setting CVar [[r.Tonemapper.GrainQuantization:1]]
[2020.07.20-05.09.19:007][  0]LogConfig: Setting CVar [[r.LightShaftQuality:1]]
[2020.07.20-05.09.19:007][  0]LogConfig: Setting CVar [[r.Filter.SizeScale:1]]
[2020.07.20-05.09.19:007][  0]LogConfig: Setting CVar [[r.Tonemapper.Quality:5]]
[2020.07.20-05.09.19:007][  0]LogConfig: Setting CVar [[r.DOF.Gather.AccumulatorQuality:1        ; higher gathering accumulator quality]]
[2020.07.20-05.09.19:007][  0]LogConfig: Setting CVar [[r.DOF.Gather.PostfilterMethod:1          ; Median3x3 postfilering method]]
[2020.07.20-05.09.19:007][  0]LogConfig: Setting CVar [[r.DOF.Gather.EnableBokehSettings:0       ; no bokeh simulation when gathering]]
[2020.07.20-05.09.19:007][  0]LogConfig: Setting CVar [[r.DOF.Gather.RingCount:4                 ; medium number of samples when gathering]]
[2020.07.20-05.09.19:007][  0]LogConfig: Setting CVar [[r.DOF.Scatter.ForegroundCompositing:1    ; additive foreground scattering]]
[2020.07.20-05.09.19:007][  0]LogConfig: Setting CVar [[r.DOF.Scatter.BackgroundCompositing:2    ; additive background scattering]]
[2020.07.20-05.09.19:007][  0]LogConfig: Setting CVar [[r.DOF.Scatter.EnableBokehSettings:1      ; bokeh simulation when scattering]]
[2020.07.20-05.09.19:007][  0]LogConfig: Setting CVar [[r.DOF.Scatter.MaxSpriteRatio:0.1         ; only a maximum of 10% of scattered bokeh]]
[2020.07.20-05.09.19:007][  0]LogConfig: Setting CVar [[r.DOF.Recombine.Quality:1                ; cheap slight out of focus]]
[2020.07.20-05.09.19:007][  0]LogConfig: Setting CVar [[r.DOF.Recombine.EnableBokehSettings:0    ; no bokeh simulation on slight out of focus]]
[2020.07.20-05.09.19:007][  0]LogConfig: Setting CVar [[r.DOF.TemporalAAQuality:1                ; more stable temporal accumulation]]
[2020.07.20-05.09.19:007][  0]LogConfig: Setting CVar [[r.DOF.Kernel.MaxForegroundRadius:0.025]]
[2020.07.20-05.09.19:007][  0]LogConfig: Setting CVar [[r.DOF.Kernel.MaxBackgroundRadius:0.025]]
[2020.07.20-05.09.19:008][  0]LogConfig: Applying CVar settings from Section [TextureQuality@3] File [C:/Users/haoru/Desktop/TPSGame/firstgame/Saved/Config/Windows/Scalability.ini]
[2020.07.20-05.09.19:008][  0]LogConfig: Setting CVar [[r.Streaming.MipBias:0]]
[2020.07.20-05.09.19:008][  0]LogConfig: Setting CVar [[r.Streaming.AmortizeCPUToGPUCopy:0]]
[2020.07.20-05.09.19:008][  0]LogConfig: Setting CVar [[r.Streaming.MaxNumTexturesToStreamPerFrame:0]]
[2020.07.20-05.09.19:008][  0]LogConfig: Setting CVar [[r.Streaming.Boost:1]]
[2020.07.20-05.09.19:008][  0]LogConfig: Setting CVar [[r.MaxAnisotropy:8]]
[2020.07.20-05.09.19:008][  0]LogConfig: Setting CVar [[r.VT.MaxAnisotropy:8]]
[2020.07.20-05.09.19:008][  0]LogConfig: Setting CVar [[r.Streaming.LimitPoolSizeToVRAM:0]]
[2020.07.20-05.09.19:008][  0]LogConfig: Setting CVar [[r.Streaming.PoolSize:1000]]
[2020.07.20-05.09.19:008][  0]LogConfig: Setting CVar [[r.Streaming.MaxEffectiveScreenSize:0]]
[2020.07.20-05.09.19:008][  0]LogConfig: Applying CVar settings from Section [EffectsQuality@3] File [C:/Users/haoru/Desktop/TPSGame/firstgame/Saved/Config/Windows/Scalability.ini]
[2020.07.20-05.09.19:008][  0]LogConfig: Setting CVar [[r.TranslucencyLightingVolumeDim:64]]
[2020.07.20-05.09.19:008][  0]LogConfig: Setting CVar [[r.RefractionQuality:2]]
[2020.07.20-05.09.19:008][  0]LogConfig: Setting CVar [[r.SSR.Quality:3]]
[2020.07.20-05.09.19:008][  0]LogConfig: Setting CVar [[r.SSR.HalfResSceneColor:0]]
[2020.07.20-05.09.19:008][  0]LogConfig: Setting CVar [[r.SceneColorFormat:4]]
[2020.07.20-05.09.19:008][  0]LogConfig: Setting CVar [[r.DetailMode:2]]
[2020.07.20-05.09.19:008][  0]LogConfig: Setting CVar [[r.TranslucencyVolumeBlur:1]]
[2020.07.20-05.09.19:008][  0]LogConfig: Setting CVar [[r.MaterialQualityLevel:1 ; High quality]]
[2020.07.20-05.09.19:008][  0]LogConfig: Setting CVar [[r.SSS.Scale:1]]
[2020.07.20-05.09.19:008][  0]LogConfig: Setting CVar [[r.SSS.SampleSet:2]]
[2020.07.20-05.09.19:008][  0]LogConfig: Setting CVar [[r.SSS.Quality:1]]
[2020.07.20-05.09.19:008][  0]LogConfig: Setting CVar [[r.SSS.HalfRes:0]]
[2020.07.20-05.09.19:008][  0]LogConfig: Setting CVar [[r.SSGI.Quality:3]]
[2020.07.20-05.09.19:008][  0]LogConfig: Setting CVar [[r.EmitterSpawnRateScale:1.0]]
[2020.07.20-05.09.19:008][  0]LogConfig: Setting CVar [[r.ParticleLightQuality:2]]
[2020.07.20-05.09.19:008][  0]LogConfig: Setting CVar [[r.SkyAtmosphere.AerialPerspectiveLUT.FastApplyOnOpaque:1 ; Always have FastSkyLUT 1 in this case to avoid wrong sky]]
[2020.07.20-05.09.19:008][  0]LogConfig: Setting CVar [[r.SkyAtmosphere.AerialPerspectiveLUT.SampleCountPerSlice:1]]
[2020.07.20-05.09.19:008][  0]LogConfig: Setting CVar [[r.SkyAtmosphere.AerialPerspectiveLUT.DepthResolution:16.0]]
[2020.07.20-05.09.19:008][  0]LogConfig: Setting CVar [[r.SkyAtmosphere.FastSkyLUT:1]]
[2020.07.20-05.09.19:008][  0]LogConfig: Setting CVar [[r.SkyAtmosphere.FastSkyLUT.SampleCountMin:4.0]]
[2020.07.20-05.09.19:008][  0]LogConfig: Setting CVar [[r.SkyAtmosphere.FastSkyLUT.SampleCountMax:32.0]]
[2020.07.20-05.09.19:008][  0]LogConfig: Setting CVar [[r.SkyAtmosphere.SampleCountMin:4.0]]
[2020.07.20-05.09.19:008][  0]LogConfig: Setting CVar [[r.SkyAtmosphere.SampleCountMax:32.0]]
[2020.07.20-05.09.19:008][  0]LogConfig: Setting CVar [[r.SkyAtmosphere.TransmittanceLUT.UseSmallFormat:0]]
[2020.07.20-05.09.19:008][  0]LogConfig: Setting CVar [[r.SkyAtmosphere.TransmittanceLUT.SampleCount:10.0]]
[2020.07.20-05.09.19:008][  0]LogConfig: Setting CVar [[r.SkyAtmosphere.MultiScatteringLUT.SampleCount:15.0]]
[2020.07.20-05.09.19:008][  0]LogConfig: Applying CVar settings from Section [FoliageQuality@3] File [C:/Users/haoru/Desktop/TPSGame/firstgame/Saved/Config/Windows/Scalability.ini]
[2020.07.20-05.09.19:008][  0]LogConfig: Setting CVar [[foliage.DensityScale:1.0]]
[2020.07.20-05.09.19:008][  0]LogConfig: Setting CVar [[grass.DensityScale:1.0]]
[2020.07.20-05.09.19:008][  0]LogConfig: Applying CVar settings from Section [ShadingQuality@3] File [C:/Users/haoru/Desktop/TPSGame/firstgame/Saved/Config/Windows/Scalability.ini]
[2020.07.20-05.09.19:008][  0]LogConfig: Setting CVar [[r.HairStrands.SkyLighting.SampleCount:16]]
[2020.07.20-05.09.19:008][  0]LogConfig: Setting CVar [[r.HairStrands.SkyLighting.JitterIntegration:0]]
[2020.07.20-05.09.19:008][  0]LogConfig: Setting CVar [[r.HairStrands.SkyAO.SampleCount:16]]
[2020.07.20-05.09.19:008][  0]LogConfig: Setting CVar [[r.HairStrands.DeepShadow.SuperSampling:0]]
[2020.07.20-05.09.19:008][  0]LogConfig: Setting CVar [[r.HairStrands.VisibilityPPLL:0]]
[2020.07.20-05.09.19:008][  0]LogConfig: Setting CVar [[r.HairStrands.RasterizationScale:0.5]]
[2020.07.20-05.09.19:008][  0]LogConfig: Setting CVar [[r.HairStrands.VelocityRasterizationScale:1]]
[2020.07.20-05.09.19:008][  0]LogInit: Selected Device Profile: [Windows]
[2020.07.20-05.09.19:008][  0]LogInit: Applying CVar settings loaded from the selected device profile: [Windows]
[2020.07.20-05.09.19:008][  0]LogHAL: Display: Platform has ~ 16 GB [17125621760 / 17179869184 / 16], which maps to Larger [LargestMinGB=32, LargerMinGB=12, DefaultMinGB=8, SmallerMinGB=6, SmallestMinGB=0)
[2020.07.20-05.09.19:008][  0]LogInit: Going up to parent DeviceProfile []
[2020.07.20-05.09.19:008][  0]LogConfig: Applying CVar settings from Section [ViewDistanceQuality@3] File [C:/Users/haoru/Desktop/TPSGame/firstgame/Saved/Config/Windows/Scalability.ini]
[2020.07.20-05.09.19:008][  0]LogConfig: Setting CVar [[r.SkeletalMeshLODBias:0]]
[2020.07.20-05.09.19:008][  0]LogConfig: Setting CVar [[r.ViewDistanceScale:1.0]]
[2020.07.20-05.09.19:008][  0]LogConfig: Applying CVar settings from Section [AntiAliasingQuality@3] File [C:/Users/haoru/Desktop/TPSGame/firstgame/Saved/Config/Windows/Scalability.ini]
[2020.07.20-05.09.19:008][  0]LogConfig: Setting CVar [[r.PostProcessAAQuality:4]]
[2020.07.20-05.09.19:008][  0]LogConfig: Applying CVar settings from Section [ShadowQuality@3] File [C:/Users/haoru/Desktop/TPSGame/firstgame/Saved/Config/Windows/Scalability.ini]
[2020.07.20-05.09.19:008][  0]LogConfig: Setting CVar [[r.LightFunctionQuality:1]]
[2020.07.20-05.09.19:008][  0]LogConfig: Setting CVar [[r.ShadowQuality:5]]
[2020.07.20-05.09.19:008][  0]LogConfig: Setting CVar [[r.Shadow.CSM.MaxCascades:10]]
[2020.07.20-05.09.19:008][  0]LogConfig: Setting CVar [[r.Shadow.MaxResolution:2048]]
[2020.07.20-05.09.19:008][  0]LogConfig: Setting CVar [[r.Shadow.MaxCSMResolution:2048]]
[2020.07.20-05.09.19:008][  0]LogConfig: Setting CVar [[r.Shadow.RadiusThreshold:0.01]]
[2020.07.20-05.09.19:008][  0]LogConfig: Setting CVar [[r.Shadow.DistanceScale:1.0]]
[2020.07.20-05.09.19:008][  0]LogConfig: Setting CVar [[r.Shadow.CSM.TransitionScale:1.0]]
[2020.07.20-05.09.19:008][  0]LogConfig: Setting CVar [[r.Shadow.PreShadowResolutionFactor:1.0]]
[2020.07.20-05.09.19:008][  0]LogConfig: Setting CVar [[r.DistanceFieldShadowing:1]]
[2020.07.20-05.09.19:008][  0]LogConfig: Setting CVar [[r.DistanceFieldAO:1]]
[2020.07.20-05.09.19:008][  0]LogConfig: Setting CVar [[r.AOQuality:2]]
[2020.07.20-05.09.19:008][  0]LogConfig: Setting CVar [[r.VolumetricFog:1]]
[2020.07.20-05.09.19:008][  0]LogConfig: Setting CVar [[r.VolumetricFog.GridPixelSize:8]]
[2020.07.20-05.09.19:008][  0]LogConfig: Setting CVar [[r.VolumetricFog.GridSizeZ:128]]
[2020.07.20-05.09.19:008][  0]LogConfig: Setting CVar [[r.VolumetricFog.HistoryMissSupersampleCount:4]]
[2020.07.20-05.09.19:008][  0]LogConfig: Setting CVar [[r.LightMaxDrawDistanceScale:1]]
[2020.07.20-05.09.19:008][  0]LogConfig: Setting CVar [[r.CapsuleShadows:1]]
[2020.07.20-05.09.19:008][  0]LogConfig: Applying CVar settings from Section [PostProcessQuality@3] File [C:/Users/haoru/Desktop/TPSGame/firstgame/Saved/Config/Windows/Scalability.ini]
[2020.07.20-05.09.19:009][  0]LogConfig: Setting CVar [[r.MotionBlurQuality:4]]
[2020.07.20-05.09.19:009][  0]LogConfig: Setting CVar [[r.AmbientOcclusionMipLevelFactor:0.4]]
[2020.07.20-05.09.19:009][  0]LogConfig: Setting CVar [[r.AmbientOcclusionMaxQuality:100]]
[2020.07.20-05.09.19:009][  0]LogConfig: Setting CVar [[r.AmbientOcclusionLevels:-1]]
[2020.07.20-05.09.19:009][  0]LogConfig: Setting CVar [[r.AmbientOcclusionRadiusScale:1.0]]
[2020.07.20-05.09.19:009][  0]LogConfig: Setting CVar [[r.DepthOfFieldQuality:2]]
[2020.07.20-05.09.19:009][  0]LogConfig: Setting CVar [[r.RenderTargetPoolMin:400]]
[2020.07.20-05.09.19:009][  0]LogConfig: Setting CVar [[r.LensFlareQuality:2]]
[2020.07.20-05.09.19:009][  0]LogConfig: Setting CVar [[r.SceneColorFringeQuality:1]]
[2020.07.20-05.09.19:009][  0]LogConfig: Setting CVar [[r.EyeAdaptationQuality:2]]
[2020.07.20-05.09.19:009][  0]LogConfig: Setting CVar [[r.BloomQuality:5]]
[2020.07.20-05.09.19:009][  0]LogConfig: Setting CVar [[r.FastBlurThreshold:100]]
[2020.07.20-05.09.19:009][  0]LogConfig: Setting CVar [[r.Upscale.Quality:3]]
[2020.07.20-05.09.19:009][  0]LogConfig: Setting CVar [[r.Tonemapper.GrainQuantization:1]]
[2020.07.20-05.09.19:009][  0]LogConfig: Setting CVar [[r.LightShaftQuality:1]]
[2020.07.20-05.09.19:009][  0]LogConfig: Setting CVar [[r.Filter.SizeScale:1]]
[2020.07.20-05.09.19:009][  0]LogConfig: Setting CVar [[r.Tonemapper.Quality:5]]
[2020.07.20-05.09.19:009][  0]LogConfig: Setting CVar [[r.DOF.Gather.AccumulatorQuality:1        ; higher gathering accumulator quality]]
[2020.07.20-05.09.19:009][  0]LogConfig: Setting CVar [[r.DOF.Gather.PostfilterMethod:1          ; Median3x3 postfilering method]]
[2020.07.20-05.09.19:009][  0]LogConfig: Setting CVar [[r.DOF.Gather.EnableBokehSettings:0       ; no bokeh simulation when gathering]]
[2020.07.20-05.09.19:009][  0]LogConfig: Setting CVar [[r.DOF.Gather.RingCount:4                 ; medium number of samples when gathering]]
[2020.07.20-05.09.19:009][  0]LogConfig: Setting CVar [[r.DOF.Scatter.ForegroundCompositing:1    ; additive foreground scattering]]
[2020.07.20-05.09.19:009][  0]LogConfig: Setting CVar [[r.DOF.Scatter.BackgroundCompositing:2    ; additive background scattering]]
[2020.07.20-05.09.19:009][  0]LogConfig: Setting CVar [[r.DOF.Scatter.EnableBokehSettings:1      ; bokeh simulation when scattering]]
[2020.07.20-05.09.19:009][  0]LogConfig: Setting CVar [[r.DOF.Scatter.MaxSpriteRatio:0.1         ; only a maximum of 10% of scattered bokeh]]
[2020.07.20-05.09.19:009][  0]LogConfig: Setting CVar [[r.DOF.Recombine.Quality:1                ; cheap slight out of focus]]
[2020.07.20-05.09.19:009][  0]LogConfig: Setting CVar [[r.DOF.Recombine.EnableBokehSettings:0    ; no bokeh simulation on slight out of focus]]
[2020.07.20-05.09.19:009][  0]LogConfig: Setting CVar [[r.DOF.TemporalAAQuality:1                ; more stable temporal accumulation]]
[2020.07.20-05.09.19:009][  0]LogConfig: Setting CVar [[r.DOF.Kernel.MaxForegroundRadius:0.025]]
[2020.07.20-05.09.19:009][  0]LogConfig: Setting CVar [[r.DOF.Kernel.MaxBackgroundRadius:0.025]]
[2020.07.20-05.09.19:009][  0]LogConfig: Applying CVar settings from Section [TextureQuality@3] File [C:/Users/haoru/Desktop/TPSGame/firstgame/Saved/Config/Windows/Scalability.ini]
[2020.07.20-05.09.19:009][  0]LogConfig: Setting CVar [[r.Streaming.MipBias:0]]
[2020.07.20-05.09.19:009][  0]LogConfig: Setting CVar [[r.Streaming.AmortizeCPUToGPUCopy:0]]
[2020.07.20-05.09.19:009][  0]LogConfig: Setting CVar [[r.Streaming.MaxNumTexturesToStreamPerFrame:0]]
[2020.07.20-05.09.19:009][  0]LogConfig: Setting CVar [[r.Streaming.Boost:1]]
[2020.07.20-05.09.19:009][  0]LogConfig: Setting CVar [[r.MaxAnisotropy:8]]
[2020.07.20-05.09.19:009][  0]LogConfig: Setting CVar [[r.VT.MaxAnisotropy:8]]
[2020.07.20-05.09.19:009][  0]LogConfig: Setting CVar [[r.Streaming.LimitPoolSizeToVRAM:0]]
[2020.07.20-05.09.19:009][  0]LogConfig: Setting CVar [[r.Streaming.PoolSize:1000]]
[2020.07.20-05.09.19:009][  0]LogConfig: Setting CVar [[r.Streaming.MaxEffectiveScreenSize:0]]
[2020.07.20-05.09.19:009][  0]LogConfig: Applying CVar settings from Section [EffectsQuality@3] File [C:/Users/haoru/Desktop/TPSGame/firstgame/Saved/Config/Windows/Scalability.ini]
[2020.07.20-05.09.19:009][  0]LogConfig: Setting CVar [[r.TranslucencyLightingVolumeDim:64]]
[2020.07.20-05.09.19:009][  0]LogConfig: Setting CVar [[r.RefractionQuality:2]]
[2020.07.20-05.09.19:009][  0]LogConfig: Setting CVar [[r.SSR.Quality:3]]
[2020.07.20-05.09.19:009][  0]LogConfig: Setting CVar [[r.SSR.HalfResSceneColor:0]]
[2020.07.20-05.09.19:009][  0]LogConfig: Setting CVar [[r.SceneColorFormat:4]]
[2020.07.20-05.09.19:009][  0]LogConfig: Setting CVar [[r.DetailMode:2]]
[2020.07.20-05.09.19:009][  0]LogConfig: Setting CVar [[r.TranslucencyVolumeBlur:1]]
[2020.07.20-05.09.19:009][  0]LogConfig: Setting CVar [[r.MaterialQualityLevel:1 ; High quality]]
[2020.07.20-05.09.19:009][  0]LogConfig: Setting CVar [[r.SSS.Scale:1]]
[2020.07.20-05.09.19:009][  0]LogConfig: Setting CVar [[r.SSS.SampleSet:2]]
[2020.07.20-05.09.19:009][  0]LogConfig: Setting CVar [[r.SSS.Quality:1]]
[2020.07.20-05.09.19:009][  0]LogConfig: Setting CVar [[r.SSS.HalfRes:0]]
[2020.07.20-05.09.19:009][  0]LogConfig: Setting CVar [[r.SSGI.Quality:3]]
[2020.07.20-05.09.19:009][  0]LogConfig: Setting CVar [[r.EmitterSpawnRateScale:1.0]]
[2020.07.20-05.09.19:009][  0]LogConfig: Setting CVar [[r.ParticleLightQuality:2]]
[2020.07.20-05.09.19:009][  0]LogConfig: Setting CVar [[r.SkyAtmosphere.AerialPerspectiveLUT.FastApplyOnOpaque:1 ; Always have FastSkyLUT 1 in this case to avoid wrong sky]]
[2020.07.20-05.09.19:009][  0]LogConfig: Setting CVar [[r.SkyAtmosphere.AerialPerspectiveLUT.SampleCountPerSlice:1]]
[2020.07.20-05.09.19:009][  0]LogConfig: Setting CVar [[r.SkyAtmosphere.AerialPerspectiveLUT.DepthResolution:16.0]]
[2020.07.20-05.09.19:009][  0]LogConfig: Setting CVar [[r.SkyAtmosphere.FastSkyLUT:1]]
[2020.07.20-05.09.19:009][  0]LogConfig: Setting CVar [[r.SkyAtmosphere.FastSkyLUT.SampleCountMin:4.0]]
[2020.07.20-05.09.19:009][  0]LogConfig: Setting CVar [[r.SkyAtmosphere.FastSkyLUT.SampleCountMax:32.0]]
[2020.07.20-05.09.19:009][  0]LogConfig: Setting CVar [[r.SkyAtmosphere.SampleCountMin:4.0]]
[2020.07.20-05.09.19:009][  0]LogConfig: Setting CVar [[r.SkyAtmosphere.SampleCountMax:32.0]]
[2020.07.20-05.09.19:009][  0]LogConfig: Setting CVar [[r.SkyAtmosphere.TransmittanceLUT.UseSmallFormat:0]]
[2020.07.20-05.09.19:009][  0]LogConfig: Setting CVar [[r.SkyAtmosphere.TransmittanceLUT.SampleCount:10.0]]
[2020.07.20-05.09.19:009][  0]LogConfig: Setting CVar [[r.SkyAtmosphere.MultiScatteringLUT.SampleCount:15.0]]
[2020.07.20-05.09.19:009][  0]LogConfig: Applying CVar settings from Section [FoliageQuality@3] File [C:/Users/haoru/Desktop/TPSGame/firstgame/Saved/Config/Windows/Scalability.ini]
[2020.07.20-05.09.19:009][  0]LogConfig: Setting CVar [[foliage.DensityScale:1.0]]
[2020.07.20-05.09.19:009][  0]LogConfig: Setting CVar [[grass.DensityScale:1.0]]
[2020.07.20-05.09.19:009][  0]LogConfig: Applying CVar settings from Section [ShadingQuality@3] File [C:/Users/haoru/Desktop/TPSGame/firstgame/Saved/Config/Windows/Scalability.ini]
[2020.07.20-05.09.19:009][  0]LogConfig: Setting CVar [[r.HairStrands.SkyLighting.SampleCount:16]]
[2020.07.20-05.09.19:009][  0]LogConfig: Setting CVar [[r.HairStrands.SkyLighting.JitterIntegration:0]]
[2020.07.20-05.09.19:009][  0]LogConfig: Setting CVar [[r.HairStrands.SkyAO.SampleCount:16]]
[2020.07.20-05.09.19:009][  0]LogConfig: Setting CVar [[r.HairStrands.DeepShadow.SuperSampling:0]]
[2020.07.20-05.09.19:009][  0]LogConfig: Setting CVar [[r.HairStrands.VisibilityPPLL:0]]
[2020.07.20-05.09.19:009][  0]LogConfig: Setting CVar [[r.HairStrands.RasterizationScale:0.5]]
[2020.07.20-05.09.19:009][  0]LogConfig: Setting CVar [[r.HairStrands.VelocityRasterizationScale:1]]
[2020.07.20-05.09.19:009][  0]LogConfig: Applying CVar settings from Section [Startup] File [../../../Engine/Config/ConsoleVariables.ini]
[2020.07.20-05.09.19:010][  0]LogConfig: Setting CVar [[net.UseAdaptiveNetUpdateFrequency:0]]
[2020.07.20-05.09.19:010][  0]LogConfig: Setting CVar [[p.chaos.AllowCreatePhysxBodies:1]]
[2020.07.20-05.09.19:010][  0]LogConfig: Setting CVar [[fx.SkipVectorVMBackendOptimizations:1]]
[2020.07.20-05.09.19:010][  0]LogConfig: Applying CVar settings from Section [ConsoleVariables] File [C:/Users/haoru/Desktop/TPSGame/firstgame/Saved/Config/Windows/Engine.ini]
[2020.07.20-05.09.19:010][  0]LogInit: Computer: DESKTOP-4O78A5T
[2020.07.20-05.09.19:010][  0]LogInit: User: haoru
[2020.07.20-05.09.19:010][  0]LogInit: CPU Page size=4096, Cores=6
[2020.07.20-05.09.19:010][  0]LogInit: High frequency timer resolution =10.000000 MHz
[2020.07.20-05.09.19:010][  0]LogMemory: Memory total: Physical=15.9GB (16GB approx)
[2020.07.20-05.09.19:010][  0]LogMemory: Platform Memory Stats for Windows
[2020.07.20-05.09.19:010][  0]LogMemory: Process Physical Memory: 116.11 MB used, 116.12 MB peak
[2020.07.20-05.09.19:010][  0]LogMemory: Process Virtual Memory: 105.71 MB used, 105.71 MB peak
[2020.07.20-05.09.19:010][  0]LogMemory: Physical Memory: 5430.32 MB used,  10901.94 MB free, 16332.27 MB total
[2020.07.20-05.09.19:010][  0]LogMemory: Virtual Memory: 5174.15 MB used,  134212552.00 MB free, 134217728.00 MB total
[2020.07.20-05.09.19:045][  0]LogWindows: WindowsPlatformFeatures enabled
[2020.07.20-05.09.19:068][  0]LogInit: Physics initialised using underlying interface: PhysX
[2020.07.20-05.09.19:069][  0]LogInit: Using OS detected language (en-US).
[2020.07.20-05.09.19:069][  0]LogInit: Using OS detected locale (en-US).
[2020.07.20-05.09.19:070][  0]LogTextLocalizationManager: No specific localization for 'en-US' exists, so the 'en' localization will be used.
[2020.07.20-05.09.19:215][  0]LogInit: Setting process to per monitor DPI aware
[2020.07.20-05.09.19:244][  0]LogSlate: New Slate User Created.  User Index 0, Is Virtual User: 0
[2020.07.20-05.09.19:244][  0]LogSlate: Slate User Registered.  User Index 0, Is Virtual User: 0
[2020.07.20-05.09.19:351][  0]LogHMD: Failed to initialize OpenVR with code 110
[2020.07.20-05.09.19:351][  0]LogD3D11RHI: D3D11 min allowed feature level: 11_0
[2020.07.20-05.09.19:351][  0]LogD3D11RHI: D3D11 max allowed feature level: 11_0
[2020.07.20-05.09.19:351][  0]LogD3D11RHI: D3D11 adapters:
[2020.07.20-05.09.19:409][  0]LogD3D11RHI:    0. 'NVIDIA GeForce GTX 1660' (Feature Level 11_0)
[2020.07.20-05.09.19:409][  0]LogD3D11RHI:       5991/0/8166 MB DedicatedVideo/DedicatedSystem/SharedSystem, Outputs:1, VendorId:0x10de
[2020.07.20-05.09.19:411][  0]LogD3D11RHI:    1. 'Microsoft Basic Render Driver' (Feature Level 11_0)
[2020.07.20-05.09.19:411][  0]LogD3D11RHI:       0/0/8166 MB DedicatedVideo/DedicatedSystem/SharedSystem, Outputs:0, VendorId:0x1414
[2020.07.20-05.09.19:411][  0]LogD3D11RHI: Chosen D3D11 Adapter: 0
[2020.07.20-05.09.19:420][  0]LogD3D11RHI: Creating new Direct3DDevice
[2020.07.20-05.09.19:420][  0]LogD3D11RHI:     GPU DeviceId: 0x2184 (for the marketing name, search the web for "GPU Device Id")
[2020.07.20-05.09.19:420][  0]LogWindows: EnumDisplayDevices:
[2020.07.20-05.09.19:421][  0]LogWindows:    0. 'NVIDIA GeForce GTX 1660' (P:1 D:1)
[2020.07.20-05.09.19:421][  0]LogWindows:    1. 'NVIDIA GeForce GTX 1660' (P:0 D:0)
[2020.07.20-05.09.19:421][  0]LogWindows:    2. 'NVIDIA GeForce GTX 1660' (P:0 D:0)
[2020.07.20-05.09.19:422][  0]LogWindows:    3. 'NVIDIA GeForce GTX 1660' (P:0 D:0)
[2020.07.20-05.09.19:422][  0]LogWindows: DebugString: FoundDriverCount:4 
[2020.07.20-05.09.19:422][  0]LogD3D11RHI:     Adapter Name: NVIDIA GeForce GTX 1660
[2020.07.20-05.09.19:422][  0]LogD3D11RHI:   Driver Version: 451.48 (internal:27.21.14.5148, unified:451.48)
[2020.07.20-05.09.19:422][  0]LogD3D11RHI:      Driver Date: 6-21-2020
[2020.07.20-05.09.19:422][  0]LogRHI: Texture pool is 4193 MB (70% of 5991 MB)
[2020.07.20-05.09.19:465][  0]LogD3D11RHI: RHI has support for 64 bit atomics
[2020.07.20-05.09.19:467][  0]LogD3D11RHI: [Aftermath] Enabled and primed
[2020.07.20-05.09.19:467][  0]LogD3D11RHI: Async texture creation enabled
[2020.07.20-05.09.19:467][  0]LogD3D11RHI: Array index from any shader is supported
[2020.07.20-05.09.19:482][  0]LogD3D11RHI: GPU Timing Frequency: 1000.000000 (Debug: 2 1)
[2020.07.20-05.09.19:733][  0]LogTargetPlatformManager: Display: Loaded TargetPlatform 'AllDesktop'
[2020.07.20-05.09.19:753][  0]LogTargetPlatformManager: Display: Loaded TargetPlatform 'Android'
[2020.07.20-05.09.19:753][  0]LogTargetPlatformManager: Display: Loaded TargetPlatform 'Android_ASTC'
[2020.07.20-05.09.19:753][  0]LogTargetPlatformManager: Display: Loaded TargetPlatform 'Android_DXT'
[2020.07.20-05.09.19:753][  0]LogTargetPlatformManager: Display: Loaded TargetPlatform 'Android_ETC2'
[2020.07.20-05.09.19:753][  0]LogTargetPlatformManager: Display: Loaded TargetPlatform 'AndroidClient'
[2020.07.20-05.09.19:753][  0]LogTargetPlatformManager: Display: Loaded TargetPlatform 'Android_ASTCClient'
[2020.07.20-05.09.19:753][  0]LogTargetPlatformManager: Display: Loaded TargetPlatform 'Android_DXTClient'
[2020.07.20-05.09.19:753][  0]LogTargetPlatformManager: Display: Loaded TargetPlatform 'Android_ETC2Client'
[2020.07.20-05.09.19:753][  0]LogTargetPlatformManager: Display: Loaded TargetPlatform 'Android_Multi'
[2020.07.20-05.09.19:753][  0]LogTargetPlatformManager: Display: Loaded TargetPlatform 'Android_MultiClient'
[2020.07.20-05.09.19:773][  0]LogTargetPlatformManager: Display: Loaded TargetPlatform 'IOSClient'
[2020.07.20-05.09.19:773][  0]LogTargetPlatformManager: Display: Loaded TargetPlatform 'IOS'
[2020.07.20-05.09.19:782][  0]LogTargetPlatformManager: Display: Loaded TargetPlatform 'Linux'
[2020.07.20-05.09.19:790][  0]LogTargetPlatformManager: Display: Loaded TargetPlatform 'LinuxNoEditor'
[2020.07.20-05.09.19:798][  0]LogTargetPlatformManager: Display: Loaded TargetPlatform 'LinuxClient'
[2020.07.20-05.09.19:805][  0]LogTargetPlatformManager: Display: Loaded TargetPlatform 'LinuxServer'
[2020.07.20-05.09.19:813][  0]LogTargetPlatformManager: Display: Loaded TargetPlatform 'LinuxAArch64NoEditor'
[2020.07.20-05.09.19:821][  0]LogTargetPlatformManager: Display: Loaded TargetPlatform 'LinuxAArch64Client'
[2020.07.20-05.09.19:829][  0]LogTargetPlatformManager: Display: Loaded TargetPlatform 'LinuxAArch64Server'
[2020.07.20-05.09.19:852][  0]LogTargetPlatformManager: Display: Loaded TargetPlatform 'Lumin'
[2020.07.20-05.09.19:852][  0]LogTargetPlatformManager: Display: Loaded TargetPlatform 'LuminClient'
[2020.07.20-05.09.19:866][  0]LogTargetPlatformManager: Display: Loaded TargetPlatform 'TVOSClient'
[2020.07.20-05.09.19:866][  0]LogTargetPlatformManager: Display: Loaded TargetPlatform 'TVOS'
[2020.07.20-05.09.19:874][  0]LogTargetPlatformManager: Display: Loaded TargetPlatform 'WindowsNoEditor'
[2020.07.20-05.09.19:883][  0]LogTargetPlatformManager: Display: Loaded TargetPlatform 'Windows'
[2020.07.20-05.09.19:891][  0]LogTargetPlatformManager: Display: Loaded TargetPlatform 'WindowsClient'
[2020.07.20-05.09.19:899][  0]LogTargetPlatformManager: Display: Loaded TargetPlatform 'WindowsServer'
[2020.07.20-05.09.19:899][  0]LogTargetPlatformManager: Display: Building Assets For Windows
[2020.07.20-05.09.19:905][  0]LogAudioDebug: Display: Lib vorbis DLL was dynamically loaded.
[2020.07.20-05.09.19:950][  0]LogShaderCompilers: Guid format shader working directory is 6 characters bigger than the processId version (C:/Users/haoru/Desktop/TPSGame/firstgame/Intermediate/Shaders/WorkingDirectory/8848/).
[2020.07.20-05.09.19:950][  0]LogShaderCompilers: Cleaned the shader compiler working directory 'C:/Users/haoru/AppData/Local/Temp/UnrealShaderWorkingDir/A6356F4742FB5C8EEFD42AAEDF3786FA/'.
[2020.07.20-05.09.19:951][  0]LogXGEController: Cannot use XGE Controller as Incredibuild is not installed on this machine.
[2020.07.20-05.09.19:951][  0]LogShaderCompilers: Cannot use XGE Shader Compiler as Incredibuild is not installed on this machine.
[2020.07.20-05.09.19:951][  0]LogShaderCompilers: Display: Using Local Shader Compiler.
[2020.07.20-05.09.20:615][  0]LogDerivedDataCache: Display: Max Cache Size: 512 MB
[2020.07.20-05.09.20:654][  0]LogDerivedDataCache: Loaded boot cache 0.04s 76MB C:/Users/haoru/AppData/Local/UnrealEngine/4.25/DerivedDataCache/Boot.ddc.
[2020.07.20-05.09.20:655][  0]LogDerivedDataCache: Display: Loaded Boot cache: C:/Users/haoru/AppData/Local/UnrealEngine/4.25/DerivedDataCache/Boot.ddc
[2020.07.20-05.09.20:655][  0]LogDerivedDataCache: FDerivedDataBackendGraph:  Pak pak cache file C:/Users/haoru/Desktop/TPSGame/firstgame/DerivedDataCache/DDC.ddp not found, will not use a pak cache.
[2020.07.20-05.09.20:655][  0]LogDerivedDataCache: Unable to find inner node Pak for hierarchical cache Hierarchy.
[2020.07.20-05.09.20:655][  0]LogDerivedDataCache: FDerivedDataBackendGraph:  CompressedPak pak cache file C:/Users/haoru/Desktop/TPSGame/firstgame/DerivedDataCache/Compressed.ddp not found, will not use a pak cache.
[2020.07.20-05.09.20:655][  0]LogDerivedDataCache: Unable to find inner node CompressedPak for hierarchical cache Hierarchy.
[2020.07.20-05.09.20:665][  0]LogDerivedDataCache: Display: Pak cache opened for reading ../../../Engine/DerivedDataCache/Compressed.ddp.
[2020.07.20-05.09.20:665][  0]LogDerivedDataCache: FDerivedDataBackendGraph:  EnterprisePak pak cache file ../../../Enterprise/DerivedDataCache/Compressed.ddp not found, will not use a pak cache.
[2020.07.20-05.09.20:665][  0]LogDerivedDataCache: Unable to find inner node EnterprisePak for hierarchical cache Hierarchy.
[2020.07.20-05.09.20:666][  0]LogDerivedDataCache: Using Local data cache path C:/Users/haoru/AppData/Local/UnrealEngine/Common/DerivedDataCache: Writable
[2020.07.20-05.09.20:666][  0]LogDerivedDataCache: Shared data cache path not found in *engine.ini, will not use an Shared cache.
[2020.07.20-05.09.20:666][  0]LogDerivedDataCache: Unable to find inner node Shared for hierarchical cache Hierarchy.
[2020.07.20-05.09.20:711][  0]LogSlate: Using FreeType 2.10.0
[2020.07.20-05.09.20:712][  0]LogSlate: SlateFontServices - WITH_FREETYPE: 1, WITH_HARFBUZZ: 1
[2020.07.20-05.09.20:731][  0]LogAssetRegistry: FAssetRegistry took 0.0023 seconds to start up
[2020.07.20-05.09.20:940][  0]LogInit: Selected Device Profile: [Windows]
[2020.07.20-05.09.21:029][  0]LogMeshReduction: Using QuadricMeshReduction for automatic static mesh reduction
[2020.07.20-05.09.21:029][  0]LogMeshReduction: Using SimplygonMeshReduction for automatic skeletal mesh reduction
[2020.07.20-05.09.21:029][  0]LogMeshReduction: Using ProxyLODMeshReduction for automatic mesh merging
[2020.07.20-05.09.21:029][  0]LogMeshReduction: No distributed automatic mesh merging module available
[2020.07.20-05.09.21:029][  0]LogMeshMerging: No distributed automatic mesh merging module available
[2020.07.20-05.09.21:041][  0]LogNetVersion: firstgame 1.0.0, NetCL: 13144385, EngineNetVer: 14, GameNetVer: 0 (Checksum: 3518325962)
[2020.07.20-05.09.21:372][  0]LogAISub: UAISubsystem::UAISubsystem AISubsystem (000002164D521BC0), frame # 0
[2020.07.20-05.09.21:373][  0]LogAISub: UAISubsystem::UAISubsystem AIPerceptionSystem (000002164D474F40), frame # 0
[2020.07.20-05.09.21:374][  0]LogAISub: UAISubsystem::UAISubsystem EnvQueryManager (000002164D4D1E00), frame # 0
[2020.07.20-05.09.21:424][  0]LogPackageLocalizationCache: Processed 19 localized package path(s) for 1 prioritized culture(s) in 0.045513 seconds
[2020.07.20-05.09.21:429][  0]LogUObjectArray: 15917 objects as part of root set at end of initial load.
[2020.07.20-05.09.21:429][  0]LogUObjectAllocator: 3965568 out of 0 bytes used by permanent object pool.
[2020.07.20-05.09.21:429][  0]LogUObjectArray: CloseDisregardForGC: 0/0 objects in disregard for GC pool
[2020.07.20-05.09.21:686][  0]LogTcpMessaging: Initializing TcpMessaging bridge
[2020.07.20-05.09.21:690][  0]LogUdpMessaging: Initializing bridge on interface 0.0.0.0:0 to multicast group 230.0.0.1:6666.
[2020.07.20-05.09.21:767][  0]SourceControl: Source control is disabled
[2020.07.20-05.09.21:767][  0]SourceControl: Source control is disabled
[2020.07.20-05.09.21:769][  0]SourceControl: Source control is disabled
[2020.07.20-05.09.21:772][  0]SourceControl: Source control is disabled
[2020.07.20-05.09.21:777][  0]SourceControl: Source control is disabled
[2020.07.20-05.09.21:955][  0]LogAndroidPermission: UAndroidPermissionCallbackProxy::GetInstance
[2020.07.20-05.09.21:971][  0]LogAudioCaptureCore: Display: No Audio Capture implementations found. Audio input will be silent.
[2020.07.20-05.09.21:971][  0]LogAudioCaptureCore: Display: No Audio Capture implementations found. Audio input will be silent.
[2020.07.20-05.09.22:008][  0]LogOcInput: OculusInput pre-init called
[2020.07.20-05.09.22:016][  0]LogWindows: Failed to load 'OVRPlugin.dll' (GetLastError=126)
[2020.07.20-05.09.22:016][  0]LogWindows: File 'OVRPlugin.dll' does not exist
[2020.07.20-05.09.22:071][  0]LogEngine: Initializing Engine...
[2020.07.20-05.09.22:072][  0]LogHMD: Failed to initialize OpenVR with code 110
[2020.07.20-05.09.22:072][  0]LogMagicLeap: Warning: VR disabled because ZI is not enabled.  To enable, in the editor, Edit -> Project Settings -> Plugins -> Magic Leap Plugin -> Enable Zero Iteration
[2020.07.20-05.09.22:073][  0]LogStats: UGameplayTagsManager::InitializeManager -  0.000 s
[2020.07.20-05.09.22:165][  0]LogInit: Initializing FReadOnlyCVARCache
[2020.07.20-05.09.22:175][  0]LogAIModule: Creating AISystem for world Untitled
[2020.07.20-05.09.22:175][  0]LogAISub: UAISubsystem::UAISubsystem EnvQueryManager (0000021654D67C00), frame # 0
[2020.07.20-05.09.22:175][  0]LogAISub: UAISubsystem::UAISubsystem AIPerceptionSystem (00000216509BAAC0), frame # 0
[2020.07.20-05.09.22:181][  0]LogAudioMixer: Display: Audio Mixer Platform Settings:
[2020.07.20-05.09.22:181][  0]LogAudioMixer: Display: 	Sample Rate:						  48000
[2020.07.20-05.09.22:181][  0]LogAudioMixer: Display: 	Callback Buffer Frame Size Requested: 1024
[2020.07.20-05.09.22:181][  0]LogAudioMixer: Display: 	Callback Buffer Frame Size To Use:	  1024
[2020.07.20-05.09.22:181][  0]LogAudioMixer: Display: 	Number of buffers to queue:			  2
[2020.07.20-05.09.22:181][  0]LogAudioMixer: Display: 	Max Channels (voices):				  32
[2020.07.20-05.09.22:181][  0]LogAudioMixer: Display: 	Number of Async Source Workers:		  0
[2020.07.20-05.09.22:181][  0]LogAudio: Display: AudioDevice MaxSources: 32
[2020.07.20-05.09.22:181][  0]LogAudio: Display: Using built-in audio occlusion.
[2020.07.20-05.09.22:181][  0]LogAudioMixer: Display: Initializing audio mixer.
[2020.07.20-05.09.22:190][  0]LogAudioMixer: Display: 0: FrontLeft
[2020.07.20-05.09.22:190][  0]LogAudioMixer: Display: 1: FrontRight
[2020.07.20-05.09.22:190][  0]LogAudioMixer: Display: 2: FrontCenter
[2020.07.20-05.09.22:190][  0]LogAudioMixer: Display: 3: LowFrequency
[2020.07.20-05.09.22:190][  0]LogAudioMixer: Display: 4: BackLeft
[2020.07.20-05.09.22:190][  0]LogAudioMixer: Display: 5: BackRight
[2020.07.20-05.09.22:190][  0]LogAudioMixer: Display: 6: SideLeft
[2020.07.20-05.09.22:190][  0]LogAudioMixer: Display: 7: SideRight
[2020.07.20-05.09.22:227][  0]LogAudioMixer: Display: Using Audio Device Speakers (7.1 Surround Sound)
[2020.07.20-05.09.22:230][  0]LogAudioMixer: Display: Initializing Sound Submixes...
[2020.07.20-05.09.22:232][  0]LogAudioMixer: Display: Creating Master Submix 'MasterSubmixDefault'
[2020.07.20-05.09.22:232][  0]LogAudioMixer: Display: Creating Master Submix 'MasterReverbSubmixDefault'
[2020.07.20-05.09.22:232][  0]LogAudioMixer: Display: Creating Master Submix 'MasterEQSubmixDefault'
[2020.07.20-05.09.22:233][  0]LogInit: FAudioDevice initialized.
[2020.07.20-05.09.22:233][  0]LogNetVersion: Set ProjectVersion to 1.0.0.0. Version Checksum will be recalculated on next use.
[2020.07.20-05.09.22:307][  0]LogDerivedDataCache: Saved boot cache 0.07s 76MB C:/Users/haoru/AppData/Local/UnrealEngine/4.25/DerivedDataCache/Boot.ddc.
[2020.07.20-05.09.22:311][  0]LogInit: Texture streaming: Enabled
[2020.07.20-05.09.22:323][  0]LogEngineSessionManager: EngineSessionManager initialized
[2020.07.20-05.09.22:323][  0]LogEditorSessionSummary: Verbose: Initializing EditorSessionSummaryWriter for editor session tracking
[2020.07.20-05.09.22:325][  0]LogEditorSessionSummary: EditorSessionSummaryWriter initialized
[2020.07.20-05.09.22:380][  0]LogInit: Transaction tracking system initialized
[2020.07.20-05.09.22:397][  0]BlueprintLog: New page: Editor Load
[2020.07.20-05.09.22:458][  0]LocalizationService: Localization service is disabled
[2020.07.20-05.09.22:582][  0]LogCook: Display: Max memory allowance for cook 16384mb min free memory 0mb
[2020.07.20-05.09.22:582][  0]LogCook: Display: Mobile HDR setting 1
[2020.07.20-05.09.22:589][  0]LogFileCache: Scanning file cache for directory 'C:/Users/haoru/Desktop/TPSGame/firstgame/Content/' took 0.01s
[2020.07.20-05.09.22:829][  0]SourceControl: Source control is disabled
[2020.07.20-05.09.22:829][  0]LogUnrealEdMisc: Loading editor; pre map load, took 5.494
[2020.07.20-05.09.22:829][  0]Cmd: MAP LOAD FILE="C:/Users/haoru/Desktop/TPSGame/firstgame/Content/ThirdPersonBP/Maps/ThirdPersonExampleMap.umap" TEMPLATE=0 SHOWPROGRESS=1 FEATURELEVEL=3
[2020.07.20-05.09.22:830][  0]LightingResults: New page: Lighting Build
[2020.07.20-05.09.22:830][  0]LogWorld: UWorld::CleanupWorld for Untitled, bSessionEnded=true, bCleanupResources=true
[2020.07.20-05.09.22:830][  0]LogSlate: InvalidateAllWidgets triggered.  All widgets were invalidated
[2020.07.20-05.09.22:830][  0]MapCheck: New page: Map Check
[2020.07.20-05.09.22:830][  0]LightingResults: New page: Lighting Build
[2020.07.20-05.09.22:842][  0]LogAISub: UAISubsystem::~UAISubsystem EnvQueryManager (0000021654D67C00), frame # 0
[2020.07.20-05.09.22:842][  0]LogAISub: UAISubsystem::~UAISubsystem AIPerceptionSystem (00000216509BAAC0), frame # 0
[2020.07.20-05.09.22:843][  0]LogUObjectHash: Compacting FUObjectHashTables data took   0.68ms
[2020.07.20-05.09.24:299][  0]LogAIModule: Creating AISystem for world ThirdPersonExampleMap
[2020.07.20-05.09.24:299][  0]LogAISub: UAISubsystem::UAISubsystem EnvQueryManager (0000021647748C00), frame # 0
[2020.07.20-05.09.24:299][  0]LogAISub: UAISubsystem::UAISubsystem AIPerceptionSystem (00000216476E6E80), frame # 0
[2020.07.20-05.09.24:306][  0]LogEditorServer: Finished looking for orphan Actors (0.000 secs)
[2020.07.20-05.09.24:320][  0]LogUObjectHash: Compacting FUObjectHashTables data took   0.88ms
[2020.07.20-05.09.24:321][  0]Cmd: MAP CHECKDEP NOCLEARLOG
[2020.07.20-05.09.24:321][  0]MapCheck: Map check complete: 0 Error(s), 0 Warning(s), took 0.172ms to complete.
[2020.07.20-05.09.24:321][  0]LogFileHelpers: Loading map 'ThirdPersonExampleMap' took 1.492
[2020.07.20-05.09.24:322][  0]LogUnrealEdMisc: Total Editor Startup Time, took 6.987
[2020.07.20-05.09.24:458][  0]LogSlate: Updating window title bar state: overlay mode, drag disabled, window buttons hidden, title bar hidden
[2020.07.20-05.09.24:464][  0]LogSlate: Updating window title bar state: overlay mode, drag disabled, window buttons hidden, title bar hidden
[2020.07.20-05.09.24:470][  0]LogSlate: Updating window title bar state: overlay mode, drag disabled, window buttons hidden, title bar hidden
[2020.07.20-05.09.24:475][  0]LogSlate: Updating window title bar state: overlay mode, drag disabled, window buttons hidden, title bar hidden
[2020.07.20-05.09.24:485][  0]LogCollectionManager: Loaded 0 collections in 0.000701 seconds
[2020.07.20-05.09.24:498][  0]LogFileCache: Scanning file cache for directory 'C:/Users/haoru/Desktop/TPSGame/firstgame/Saved/Collections/' took 0.00s
[2020.07.20-05.09.24:499][  0]LogFileCache: Scanning file cache for directory 'C:/Users/haoru/Desktop/TPSGame/firstgame/Content/Developers/haoru/Collections/' took 0.00s
[2020.07.20-05.09.24:499][  0]LogFileCache: Scanning file cache for directory 'C:/Users/haoru/Desktop/TPSGame/firstgame/Content/Collections/' took 0.00s
[2020.07.20-05.09.24:499][  0]LogContentBrowser: Native class hierarchy populated in 0.0094 seconds. Added 3427 classes and 821 folders.
[2020.07.20-05.09.24:501][  0]LogContentBrowser: Native class hierarchy updated for 'WidgetCarousel' in 0.0003 seconds. Added 0 classes and 0 folders.
[2020.07.20-05.09.24:727][  0]LogContentBrowser: Native class hierarchy updated for 'AddContentDialog' in 0.0003 seconds. Added 0 classes and 0 folders.
[2020.07.20-05.09.24:728][  0]LogContentBrowser: Native class hierarchy updated for 'SceneOutliner' in 0.0002 seconds. Added 2 classes and 0 folders.
[2020.07.20-05.09.24:761][  0]LogSlate: Took 0.000139 seconds to synchronously load lazily loaded font '../../../Engine/Content/Slate/Fonts/Roboto-Regular.ttf' (155K)
[2020.07.20-05.09.24:763][  0]LogSlate: Took 0.000089 seconds to synchronously load lazily loaded font '../../../Engine/Content/Slate/Fonts/Roboto-Bold.ttf' (160K)
[2020.07.20-05.09.24:771][  0]LogSlate: Took 0.004635 seconds to synchronously load lazily loaded font '../../../Engine/Content/Editor/Slate/Fonts/FontAwesome.ttf' (139K)
[2020.07.20-05.09.24:864][  0]LogRenderer: Reallocating scene render targets to support 1208x572 Format 10 NumSamples 1 (Frame:1).
[2020.07.20-05.09.24:944][  0]LogContentBrowser: Native class hierarchy updated for 'HierarchicalLODOutliner' in 0.0003 seconds. Added 0 classes and 0 folders.
[2020.07.20-05.09.24:945][  0]LogLoad: (Engine Initialization) Total time: 7.61 seconds
[2020.07.20-05.09.24:945][  0]LogLoad: (Engine Initialization) Total Blueprint compile time: 0.00 seconds
[2020.07.20-05.09.24:982][  0]LogAssetRegistry: Asset discovery search completed in 4.2517 seconds
[2020.07.20-05.09.24:985][  0]LogCollectionManager: Fixed up redirectors for 0 collections in 0.000002 seconds (updated 0 objects)
[2020.07.20-05.09.24:986][  0]LogContentStreaming: Texture pool size now 1000 MB
[2020.07.20-05.09.25:021][  0]LogSlate: Took 0.004451 seconds to synchronously load lazily loaded font '../../../Engine/Content/Slate/Fonts/Roboto-Light.ttf' (167K)
[2020.07.20-05.12.16:235][416]LogSlate: Window 'Project Settings' being destroyed
[2020.07.20-05.12.16:239][416]LogSlate: Window 'Project Settings' being destroyed
[2020.07.20-05.12.51:406][435]LogSlate: Window 'Project Settings' being destroyed
[2020.07.20-05.12.51:411][435]LogSlate: Window 'Project Settings' being destroyed
[2020.07.20-05.12.52:184][521]LogSlate: Took 0.000119 seconds to synchronously load lazily loaded font '../../../Engine/Content/Slate/Fonts/Roboto-Light.ttf' (167K)
[2020.07.20-05.12.52:216][521]LogUObjectHash: Compacting FUObjectHashTables data took   0.74ms
[2020.07.20-05.12.52:267][521]LogSavePackage: Moving 'C:/Users/haoru/Desktop/TPSGame/firstgame/Saved/ThirdPersonExampleMapAA043C4C4CC7F3B3D32CDAAD3FBBC7E0.tmp' to 'C:/Users/haoru/Desktop/TPSGame/firstgame/Content/ThirdPersonBP/Maps/ThirdPersonExampleMap.umap'
[2020.07.20-05.12.52:420][521]LogSavePackage: Moving 'C:/Users/haoru/Desktop/TPSGame/firstgame/Saved/ThirdPersonExampleMap_BuiltData3D4EB7AF47D1F88D1585E99F72059485.tmp' to 'C:/Users/haoru/Desktop/TPSGame/firstgame/Content/ThirdPersonBP/Maps/ThirdPersonExampleMap_BuiltData.uasset'
[2020.07.20-05.12.52:430][521]AssetCheck: New page: Asset Save: multiple assets
[2020.07.20-05.12.52:430][521]LogContentValidation: Display: Validating World /Game/ThirdPersonBP/Maps/ThirdPersonExampleMap.ThirdPersonExampleMap
[2020.07.20-05.12.52:430][521]LogContentValidation: Display: Validating MapBuildDataRegistry /Game/ThirdPersonBP/Maps/ThirdPersonExampleMap_BuiltData.ThirdPersonExampleMap_BuiltData
[2020.07.20-05.13.05:484][938]LogAssetEditorSubsystem: Opening Asset editor for Blueprint /Game/ThirdPersonBP/Blueprints/Weapons/Weapon_Base.Weapon_Base
[2020.07.20-05.13.05:849][938]LogContentBrowser: Native class hierarchy updated for 'BlueprintGraph' in 0.0006 seconds. Added 125 classes and 0 folders.
[2020.07.20-05.13.06:671][938]LogSlate: Took 0.000161 seconds to synchronously load lazily loaded font '../../../Engine/Content/Slate/Fonts/Roboto-BoldCondensed.ttf' (158K)
[2020.07.20-05.13.06:741][939]LogSlate: Took 0.004472 seconds to synchronously load lazily loaded font '../../../Engine/Content/Slate/Fonts/Roboto-Italic.ttf' (157K)
[2020.07.20-05.13.48:915][323]LogSlate: Took 0.005810 seconds to synchronously load lazily loaded font '../../../Engine/Content/Slate/Fonts/Roboto-BoldCondensedItalic.ttf' (160K)
[2020.07.20-05.13.53:725][885]BlueprintLog: New page: Compile Weapon_Base
[2020.07.20-05.13.53:777][885]LogUObjectHash: Compacting FUObjectHashTables data took   2.47ms
[2020.07.20-05.13.53:830][885]LogSlate: Took 0.005617 seconds to synchronously load lazily loaded font '../../../Engine/Content/Slate/Fonts/DroidSansMono.ttf' (77K)
[2020.07.20-05.13.54:200][924]Cmd: OBJ SAVEPACKAGE PACKAGE="/Game/ThirdPersonBP/Blueprints/Weapons/Weapon_Base" FILE="C:/Users/haoru/Desktop/TPSGame/firstgame/Content/ThirdPersonBP/Blueprints/Weapons/Weapon_Base.uasset" SILENT=true
[2020.07.20-05.13.54:226][924]LogSavePackage: Moving 'C:/Users/haoru/Desktop/TPSGame/firstgame/Saved/Weapon_BaseAE9DF1914F8F3A43EDD473BF5F1760B0.tmp' to 'C:/Users/haoru/Desktop/TPSGame/firstgame/Content/ThirdPersonBP/Blueprints/Weapons/Weapon_Base.uasset'
[2020.07.20-05.13.54:240][924]AssetCheck: New page: Asset Save: Weapon_Base
[2020.07.20-05.13.54:240][924]LogContentValidation: Display: Validating Blueprint /Game/ThirdPersonBP/Blueprints/Weapons/Weapon_Base.Weapon_Base
[2020.07.20-05.14.56:305][973]BlueprintLog: New page: Compile Weapon_Base
[2020.07.20-05.14.56:343][973]LogUObjectHash: Compacting FUObjectHashTables data took   2.29ms
[2020.07.20-05.15.02:580][689]BlueprintLog: New page: Compile Weapon_Base
[2020.07.20-05.15.02:621][689]LogUObjectHash: Compacting FUObjectHashTables data took   2.36ms
[2020.07.20-05.15.03:532][789]Cmd: OBJ SAVEPACKAGE PACKAGE="/Game/ThirdPersonBP/Blueprints/Weapons/Weapon_Base" FILE="C:/Users/haoru/Desktop/TPSGame/firstgame/Content/ThirdPersonBP/Blueprints/Weapons/Weapon_Base.uasset" SILENT=true
[2020.07.20-05.15.03:554][789]LogSavePackage: Moving 'C:/Users/haoru/Desktop/TPSGame/firstgame/Saved/Weapon_BaseE4385C6F43359FA3BE9EAE8D09CF6852.tmp' to 'C:/Users/haoru/Desktop/TPSGame/firstgame/Content/ThirdPersonBP/Blueprints/Weapons/Weapon_Base.uasset'
[2020.07.20-05.15.03:566][789]AssetCheck: New page: Asset Save: Weapon_Base
[2020.07.20-05.15.03:566][789]LogContentValidation: Display: Validating Blueprint /Game/ThirdPersonBP/Blueprints/Weapons/Weapon_Base.Weapon_Base
[2020.07.20-05.15.10:622][581]BlueprintLog: New page: Compile Weapon_Base
[2020.07.20-05.15.10:663][581]LogUObjectHash: Compacting FUObjectHashTables data took   2.27ms
[2020.07.20-05.15.10:983][609]Cmd: OBJ SAVEPACKAGE PACKAGE="/Game/ThirdPersonBP/Blueprints/Weapons/Weapon_Base" FILE="C:/Users/haoru/Desktop/TPSGame/firstgame/Content/ThirdPersonBP/Blueprints/Weapons/Weapon_Base.uasset" SILENT=true
[2020.07.20-05.15.11:005][609]LogSavePackage: Moving 'C:/Users/haoru/Desktop/TPSGame/firstgame/Saved/Weapon_Base8F9997D94957F17E15C7A3B7FF33374D.tmp' to 'C:/Users/haoru/Desktop/TPSGame/firstgame/Content/ThirdPersonBP/Blueprints/Weapons/Weapon_Base.uasset'
[2020.07.20-05.15.11:017][609]AssetCheck: New page: Asset Save: Weapon_Base
[2020.07.20-05.15.11:017][609]LogContentValidation: Display: Validating Blueprint /Game/ThirdPersonBP/Blueprints/Weapons/Weapon_Base.Weapon_Base
[2020.07.20-05.17.15:853][551]BlueprintLog: New page: Compile Weapon_Base
[2020.07.20-05.17.15:893][551]LogUObjectHash: Compacting FUObjectHashTables data took   2.30ms
[2020.07.20-05.17.16:382][600]Cmd: OBJ SAVEPACKAGE PACKAGE="/Game/ThirdPersonBP/Blueprints/Weapons/Weapon_Base" FILE="C:/Users/haoru/Desktop/TPSGame/firstgame/Content/ThirdPersonBP/Blueprints/Weapons/Weapon_Base.uasset" SILENT=true
[2020.07.20-05.17.16:407][600]LogSavePackage: Moving 'C:/Users/haoru/Desktop/TPSGame/firstgame/Saved/Weapon_Base1A01936D46E88A1C03CCCF891DD0A1CA.tmp' to 'C:/Users/haoru/Desktop/TPSGame/firstgame/Content/ThirdPersonBP/Blueprints/Weapons/Weapon_Base.uasset'
[2020.07.20-05.17.16:420][600]AssetCheck: New page: Asset Save: Weapon_Base
[2020.07.20-05.17.16:420][600]LogContentValidation: Display: Validating Blueprint /Game/ThirdPersonBP/Blueprints/Weapons/Weapon_Base.Weapon_Base
[2020.07.20-05.17.53:448][966]BlueprintLog: New page: Compile Weapon_Base
[2020.07.20-05.17.53:490][966]LogUObjectHash: Compacting FUObjectHashTables data took   2.48ms
[2020.07.20-05.17.54:830][108]LogTemp: Repeating last play command: Selected Viewport
[2020.07.20-05.17.54:847][108]BlueprintLog: New page: Pre-Play auto-recompile
[2020.07.20-05.17.54:856][108]LogPlayLevel: [PlayLevel] Compiling Ue4ASP_Character before play...
[2020.07.20-05.17.54:897][108]LogPlayLevel: [PlayLevel] Compiling Character_base before play...
[2020.07.20-05.17.54:927][108]LogPlayLevel: [PlayLevel] Compiling AmmoUI before play...
[2020.07.20-05.17.54:963][108]LogUObjectHash: Compacting FUObjectHashTables data took   2.50ms
[2020.07.20-05.17.54:964][108]LogPlayLevel: PlayLevel: Blueprint regeneration took 116 ms (3 blueprints)
[2020.07.20-05.17.54:964][108]PIE: New page: PIE session: ThirdPersonExampleMap (Jul 19, 2020, 3:17:54 PM)
[2020.07.20-05.17.54:966][108]LogOnline: OSS: Creating online subsystem instance for: NULL
[2020.07.20-05.17.54:966][108]LogOnline: OSS: TryLoadSubsystemAndSetDefault: Loaded subsystem for module [NULL]
[2020.07.20-05.17.54:966][108]LogPlayLevel: Creating play world package: /Game/ThirdPersonBP/Maps/UEDPIE_0_ThirdPersonExampleMap
[2020.07.20-05.17.54:977][108]LogPlayLevel: PIE: StaticDuplicateObject took: (0.010003s)
[2020.07.20-05.17.54:978][108]LogAIModule: Creating AISystem for world ThirdPersonExampleMap
[2020.07.20-05.17.54:978][108]LogAISub: UAISubsystem::UAISubsystem EnvQueryManager (0000021654F1B000), frame # 24108
[2020.07.20-05.17.54:978][108]LogAISub: UAISubsystem::UAISubsystem AIPerceptionSystem (000002168A262480), frame # 24108
[2020.07.20-05.17.54:978][108]LogPlayLevel: PIE: World Init took: (0.001442s)
[2020.07.20-05.17.54:978][108]LogPlayLevel: PIE: Created PIE world by copying editor world from /Game/ThirdPersonBP/Maps/ThirdPersonExampleMap.ThirdPersonExampleMap to /Game/ThirdPersonBP/Maps/UEDPIE_0_ThirdPersonExampleMap.ThirdPersonExampleMap (0.011593s)
[2020.07.20-05.17.55:001][108]LogUObjectHash: Compacting FUObjectHashTables data took   1.65ms
[2020.07.20-05.17.55:002][108]LogAudioMixer: Display: Audio Mixer Platform Settings:
[2020.07.20-05.17.55:002][108]LogAudioMixer: Display: 	Sample Rate:						  48000
[2020.07.20-05.17.55:002][108]LogAudioMixer: Display: 	Callback Buffer Frame Size Requested: 1024
[2020.07.20-05.17.55:002][108]LogAudioMixer: Display: 	Callback Buffer Frame Size To Use:	  1024
[2020.07.20-05.17.55:002][108]LogAudioMixer: Display: 	Number of buffers to queue:			  2
[2020.07.20-05.17.55:002][108]LogAudioMixer: Display: 	Max Channels (voices):				  32
[2020.07.20-05.17.55:002][108]LogAudioMixer: Display: 	Number of Async Source Workers:		  0
[2020.07.20-05.17.55:002][108]LogAudio: Display: AudioDevice MaxSources: 32
[2020.07.20-05.17.55:002][108]LogAudio: Display: Using built-in audio occlusion.
[2020.07.20-05.17.55:002][108]LogAudioMixer: Display: Initializing audio mixer.
[2020.07.20-05.17.55:006][108]LogAudioMixer: Display: 0: FrontLeft
[2020.07.20-05.17.55:006][108]LogAudioMixer: Display: 1: FrontRight
[2020.07.20-05.17.55:006][108]LogAudioMixer: Display: 2: FrontCenter
[2020.07.20-05.17.55:006][108]LogAudioMixer: Display: 3: LowFrequency
[2020.07.20-05.17.55:006][108]LogAudioMixer: Display: 4: BackLeft
[2020.07.20-05.17.55:006][108]LogAudioMixer: Display: 5: BackRight
[2020.07.20-05.17.55:006][108]LogAudioMixer: Display: 6: SideLeft
[2020.07.20-05.17.55:006][108]LogAudioMixer: Display: 7: SideRight
[2020.07.20-05.17.55:028][108]LogAudioMixer: Display: Using Audio Device Speakers (7.1 Surround Sound)
[2020.07.20-05.17.55:028][108]LogAudioMixer: Display: Initializing Sound Submixes...
[2020.07.20-05.17.55:028][108]LogAudioMixer: Display: Creating Master Submix 'MasterSubmixDefault'
[2020.07.20-05.17.55:028][108]LogAudioMixer: Display: Creating Master Submix 'MasterReverbSubmixDefault'
[2020.07.20-05.17.55:029][108]LogAudioMixer: Display: Creating Master Submix 'MasterEQSubmixDefault'
[2020.07.20-05.17.55:039][108]LogInit: FAudioDevice initialized.
[2020.07.20-05.17.55:060][108]LogLoad: Game class is 'ThirdPersonGameMode_C'
[2020.07.20-05.17.55:063][108]LogWorld: Bringing World /Game/ThirdPersonBP/Maps/UEDPIE_0_ThirdPersonExampleMap.ThirdPersonExampleMap up for play (max tick rate 0) at 2020.07.19-22.17.55
[2020.07.20-05.17.55:063][108]LogWorld: Bringing up level for play took: 0.002327
[2020.07.20-05.17.55:064][108]LogOnline: OSS: Creating online subsystem instance for: :Context_8
[2020.07.20-05.17.55:075][108]LogContentBrowser: Native class hierarchy updated for 'MovieSceneCapture' in 0.0004 seconds. Added 20 classes and 0 folders.
[2020.07.20-05.17.55:078][108]PIE: Server logged in
[2020.07.20-05.17.55:079][108]PIE: Play in editor total start time 0.233 seconds.
[2020.07.20-05.17.56:070][181]LogScript: Warning: Accessed None trying to read property EquipedWeapon
	Ue4ASP_Character_C /Game/ThirdPersonBP/Maps/UEDPIE_0_ThirdPersonExampleMap.ThirdPersonExampleMap:PersistentLevel.Ue4ASP_Character_C_0
	Function /Game/ThirdPersonBP/AnimStarterPack/Ue4ASP_Character.Ue4ASP_Character_C:ExecuteUbergraph_Ue4ASP_Character:0206
[2020.07.20-05.17.56:070][181]PIE: Error: Blueprint Runtime Error: "Accessed None trying to read property EquipedWeapon". Blueprint:  Ue4ASP_Character Function:  Execute Ubergraph Ue 4ASP Character Graph:  EventGraph Node:  Branch
[2020.07.20-05.17.56:651][251]LogScript: Warning: Accessed None trying to read property EquipedWeapon
	Ue4ASP_Character_C /Game/ThirdPersonBP/Maps/UEDPIE_0_ThirdPersonExampleMap.ThirdPersonExampleMap:PersistentLevel.Ue4ASP_Character_C_0
	Function /Game/ThirdPersonBP/AnimStarterPack/Ue4ASP_Character.Ue4ASP_Character_C:ExecuteUbergraph_Ue4ASP_Character:0206
[2020.07.20-05.17.56:652][251]PIE: Error: Blueprint Runtime Error: "Accessed None trying to read property EquipedWeapon". Blueprint:  Ue4ASP_Character Function:  Execute Ubergraph Ue 4ASP Character Graph:  EventGraph Node:  Branch
[2020.07.20-05.18.13:679][290]LogSlate: Updating window title bar state: overlay mode, drag disabled, window buttons hidden, title bar hidden
[2020.07.20-05.18.13:679][290]LogWorld: BeginTearingDown for /Game/ThirdPersonBP/Maps/UEDPIE_0_ThirdPersonExampleMap
[2020.07.20-05.18.13:679][290]LogWorld: UWorld::CleanupWorld for ThirdPersonExampleMap, bSessionEnded=true, bCleanupResources=true
[2020.07.20-05.18.13:680][290]LogSlate: InvalidateAllWidgets triggered.  All widgets were invalidated
[2020.07.20-05.18.13:688][290]LogPlayLevel: Display: Shutting down PIE online subsystems
[2020.07.20-05.18.13:692][290]LogSlate: InvalidateAllWidgets triggered.  All widgets were invalidated
[2020.07.20-05.18.13:717][290]LogSlate: Updating window title bar state: overlay mode, drag disabled, window buttons hidden, title bar hidden
[2020.07.20-05.18.13:745][290]LogAISub: UAISubsystem::~UAISubsystem AIPerceptionSystem (000002168A262480), frame # 26290
[2020.07.20-05.18.13:745][290]LogAISub: UAISubsystem::~UAISubsystem EnvQueryManager (0000021654F1B000), frame # 26290
[2020.07.20-05.18.13:759][290]LogUObjectHash: Compacting FUObjectHashTables data took   4.26ms
[2020.07.20-05.18.13:850][291]LogPlayLevel: Display: Destroying online subsystem :Context_8
[2020.07.20-05.18.15:022][403]LogSlate: Window 'Message Log' being destroyed
[2020.07.20-05.18.15:027][403]LogSlate: Window 'Message Log' being destroyed
[2020.07.20-05.18.39:382][167]BlueprintLog: New page: Compile Weapon_Base
[2020.07.20-05.18.39:430][167]LogUObjectHash: Compacting FUObjectHashTables data took   3.53ms
[2020.07.20-05.18.39:749][195]Cmd: OBJ SAVEPACKAGE PACKAGE="/Game/ThirdPersonBP/Blueprints/Weapons/Weapon_Base" FILE="C:/Users/haoru/Desktop/TPSGame/firstgame/Content/ThirdPersonBP/Blueprints/Weapons/Weapon_Base.uasset" SILENT=true
[2020.07.20-05.18.39:773][195]LogSavePackage: Moving 'C:/Users/haoru/Desktop/TPSGame/firstgame/Saved/Weapon_Base636EACAF4900F6893AD6358400EAB94B.tmp' to 'C:/Users/haoru/Desktop/TPSGame/firstgame/Content/ThirdPersonBP/Blueprints/Weapons/Weapon_Base.uasset'
[2020.07.20-05.18.39:787][195]AssetCheck: New page: Asset Save: Weapon_Base
[2020.07.20-05.18.39:787][195]LogContentValidation: Display: Validating Blueprint /Game/ThirdPersonBP/Blueprints/Weapons/Weapon_Base.Weapon_Base
[2020.07.20-05.18.41:836][415]BlueprintLog: New page: Compile Weapon_Base
[2020.07.20-05.18.41:885][415]LogUObjectHash: Compacting FUObjectHashTables data took   3.19ms
[2020.07.20-05.18.42:315][456]Cmd: OBJ SAVEPACKAGE PACKAGE="/Game/ThirdPersonBP/Blueprints/Weapons/Weapon_Base" FILE="C:/Users/haoru/Desktop/TPSGame/firstgame/Content/ThirdPersonBP/Blueprints/Weapons/Weapon_Base.uasset" SILENT=true
[2020.07.20-05.18.42:337][456]LogSavePackage: Moving 'C:/Users/haoru/Desktop/TPSGame/firstgame/Saved/Weapon_BaseC98FF86F4F271E3E8E1FE4B1976F2772.tmp' to 'C:/Users/haoru/Desktop/TPSGame/firstgame/Content/ThirdPersonBP/Blueprints/Weapons/Weapon_Base.uasset'
[2020.07.20-05.18.42:352][456]AssetCheck: New page: Asset Save: Weapon_Base
[2020.07.20-05.18.42:352][456]LogContentValidation: Display: Validating Blueprint /Game/ThirdPersonBP/Blueprints/Weapons/Weapon_Base.Weapon_Base
[2020.07.20-05.18.57:271][185]BlueprintLog: New page: Compile Weapon_Base
[2020.07.20-05.18.57:318][185]LogUObjectHash: Compacting FUObjectHashTables data took   3.33ms
[2020.07.20-05.18.57:632][213]Cmd: OBJ SAVEPACKAGE PACKAGE="/Game/ThirdPersonBP/Blueprints/Weapons/Weapon_Base" FILE="C:/Users/haoru/Desktop/TPSGame/firstgame/Content/ThirdPersonBP/Blueprints/Weapons/Weapon_Base.uasset" SILENT=true
[2020.07.20-05.18.57:661][213]LogSavePackage: Moving 'C:/Users/haoru/Desktop/TPSGame/firstgame/Saved/Weapon_Base4ED56A6E403CD8D501A68DA3D094CC42.tmp' to 'C:/Users/haoru/Desktop/TPSGame/firstgame/Content/ThirdPersonBP/Blueprints/Weapons/Weapon_Base.uasset'
[2020.07.20-05.18.57:675][213]AssetCheck: New page: Asset Save: Weapon_Base
[2020.07.20-05.18.57:675][213]LogContentValidation: Display: Validating Blueprint /Game/ThirdPersonBP/Blueprints/Weapons/Weapon_Base.Weapon_Base
[2020.07.20-05.20.29:148][159]Cmd: OBJ SAVEPACKAGE PACKAGE="/Game/ThirdPersonBP/Blueprints/Weapons/Weapon_Base" FILE="C:/Users/haoru/Desktop/TPSGame/firstgame/Content/ThirdPersonBP/Blueprints/Weapons/Weapon_Base.uasset" SILENT=true
[2020.07.20-05.20.29:171][159]LogSavePackage: Moving 'C:/Users/haoru/Desktop/TPSGame/firstgame/Saved/Weapon_Base54BF236F49EF3AB95CA76699A6E916BA.tmp' to 'C:/Users/haoru/Desktop/TPSGame/firstgame/Content/ThirdPersonBP/Blueprints/Weapons/Weapon_Base.uasset'
[2020.07.20-05.20.29:184][159]AssetCheck: New page: Asset Save: Weapon_Base
[2020.07.20-05.20.29:184][159]LogContentValidation: Display: Validating Blueprint /Game/ThirdPersonBP/Blueprints/Weapons/Weapon_Base.Weapon_Base
[2020.07.20-05.20.52:214][  7]Cmd: OBJ SAVEPACKAGE PACKAGE="/Game/ThirdPersonBP/Blueprints/Weapons/Weapon_Base" FILE="C:/Users/haoru/Desktop/TPSGame/firstgame/Content/ThirdPersonBP/Blueprints/Weapons/Weapon_Base.uasset" SILENT=true
[2020.07.20-05.20.52:237][  7]LogSavePackage: Moving 'C:/Users/haoru/Desktop/TPSGame/firstgame/Saved/Weapon_Base27EC52C84D11C211798C12B83827D96A.tmp' to 'C:/Users/haoru/Desktop/TPSGame/firstgame/Content/ThirdPersonBP/Blueprints/Weapons/Weapon_Base.uasset'
[2020.07.20-05.20.52:249][  7]AssetCheck: New page: Asset Save: Weapon_Base
[2020.07.20-05.20.52:249][  7]LogContentValidation: Display: Validating Blueprint /Game/ThirdPersonBP/Blueprints/Weapons/Weapon_Base.Weapon_Base
[2020.07.20-05.21.49:566][593]BlueprintLog: New page: Compile Weapon_Base
[2020.07.20-05.21.49:615][593]LogUObjectHash: Compacting FUObjectHashTables data took   3.24ms
[2020.07.20-05.22.05:104][365]BlueprintLog: New page: Compile Weapon_Base
[2020.07.20-05.22.05:151][365]LogUObjectHash: Compacting FUObjectHashTables data took   3.33ms
[2020.07.20-05.22.05:580][406]Cmd: OBJ SAVEPACKAGE PACKAGE="/Game/ThirdPersonBP/Blueprints/Weapons/Weapon_Base" FILE="C:/Users/haoru/Desktop/TPSGame/firstgame/Content/ThirdPersonBP/Blueprints/Weapons/Weapon_Base.uasset" SILENT=true
[2020.07.20-05.22.05:603][406]LogSavePackage: Moving 'C:/Users/haoru/Desktop/TPSGame/firstgame/Saved/Weapon_Base034F6F3C487A493B4A6280B43345F00C.tmp' to 'C:/Users/haoru/Desktop/TPSGame/firstgame/Content/ThirdPersonBP/Blueprints/Weapons/Weapon_Base.uasset'
[2020.07.20-05.22.05:616][406]AssetCheck: New page: Asset Save: Weapon_Base
[2020.07.20-05.22.05:616][406]LogContentValidation: Display: Validating Blueprint /Game/ThirdPersonBP/Blueprints/Weapons/Weapon_Base.Weapon_Base
[2020.07.20-05.22.18:620][874]BlueprintLog: New page: Compile Weapon_Base
[2020.07.20-05.22.18:670][874]LogUObjectHash: Compacting FUObjectHashTables data took   3.31ms
[2020.07.20-05.22.19:132][920]Cmd: OBJ SAVEPACKAGE PACKAGE="/Game/ThirdPersonBP/Blueprints/Weapons/Weapon_Base" FILE="C:/Users/haoru/Desktop/TPSGame/firstgame/Content/ThirdPersonBP/Blueprints/Weapons/Weapon_Base.uasset" SILENT=true
[2020.07.20-05.22.19:156][920]LogSavePackage: Moving 'C:/Users/haoru/Desktop/TPSGame/firstgame/Saved/Weapon_Base9348730B4699823C23538196C677DA05.tmp' to 'C:/Users/haoru/Desktop/TPSGame/firstgame/Content/ThirdPersonBP/Blueprints/Weapons/Weapon_Base.uasset'
[2020.07.20-05.22.19:173][920]AssetCheck: New page: Asset Save: Weapon_Base
[2020.07.20-05.22.19:173][920]LogContentValidation: Display: Validating Blueprint /Game/ThirdPersonBP/Blueprints/Weapons/Weapon_Base.Weapon_Base
[2020.07.20-05.22.47:164][166]Cmd: OBJ SAVEPACKAGE PACKAGE="/Game/ThirdPersonBP/Blueprints/Weapons/Weapon_Base" FILE="C:/Users/haoru/Desktop/TPSGame/firstgame/Content/ThirdPersonBP/Blueprints/Weapons/Weapon_Base.uasset" SILENT=true
[2020.07.20-05.22.47:189][166]LogSavePackage: Moving 'C:/Users/haoru/Desktop/TPSGame/firstgame/Saved/Weapon_Base11F392864021A54D3FB9CC823BF5A08A.tmp' to 'C:/Users/haoru/Desktop/TPSGame/firstgame/Content/ThirdPersonBP/Blueprints/Weapons/Weapon_Base.uasset'
[2020.07.20-05.22.47:204][166]AssetCheck: New page: Asset Save: Weapon_Base
[2020.07.20-05.22.47:205][166]LogContentValidation: Display: Validating Blueprint /Game/ThirdPersonBP/Blueprints/Weapons/Weapon_Base.Weapon_Base
[2020.07.20-05.22.47:562][205]BlueprintLog: New page: Compile Weapon_Base
[2020.07.20-05.22.47:611][205]LogUObjectHash: Compacting FUObjectHashTables data took   3.26ms
[2020.07.20-05.23.08:721][683]LogD3D11RHI: Error: Result failed 
 at D:/Build/++UE4+Licensee/Sync/Engine/Source/Runtime/Windows/D3D11RHI/Private/D3D11Query.cpp:348 
 with error DXGI_ERROR_DEVICE_REMOVED DXGI_ERROR_DRIVER_INTERNAL_ERROR
[2020.07.20-05.23.08:721][683]LogWindows: Windows GetLastError: The operation completed successfully. (0)
[2020.07.20-05.23.10:095][684]LogWindows: FPlatformMisc::RequestExit(0)
[2020.07.20-05.23.10:095][684]LogCore: Engine exit requested (reason: Win RequestExit)
[2020.07.20-05.23.10:095][684]LogWindows: Windows GetLastError: The operation completed successfully. (0)
[2020.07.20-05.23.10:095][684]LogOutputDevice: Warning: 

Script Stack (0 frames):

[2020.07.20-05.23.10:096][684]LogOutputDevice: Warning: 

Script Stack (0 frames):

[2020.07.20-05.23.10:096][684]LogWindows: Windows GetLastError: The operation completed successfully. (0)
[2020.07.20-05.23.10:096][684]LogWindows: FPlatformMisc::RequestExit(0)
[2020.07.20-05.23.10:096][684]LogCore: Engine exit requested (reason: Win RequestExit; note: exit was already requested)
[2020.07.20-05.23.10:098][684]LogOutputDevice: Warning: 

Script Stack (0 frames):

[2020.07.20-05.23.10:098][684]LogWindows: Windows GetLastError: The operation completed successfully. (0)
[2020.07.20-05.23.10:098][684]LogWindows: FPlatformMisc::RequestExit(0)
[2020.07.20-05.23.10:098][684]LogCore: Engine exit requested (reason: Win RequestExit; note: exit was already requested)
[2020.07.20-05.23.10:100][684]LogOutputDevice: Warning: 

Script Stack (0 frames):

[2020.07.20-05.23.10:100][684]LogWindows: Windows GetLastError: The operation completed successfully. (0)
[2020.07.20-05.23.10:100][684]LogWindows: FPlatformMisc::RequestExit(0)
[2020.07.20-05.23.10:100][684]LogCore: Engine exit requested (reason: Win RequestExit; note: exit was already requested)
[2020.07.20-05.23.10:101][684]LogOutputDevice: Warning: 

Script Stack (0 frames):

[2020.07.20-05.23.10:101][684]LogWindows: Windows GetLastError: The operation completed successfully. (0)
[2020.07.20-05.23.10:102][684]LogWindows: FPlatformMisc::RequestExit(0)
[2020.07.20-05.23.10:102][684]LogCore: Engine exit requested (reason: Win RequestExit; note: exit was already requested)
[2020.07.20-05.23.10:102][684]LogThreadingWindows: Error: Runnable thread RenderThread 3 crashed.
[2020.07.20-05.23.10:102][684]LogWindows: Error: === Critical error: ===
[2020.07.20-05.23.10:102][684]LogWindows: Error: 
[2020.07.20-05.23.10:102][684]LogWindows: Error: Fatal error: [File:D:/Build/++UE4+Licensee/Sync/Engine/Source/Runtime/RenderCore/Private/RenderingThread.cpp] [Line: 855] 
[2020.07.20-05.23.10:102][684]LogWindows: Error: Rendering thread exception:
[2020.07.20-05.23.10:102][684]LogWindows: Error: Assertion failed: Status < (sizeof(*RtlpNumberOf(AftermathReason))) [File:D:/Build/++UE4+Licensee/Sync/Engine/Source/Runtime/Windows/D3D11RHI/Private/D3D11RHI.cpp] [Line: 667] 
[2020.07.20-05.23.10:102][684]LogWindows: Error: 
[2020.07.20-05.23.10:102][684]LogWindows: Error: 
[2020.07.20-05.23.10:102][684]LogWindows: Error: 
[2020.07.20-05.23.10:102][684]LogWindows: Error: Unhandled Exception: 0x00008000
[2020.07.20-05.23.10:102][684]LogWindows: Error: 
[2020.07.20-05.23.10:102][684]LogWindows: Error: [Callstack] 0x00007ffa5435a799 KERNELBASE.dll!UnknownFunction []
[2020.07.20-05.23.10:102][684]LogWindows: Error: [Callstack] 0x00007ffa09a70347 UE4Editor-Core.dll!UnknownFunction []
[2020.07.20-05.23.10:102][684]LogWindows: Error: [Callstack] 0x00007ffa09a71f21 UE4Editor-Core.dll!UnknownFunction []
[2020.07.20-05.23.10:102][684]LogWindows: Error: [Callstack] 0x00007ffa097fe53d UE4Editor-Core.dll!UnknownFunction []
[2020.07.20-05.23.10:102][684]LogWindows: Error: [Callstack] 0x00007ffa097897b5 UE4Editor-Core.dll!UnknownFunction []
[2020.07.20-05.23.10:102][684]LogWindows: Error: [Callstack] 0x00007ffa0978baf0 UE4Editor-Core.dll!UnknownFunction []
[2020.07.20-05.23.10:102][684]LogWindows: Error: [Callstack] 0x00007ff9f4a367a3 UE4Editor-D3D11RHI.dll!UnknownFunction []
[2020.07.20-05.23.10:102][684]LogWindows: Error: [Callstack] 0x00007ff9f4a6df74 UE4Editor-D3D11RHI.dll!UnknownFunction []
[2020.07.20-05.23.10:102][684]LogWindows: Error: [Callstack] 0x00007ff9f4a72b3b UE4Editor-D3D11RHI.dll!UnknownFunction []
[2020.07.20-05.23.10:102][684]LogWindows: Error: [Callstack] 0x00007ff9f4a48a7e UE4Editor-D3D11RHI.dll!UnknownFunction []
[2020.07.20-05.23.10:102][684]LogWindows: Error: [Callstack] 0x00007ff9f4a5e19d UE4Editor-D3D11RHI.dll!UnknownFunction []
[2020.07.20-05.23.10:102][684]LogWindows: Error: [Callstack] 0x00007ffa34b17a76 UE4Editor-RHI.dll!UnknownFunction []
[2020.07.20-05.23.10:102][684]LogWindows: Error: [Callstack] 0x00007ffa34b1bb50 UE4Editor-RHI.dll!UnknownFunction []
[2020.07.20-05.23.10:102][684]LogWindows: Error: [Callstack] 0x00007ffa34b1b684 UE4Editor-RHI.dll!UnknownFunction []
[2020.07.20-05.23.10:102][684]LogWindows: Error: [Callstack] 0x00007ffa34b1c776 UE4Editor-RHI.dll!UnknownFunction []
[2020.07.20-05.23.10:102][684]LogWindows: Error: [Callstack] 0x00007ffa34b10559 UE4Editor-RHI.dll!UnknownFunction []
[2020.07.20-05.23.10:102][684]LogWindows: Error: [Callstack] 0x00007ff9f46ec1ae UE4Editor-SlateRHIRenderer.dll!UnknownFunction []
[2020.07.20-05.23.10:102][684]LogWindows: Error: [Callstack] 0x00007ff9f46e11f5 UE4Editor-SlateRHIRenderer.dll!UnknownFunction []
[2020.07.20-05.23.10:102][684]LogWindows: Error: [Callstack] 0x00007ff9f46f3c0e UE4Editor-SlateRHIRenderer.dll!UnknownFunction []
[2020.07.20-05.23.10:102][684]LogWindows: Error: [Callstack] 0x00007ffa095a87d8 UE4Editor-Core.dll!UnknownFunction []
[2020.07.20-05.23.10:102][684]LogWindows: Error: [Callstack] 0x00007ffa095a8aa3 UE4Editor-Core.dll!UnknownFunction []
[2020.07.20-05.23.10:102][684]LogWindows: Error: [Callstack] 0x00007ffa27dff892 UE4Editor-RenderCore.dll!UnknownFunction []
[2020.07.20-05.23.10:102][684]LogWindows: Error: [Callstack] 0x00007ffa27e053d4 UE4Editor-RenderCore.dll!UnknownFunction []
[2020.07.20-05.23.10:102][684]LogWindows: Error: [Callstack] 0x00007ffa09a9050b UE4Editor-Core.dll!UnknownFunction []
[2020.07.20-05.23.10:102][684]LogWindows: Error: [Callstack] 0x00007ffa09a87ee0 UE4Editor-Core.dll!UnknownFunction []
[2020.07.20-05.23.10:102][684]LogWindows: Error: [Callstack] 0x00007ffa563f7bd4 KERNEL32.DLL!UnknownFunction []
[2020.07.20-05.23.10:102][684]LogWindows: Error: [Callstack] 0x00007ffa5716ce51 ntdll.dll!UnknownFunction []
[2020.07.20-05.23.10:102][684]LogWindows: Error: 
[2020.07.20-05.23.10:102][684]LogWindows: Error: 
[2020.07.20-05.23.10:102][684]LogWindows: Error: 
[2020.07.20-05.23.10:102][684]LogWindows: Error: 
[2020.07.20-05.23.10:102][684]LogWindows: Error: Crash in runnable thread RenderThread 3
[2020.07.20-05.23.10:107][684]LogWindows: FPlatformMisc::RequestExit(0)
[2020.07.20-05.23.10:107][684]LogCore: Engine exit requested (reason: Win RequestExit; note: exit was already requested)
[2020.07.20-05.23.10:109][684]LogOutputDevice: Warning: 

Script Stack (0 frames):

[2020.07.20-05.23.10:109][684]LogWindows: Windows GetLastError: The operation completed successfully. (0)
[2020.07.20-05.23.10:109][684]LogWindows: Error: HandleError re-entered.
[2020.07.20-05.23.10:109][684]LogWindows: FPlatformMisc::RequestExit(1)
[2020.07.20-05.23.10:109][684]LogCore: Engine exit requested (reason: Win RequestExit; note: exit was already requested)
[2020.07.20-05.23.10:119][684]Log file closed, 07/19/20 22:23:10
