Log file open, 07/22/20 14:27:59
LogInit: Display: Running engine for game: firstgame
LogPlatformFile: Not using cached read wrapper
LogTaskGraph: Started task graph with 5 named threads and 35 total threads with 3 sets of task threads.
LogStats: Stats thread started at 1.049851
LogD3D11RHI: Loaded GFSDK_Aftermath_Lib.x64.dll
LogICUInternationalization: ICU TimeZone Detection - Raw Offset: -8:00, Platform Override: ''
LogPluginManager: Mounting plugin Paper2D
LogPluginManager: Mounting plugin AISupport
LogPluginManager: Mounting plugin LightPropagationVolume
LogPluginManager: Mounting plugin CameraShakePreviewer
LogPluginManager: Mounting plugin ActorLayerUtilities
LogPluginManager: Mounting plugin AnimationSharing
LogPluginManager: Mounting plugin CLionSourceCodeAccess
LogPluginManager: Mounting plugin CodeLiteSourceCodeAccess
LogPluginManager: Mounting plugin GitSourceControl
LogPluginManager: Mounting plugin KDevelopSourceCodeAccess
LogPluginManager: Mounting plugin NullSourceCodeAccess
LogPluginManager: Mounting plugin PerforceSourceControl
LogPluginManager: Mounting plugin PlasticSourceControl
LogPluginManager: Mounting plugin RiderSourceCodeAccess
LogPluginManager: Mounting plugin SubversionSourceControl
LogPluginManager: Mounting plugin UObjectPlugin
LogPluginManager: Mounting plugin VisualStudioCodeSourceCodeAccess
LogPluginManager: Mounting plugin VisualStudioSourceCodeAccess
LogPluginManager: Mounting plugin XCodeSourceCodeAccess
LogPluginManager: Mounting plugin AssetManagerEditor
LogPluginManager: Mounting plugin CryptoKeys
LogPluginManager: Mounting plugin CurveEditorTools
LogPluginManager: Mounting plugin DataValidation
LogPluginManager: Mounting plugin EditorScriptingUtilities
LogPluginManager: Mounting plugin FacialAnimation
LogPluginManager: Mounting plugin GameplayTagsEditor
LogPluginManager: Mounting plugin GeometryMode
LogPluginManager: Mounting plugin MacGraphicsSwitching
LogPluginManager: Mounting plugin MaterialAnalyzer
LogPluginManager: Mounting plugin MobileLauncherProfileWizard
LogPluginManager: Mounting plugin PluginBrowser
LogPluginManager: Mounting plugin SpeedTreeImporter
LogPluginManager: Mounting plugin DatasmithContent
LogPluginManager: Mounting plugin VariantManagerContent
LogPluginManager: Mounting plugin AlembicImporter
LogPluginManager: Mounting plugin AutomationUtils
LogPluginManager: Mounting plugin BackChannel
LogPluginManager: Mounting plugin ChaosCloth
LogPluginManager: Mounting plugin ChaosClothEditor
LogPluginManager: Mounting plugin ChaosEditor
LogPluginManager: Mounting plugin ChaosNiagara
LogPluginManager: Mounting plugin ChaosSolverPlugin
LogPluginManager: Mounting plugin CharacterAI
LogPluginManager: Mounting plugin GeometryCache
LogPluginManager: Mounting plugin GeometryCollectionPlugin
LogPluginManager: Mounting plugin GeometryProcessing
LogPluginManager: Mounting plugin PlanarCut
LogPluginManager: Mounting plugin PlatformCrypto
LogPluginManager: Mounting plugin ProxyLODPlugin
LogPluginManager: Mounting plugin SkeletalReduction
LogPluginManager: Mounting plugin Niagara
LogPluginManager: Mounting plugin MagicLeap
LogPluginManager: Mounting plugin MagicLeapLightEstimation
LogPluginManager: Mounting plugin MagicLeapMedia
LogPluginManager: Mounting plugin MagicLeapPassableWorld
LogPluginManager: Mounting plugin MLSDK
LogPluginManager: Mounting plugin AndroidMedia
LogPluginManager: Mounting plugin AvfMedia
LogPluginManager: Mounting plugin ImgMedia
LogPluginManager: Mounting plugin MediaCompositing
LogPluginManager: Mounting plugin MediaPlayerEditor
LogPluginManager: Mounting plugin WebMMedia
LogPluginManager: Mounting plugin WmfMedia
LogPluginManager: Mounting plugin MeshPainting
LogPluginManager: Mounting plugin TcpMessaging
LogPluginManager: Mounting plugin UdpMessaging
LogPluginManager: Mounting plugin ActorSequence
LogPluginManager: Mounting plugin LevelSequenceEditor
LogPluginManager: Mounting plugin MatineeToLevelSequence
LogPluginManager: Mounting plugin MovieRenderPipeline
LogPluginManager: Mounting plugin TemplateSequence
LogPluginManager: Mounting plugin NetcodeUnitTest
LogPluginManager: Mounting plugin NUTUnrealEngine4
LogPluginManager: Mounting plugin OnlineSubsystemGooglePlay
LogPluginManager: Mounting plugin OnlineSubsystemIOS
LogPluginManager: Mounting plugin OnlineSubsystem
LogPluginManager: Mounting plugin OnlineSubsystemNull
LogPluginManager: Mounting plugin OnlineSubsystemUtils
LogPluginManager: Mounting plugin LauncherChunkInstaller
LogPluginManager: Mounting plugin AndroidDeviceProfileSelector
LogPluginManager: Mounting plugin AndroidMoviePlayer
LogPluginManager: Mounting plugin AndroidPermission
LogPluginManager: Mounting plugin AppleImageUtils
LogPluginManager: Mounting plugin AppleMoviePlayer
LogPluginManager: Mounting plugin ArchVisCharacter
LogPluginManager: Mounting plugin AssetTags
LogPluginManager: Mounting plugin AudioCapture
LogPluginManager: Mounting plugin CableComponent
LogPluginManager: Mounting plugin CustomMeshComponent
LogPluginManager: Mounting plugin EditableMesh
LogPluginManager: Mounting plugin ExampleDeviceProfileSelector
LogPluginManager: Mounting plugin GoogleCloudMessaging
LogPluginManager: Mounting plugin GooglePAD
LogPluginManager: Mounting plugin IOSDeviceProfileSelector
LogPluginManager: Mounting plugin LinuxDeviceProfileSelector
LogPluginManager: Mounting plugin LocationServicesBPLibrary
LogPluginManager: Mounting plugin MobilePatchingUtils
LogPluginManager: Mounting plugin OculusVR
LogPluginManager: Mounting plugin PhysXVehicles
LogPluginManager: Mounting plugin PostSplashScreen
LogPluginManager: Mounting plugin ProceduralMeshComponent
LogPluginManager: Mounting plugin RuntimePhysXCooking
LogPluginManager: Mounting plugin SignificanceManager
LogPluginManager: Mounting plugin SoundFields
LogPluginManager: Mounting plugin SteamVR
LogPluginManager: Mounting plugin Synthesis
LogPluginManager: Mounting plugin WebMMoviePlayer
LogPluginManager: Mounting plugin WindowsMoviePlayer
LogPluginManager: Mounting plugin ScreenshotTools
LogInit: Using libcurl 7.55.1-DEV
LogInit:  - built for x86_64-pc-win32
LogInit:  - supports SSL with OpenSSL/1.1.1
LogInit:  - supports HTTP deflate (compression) using libz 1.2.8
LogInit:  - other features:
LogInit:      CURL_VERSION_SSL
LogInit:      CURL_VERSION_LIBZ
LogInit:      CURL_VERSION_IPV6
LogInit:      CURL_VERSION_ASYNCHDNS
LogInit:      CURL_VERSION_LARGEFILE
LogInit:      CURL_VERSION_IDN
LogInit:  CurlRequestOptions (configurable via config and command line):
LogInit:  - bVerifyPeer = true  - Libcurl will verify peer certificate
LogInit:  - bUseHttpProxy = false  - Libcurl will NOT use HTTP proxy
LogInit:  - bDontReuseConnections = false  - Libcurl will reuse connections
LogInit:  - MaxHostConnections = 16  - Libcurl will limit the number of connections to a host
LogInit:  - LocalHostAddr = Default
LogInit:  - BufferSize = 65536
LogOnline: OSS: Creating online subsystem instance for: NULL
LogInit: WinSock: version 1.1 (2.2), MaxSocks=32767, MaxUdp=65467
LogOnline: OSS: TryLoadSubsystemAndSetDefault: Loaded subsystem for module [NULL]
LogInit: Build: ++UE4+Release-4.25-CL-13594126
LogInit: Engine Version: 4.25.1-13594126+++UE4+Release-4.25
LogInit: Compatible Engine Version: 4.25.0-13144385+++UE4+Release-4.25
LogInit: Net CL: 13144385
LogInit: OS: Windows 10 (Release 1909) (), CPU: AMD Ryzen 5 3600 6-Core Processor              , GPU: NVIDIA GeForce GTX 1660
LogInit: Compiled (64-bit): Jun  2 2020 02:10:36
LogInit: Compiled with Visual C++: 19.24.28315.00
LogInit: Build Configuration: Development
LogInit: Branch Name: ++UE4+Release-4.25
LogInit: Command Line:  -EpicPortal -epicusername=Madeincheese -epicuserid=bca6142b207148d29d71114de8c3e857 -epiclocale=zh-Hans
LogInit: Base Directory: D:/Epic Games/UE_4.25/Engine/Binaries/Win64/
LogInit: Allocator: TBB
LogInit: Installed Engine Build: 1
LogDevObjectVersion: Number of dev versions registered: 26
LogDevObjectVersion:   Dev-Blueprints (B0D832E4-1F89-4F0D-ACCF-7EB736FD4AA2): 10
LogDevObjectVersion:   Dev-Build (E1C64328-A22C-4D53-A36C-8E866417BD8C): 0
LogDevObjectVersion:   Dev-Core (375EC13C-06E4-48FB-B500-84F0262A717E): 4
LogDevObjectVersion:   Dev-Editor (E4B068ED-F494-42E9-A231-DA0B2E46BB41): 38
LogDevObjectVersion:   Dev-Framework (CFFC743F-43B0-4480-9391-14DF171D2073): 37
LogDevObjectVersion:   Dev-Mobile (B02B49B5-BB20-44E9-A304-32B752E40360): 2
LogDevObjectVersion:   Dev-Networking (A4E4105C-59A1-49B5-A7C5-40C4547EDFEE): 0
LogDevObjectVersion:   Dev-Online (39C831C9-5AE6-47DC-9A44-9C173E1C8E7C): 0
LogDevObjectVersion:   Dev-Physics (78F01B33-EBEA-4F98-B9B4-84EACCB95AA2): 4
LogDevObjectVersion:   Dev-Platform (6631380F-2D4D-43E0-8009-CF276956A95A): 0
LogDevObjectVersion:   Dev-Rendering (12F88B9F-8875-4AFC-A67C-D90C383ABD29): 43
LogDevObjectVersion:   Dev-Sequencer (7B5AE74C-D270-4C10-A958-57980B212A5A): 12
LogDevObjectVersion:   Dev-VR (D7296918-1DD6-4BDD-9DE2-64A83CC13884): 3
LogDevObjectVersion:   Dev-LoadTimes (C2A15278-BFE7-4AFE-6C17-90FF531DF755): 1
LogDevObjectVersion:   Private-Geometry (6EACA3D4-40EC-4CC1-B786-8BED09428FC5): 3
LogDevObjectVersion:   Dev-AnimPhys (29E575DD-E0A3-4627-9D10-D276232CDCEA): 17
LogDevObjectVersion:   Dev-Anim (AF43A65D-7FD3-4947-9873-3E8ED9C1BB05): 7
LogDevObjectVersion:   Dev-ReflectionCapture (6B266CEC-1EC7-4B8F-A30B-E4D90942FC07): 1
LogDevObjectVersion:   Dev-Automation (0DF73D61-A23F-47EA-B727-89E90C41499A): 1
LogDevObjectVersion:   FortniteMain (601D1886-AC64-4F84-AA16-D3DE0DEAC7D6): 31
LogDevObjectVersion:   Dev-Enterprise (9DFFBCD6-494F-0158-E221-12823C92A888): 10
LogDevObjectVersion:   Dev-Niagara (F2AED0AC-9AFE-416F-8664-AA7FFA26D6FC): 1
LogDevObjectVersion:   Dev-Destruction (174F1F0B-B4C6-45A5-B13F-2EE8D0FB917D): 10
LogDevObjectVersion:   Dev-Physics-Ext (35F94A83-E258-406C-A318-09F59610247C): 37
LogDevObjectVersion:   Dev-PhysicsMaterial-Chaos (B68FC16E-8B1B-42E2-B453-215C058844FE): 1
LogDevObjectVersion:   Dev-CineCamera (B2E18506-4273-CFC2-A54E-F4BB758BBA07): 1
LogInit: Presizing for max 25165824 objects, including 0 objects not considered by GC, pre-allocating 0 bytes for permanent pool.
LogConfig: Applying CVar settings from Section [/Script/Engine.StreamingSettings] File [C:/Users/haoru/Desktop/TPSGame/firstgame/Saved/Config/Windows/Engine.ini]
LogConfig: Setting CVar [[s.MinBulkDataSizeForAsyncLoading:131072]]
LogConfig: Setting CVar [[s.AsyncLoadingThreadEnabled:0]]
LogConfig: Setting CVar [[s.EventDrivenLoaderEnabled:1]]
LogConfig: Setting CVar [[s.WarnIfTimeLimitExceeded:0]]
LogConfig: Setting CVar [[s.TimeLimitExceededMultiplier:1.5]]
LogConfig: Setting CVar [[s.TimeLimitExceededMinTime:0.005]]
LogConfig: Setting CVar [[s.UseBackgroundLevelStreaming:1]]
LogConfig: Setting CVar [[s.PriorityAsyncLoadingExtraTime:15.0]]
LogConfig: Setting CVar [[s.LevelStreamingActorsUpdateTimeLimit:5.0]]
LogConfig: Setting CVar [[s.PriorityLevelStreamingActorsUpdateExtraTime:5.0]]
LogConfig: Setting CVar [[s.LevelStreamingComponentsRegistrationGranularity:10]]
LogConfig: Setting CVar [[s.UnregisterComponentsTimeLimit:1.0]]
LogConfig: Setting CVar [[s.LevelStreamingComponentsUnregistrationGranularity:5]]
LogConfig: Setting CVar [[s.FlushStreamingOnExit:1]]
LogInit: Object subsystem initialized
LogConfig: Setting CVar [[con.DebugEarlyDefault:1]]
LogConfig: Setting CVar [[r.setres:1280x720]]
[2020.07.22-21.27.59:348][  0]LogConfig: Setting CVar [[r.VSync:0]]
[2020.07.22-21.27.59:348][  0]LogConfig: Setting CVar [[r.RHICmdBypass:0]]
[2020.07.22-21.27.59:348][  0]LogConfig: Applying CVar settings from Section [/Script/Engine.RendererSettings] File [C:/Users/haoru/Desktop/TPSGame/firstgame/Saved/Config/Windows/Engine.ini]
[2020.07.22-21.27.59:348][  0]LogConfig: Setting CVar [[r.GPUCrashDebugging:0]]
[2020.07.22-21.27.59:348][  0]LogConfig: Applying CVar settings from Section [/Script/Engine.RendererOverrideSettings] File [C:/Users/haoru/Desktop/TPSGame/firstgame/Saved/Config/Windows/Engine.ini]
[2020.07.22-21.27.59:348][  0]LogConfig: Applying CVar settings from Section [/Script/Engine.StreamingSettings] File [C:/Users/haoru/Desktop/TPSGame/firstgame/Saved/Config/Windows/Engine.ini]
[2020.07.22-21.27.59:348][  0]LogConfig: Setting CVar [[s.MinBulkDataSizeForAsyncLoading:131072]]
[2020.07.22-21.27.59:348][  0]LogConfig: Setting CVar [[s.AsyncLoadingThreadEnabled:0]]
[2020.07.22-21.27.59:348][  0]LogConfig: Setting CVar [[s.EventDrivenLoaderEnabled:1]]
[2020.07.22-21.27.59:348][  0]LogConfig: Setting CVar [[s.WarnIfTimeLimitExceeded:0]]
[2020.07.22-21.27.59:348][  0]LogConfig: Setting CVar [[s.TimeLimitExceededMultiplier:1.5]]
[2020.07.22-21.27.59:348][  0]LogConfig: Setting CVar [[s.TimeLimitExceededMinTime:0.005]]
[2020.07.22-21.27.59:348][  0]LogConfig: Setting CVar [[s.UseBackgroundLevelStreaming:1]]
[2020.07.22-21.27.59:348][  0]LogConfig: Setting CVar [[s.PriorityAsyncLoadingExtraTime:15.0]]
[2020.07.22-21.27.59:348][  0]LogConfig: Setting CVar [[s.LevelStreamingActorsUpdateTimeLimit:5.0]]
[2020.07.22-21.27.59:348][  0]LogConfig: Setting CVar [[s.PriorityLevelStreamingActorsUpdateExtraTime:5.0]]
[2020.07.22-21.27.59:348][  0]LogConfig: Setting CVar [[s.LevelStreamingComponentsRegistrationGranularity:10]]
[2020.07.22-21.27.59:348][  0]LogConfig: Setting CVar [[s.UnregisterComponentsTimeLimit:1.0]]
[2020.07.22-21.27.59:348][  0]LogConfig: Setting CVar [[s.LevelStreamingComponentsUnregistrationGranularity:5]]
[2020.07.22-21.27.59:348][  0]LogConfig: Setting CVar [[s.FlushStreamingOnExit:1]]
[2020.07.22-21.27.59:348][  0]LogConfig: Applying CVar settings from Section [/Script/Engine.GarbageCollectionSettings] File [C:/Users/haoru/Desktop/TPSGame/firstgame/Saved/Config/Windows/Engine.ini]
[2020.07.22-21.27.59:348][  0]LogConfig: Setting CVar [[gc.MaxObjectsNotConsideredByGC:1]]
[2020.07.22-21.27.59:348][  0]LogConfig: Setting CVar [[gc.SizeOfPermanentObjectPool:0]]
[2020.07.22-21.27.59:348][  0]LogConfig: Setting CVar [[gc.FlushStreamingOnGC:0]]
[2020.07.22-21.27.59:348][  0]LogConfig: Setting CVar [[gc.NumRetriesBeforeForcingGC:10]]
[2020.07.22-21.27.59:348][  0]LogConfig: Setting CVar [[gc.AllowParallelGC:1]]
[2020.07.22-21.27.59:348][  0]LogConfig: Setting CVar [[gc.TimeBetweenPurgingPendingKillObjects:61.1]]
[2020.07.22-21.27.59:348][  0]LogConfig: Setting CVar [[gc.MaxObjectsInEditor:25165824]]
[2020.07.22-21.27.59:348][  0]LogConfig: Setting CVar [[gc.IncrementalBeginDestroyEnabled:1]]
[2020.07.22-21.27.59:348][  0]LogConfig: Setting CVar [[gc.CreateGCClusters:1]]
[2020.07.22-21.27.59:348][  0]LogConfig: Setting CVar [[gc.MinGCClusterSize:5]]
[2020.07.22-21.27.59:348][  0]LogConfig: Setting CVar [[gc.ActorClusteringEnabled:0]]
[2020.07.22-21.27.59:348][  0]LogConfig: Setting CVar [[gc.BlueprintClusteringEnabled:0]]
[2020.07.22-21.27.59:348][  0]LogConfig: Setting CVar [[gc.UseDisregardForGCOnDedicatedServers:0]]
[2020.07.22-21.27.59:348][  0]LogConfig: Applying CVar settings from Section [/Script/Engine.NetworkSettings] File [C:/Users/haoru/Desktop/TPSGame/firstgame/Saved/Config/Windows/Engine.ini]
[2020.07.22-21.27.59:348][  0]LogConfig: Applying CVar settings from Section [/Script/UnrealEd.CookerSettings] File [C:/Users/haoru/Desktop/TPSGame/firstgame/Saved/Config/Windows/Engine.ini]
[2020.07.22-21.27.59:350][  0]LogConfig: Applying CVar settings from Section [ViewDistanceQuality@3] File [C:/Users/haoru/Desktop/TPSGame/firstgame/Saved/Config/Windows/Scalability.ini]
[2020.07.22-21.27.59:350][  0]LogConfig: Setting CVar [[r.SkeletalMeshLODBias:0]]
[2020.07.22-21.27.59:350][  0]LogConfig: Setting CVar [[r.ViewDistanceScale:1.0]]
[2020.07.22-21.27.59:350][  0]LogConfig: Applying CVar settings from Section [AntiAliasingQuality@3] File [C:/Users/haoru/Desktop/TPSGame/firstgame/Saved/Config/Windows/Scalability.ini]
[2020.07.22-21.27.59:350][  0]LogConfig: Setting CVar [[r.PostProcessAAQuality:4]]
[2020.07.22-21.27.59:350][  0]LogConfig: Applying CVar settings from Section [ShadowQuality@3] File [C:/Users/haoru/Desktop/TPSGame/firstgame/Saved/Config/Windows/Scalability.ini]
[2020.07.22-21.27.59:350][  0]LogConfig: Setting CVar [[r.LightFunctionQuality:1]]
[2020.07.22-21.27.59:350][  0]LogConfig: Setting CVar [[r.ShadowQuality:5]]
[2020.07.22-21.27.59:350][  0]LogConfig: Setting CVar [[r.Shadow.CSM.MaxCascades:10]]
[2020.07.22-21.27.59:350][  0]LogConfig: Setting CVar [[r.Shadow.MaxResolution:2048]]
[2020.07.22-21.27.59:350][  0]LogConfig: Setting CVar [[r.Shadow.MaxCSMResolution:2048]]
[2020.07.22-21.27.59:350][  0]LogConfig: Setting CVar [[r.Shadow.RadiusThreshold:0.01]]
[2020.07.22-21.27.59:350][  0]LogConfig: Setting CVar [[r.Shadow.DistanceScale:1.0]]
[2020.07.22-21.27.59:350][  0]LogConfig: Setting CVar [[r.Shadow.CSM.TransitionScale:1.0]]
[2020.07.22-21.27.59:350][  0]LogConfig: Setting CVar [[r.Shadow.PreShadowResolutionFactor:1.0]]
[2020.07.22-21.27.59:350][  0]LogConfig: Setting CVar [[r.DistanceFieldShadowing:1]]
[2020.07.22-21.27.59:350][  0]LogConfig: Setting CVar [[r.DistanceFieldAO:1]]
[2020.07.22-21.27.59:350][  0]LogConfig: Setting CVar [[r.AOQuality:2]]
[2020.07.22-21.27.59:350][  0]LogConfig: Setting CVar [[r.VolumetricFog:1]]
[2020.07.22-21.27.59:350][  0]LogConfig: Setting CVar [[r.VolumetricFog.GridPixelSize:8]]
[2020.07.22-21.27.59:350][  0]LogConfig: Setting CVar [[r.VolumetricFog.GridSizeZ:128]]
[2020.07.22-21.27.59:350][  0]LogConfig: Setting CVar [[r.VolumetricFog.HistoryMissSupersampleCount:4]]
[2020.07.22-21.27.59:350][  0]LogConfig: Setting CVar [[r.LightMaxDrawDistanceScale:1]]
[2020.07.22-21.27.59:350][  0]LogConfig: Setting CVar [[r.CapsuleShadows:1]]
[2020.07.22-21.27.59:350][  0]LogConfig: Applying CVar settings from Section [PostProcessQuality@3] File [C:/Users/haoru/Desktop/TPSGame/firstgame/Saved/Config/Windows/Scalability.ini]
[2020.07.22-21.27.59:350][  0]LogConfig: Setting CVar [[r.MotionBlurQuality:4]]
[2020.07.22-21.27.59:350][  0]LogConfig: Setting CVar [[r.AmbientOcclusionMipLevelFactor:0.4]]
[2020.07.22-21.27.59:350][  0]LogConfig: Setting CVar [[r.AmbientOcclusionMaxQuality:100]]
[2020.07.22-21.27.59:350][  0]LogConfig: Setting CVar [[r.AmbientOcclusionLevels:-1]]
[2020.07.22-21.27.59:350][  0]LogConfig: Setting CVar [[r.AmbientOcclusionRadiusScale:1.0]]
[2020.07.22-21.27.59:351][  0]LogConfig: Setting CVar [[r.DepthOfFieldQuality:2]]
[2020.07.22-21.27.59:351][  0]LogConfig: Setting CVar [[r.RenderTargetPoolMin:400]]
[2020.07.22-21.27.59:351][  0]LogConfig: Setting CVar [[r.LensFlareQuality:2]]
[2020.07.22-21.27.59:351][  0]LogConfig: Setting CVar [[r.SceneColorFringeQuality:1]]
[2020.07.22-21.27.59:351][  0]LogConfig: Setting CVar [[r.EyeAdaptationQuality:2]]
[2020.07.22-21.27.59:351][  0]LogConfig: Setting CVar [[r.BloomQuality:5]]
[2020.07.22-21.27.59:351][  0]LogConfig: Setting CVar [[r.FastBlurThreshold:100]]
[2020.07.22-21.27.59:351][  0]LogConfig: Setting CVar [[r.Upscale.Quality:3]]
[2020.07.22-21.27.59:351][  0]LogConfig: Setting CVar [[r.Tonemapper.GrainQuantization:1]]
[2020.07.22-21.27.59:351][  0]LogConfig: Setting CVar [[r.LightShaftQuality:1]]
[2020.07.22-21.27.59:351][  0]LogConfig: Setting CVar [[r.Filter.SizeScale:1]]
[2020.07.22-21.27.59:351][  0]LogConfig: Setting CVar [[r.Tonemapper.Quality:5]]
[2020.07.22-21.27.59:351][  0]LogConfig: Setting CVar [[r.DOF.Gather.AccumulatorQuality:1        ; higher gathering accumulator quality]]
[2020.07.22-21.27.59:351][  0]LogConfig: Setting CVar [[r.DOF.Gather.PostfilterMethod:1          ; Median3x3 postfilering method]]
[2020.07.22-21.27.59:351][  0]LogConfig: Setting CVar [[r.DOF.Gather.EnableBokehSettings:0       ; no bokeh simulation when gathering]]
[2020.07.22-21.27.59:351][  0]LogConfig: Setting CVar [[r.DOF.Gather.RingCount:4                 ; medium number of samples when gathering]]
[2020.07.22-21.27.59:351][  0]LogConfig: Setting CVar [[r.DOF.Scatter.ForegroundCompositing:1    ; additive foreground scattering]]
[2020.07.22-21.27.59:351][  0]LogConfig: Setting CVar [[r.DOF.Scatter.BackgroundCompositing:2    ; additive background scattering]]
[2020.07.22-21.27.59:351][  0]LogConfig: Setting CVar [[r.DOF.Scatter.EnableBokehSettings:1      ; bokeh simulation when scattering]]
[2020.07.22-21.27.59:351][  0]LogConfig: Setting CVar [[r.DOF.Scatter.MaxSpriteRatio:0.1         ; only a maximum of 10% of scattered bokeh]]
[2020.07.22-21.27.59:351][  0]LogConfig: Setting CVar [[r.DOF.Recombine.Quality:1                ; cheap slight out of focus]]
[2020.07.22-21.27.59:351][  0]LogConfig: Setting CVar [[r.DOF.Recombine.EnableBokehSettings:0    ; no bokeh simulation on slight out of focus]]
[2020.07.22-21.27.59:351][  0]LogConfig: Setting CVar [[r.DOF.TemporalAAQuality:1                ; more stable temporal accumulation]]
[2020.07.22-21.27.59:351][  0]LogConfig: Setting CVar [[r.DOF.Kernel.MaxForegroundRadius:0.025]]
[2020.07.22-21.27.59:351][  0]LogConfig: Setting CVar [[r.DOF.Kernel.MaxBackgroundRadius:0.025]]
[2020.07.22-21.27.59:351][  0]LogConfig: Applying CVar settings from Section [TextureQuality@3] File [C:/Users/haoru/Desktop/TPSGame/firstgame/Saved/Config/Windows/Scalability.ini]
[2020.07.22-21.27.59:351][  0]LogConfig: Setting CVar [[r.Streaming.MipBias:0]]
[2020.07.22-21.27.59:351][  0]LogConfig: Setting CVar [[r.Streaming.AmortizeCPUToGPUCopy:0]]
[2020.07.22-21.27.59:351][  0]LogConfig: Setting CVar [[r.Streaming.MaxNumTexturesToStreamPerFrame:0]]
[2020.07.22-21.27.59:351][  0]LogConfig: Setting CVar [[r.Streaming.Boost:1]]
[2020.07.22-21.27.59:351][  0]LogConfig: Setting CVar [[r.MaxAnisotropy:8]]
[2020.07.22-21.27.59:351][  0]LogConfig: Setting CVar [[r.VT.MaxAnisotropy:8]]
[2020.07.22-21.27.59:351][  0]LogConfig: Setting CVar [[r.Streaming.LimitPoolSizeToVRAM:0]]
[2020.07.22-21.27.59:351][  0]LogConfig: Setting CVar [[r.Streaming.PoolSize:1000]]
[2020.07.22-21.27.59:351][  0]LogConfig: Setting CVar [[r.Streaming.MaxEffectiveScreenSize:0]]
[2020.07.22-21.27.59:351][  0]LogConfig: Applying CVar settings from Section [EffectsQuality@3] File [C:/Users/haoru/Desktop/TPSGame/firstgame/Saved/Config/Windows/Scalability.ini]
[2020.07.22-21.27.59:351][  0]LogConfig: Setting CVar [[r.TranslucencyLightingVolumeDim:64]]
[2020.07.22-21.27.59:351][  0]LogConfig: Setting CVar [[r.RefractionQuality:2]]
[2020.07.22-21.27.59:351][  0]LogConfig: Setting CVar [[r.SSR.Quality:3]]
[2020.07.22-21.27.59:351][  0]LogConfig: Setting CVar [[r.SSR.HalfResSceneColor:0]]
[2020.07.22-21.27.59:351][  0]LogConfig: Setting CVar [[r.SceneColorFormat:4]]
[2020.07.22-21.27.59:351][  0]LogConfig: Setting CVar [[r.DetailMode:2]]
[2020.07.22-21.27.59:351][  0]LogConfig: Setting CVar [[r.TranslucencyVolumeBlur:1]]
[2020.07.22-21.27.59:351][  0]LogConfig: Setting CVar [[r.MaterialQualityLevel:1 ; High quality]]
[2020.07.22-21.27.59:351][  0]LogConfig: Setting CVar [[r.SSS.Scale:1]]
[2020.07.22-21.27.59:351][  0]LogConfig: Setting CVar [[r.SSS.SampleSet:2]]
[2020.07.22-21.27.59:351][  0]LogConfig: Setting CVar [[r.SSS.Quality:1]]
[2020.07.22-21.27.59:351][  0]LogConfig: Setting CVar [[r.SSS.HalfRes:0]]
[2020.07.22-21.27.59:351][  0]LogConfig: Setting CVar [[r.SSGI.Quality:3]]
[2020.07.22-21.27.59:351][  0]LogConfig: Setting CVar [[r.EmitterSpawnRateScale:1.0]]
[2020.07.22-21.27.59:351][  0]LogConfig: Setting CVar [[r.ParticleLightQuality:2]]
[2020.07.22-21.27.59:351][  0]LogConfig: Setting CVar [[r.SkyAtmosphere.AerialPerspectiveLUT.FastApplyOnOpaque:1 ; Always have FastSkyLUT 1 in this case to avoid wrong sky]]
[2020.07.22-21.27.59:351][  0]LogConfig: Setting CVar [[r.SkyAtmosphere.AerialPerspectiveLUT.SampleCountPerSlice:1]]
[2020.07.22-21.27.59:351][  0]LogConfig: Setting CVar [[r.SkyAtmosphere.AerialPerspectiveLUT.DepthResolution:16.0]]
[2020.07.22-21.27.59:351][  0]LogConfig: Setting CVar [[r.SkyAtmosphere.FastSkyLUT:1]]
[2020.07.22-21.27.59:351][  0]LogConfig: Setting CVar [[r.SkyAtmosphere.FastSkyLUT.SampleCountMin:4.0]]
[2020.07.22-21.27.59:351][  0]LogConfig: Setting CVar [[r.SkyAtmosphere.FastSkyLUT.SampleCountMax:32.0]]
[2020.07.22-21.27.59:351][  0]LogConfig: Setting CVar [[r.SkyAtmosphere.SampleCountMin:4.0]]
[2020.07.22-21.27.59:351][  0]LogConfig: Setting CVar [[r.SkyAtmosphere.SampleCountMax:32.0]]
[2020.07.22-21.27.59:351][  0]LogConfig: Setting CVar [[r.SkyAtmosphere.TransmittanceLUT.UseSmallFormat:0]]
[2020.07.22-21.27.59:351][  0]LogConfig: Setting CVar [[r.SkyAtmosphere.TransmittanceLUT.SampleCount:10.0]]
[2020.07.22-21.27.59:351][  0]LogConfig: Setting CVar [[r.SkyAtmosphere.MultiScatteringLUT.SampleCount:15.0]]
[2020.07.22-21.27.59:351][  0]LogConfig: Applying CVar settings from Section [FoliageQuality@3] File [C:/Users/haoru/Desktop/TPSGame/firstgame/Saved/Config/Windows/Scalability.ini]
[2020.07.22-21.27.59:351][  0]LogConfig: Setting CVar [[foliage.DensityScale:1.0]]
[2020.07.22-21.27.59:351][  0]LogConfig: Setting CVar [[grass.DensityScale:1.0]]
[2020.07.22-21.27.59:351][  0]LogConfig: Applying CVar settings from Section [ShadingQuality@3] File [C:/Users/haoru/Desktop/TPSGame/firstgame/Saved/Config/Windows/Scalability.ini]
[2020.07.22-21.27.59:351][  0]LogConfig: Setting CVar [[r.HairStrands.SkyLighting.SampleCount:16]]
[2020.07.22-21.27.59:351][  0]LogConfig: Setting CVar [[r.HairStrands.SkyLighting.JitterIntegration:0]]
[2020.07.22-21.27.59:351][  0]LogConfig: Setting CVar [[r.HairStrands.SkyAO.SampleCount:16]]
[2020.07.22-21.27.59:351][  0]LogConfig: Setting CVar [[r.HairStrands.DeepShadow.SuperSampling:0]]
[2020.07.22-21.27.59:351][  0]LogConfig: Setting CVar [[r.HairStrands.VisibilityPPLL:0]]
[2020.07.22-21.27.59:351][  0]LogConfig: Setting CVar [[r.HairStrands.RasterizationScale:0.5]]
[2020.07.22-21.27.59:351][  0]LogConfig: Setting CVar [[r.HairStrands.VelocityRasterizationScale:1]]
[2020.07.22-21.27.59:351][  0]LogInit: Selected Device Profile: [Windows]
[2020.07.22-21.27.59:351][  0]LogInit: Applying CVar settings loaded from the selected device profile: [Windows]
[2020.07.22-21.27.59:351][  0]LogHAL: Display: Platform has ~ 16 GB [17125621760 / 17179869184 / 16], which maps to Larger [LargestMinGB=32, LargerMinGB=12, DefaultMinGB=8, SmallerMinGB=6, SmallestMinGB=0)
[2020.07.22-21.27.59:351][  0]LogInit: Going up to parent DeviceProfile []
[2020.07.22-21.27.59:352][  0]LogConfig: Applying CVar settings from Section [ViewDistanceQuality@3] File [C:/Users/haoru/Desktop/TPSGame/firstgame/Saved/Config/Windows/Scalability.ini]
[2020.07.22-21.27.59:352][  0]LogConfig: Setting CVar [[r.SkeletalMeshLODBias:0]]
[2020.07.22-21.27.59:352][  0]LogConfig: Setting CVar [[r.ViewDistanceScale:1.0]]
[2020.07.22-21.27.59:352][  0]LogConfig: Applying CVar settings from Section [AntiAliasingQuality@3] File [C:/Users/haoru/Desktop/TPSGame/firstgame/Saved/Config/Windows/Scalability.ini]
[2020.07.22-21.27.59:352][  0]LogConfig: Setting CVar [[r.PostProcessAAQuality:4]]
[2020.07.22-21.27.59:352][  0]LogConfig: Applying CVar settings from Section [ShadowQuality@3] File [C:/Users/haoru/Desktop/TPSGame/firstgame/Saved/Config/Windows/Scalability.ini]
[2020.07.22-21.27.59:352][  0]LogConfig: Setting CVar [[r.LightFunctionQuality:1]]
[2020.07.22-21.27.59:352][  0]LogConfig: Setting CVar [[r.ShadowQuality:5]]
[2020.07.22-21.27.59:352][  0]LogConfig: Setting CVar [[r.Shadow.CSM.MaxCascades:10]]
[2020.07.22-21.27.59:352][  0]LogConfig: Setting CVar [[r.Shadow.MaxResolution:2048]]
[2020.07.22-21.27.59:352][  0]LogConfig: Setting CVar [[r.Shadow.MaxCSMResolution:2048]]
[2020.07.22-21.27.59:352][  0]LogConfig: Setting CVar [[r.Shadow.RadiusThreshold:0.01]]
[2020.07.22-21.27.59:352][  0]LogConfig: Setting CVar [[r.Shadow.DistanceScale:1.0]]
[2020.07.22-21.27.59:352][  0]LogConfig: Setting CVar [[r.Shadow.CSM.TransitionScale:1.0]]
[2020.07.22-21.27.59:352][  0]LogConfig: Setting CVar [[r.Shadow.PreShadowResolutionFactor:1.0]]
[2020.07.22-21.27.59:352][  0]LogConfig: Setting CVar [[r.DistanceFieldShadowing:1]]
[2020.07.22-21.27.59:352][  0]LogConfig: Setting CVar [[r.DistanceFieldAO:1]]
[2020.07.22-21.27.59:352][  0]LogConfig: Setting CVar [[r.AOQuality:2]]
[2020.07.22-21.27.59:352][  0]LogConfig: Setting CVar [[r.VolumetricFog:1]]
[2020.07.22-21.27.59:352][  0]LogConfig: Setting CVar [[r.VolumetricFog.GridPixelSize:8]]
[2020.07.22-21.27.59:352][  0]LogConfig: Setting CVar [[r.VolumetricFog.GridSizeZ:128]]
[2020.07.22-21.27.59:352][  0]LogConfig: Setting CVar [[r.VolumetricFog.HistoryMissSupersampleCount:4]]
[2020.07.22-21.27.59:352][  0]LogConfig: Setting CVar [[r.LightMaxDrawDistanceScale:1]]
[2020.07.22-21.27.59:352][  0]LogConfig: Setting CVar [[r.CapsuleShadows:1]]
[2020.07.22-21.27.59:352][  0]LogConfig: Applying CVar settings from Section [PostProcessQuality@3] File [C:/Users/haoru/Desktop/TPSGame/firstgame/Saved/Config/Windows/Scalability.ini]
[2020.07.22-21.27.59:352][  0]LogConfig: Setting CVar [[r.MotionBlurQuality:4]]
[2020.07.22-21.27.59:352][  0]LogConfig: Setting CVar [[r.AmbientOcclusionMipLevelFactor:0.4]]
[2020.07.22-21.27.59:352][  0]LogConfig: Setting CVar [[r.AmbientOcclusionMaxQuality:100]]
[2020.07.22-21.27.59:352][  0]LogConfig: Setting CVar [[r.AmbientOcclusionLevels:-1]]
[2020.07.22-21.27.59:352][  0]LogConfig: Setting CVar [[r.AmbientOcclusionRadiusScale:1.0]]
[2020.07.22-21.27.59:352][  0]LogConfig: Setting CVar [[r.DepthOfFieldQuality:2]]
[2020.07.22-21.27.59:352][  0]LogConfig: Setting CVar [[r.RenderTargetPoolMin:400]]
[2020.07.22-21.27.59:352][  0]LogConfig: Setting CVar [[r.LensFlareQuality:2]]
[2020.07.22-21.27.59:352][  0]LogConfig: Setting CVar [[r.SceneColorFringeQuality:1]]
[2020.07.22-21.27.59:352][  0]LogConfig: Setting CVar [[r.EyeAdaptationQuality:2]]
[2020.07.22-21.27.59:352][  0]LogConfig: Setting CVar [[r.BloomQuality:5]]
[2020.07.22-21.27.59:352][  0]LogConfig: Setting CVar [[r.FastBlurThreshold:100]]
[2020.07.22-21.27.59:352][  0]LogConfig: Setting CVar [[r.Upscale.Quality:3]]
[2020.07.22-21.27.59:352][  0]LogConfig: Setting CVar [[r.Tonemapper.GrainQuantization:1]]
[2020.07.22-21.27.59:352][  0]LogConfig: Setting CVar [[r.LightShaftQuality:1]]
[2020.07.22-21.27.59:352][  0]LogConfig: Setting CVar [[r.Filter.SizeScale:1]]
[2020.07.22-21.27.59:352][  0]LogConfig: Setting CVar [[r.Tonemapper.Quality:5]]
[2020.07.22-21.27.59:352][  0]LogConfig: Setting CVar [[r.DOF.Gather.AccumulatorQuality:1        ; higher gathering accumulator quality]]
[2020.07.22-21.27.59:352][  0]LogConfig: Setting CVar [[r.DOF.Gather.PostfilterMethod:1          ; Median3x3 postfilering method]]
[2020.07.22-21.27.59:352][  0]LogConfig: Setting CVar [[r.DOF.Gather.EnableBokehSettings:0       ; no bokeh simulation when gathering]]
[2020.07.22-21.27.59:352][  0]LogConfig: Setting CVar [[r.DOF.Gather.RingCount:4                 ; medium number of samples when gathering]]
[2020.07.22-21.27.59:352][  0]LogConfig: Setting CVar [[r.DOF.Scatter.ForegroundCompositing:1    ; additive foreground scattering]]
[2020.07.22-21.27.59:352][  0]LogConfig: Setting CVar [[r.DOF.Scatter.BackgroundCompositing:2    ; additive background scattering]]
[2020.07.22-21.27.59:352][  0]LogConfig: Setting CVar [[r.DOF.Scatter.EnableBokehSettings:1      ; bokeh simulation when scattering]]
[2020.07.22-21.27.59:352][  0]LogConfig: Setting CVar [[r.DOF.Scatter.MaxSpriteRatio:0.1         ; only a maximum of 10% of scattered bokeh]]
[2020.07.22-21.27.59:352][  0]LogConfig: Setting CVar [[r.DOF.Recombine.Quality:1                ; cheap slight out of focus]]
[2020.07.22-21.27.59:352][  0]LogConfig: Setting CVar [[r.DOF.Recombine.EnableBokehSettings:0    ; no bokeh simulation on slight out of focus]]
[2020.07.22-21.27.59:352][  0]LogConfig: Setting CVar [[r.DOF.TemporalAAQuality:1                ; more stable temporal accumulation]]
[2020.07.22-21.27.59:352][  0]LogConfig: Setting CVar [[r.DOF.Kernel.MaxForegroundRadius:0.025]]
[2020.07.22-21.27.59:352][  0]LogConfig: Setting CVar [[r.DOF.Kernel.MaxBackgroundRadius:0.025]]
[2020.07.22-21.27.59:352][  0]LogConfig: Applying CVar settings from Section [TextureQuality@3] File [C:/Users/haoru/Desktop/TPSGame/firstgame/Saved/Config/Windows/Scalability.ini]
[2020.07.22-21.27.59:352][  0]LogConfig: Setting CVar [[r.Streaming.MipBias:0]]
[2020.07.22-21.27.59:352][  0]LogConfig: Setting CVar [[r.Streaming.AmortizeCPUToGPUCopy:0]]
[2020.07.22-21.27.59:352][  0]LogConfig: Setting CVar [[r.Streaming.MaxNumTexturesToStreamPerFrame:0]]
[2020.07.22-21.27.59:352][  0]LogConfig: Setting CVar [[r.Streaming.Boost:1]]
[2020.07.22-21.27.59:352][  0]LogConfig: Setting CVar [[r.MaxAnisotropy:8]]
[2020.07.22-21.27.59:352][  0]LogConfig: Setting CVar [[r.VT.MaxAnisotropy:8]]
[2020.07.22-21.27.59:352][  0]LogConfig: Setting CVar [[r.Streaming.LimitPoolSizeToVRAM:0]]
[2020.07.22-21.27.59:352][  0]LogConfig: Setting CVar [[r.Streaming.PoolSize:1000]]
[2020.07.22-21.27.59:352][  0]LogConfig: Setting CVar [[r.Streaming.MaxEffectiveScreenSize:0]]
[2020.07.22-21.27.59:352][  0]LogConfig: Applying CVar settings from Section [EffectsQuality@3] File [C:/Users/haoru/Desktop/TPSGame/firstgame/Saved/Config/Windows/Scalability.ini]
[2020.07.22-21.27.59:352][  0]LogConfig: Setting CVar [[r.TranslucencyLightingVolumeDim:64]]
[2020.07.22-21.27.59:352][  0]LogConfig: Setting CVar [[r.RefractionQuality:2]]
[2020.07.22-21.27.59:352][  0]LogConfig: Setting CVar [[r.SSR.Quality:3]]
[2020.07.22-21.27.59:352][  0]LogConfig: Setting CVar [[r.SSR.HalfResSceneColor:0]]
[2020.07.22-21.27.59:352][  0]LogConfig: Setting CVar [[r.SceneColorFormat:4]]
[2020.07.22-21.27.59:352][  0]LogConfig: Setting CVar [[r.DetailMode:2]]
[2020.07.22-21.27.59:352][  0]LogConfig: Setting CVar [[r.TranslucencyVolumeBlur:1]]
[2020.07.22-21.27.59:352][  0]LogConfig: Setting CVar [[r.MaterialQualityLevel:1 ; High quality]]
[2020.07.22-21.27.59:352][  0]LogConfig: Setting CVar [[r.SSS.Scale:1]]
[2020.07.22-21.27.59:352][  0]LogConfig: Setting CVar [[r.SSS.SampleSet:2]]
[2020.07.22-21.27.59:352][  0]LogConfig: Setting CVar [[r.SSS.Quality:1]]
[2020.07.22-21.27.59:352][  0]LogConfig: Setting CVar [[r.SSS.HalfRes:0]]
[2020.07.22-21.27.59:352][  0]LogConfig: Setting CVar [[r.SSGI.Quality:3]]
[2020.07.22-21.27.59:352][  0]LogConfig: Setting CVar [[r.EmitterSpawnRateScale:1.0]]
[2020.07.22-21.27.59:352][  0]LogConfig: Setting CVar [[r.ParticleLightQuality:2]]
[2020.07.22-21.27.59:352][  0]LogConfig: Setting CVar [[r.SkyAtmosphere.AerialPerspectiveLUT.FastApplyOnOpaque:1 ; Always have FastSkyLUT 1 in this case to avoid wrong sky]]
[2020.07.22-21.27.59:353][  0]LogConfig: Setting CVar [[r.SkyAtmosphere.AerialPerspectiveLUT.SampleCountPerSlice:1]]
[2020.07.22-21.27.59:353][  0]LogConfig: Setting CVar [[r.SkyAtmosphere.AerialPerspectiveLUT.DepthResolution:16.0]]
[2020.07.22-21.27.59:353][  0]LogConfig: Setting CVar [[r.SkyAtmosphere.FastSkyLUT:1]]
[2020.07.22-21.27.59:353][  0]LogConfig: Setting CVar [[r.SkyAtmosphere.FastSkyLUT.SampleCountMin:4.0]]
[2020.07.22-21.27.59:353][  0]LogConfig: Setting CVar [[r.SkyAtmosphere.FastSkyLUT.SampleCountMax:32.0]]
[2020.07.22-21.27.59:353][  0]LogConfig: Setting CVar [[r.SkyAtmosphere.SampleCountMin:4.0]]
[2020.07.22-21.27.59:353][  0]LogConfig: Setting CVar [[r.SkyAtmosphere.SampleCountMax:32.0]]
[2020.07.22-21.27.59:353][  0]LogConfig: Setting CVar [[r.SkyAtmosphere.TransmittanceLUT.UseSmallFormat:0]]
[2020.07.22-21.27.59:353][  0]LogConfig: Setting CVar [[r.SkyAtmosphere.TransmittanceLUT.SampleCount:10.0]]
[2020.07.22-21.27.59:353][  0]LogConfig: Setting CVar [[r.SkyAtmosphere.MultiScatteringLUT.SampleCount:15.0]]
[2020.07.22-21.27.59:353][  0]LogConfig: Applying CVar settings from Section [FoliageQuality@3] File [C:/Users/haoru/Desktop/TPSGame/firstgame/Saved/Config/Windows/Scalability.ini]
[2020.07.22-21.27.59:353][  0]LogConfig: Setting CVar [[foliage.DensityScale:1.0]]
[2020.07.22-21.27.59:353][  0]LogConfig: Setting CVar [[grass.DensityScale:1.0]]
[2020.07.22-21.27.59:353][  0]LogConfig: Applying CVar settings from Section [ShadingQuality@3] File [C:/Users/haoru/Desktop/TPSGame/firstgame/Saved/Config/Windows/Scalability.ini]
[2020.07.22-21.27.59:353][  0]LogConfig: Setting CVar [[r.HairStrands.SkyLighting.SampleCount:16]]
[2020.07.22-21.27.59:353][  0]LogConfig: Setting CVar [[r.HairStrands.SkyLighting.JitterIntegration:0]]
[2020.07.22-21.27.59:353][  0]LogConfig: Setting CVar [[r.HairStrands.SkyAO.SampleCount:16]]
[2020.07.22-21.27.59:353][  0]LogConfig: Setting CVar [[r.HairStrands.DeepShadow.SuperSampling:0]]
[2020.07.22-21.27.59:353][  0]LogConfig: Setting CVar [[r.HairStrands.VisibilityPPLL:0]]
[2020.07.22-21.27.59:353][  0]LogConfig: Setting CVar [[r.HairStrands.RasterizationScale:0.5]]
[2020.07.22-21.27.59:353][  0]LogConfig: Setting CVar [[r.HairStrands.VelocityRasterizationScale:1]]
[2020.07.22-21.27.59:353][  0]LogConfig: Applying CVar settings from Section [Startup] File [../../../Engine/Config/ConsoleVariables.ini]
[2020.07.22-21.27.59:353][  0]LogConfig: Setting CVar [[net.UseAdaptiveNetUpdateFrequency:0]]
[2020.07.22-21.27.59:353][  0]LogConfig: Setting CVar [[p.chaos.AllowCreatePhysxBodies:1]]
[2020.07.22-21.27.59:353][  0]LogConfig: Setting CVar [[fx.SkipVectorVMBackendOptimizations:1]]
[2020.07.22-21.27.59:353][  0]LogConfig: Applying CVar settings from Section [ConsoleVariables] File [C:/Users/haoru/Desktop/TPSGame/firstgame/Saved/Config/Windows/Engine.ini]
[2020.07.22-21.27.59:353][  0]LogInit: Computer: DESKTOP-4O78A5T
[2020.07.22-21.27.59:353][  0]LogInit: User: haoru
[2020.07.22-21.27.59:353][  0]LogInit: CPU Page size=4096, Cores=6
[2020.07.22-21.27.59:353][  0]LogInit: High frequency timer resolution =10.000000 MHz
[2020.07.22-21.27.59:353][  0]LogMemory: Memory total: Physical=15.9GB (16GB approx)
[2020.07.22-21.27.59:353][  0]LogMemory: Platform Memory Stats for Windows
[2020.07.22-21.27.59:353][  0]LogMemory: Process Physical Memory: 115.95 MB used, 115.96 MB peak
[2020.07.22-21.27.59:353][  0]LogMemory: Process Virtual Memory: 97.44 MB used, 97.44 MB peak
[2020.07.22-21.27.59:353][  0]LogMemory: Physical Memory: 9465.80 MB used,  6866.46 MB free, 16332.27 MB total
[2020.07.22-21.27.59:353][  0]LogMemory: Virtual Memory: 5165.90 MB used,  134212560.00 MB free, 134217728.00 MB total
[2020.07.22-21.27.59:395][  0]LogWindows: WindowsPlatformFeatures enabled
[2020.07.22-21.27.59:424][  0]LogInit: Physics initialised using underlying interface: PhysX
[2020.07.22-21.27.59:425][  0]LogInit: Using OS detected language (en-US).
[2020.07.22-21.27.59:425][  0]LogInit: Using OS detected locale (en-US).
[2020.07.22-21.27.59:427][  0]LogTextLocalizationManager: No specific localization for 'en-US' exists, so the 'en' localization will be used.
[2020.07.22-21.27.59:611][  0]LogInit: Setting process to per monitor DPI aware
[2020.07.22-21.27.59:635][  0]LogSlate: New Slate User Created.  User Index 0, Is Virtual User: 0
[2020.07.22-21.27.59:635][  0]LogSlate: Slate User Registered.  User Index 0, Is Virtual User: 0
[2020.07.22-21.27.59:750][  0]LogHMD: Failed to initialize OpenVR with code 110
[2020.07.22-21.27.59:750][  0]LogD3D11RHI: D3D11 min allowed feature level: 11_0
[2020.07.22-21.27.59:750][  0]LogD3D11RHI: D3D11 max allowed feature level: 11_0
[2020.07.22-21.27.59:750][  0]LogD3D11RHI: D3D11 adapters:
[2020.07.22-21.27.59:821][  0]LogD3D11RHI:    0. 'NVIDIA GeForce GTX 1660' (Feature Level 11_0)
[2020.07.22-21.27.59:821][  0]LogD3D11RHI:       5991/0/8166 MB DedicatedVideo/DedicatedSystem/SharedSystem, Outputs:1, VendorId:0x10de
[2020.07.22-21.27.59:824][  0]LogD3D11RHI:    1. 'Microsoft Basic Render Driver' (Feature Level 11_0)
[2020.07.22-21.27.59:824][  0]LogD3D11RHI:       0/0/8166 MB DedicatedVideo/DedicatedSystem/SharedSystem, Outputs:0, VendorId:0x1414
[2020.07.22-21.27.59:824][  0]LogD3D11RHI: Chosen D3D11 Adapter: 0
[2020.07.22-21.27.59:836][  0]LogD3D11RHI: Creating new Direct3DDevice
[2020.07.22-21.27.59:836][  0]LogD3D11RHI:     GPU DeviceId: 0x2184 (for the marketing name, search the web for "GPU Device Id")
[2020.07.22-21.27.59:836][  0]LogWindows: EnumDisplayDevices:
[2020.07.22-21.27.59:836][  0]LogWindows:    0. 'NVIDIA GeForce GTX 1660' (P:1 D:1)
[2020.07.22-21.27.59:836][  0]LogWindows:    1. 'NVIDIA GeForce GTX 1660' (P:0 D:0)
[2020.07.22-21.27.59:837][  0]LogWindows:    2. 'NVIDIA GeForce GTX 1660' (P:0 D:0)
[2020.07.22-21.27.59:837][  0]LogWindows:    3. 'NVIDIA GeForce GTX 1660' (P:0 D:0)
[2020.07.22-21.27.59:837][  0]LogWindows: DebugString: FoundDriverCount:4 
[2020.07.22-21.27.59:837][  0]LogD3D11RHI:     Adapter Name: NVIDIA GeForce GTX 1660
[2020.07.22-21.27.59:837][  0]LogD3D11RHI:   Driver Version: 451.48 (internal:27.21.14.5148, unified:451.48)
[2020.07.22-21.27.59:837][  0]LogD3D11RHI:      Driver Date: 6-21-2020
[2020.07.22-21.27.59:837][  0]LogRHI: Texture pool is 4193 MB (70% of 5991 MB)
[2020.07.22-21.27.59:891][  0]LogD3D11RHI: RHI has support for 64 bit atomics
[2020.07.22-21.27.59:894][  0]LogD3D11RHI: [Aftermath] Enabled and primed
[2020.07.22-21.27.59:894][  0]LogD3D11RHI: Async texture creation enabled
[2020.07.22-21.27.59:894][  0]LogD3D11RHI: Array index from any shader is supported
[2020.07.22-21.27.59:915][  0]LogD3D11RHI: GPU Timing Frequency: 1000.000000 (Debug: 2 2)
[2020.07.22-21.28.00:255][  0]LogTargetPlatformManager: Display: Loaded TargetPlatform 'AllDesktop'
[2020.07.22-21.28.00:279][  0]LogTargetPlatformManager: Display: Loaded TargetPlatform 'Android'
[2020.07.22-21.28.00:279][  0]LogTargetPlatformManager: Display: Loaded TargetPlatform 'Android_ASTC'
[2020.07.22-21.28.00:279][  0]LogTargetPlatformManager: Display: Loaded TargetPlatform 'Android_DXT'
[2020.07.22-21.28.00:279][  0]LogTargetPlatformManager: Display: Loaded TargetPlatform 'Android_ETC2'
[2020.07.22-21.28.00:279][  0]LogTargetPlatformManager: Display: Loaded TargetPlatform 'AndroidClient'
[2020.07.22-21.28.00:279][  0]LogTargetPlatformManager: Display: Loaded TargetPlatform 'Android_ASTCClient'
[2020.07.22-21.28.00:279][  0]LogTargetPlatformManager: Display: Loaded TargetPlatform 'Android_DXTClient'
[2020.07.22-21.28.00:279][  0]LogTargetPlatformManager: Display: Loaded TargetPlatform 'Android_ETC2Client'
[2020.07.22-21.28.00:279][  0]LogTargetPlatformManager: Display: Loaded TargetPlatform 'Android_Multi'
[2020.07.22-21.28.00:279][  0]LogTargetPlatformManager: Display: Loaded TargetPlatform 'Android_MultiClient'
[2020.07.22-21.28.00:301][  0]LogTargetPlatformManager: Display: Loaded TargetPlatform 'IOSClient'
[2020.07.22-21.28.00:301][  0]LogTargetPlatformManager: Display: Loaded TargetPlatform 'IOS'
[2020.07.22-21.28.00:312][  0]LogTargetPlatformManager: Display: Loaded TargetPlatform 'Linux'
[2020.07.22-21.28.00:321][  0]LogTargetPlatformManager: Display: Loaded TargetPlatform 'LinuxNoEditor'
[2020.07.22-21.28.00:331][  0]LogTargetPlatformManager: Display: Loaded TargetPlatform 'LinuxClient'
[2020.07.22-21.28.00:340][  0]LogTargetPlatformManager: Display: Loaded TargetPlatform 'LinuxServer'
[2020.07.22-21.28.00:350][  0]LogTargetPlatformManager: Display: Loaded TargetPlatform 'LinuxAArch64NoEditor'
[2020.07.22-21.28.00:359][  0]LogTargetPlatformManager: Display: Loaded TargetPlatform 'LinuxAArch64Client'
[2020.07.22-21.28.00:368][  0]LogTargetPlatformManager: Display: Loaded TargetPlatform 'LinuxAArch64Server'
[2020.07.22-21.28.00:394][  0]LogTargetPlatformManager: Display: Loaded TargetPlatform 'Lumin'
[2020.07.22-21.28.00:394][  0]LogTargetPlatformManager: Display: Loaded TargetPlatform 'LuminClient'
[2020.07.22-21.28.00:410][  0]LogTargetPlatformManager: Display: Loaded TargetPlatform 'TVOSClient'
[2020.07.22-21.28.00:410][  0]LogTargetPlatformManager: Display: Loaded TargetPlatform 'TVOS'
[2020.07.22-21.28.00:418][  0]LogTargetPlatformManager: Display: Loaded TargetPlatform 'WindowsNoEditor'
[2020.07.22-21.28.00:427][  0]LogTargetPlatformManager: Display: Loaded TargetPlatform 'Windows'
[2020.07.22-21.28.00:436][  0]LogTargetPlatformManager: Display: Loaded TargetPlatform 'WindowsClient'
[2020.07.22-21.28.00:445][  0]LogTargetPlatformManager: Display: Loaded TargetPlatform 'WindowsServer'
[2020.07.22-21.28.00:445][  0]LogTargetPlatformManager: Display: Building Assets For Windows
[2020.07.22-21.28.00:452][  0]LogAudioDebug: Display: Lib vorbis DLL was dynamically loaded.
[2020.07.22-21.28.00:502][  0]LogShaderCompilers: Guid format shader working directory is 5 characters bigger than the processId version (C:/Users/haoru/Desktop/TPSGame/firstgame/Intermediate/Shaders/WorkingDirectory/11624/).
[2020.07.22-21.28.00:503][  0]LogShaderCompilers: Cleaned the shader compiler working directory 'C:/Users/haoru/AppData/Local/Temp/UnrealShaderWorkingDir/145B667449163285AE86FF8FF3E10D95/'.
[2020.07.22-21.28.00:503][  0]LogXGEController: Cleaning working directory: C:/Users/haoru/AppData/Local/Temp/UnrealXGEWorkingDir/
[2020.07.22-21.28.00:503][  0]LogXGEController: Cannot use XGE Controller as Incredibuild is not installed on this machine.
[2020.07.22-21.28.00:503][  0]LogShaderCompilers: Cannot use XGE Shader Compiler as Incredibuild is not installed on this machine.
[2020.07.22-21.28.00:503][  0]LogShaderCompilers: Display: Using Local Shader Compiler.
[2020.07.22-21.28.01:238][  0]LogDerivedDataCache: Display: Max Cache Size: 512 MB
[2020.07.22-21.28.01:293][  0]LogDerivedDataCache: Loaded boot cache 0.06s 76MB C:/Users/haoru/AppData/Local/UnrealEngine/4.25/DerivedDataCache/Boot.ddc.
[2020.07.22-21.28.01:293][  0]LogDerivedDataCache: Display: Loaded Boot cache: C:/Users/haoru/AppData/Local/UnrealEngine/4.25/DerivedDataCache/Boot.ddc
[2020.07.22-21.28.01:293][  0]LogDerivedDataCache: FDerivedDataBackendGraph:  Pak pak cache file C:/Users/haoru/Desktop/TPSGame/firstgame/DerivedDataCache/DDC.ddp not found, will not use a pak cache.
[2020.07.22-21.28.01:293][  0]LogDerivedDataCache: Unable to find inner node Pak for hierarchical cache Hierarchy.
[2020.07.22-21.28.01:293][  0]LogDerivedDataCache: FDerivedDataBackendGraph:  CompressedPak pak cache file C:/Users/haoru/Desktop/TPSGame/firstgame/DerivedDataCache/Compressed.ddp not found, will not use a pak cache.
[2020.07.22-21.28.01:293][  0]LogDerivedDataCache: Unable to find inner node CompressedPak for hierarchical cache Hierarchy.
[2020.07.22-21.28.01:304][  0]LogDerivedDataCache: Display: Pak cache opened for reading ../../../Engine/DerivedDataCache/Compressed.ddp.
[2020.07.22-21.28.01:304][  0]LogDerivedDataCache: FDerivedDataBackendGraph:  EnterprisePak pak cache file ../../../Enterprise/DerivedDataCache/Compressed.ddp not found, will not use a pak cache.
[2020.07.22-21.28.01:304][  0]LogDerivedDataCache: Unable to find inner node EnterprisePak for hierarchical cache Hierarchy.
[2020.07.22-21.28.01:305][  0]LogDerivedDataCache: Using Local data cache path C:/Users/haoru/AppData/Local/UnrealEngine/Common/DerivedDataCache: Writable
[2020.07.22-21.28.01:305][  0]LogDerivedDataCache: Shared data cache path not found in *engine.ini, will not use an Shared cache.
[2020.07.22-21.28.01:305][  0]LogDerivedDataCache: Unable to find inner node Shared for hierarchical cache Hierarchy.
[2020.07.22-21.28.01:355][  0]LogSlate: Using FreeType 2.10.0
[2020.07.22-21.28.01:356][  0]LogSlate: SlateFontServices - WITH_FREETYPE: 1, WITH_HARFBUZZ: 1
[2020.07.22-21.28.01:381][  0]LogAssetRegistry: FAssetRegistry took 0.0032 seconds to start up
[2020.07.22-21.28.01:622][  0]LogInit: Selected Device Profile: [Windows]
[2020.07.22-21.28.01:725][  0]LogMeshReduction: Using QuadricMeshReduction for automatic static mesh reduction
[2020.07.22-21.28.01:725][  0]LogMeshReduction: Using SimplygonMeshReduction for automatic skeletal mesh reduction
[2020.07.22-21.28.01:725][  0]LogMeshReduction: Using ProxyLODMeshReduction for automatic mesh merging
[2020.07.22-21.28.01:725][  0]LogMeshReduction: No distributed automatic mesh merging module available
[2020.07.22-21.28.01:725][  0]LogMeshMerging: No distributed automatic mesh merging module available
[2020.07.22-21.28.01:740][  0]LogNetVersion: firstgame 1.0.0, NetCL: 13144385, EngineNetVer: 14, GameNetVer: 0 (Checksum: 3518325962)
[2020.07.22-21.28.02:155][  0]LogAISub: UAISubsystem::UAISubsystem AISubsystem (000001FC46575BC0), frame # 0
[2020.07.22-21.28.02:155][  0]LogAISub: UAISubsystem::UAISubsystem AIPerceptionSystem (000001FC464C8F40), frame # 0
[2020.07.22-21.28.02:156][  0]LogAISub: UAISubsystem::UAISubsystem EnvQueryManager (000001FC46515E00), frame # 0
[2020.07.22-21.28.02:228][  0]LogPackageLocalizationCache: Processed 19 localized package path(s) for 1 prioritized culture(s) in 0.064172 seconds
[2020.07.22-21.28.02:233][  0]LogUObjectArray: 15917 objects as part of root set at end of initial load.
[2020.07.22-21.28.02:233][  0]LogUObjectAllocator: 3965568 out of 0 bytes used by permanent object pool.
[2020.07.22-21.28.02:233][  0]LogUObjectArray: CloseDisregardForGC: 0/0 objects in disregard for GC pool
[2020.07.22-21.28.02:549][  0]LogTcpMessaging: Initializing TcpMessaging bridge
[2020.07.22-21.28.02:552][  0]LogUdpMessaging: Initializing bridge on interface 0.0.0.0:0 to multicast group 230.0.0.1:6666.
[2020.07.22-21.28.02:645][  0]SourceControl: Source control is disabled
[2020.07.22-21.28.02:646][  0]SourceControl: Source control is disabled
[2020.07.22-21.28.02:649][  0]SourceControl: Source control is disabled
[2020.07.22-21.28.02:651][  0]SourceControl: Source control is disabled
[2020.07.22-21.28.02:657][  0]SourceControl: Source control is disabled
[2020.07.22-21.28.02:876][  0]LogAndroidPermission: UAndroidPermissionCallbackProxy::GetInstance
[2020.07.22-21.28.02:896][  0]LogAudioCaptureCore: Display: No Audio Capture implementations found. Audio input will be silent.
[2020.07.22-21.28.02:896][  0]LogAudioCaptureCore: Display: No Audio Capture implementations found. Audio input will be silent.
[2020.07.22-21.28.02:946][  0]LogOcInput: OculusInput pre-init called
[2020.07.22-21.28.02:955][  0]LogWindows: Failed to load 'OVRPlugin.dll' (GetLastError=126)
[2020.07.22-21.28.02:956][  0]LogWindows: File 'OVRPlugin.dll' does not exist
[2020.07.22-21.28.03:019][  0]LogEngine: Initializing Engine...
[2020.07.22-21.28.03:020][  0]LogHMD: Failed to initialize OpenVR with code 110
[2020.07.22-21.28.03:020][  0]LogMagicLeap: Warning: VR disabled because ZI is not enabled.  To enable, in the editor, Edit -> Project Settings -> Plugins -> Magic Leap Plugin -> Enable Zero Iteration
[2020.07.22-21.28.03:021][  0]LogStats: UGameplayTagsManager::InitializeManager -  0.000 s
[2020.07.22-21.28.03:127][  0]LogInit: Initializing FReadOnlyCVARCache
[2020.07.22-21.28.03:139][  0]LogAIModule: Creating AISystem for world Untitled
[2020.07.22-21.28.03:139][  0]LogAISub: UAISubsystem::UAISubsystem EnvQueryManager (000001FC4E397C00), frame # 0
[2020.07.22-21.28.03:140][  0]LogAISub: UAISubsystem::UAISubsystem AIPerceptionSystem (000001FC4958AAC0), frame # 0
[2020.07.22-21.28.03:146][  0]LogAudioMixer: Display: Audio Mixer Platform Settings:
[2020.07.22-21.28.03:146][  0]LogAudioMixer: Display: 	Sample Rate:						  48000
[2020.07.22-21.28.03:146][  0]LogAudioMixer: Display: 	Callback Buffer Frame Size Requested: 1024
[2020.07.22-21.28.03:146][  0]LogAudioMixer: Display: 	Callback Buffer Frame Size To Use:	  1024
[2020.07.22-21.28.03:146][  0]LogAudioMixer: Display: 	Number of buffers to queue:			  2
[2020.07.22-21.28.03:146][  0]LogAudioMixer: Display: 	Max Channels (voices):				  32
[2020.07.22-21.28.03:146][  0]LogAudioMixer: Display: 	Number of Async Source Workers:		  0
[2020.07.22-21.28.03:146][  0]LogAudio: Display: AudioDevice MaxSources: 32
[2020.07.22-21.28.03:146][  0]LogAudio: Display: Using built-in audio occlusion.
[2020.07.22-21.28.03:146][  0]LogAudioMixer: Display: Initializing audio mixer.
[2020.07.22-21.28.03:158][  0]LogAudioMixer: Display: 0: FrontLeft
[2020.07.22-21.28.03:158][  0]LogAudioMixer: Display: 1: FrontRight
[2020.07.22-21.28.03:158][  0]LogAudioMixer: Display: 2: FrontCenter
[2020.07.22-21.28.03:158][  0]LogAudioMixer: Display: 3: LowFrequency
[2020.07.22-21.28.03:158][  0]LogAudioMixer: Display: 4: BackLeft
[2020.07.22-21.28.03:158][  0]LogAudioMixer: Display: 5: BackRight
[2020.07.22-21.28.03:158][  0]LogAudioMixer: Display: 6: SideLeft
[2020.07.22-21.28.03:158][  0]LogAudioMixer: Display: 7: SideRight
[2020.07.22-21.28.03:208][  0]LogAudioMixer: Display: Using Audio Device Speakers (7.1 Surround Sound)
[2020.07.22-21.28.03:213][  0]LogAudioMixer: Display: Initializing Sound Submixes...
[2020.07.22-21.28.03:215][  0]LogAudioMixer: Display: Creating Master Submix 'MasterSubmixDefault'
[2020.07.22-21.28.03:215][  0]LogAudioMixer: Display: Creating Master Submix 'MasterReverbSubmixDefault'
[2020.07.22-21.28.03:216][  0]LogAudioMixer: Display: Creating Master Submix 'MasterEQSubmixDefault'
[2020.07.22-21.28.03:217][  0]LogInit: FAudioDevice initialized.
[2020.07.22-21.28.03:218][  0]LogNetVersion: Set ProjectVersion to 1.0.0.0. Version Checksum will be recalculated on next use.
[2020.07.22-21.28.03:308][  0]LogDerivedDataCache: Saved boot cache 0.09s 76MB C:/Users/haoru/AppData/Local/UnrealEngine/4.25/DerivedDataCache/Boot.ddc.
[2020.07.22-21.28.03:314][  0]LogInit: Texture streaming: Enabled
[2020.07.22-21.28.03:331][  0]LogEngineSessionManager: EngineSessionManager initialized
[2020.07.22-21.28.03:331][  0]LogEngineSessionManager: EngineSessionManager sent abnormal shutdown report. Type=Crashed, SessionId={0B249636-45A6-86A4-8B57-F7AFE7907AC7}
[2020.07.22-21.28.03:331][  0]LogEditorSessionSummary: Verbose: Initializing EditorSessionSummaryWriter for editor session tracking
[2020.07.22-21.28.03:334][  0]LogEditorSessionSummary: EditorSessionSummaryWriter initialized
[2020.07.22-21.28.03:401][  0]LogInit: Transaction tracking system initialized
[2020.07.22-21.28.03:420][  0]BlueprintLog: New page: Editor Load
[2020.07.22-21.28.03:488][  0]LocalizationService: Localization service is disabled
[2020.07.22-21.28.03:630][  0]LogCook: Display: Max memory allowance for cook 16384mb min free memory 0mb
[2020.07.22-21.28.03:630][  0]LogCook: Display: Mobile HDR setting 1
[2020.07.22-21.28.03:754][  0]LogFileCache: Scanning file cache for directory 'C:/Users/haoru/Desktop/TPSGame/firstgame/Content/' took 0.01s
[2020.07.22-21.28.03:944][  0]SourceControl: Source control is disabled
[2020.07.22-21.28.03:945][  0]LogUnrealEdMisc: Loading editor; pre map load, took 6.662
[2020.07.22-21.28.03:945][  0]Cmd: MAP LOAD FILE="C:/Users/haoru/Desktop/TPSGame/firstgame/Content/ThirdPersonBP/Maps/ThirdPersonExampleMap.umap" TEMPLATE=0 SHOWPROGRESS=1 FEATURELEVEL=3
[2020.07.22-21.28.03:945][  0]LightingResults: New page: Lighting Build
[2020.07.22-21.28.03:946][  0]LogWorld: UWorld::CleanupWorld for Untitled, bSessionEnded=true, bCleanupResources=true
[2020.07.22-21.28.03:946][  0]LogSlate: InvalidateAllWidgets triggered.  All widgets were invalidated
[2020.07.22-21.28.03:946][  0]MapCheck: New page: Map Check
[2020.07.22-21.28.03:946][  0]LightingResults: New page: Lighting Build
[2020.07.22-21.28.03:957][  0]LogAISub: UAISubsystem::~UAISubsystem EnvQueryManager (000001FC4E397C00), frame # 0
[2020.07.22-21.28.03:958][  0]LogAISub: UAISubsystem::~UAISubsystem AIPerceptionSystem (000001FC4958AAC0), frame # 0
[2020.07.22-21.28.03:958][  0]LogUObjectHash: Compacting FUObjectHashTables data took   0.85ms
[2020.07.22-21.28.04:083][  0]LogBlueprint: Warning: [Compiler UE4ASP_HeroTPP_AnimBlueprint] Idle to Reload  will never be taken, please connect something to  Can Enter Transition
[2020.07.22-21.28.04:084][  0]LogBlueprint: Warning: [Compiler UE4ASP_HeroTPP_AnimBlueprint] Crouch to Reload  will never be taken, please connect something to  Can Enter Transition
[2020.07.22-21.28.04:084][  0]LogBlueprint: Warning: [Compiler UE4ASP_HeroTPP_AnimBlueprint] Jog to Reload  will never be taken, please connect something to  Can Enter Transition
[2020.07.22-21.28.04:084][  0]LogBlueprint: Warning: [Compiler UE4ASP_HeroTPP_AnimBlueprint] Reload to Idle  will never be taken, please connect something to  Can Enter Transition
[2020.07.22-21.28.04:084][  0]LogBlueprint: Warning: [Compiler UE4ASP_HeroTPP_AnimBlueprint] Reload to Crouch  will never be taken, please connect something to  Can Enter Transition
[2020.07.22-21.28.04:084][  0]LogBlueprint: Warning: [Compiler UE4ASP_HeroTPP_AnimBlueprint] Reload to Jog  will never be taken, please connect something to  Can Enter Transition
[2020.07.22-21.28.04:647][  0]LogAIModule: Creating AISystem for world ThirdPersonExampleMap
[2020.07.22-21.28.04:647][  0]LogAISub: UAISubsystem::UAISubsystem EnvQueryManager (000001FC39F43E00), frame # 0
[2020.07.22-21.28.04:647][  0]LogAISub: UAISubsystem::UAISubsystem AIPerceptionSystem (000001FC39FB0F40), frame # 0
[2020.07.22-21.28.04:654][  0]LogEditorServer: Finished looking for orphan Actors (0.000 secs)
[2020.07.22-21.28.04:669][  0]LogUObjectHash: Compacting FUObjectHashTables data took   1.21ms
[2020.07.22-21.28.04:670][  0]Cmd: MAP CHECKDEP NOCLEARLOG
[2020.07.22-21.28.04:670][  0]MapCheck: Map check complete: 0 Error(s), 0 Warning(s), took 0.186ms to complete.
[2020.07.22-21.28.04:670][  0]LogFileHelpers: Loading map 'ThirdPersonExampleMap' took 0.726
[2020.07.22-21.28.04:672][  0]LogUnrealEdMisc: Total Editor Startup Time, took 7.390
[2020.07.22-21.28.04:813][  0]LogSlate: Updating window title bar state: overlay mode, drag disabled, window buttons hidden, title bar hidden
[2020.07.22-21.28.04:819][  0]LogSlate: Updating window title bar state: overlay mode, drag disabled, window buttons hidden, title bar hidden
[2020.07.22-21.28.04:826][  0]LogSlate: Updating window title bar state: overlay mode, drag disabled, window buttons hidden, title bar hidden
[2020.07.22-21.28.04:833][  0]LogSlate: Updating window title bar state: overlay mode, drag disabled, window buttons hidden, title bar hidden
[2020.07.22-21.28.04:839][  0]LogCollectionManager: Loaded 0 collections in 0.000968 seconds
[2020.07.22-21.28.04:854][  0]LogFileCache: Scanning file cache for directory 'C:/Users/haoru/Desktop/TPSGame/firstgame/Saved/Collections/' took 0.00s
[2020.07.22-21.28.04:854][  0]LogFileCache: Scanning file cache for directory 'C:/Users/haoru/Desktop/TPSGame/firstgame/Content/Developers/haoru/Collections/' took 0.00s
[2020.07.22-21.28.04:854][  0]LogFileCache: Scanning file cache for directory 'C:/Users/haoru/Desktop/TPSGame/firstgame/Content/Collections/' took 0.00s
[2020.07.22-21.28.04:854][  0]LogContentBrowser: Native class hierarchy populated in 0.0097 seconds. Added 3427 classes and 821 folders.
[2020.07.22-21.28.04:856][  0]LogContentBrowser: Native class hierarchy updated for 'WidgetCarousel' in 0.0003 seconds. Added 0 classes and 0 folders.
[2020.07.22-21.28.04:890][  0]LogContentBrowser: Native class hierarchy updated for 'AddContentDialog' in 0.0005 seconds. Added 0 classes and 0 folders.
[2020.07.22-21.28.04:891][  0]LogContentBrowser: Native class hierarchy updated for 'SceneOutliner' in 0.0002 seconds. Added 2 classes and 0 folders.
[2020.07.22-21.28.04:936][  0]LogSlate: Took 0.000202 seconds to synchronously load lazily loaded font '../../../Engine/Content/Slate/Fonts/Roboto-Regular.ttf' (155K)
[2020.07.22-21.28.04:938][  0]LogSlate: Took 0.000133 seconds to synchronously load lazily loaded font '../../../Engine/Content/Slate/Fonts/Roboto-Bold.ttf' (160K)
[2020.07.22-21.28.04:942][  0]LogSlate: Took 0.000156 seconds to synchronously load lazily loaded font '../../../Engine/Content/Editor/Slate/Fonts/FontAwesome.ttf' (139K)
[2020.07.22-21.28.04:998][  0]LogRenderer: Reallocating scene render targets to support 1208x572 Format 10 NumSamples 1 (Frame:1).
[2020.07.22-21.28.05:090][  0]LogContentBrowser: Native class hierarchy updated for 'HierarchicalLODOutliner' in 0.0003 seconds. Added 0 classes and 0 folders.
[2020.07.22-21.28.05:090][  0]LogLoad: (Engine Initialization) Total time: 7.81 seconds
[2020.07.22-21.28.05:090][  0]LogLoad: (Engine Initialization) Total Blueprint compile time: 0.00 seconds
[2020.07.22-21.28.05:141][  0]LogAssetRegistry: Asset discovery search completed in 3.7617 seconds
[2020.07.22-21.28.05:145][  0]LogCollectionManager: Fixed up redirectors for 0 collections in 0.000003 seconds (updated 0 objects)
[2020.07.22-21.28.05:147][  0]LogContentStreaming: Texture pool size now 1000 MB
[2020.07.22-21.28.05:181][  0]LogSlate: Took 0.000135 seconds to synchronously load lazily loaded font '../../../Engine/Content/Slate/Fonts/Roboto-Light.ttf' (167K)
[2020.07.22-21.28.06:451][  4]LogSlate: Took 0.000133 seconds to synchronously load lazily loaded font '../../../Engine/Content/Slate/Fonts/Roboto-Light.ttf' (167K)
[2020.07.22-21.34.48:662][350]LogAssetEditorSubsystem: Opening Asset editor for Blueprint /Game/ThirdPersonBP/AnimStarterPack/Ue4ASP_Character.Ue4ASP_Character
[2020.07.22-21.34.48:835][350]LogContentBrowser: Native class hierarchy updated for 'BlueprintGraph' in 0.0006 seconds. Added 125 classes and 0 folders.
[2020.07.22-21.34.49:680][350]LogSlate: Took 0.000164 seconds to synchronously load lazily loaded font '../../../Engine/Content/Slate/Fonts/Roboto-BoldCondensed.ttf' (158K)
[2020.07.22-21.34.49:808][351]LogSlate: Took 0.000204 seconds to synchronously load lazily loaded font '../../../Engine/Content/Slate/Fonts/Roboto-Italic.ttf' (157K)
[2020.07.22-21.35.40:341][334]BlueprintLog: New page: Compile Ue4ASP_Character
[2020.07.22-21.35.40:409][334]LogUObjectHash: Compacting FUObjectHashTables data took   2.29ms
[2020.07.22-21.35.40:511][334]LogSlate: Took 0.000130 seconds to synchronously load lazily loaded font '../../../Engine/Content/Slate/Fonts/DroidSansMono.ttf' (77K)
[2020.07.22-21.36.19:211][169]BlueprintLog: New page: Compile Ue4ASP_Character
[2020.07.22-21.36.19:274][169]LogUObjectHash: Compacting FUObjectHashTables data took   2.29ms
[2020.07.22-21.36.19:719][196]LogSavePackage: Moving 'C:/Users/haoru/Desktop/TPSGame/firstgame/Saved/Ue4ASP_Character2BF06508448551C51ED56EBEA3F57A04.tmp' to 'C:/Users/haoru/Desktop/TPSGame/firstgame/Content/ThirdPersonBP/AnimStarterPack/Ue4ASP_Character.uasset'
[2020.07.22-21.36.19:733][196]AssetCheck: New page: Asset Save: Ue4ASP_Character
[2020.07.22-21.36.19:733][196]LogContentValidation: Display: Validating Blueprint /Game/ThirdPersonBP/AnimStarterPack/Ue4ASP_Character.Ue4ASP_Character
[2020.07.22-21.36.31:510][492]LogAssetEditorSubsystem: Opening Asset editor for AnimSequence /Game/ThirdPersonBP/AnimStarterPack/Reload_Rifle_Hip.Reload_Rifle_Hip
[2020.07.22-21.36.31:527][492]LogContentBrowser: Native class hierarchy updated for 'SkeletonEditor' in 0.0004 seconds. Added 1 classes and 2 folders.
[2020.07.22-21.36.31:670][492]LogActorComponent: RegisterComponentWithWorld: (/Engine/Transient.World_5:PersistentLevel.AnimationEditorPreviewActor_0.DebugSkelMeshComponent_0) Already registered. Aborting.
[2020.07.22-21.36.31:675][492]LogContentBrowser: Native class hierarchy updated for 'PinnedCommandList' in 0.0003 seconds. Added 1 classes and 0 folders.
[2020.07.22-21.36.31:728][492]LogSkeletalMesh: USkeletalMeshComponent::InitArticulated : Bodies already created (/Engine/Transient.World_5:PersistentLevel.AnimationEditorPreviewActor_0.DebugSkelMeshComponent_0) - call TermArticulated first.
[2020.07.22-21.36.32:365][492]LogContentBrowser: Verbose: The majority of assets in the view are of type: AnimSequence
[2020.07.22-21.39.05:129][ 63]BlueprintLog: New page: Compile Ue4ASP_Character
[2020.07.22-21.39.05:222][ 63]LogUObjectHash: Compacting FUObjectHashTables data took   3.88ms
[2020.07.22-21.39.06:059][122]LogSavePackage: Moving 'C:/Users/haoru/Desktop/TPSGame/firstgame/Saved/Ue4ASP_CharacterFE22224641E3114358A7C8988E9915D1.tmp' to 'C:/Users/haoru/Desktop/TPSGame/firstgame/Content/ThirdPersonBP/AnimStarterPack/Ue4ASP_Character.uasset'
[2020.07.22-21.39.06:072][122]AssetCheck: New page: Asset Save: Ue4ASP_Character
[2020.07.22-21.39.06:072][122]LogContentValidation: Display: Validating Blueprint /Game/ThirdPersonBP/AnimStarterPack/Ue4ASP_Character.Ue4ASP_Character
[2020.07.22-21.39.09:221][439]LogTemp: Repeating last play command: Selected Viewport
[2020.07.22-21.39.09:243][439]LogPlayLevel: PlayLevel: No blueprints needed recompiling
[2020.07.22-21.39.09:244][439]PIE: New page: PIE session: ThirdPersonExampleMap (Jul 22, 2020, 7:39:09 AM)
[2020.07.22-21.39.09:246][439]LogOnline: OSS: Creating online subsystem instance for: NULL
[2020.07.22-21.39.09:248][439]LogOnline: OSS: TryLoadSubsystemAndSetDefault: Loaded subsystem for module [NULL]
[2020.07.22-21.39.09:250][439]LogPlayLevel: Creating play world package: /Game/ThirdPersonBP/Maps/UEDPIE_0_ThirdPersonExampleMap
[2020.07.22-21.39.09:264][439]LogPlayLevel: PIE: StaticDuplicateObject took: (0.014646s)
[2020.07.22-21.39.09:266][439]LogAIModule: Creating AISystem for world ThirdPersonExampleMap
[2020.07.22-21.39.09:266][439]LogAISub: UAISubsystem::UAISubsystem EnvQueryManager (000001FCCA9FBA00), frame # 22439
[2020.07.22-21.39.09:266][439]LogAISub: UAISubsystem::UAISubsystem AIPerceptionSystem (000001FC89956340), frame # 22439
[2020.07.22-21.39.09:266][439]LogPlayLevel: PIE: World Init took: (0.001387s)
[2020.07.22-21.39.09:266][439]LogPlayLevel: PIE: Created PIE world by copying editor world from /Game/ThirdPersonBP/Maps/ThirdPersonExampleMap.ThirdPersonExampleMap to /Game/ThirdPersonBP/Maps/UEDPIE_0_ThirdPersonExampleMap.ThirdPersonExampleMap (0.016186s)
[2020.07.22-21.39.09:297][439]LogUObjectHash: Compacting FUObjectHashTables data took   3.50ms
[2020.07.22-21.39.09:301][439]LogAudioMixer: Display: Audio Mixer Platform Settings:
[2020.07.22-21.39.09:301][439]LogAudioMixer: Display: 	Sample Rate:						  48000
[2020.07.22-21.39.09:301][439]LogAudioMixer: Display: 	Callback Buffer Frame Size Requested: 1024
[2020.07.22-21.39.09:301][439]LogAudioMixer: Display: 	Callback Buffer Frame Size To Use:	  1024
[2020.07.22-21.39.09:301][439]LogAudioMixer: Display: 	Number of buffers to queue:			  2
[2020.07.22-21.39.09:301][439]LogAudioMixer: Display: 	Max Channels (voices):				  32
[2020.07.22-21.39.09:301][439]LogAudioMixer: Display: 	Number of Async Source Workers:		  0
[2020.07.22-21.39.09:301][439]LogAudio: Display: AudioDevice MaxSources: 32
[2020.07.22-21.39.09:302][439]LogAudio: Display: Using built-in audio occlusion.
[2020.07.22-21.39.09:302][439]LogAudioMixer: Display: Initializing audio mixer.
[2020.07.22-21.39.09:306][439]LogAudioMixer: Display: 0: FrontLeft
[2020.07.22-21.39.09:306][439]LogAudioMixer: Display: 1: FrontRight
[2020.07.22-21.39.09:306][439]LogAudioMixer: Display: 2: FrontCenter
[2020.07.22-21.39.09:306][439]LogAudioMixer: Display: 3: LowFrequency
[2020.07.22-21.39.09:306][439]LogAudioMixer: Display: 4: BackLeft
[2020.07.22-21.39.09:306][439]LogAudioMixer: Display: 5: BackRight
[2020.07.22-21.39.09:306][439]LogAudioMixer: Display: 6: SideLeft
[2020.07.22-21.39.09:306][439]LogAudioMixer: Display: 7: SideRight
[2020.07.22-21.39.09:327][439]LogAudioMixer: Display: Using Audio Device Speakers (7.1 Surround Sound)
[2020.07.22-21.39.09:328][439]LogAudioMixer: Display: Initializing Sound Submixes...
[2020.07.22-21.39.09:328][439]LogAudioMixer: Display: Creating Master Submix 'MasterSubmixDefault'
[2020.07.22-21.39.09:328][439]LogAudioMixer: Display: Creating Master Submix 'MasterReverbSubmixDefault'
[2020.07.22-21.39.09:328][439]LogAudioMixer: Display: Creating Master Submix 'MasterEQSubmixDefault'
[2020.07.22-21.39.09:339][439]LogInit: FAudioDevice initialized.
[2020.07.22-21.39.09:364][439]LogLoad: Game class is 'ThirdPersonGameMode_C'
[2020.07.22-21.39.09:366][439]LogWorld: Bringing World /Game/ThirdPersonBP/Maps/UEDPIE_0_ThirdPersonExampleMap.ThirdPersonExampleMap up for play (max tick rate 0) at 2020.07.22-14.39.09
[2020.07.22-21.39.09:379][439]LogWorld: Bringing up level for play took: 0.014552
[2020.07.22-21.39.09:381][439]LogOnline: OSS: Creating online subsystem instance for: :Context_11
[2020.07.22-21.39.09:401][439]LogContentBrowser: Native class hierarchy updated for 'MovieSceneCapture' in 0.0003 seconds. Added 20 classes and 0 folders.
[2020.07.22-21.39.09:420][439]PIE: Server logged in
[2020.07.22-21.39.09:422][439]PIE: Play in editor total start time 0.183 seconds.
[2020.07.22-21.39.09:773][441]LogScript: Warning: Accessed None trying to read property EquipedWeapon
	Ue4ASP_Character_C /Game/ThirdPersonBP/Maps/UEDPIE_0_ThirdPersonExampleMap.ThirdPersonExampleMap:PersistentLevel.Ue4ASP_Character_C_0
	Function /Game/ThirdPersonBP/AnimStarterPack/Ue4ASP_Character.Ue4ASP_Character_C:ExecuteUbergraph_Ue4ASP_Character:0207
[2020.07.22-21.39.09:773][441]PIE: Error: Blueprint Runtime Error: "Accessed None trying to read property EquipedWeapon". Blueprint:  Ue4ASP_Character Function:  Execute Ubergraph Ue 4ASP Character Graph:  EventGraph Node:  Branch
[2020.07.22-21.39.12:008][707]LogScript: Warning: Accessed None trying to read property K2Node_DynamicCast_AsUe_4ASP_Character
	AK47_BP_C /Game/ThirdPersonBP/Maps/UEDPIE_0_ThirdPersonExampleMap.ThirdPersonExampleMap:PersistentLevel.AK47_BP_C_0
	Function /Game/ThirdPersonBP/Blueprints/Weapons/Weapon_Base.Weapon_Base_C:Reload:01F0
[2020.07.22-21.39.12:008][707]PIE: Error: Blueprint Runtime Error: "Accessed None trying to read property K2Node_DynamicCast_AsUe_4ASP_Character". Blueprint:  Weapon_Base Function:  Reload Graph:  Reload Node:  Return Node
[2020.07.22-21.39.15:942][179]LogScript: Warning: Accessed None trying to read property K2Node_DynamicCast_AsUe_4ASP_Character
	AK47_BP_C /Game/ThirdPersonBP/Maps/UEDPIE_0_ThirdPersonExampleMap.ThirdPersonExampleMap:PersistentLevel.AK47_BP_C_0
	Function /Game/ThirdPersonBP/Blueprints/Weapons/Weapon_Base.Weapon_Base_C:Reload:01F0
[2020.07.22-21.39.15:942][179]PIE: Error: Blueprint Runtime Error: "Accessed None trying to read property K2Node_DynamicCast_AsUe_4ASP_Character". Blueprint:  Weapon_Base Function:  Reload Graph:  Reload Node:  Return Node
[2020.07.22-21.39.19:591][616]LogScript: Warning: Accessed None trying to read property K2Node_DynamicCast_AsUe_4ASP_Character
	AK47_BP_C /Game/ThirdPersonBP/Maps/UEDPIE_0_ThirdPersonExampleMap.ThirdPersonExampleMap:PersistentLevel.AK47_BP_C_0
	Function /Game/ThirdPersonBP/Blueprints/Weapons/Weapon_Base.Weapon_Base_C:Reload:01F0
[2020.07.22-21.39.19:591][616]PIE: Error: Blueprint Runtime Error: "Accessed None trying to read property K2Node_DynamicCast_AsUe_4ASP_Character". Blueprint:  Weapon_Base Function:  Reload Graph:  Reload Node:  Return Node
[2020.07.22-21.39.23:911][134]LogScript: Warning: Accessed None trying to read property K2Node_DynamicCast_AsUe_4ASP_Character
	AK47_BP_C /Game/ThirdPersonBP/Maps/UEDPIE_0_ThirdPersonExampleMap.ThirdPersonExampleMap:PersistentLevel.AK47_BP_C_0
	Function /Game/ThirdPersonBP/Blueprints/Weapons/Weapon_Base.Weapon_Base_C:Reload:01F0
[2020.07.22-21.39.23:911][134]PIE: Error: Blueprint Runtime Error: "Accessed None trying to read property K2Node_DynamicCast_AsUe_4ASP_Character". Blueprint:  Weapon_Base Function:  Reload Graph:  Reload Node:  Return Node
[2020.07.22-21.39.27:846][602]LogSlate: Updating window title bar state: overlay mode, drag disabled, window buttons hidden, title bar hidden
[2020.07.22-21.39.27:846][602]LogWorld: BeginTearingDown for /Game/ThirdPersonBP/Maps/UEDPIE_0_ThirdPersonExampleMap
[2020.07.22-21.39.27:846][602]LogWorld: UWorld::CleanupWorld for ThirdPersonExampleMap, bSessionEnded=true, bCleanupResources=true
[2020.07.22-21.39.27:847][602]LogSlate: InvalidateAllWidgets triggered.  All widgets were invalidated
[2020.07.22-21.39.27:858][602]LogPlayLevel: Display: Shutting down PIE online subsystems
[2020.07.22-21.39.27:864][602]LogSlate: InvalidateAllWidgets triggered.  All widgets were invalidated
[2020.07.22-21.39.27:907][602]LogSlate: Updating window title bar state: overlay mode, drag disabled, window buttons hidden, title bar hidden
[2020.07.22-21.39.27:917][602]LogAISub: UAISubsystem::~UAISubsystem AIPerceptionSystem (000001FC89956340), frame # 24602
[2020.07.22-21.39.27:917][602]LogAISub: UAISubsystem::~UAISubsystem EnvQueryManager (000001FCCA9FBA00), frame # 24602
[2020.07.22-21.39.27:954][602]LogUObjectHash: Compacting FUObjectHashTables data took   4.91ms
[2020.07.22-21.39.28:070][603]LogPlayLevel: Display: Destroying online subsystem :Context_11
[2020.07.22-21.39.30:099][819]LogSlate: Window 'Message Log' being destroyed
[2020.07.22-21.39.30:103][819]LogSlate: Window 'Message Log' being destroyed
[2020.07.22-21.39.40:575][124]LogAssetEditorSubsystem: Opening Asset editor for AnimBlueprint /Game/ThirdPersonBP/AnimStarterPack/UE4ASP_HeroTPP_AnimBlueprint.UE4ASP_HeroTPP_AnimBlueprint
[2020.07.22-21.39.40:581][124]LogActorComponent: RegisterComponentWithWorld: (/Engine/Transient.World_11:PersistentLevel.AnimationEditorPreviewActor_0.DebugSkelMeshComponent_0) Already registered. Aborting.
[2020.07.22-21.39.40:944][124]LogSkeletalMesh: USkeletalMeshComponent::InitArticulated : Bodies already created (/Engine/Transient.World_11:PersistentLevel.AnimationEditorPreviewActor_0.DebugSkelMeshComponent_0) - call TermArticulated first.
[2020.07.22-21.39.41:262][124]LogContentBrowser: Verbose: The majority of assets in the view are of type: AnimSequence
[2020.07.22-21.40.16:811][730]LogSavePackage: Moving 'C:/Users/haoru/Desktop/TPSGame/firstgame/Saved/UE4ASP_HeroTPP_AnimBlueprint5C5B59444415D44CB64716A2F0DB881A.tmp' to 'C:/Users/haoru/Desktop/TPSGame/firstgame/Content/ThirdPersonBP/AnimStarterPack/UE4ASP_HeroTPP_AnimBlueprint.uasset'
[2020.07.22-21.40.16:828][730]AssetCheck: New page: Asset Save: UE4ASP_HeroTPP_AnimBlueprint
[2020.07.22-21.40.16:828][730]LogContentValidation: Display: Validating AnimBlueprint /Game/ThirdPersonBP/AnimStarterPack/UE4ASP_HeroTPP_AnimBlueprint.UE4ASP_HeroTPP_AnimBlueprint
[2020.07.22-21.41.15:036][227]LogUObjectHash: Compacting FUObjectHashTables data took   4.09ms
[2020.07.22-21.41.15:037][227]LogFileHelpers: Editor autosave (incl. sublevels) for '/Game/ThirdPersonBP/Maps/ThirdPersonExampleMap' took 0.055
[2020.07.22-21.41.15:038][227]OBJ SavePackage: Generating thumbnails for [1] asset(s) in package [/Game/ThirdPersonBP/AnimStarterPack/UE4ASP_HeroTPP_AnimBlueprint] ([1] browsable assets)...
[2020.07.22-21.41.15:046][227]OBJ SavePackage:     Rendered thumbnail for [AnimBlueprint /Game/ThirdPersonBP/AnimStarterPack/UE4ASP_HeroTPP_AnimBlueprint.UE4ASP_HeroTPP_AnimBlueprint]
[2020.07.22-21.41.15:046][227]OBJ SavePackage: Finished generating thumbnails for package [/Game/ThirdPersonBP/AnimStarterPack/UE4ASP_HeroTPP_AnimBlueprint]
[2020.07.22-21.41.15:134][227]LogSavePackage: Moving 'C:/Users/haoru/Desktop/TPSGame/firstgame/Saved/UE4ASP_HeroTPP_AnimBlueprint_AutD7B7F8CC4B5551A659C6B98C6C835D92.tmp' to 'C:/Users/haoru/Desktop/TPSGame/firstgame/Saved/Autosaves/Game/ThirdPersonBP/AnimStarterPack/UE4ASP_HeroTPP_AnimBlueprint_Auto1.uasset'
[2020.07.22-21.41.15:136][227]LogFileHelpers: Auto-saving content packages took 0.099
[2020.07.22-21.43.27:674][324]BlueprintLog: New page: Compile UE4ASP_HeroTPP_AnimBlueprint
[2020.07.22-21.43.27:691][324]LogBlueprint: Warning: [Compiler UE4ASP_HeroTPP_AnimBlueprint] Idle to Reload  will never be taken, please connect something to  Can Enter Transition
[2020.07.22-21.43.27:691][324]LogBlueprint: Warning: [Compiler UE4ASP_HeroTPP_AnimBlueprint] Jog to Reload  will never be taken, please connect something to  Can Enter Transition
[2020.07.22-21.43.27:691][324]LogBlueprint: Warning: [Compiler UE4ASP_HeroTPP_AnimBlueprint] Reload to Idle  will never be taken, please connect something to  Can Enter Transition
[2020.07.22-21.43.27:691][324]LogBlueprint: Warning: [Compiler UE4ASP_HeroTPP_AnimBlueprint] Reload to Jog  will never be taken, please connect something to  Can Enter Transition
[2020.07.22-21.43.27:744][324]LogUObjectHash: Compacting FUObjectHashTables data took   2.74ms
[2020.07.22-21.43.28:319][355]LogSavePackage: Moving 'C:/Users/haoru/Desktop/TPSGame/firstgame/Saved/UE4ASP_HeroTPP_AnimBlueprintDFF5EFC648484334185F78860C500FBB.tmp' to 'C:/Users/haoru/Desktop/TPSGame/firstgame/Content/ThirdPersonBP/AnimStarterPack/UE4ASP_HeroTPP_AnimBlueprint.uasset'
[2020.07.22-21.43.28:334][355]AssetCheck: New page: Asset Save: UE4ASP_HeroTPP_AnimBlueprint
[2020.07.22-21.43.28:334][355]LogContentValidation: Display: Validating AnimBlueprint /Game/ThirdPersonBP/AnimStarterPack/UE4ASP_HeroTPP_AnimBlueprint.UE4ASP_HeroTPP_AnimBlueprint
[2020.07.22-21.43.43:628][453]LogEditorTransaction: Undo Move Node
[2020.07.22-21.43.43:799][453]LogActorComponent: RegisterComponentWithWorld: (/Engine/Transient.World_5:PersistentLevel.AnimationEditorPreviewActor_0.DebugSkelMeshComponent_0) Already registered. Aborting.
[2020.07.22-21.43.43:807][453]LogActorComponent: RegisterComponentWithWorld: (/Engine/Transient.World_11:PersistentLevel.AnimationEditorPreviewActor_0.DebugSkelMeshComponent_0) Already registered. Aborting.
[2020.07.22-21.43.43:892][454]LogEditorTransaction: Undo Create Pin Link
[2020.07.22-21.43.44:061][454]LogActorComponent: RegisterComponentWithWorld: (/Engine/Transient.World_5:PersistentLevel.AnimationEditorPreviewActor_0.DebugSkelMeshComponent_0) Already registered. Aborting.
[2020.07.22-21.43.44:073][454]LogActorComponent: RegisterComponentWithWorld: (/Engine/Transient.World_11:PersistentLevel.AnimationEditorPreviewActor_0.DebugSkelMeshComponent_0) Already registered. Aborting.
[2020.07.22-21.43.44:076][454]LogEditorTransaction: Undo Create Pin Link
[2020.07.22-21.43.44:243][454]LogActorComponent: RegisterComponentWithWorld: (/Engine/Transient.World_5:PersistentLevel.AnimationEditorPreviewActor_0.DebugSkelMeshComponent_0) Already registered. Aborting.
[2020.07.22-21.43.44:256][454]LogActorComponent: RegisterComponentWithWorld: (/Engine/Transient.World_11:PersistentLevel.AnimationEditorPreviewActor_0.DebugSkelMeshComponent_0) Already registered. Aborting.
[2020.07.22-21.44.22:711][251]BlueprintLog: New page: Compile UE4ASP_HeroTPP_AnimBlueprint
[2020.07.22-21.44.22:728][251]LogBlueprint: Warning: [Compiler UE4ASP_HeroTPP_AnimBlueprint] Idle to Reload  will never be taken, please connect something to  Can Enter Transition
[2020.07.22-21.44.22:728][251]LogBlueprint: Warning: [Compiler UE4ASP_HeroTPP_AnimBlueprint] Jog to Reload  will never be taken, please connect something to  Can Enter Transition
[2020.07.22-21.44.22:728][251]LogBlueprint: Warning: [Compiler UE4ASP_HeroTPP_AnimBlueprint] Reload to Idle  will never be taken, please connect something to  Can Enter Transition
[2020.07.22-21.44.22:728][251]LogBlueprint: Warning: [Compiler UE4ASP_HeroTPP_AnimBlueprint] Reload to Jog  will never be taken, please connect something to  Can Enter Transition
[2020.07.22-21.44.22:782][251]LogUObjectHash: Compacting FUObjectHashTables data took   3.53ms
[2020.07.22-21.44.23:268][273]LogSavePackage: Moving 'C:/Users/haoru/Desktop/TPSGame/firstgame/Saved/UE4ASP_HeroTPP_AnimBlueprint7362B1C342185A742AC2298D1270309F.tmp' to 'C:/Users/haoru/Desktop/TPSGame/firstgame/Content/ThirdPersonBP/AnimStarterPack/UE4ASP_HeroTPP_AnimBlueprint.uasset'
[2020.07.22-21.44.23:286][273]AssetCheck: New page: Asset Save: UE4ASP_HeroTPP_AnimBlueprint
[2020.07.22-21.44.23:286][273]LogContentValidation: Display: Validating AnimBlueprint /Game/ThirdPersonBP/AnimStarterPack/UE4ASP_HeroTPP_AnimBlueprint.UE4ASP_HeroTPP_AnimBlueprint
[2020.07.22-21.44.40:848][534]BlueprintLog: New page: Compile UE4ASP_HeroTPP_AnimBlueprint
[2020.07.22-21.44.40:864][534]LogBlueprint: Warning: [Compiler UE4ASP_HeroTPP_AnimBlueprint] Idle to Reload  will never be taken, please connect something to  Can Enter Transition
[2020.07.22-21.44.40:864][534]LogBlueprint: Warning: [Compiler UE4ASP_HeroTPP_AnimBlueprint] Jog to Reload  will never be taken, please connect something to  Can Enter Transition
[2020.07.22-21.44.40:864][534]LogBlueprint: Warning: [Compiler UE4ASP_HeroTPP_AnimBlueprint] Reload to Idle  will never be taken, please connect something to  Can Enter Transition
[2020.07.22-21.44.40:864][534]LogBlueprint: Warning: [Compiler UE4ASP_HeroTPP_AnimBlueprint] Reload to Jog  will never be taken, please connect something to  Can Enter Transition
[2020.07.22-21.44.40:917][534]LogUObjectHash: Compacting FUObjectHashTables data took   3.58ms
[2020.07.22-21.44.41:603][572]LogSavePackage: Moving 'C:/Users/haoru/Desktop/TPSGame/firstgame/Saved/UE4ASP_HeroTPP_AnimBlueprint3CD18ADE4038B27C10E0FDBBF155B55F.tmp' to 'C:/Users/haoru/Desktop/TPSGame/firstgame/Content/ThirdPersonBP/AnimStarterPack/UE4ASP_HeroTPP_AnimBlueprint.uasset'
[2020.07.22-21.44.41:617][572]AssetCheck: New page: Asset Save: UE4ASP_HeroTPP_AnimBlueprint
[2020.07.22-21.44.41:617][572]LogContentValidation: Display: Validating AnimBlueprint /Game/ThirdPersonBP/AnimStarterPack/UE4ASP_HeroTPP_AnimBlueprint.UE4ASP_HeroTPP_AnimBlueprint
[2020.07.22-21.44.45:764][873]LogWorld: UWorld::CleanupWorld for World_5, bSessionEnded=true, bCleanupResources=true
[2020.07.22-21.44.45:764][873]LogSlate: InvalidateAllWidgets triggered.  All widgets were invalidated
[2020.07.22-21.44.45:807][873]LogWorld: UWorld::CleanupWorld for World_9, bSessionEnded=true, bCleanupResources=true
[2020.07.22-21.44.45:807][873]LogSlate: InvalidateAllWidgets triggered.  All widgets were invalidated
[2020.07.22-21.44.45:962][873]LogWorld: UWorld::CleanupWorld for World_6, bSessionEnded=true, bCleanupResources=true
[2020.07.22-21.44.45:962][873]LogSlate: InvalidateAllWidgets triggered.  All widgets were invalidated
[2020.07.22-21.44.54:450][598]LogRHI: Error: Present Fail Count 1
[2020.07.22-21.44.54:450][598]LogRHI: Error: SyncInterval 0
[2020.07.22-21.44.54:450][598]LogRHI: Error: SwapChainDesc.BufferDesc.Width 152
[2020.07.22-21.44.54:450][598]LogRHI: Error: SwapChainDesc.BufferDesc.Height 26
[2020.07.22-21.44.54:450][598]LogRHI: Error: SwapChainDesc.BufferDesc.RefreshRate.Numerator 0
[2020.07.22-21.44.54:450][598]LogRHI: Error: SwapChainDesc.BufferDesc.RefreshRate.Denominator 0
[2020.07.22-21.44.54:450][598]LogRHI: Error: SwapChainDesc.BufferDesc.Format 24
[2020.07.22-21.44.54:450][598]LogRHI: Error: SwapChainDesc.BufferDesc.ScanlineOrdering 0
[2020.07.22-21.44.54:450][598]LogRHI: Error: SwapChainDesc.BufferDesc.Scaling 0
[2020.07.22-21.44.54:450][598]LogRHI: Error: SwapChainDesc.SampleDesc.Count 1
[2020.07.22-21.44.54:450][598]LogRHI: Error: SwapChainDesc.SampleDesc.Quality 0
[2020.07.22-21.44.54:450][598]LogRHI: Error: SwapChainDesc.BufferUsage 48
[2020.07.22-21.44.54:450][598]LogRHI: Error: SwapChainDesc.BufferCount 2
[2020.07.22-21.44.54:450][598]LogRHI: Error: SwapChainDesc.OutputWindow 00000000002A070C
[2020.07.22-21.44.54:450][598]LogRHI: Error: SwapChainDesc.Windowed true
[2020.07.22-21.44.54:450][598]LogRHI: Error: SwapChainDesc.SwapEffect 4
[2020.07.22-21.44.54:450][598]LogRHI: Error: SwapChainDesc.Flags 2050
[2020.07.22-21.44.54:450][598]LogD3D11RHI: Error: Result failed 
 at D:/Build/++UE4+Licensee/Sync/Engine/Source/Runtime/Windows/D3D11RHI/Private/D3D11Query.cpp:348 
 with error DXGI_ERROR_DEVICE_REMOVED DXGI_ERROR_DRIVER_INTERNAL_ERROR
[2020.07.22-21.44.54:450][598]LogWindows: Windows GetLastError: The operation completed successfully. (0)
[2020.07.22-21.44.55:799][598]LogWindows: FPlatformMisc::RequestExit(0)
[2020.07.22-21.44.55:799][598]LogCore: Engine exit requested (reason: Win RequestExit)
[2020.07.22-21.44.55:799][598]LogWindows: Error: Error reentered: Assertion failed: Result >= 0 [File:D:/Build/++UE4+Licensee/Sync/Engine/Source/Runtime/RHI/Private/PipelineStateCache.cpp] [Line: 1258] 


[2020.07.22-21.44.55:799][598]LogOutputDevice: Warning: 

Script Stack (0 frames):

[2020.07.22-21.44.55:799][598]LogWindows: Windows GetLastError: The operation completed successfully. (0)
[2020.07.22-21.44.55:799][598]LogWindows: FPlatformMisc::RequestExit(0)
[2020.07.22-21.44.55:799][598]LogCore: Engine exit requested (reason: Win RequestExit; note: exit was already requested)
[2020.07.22-21.44.55:801][598]LogOutputDevice: Warning: 

Script Stack (0 frames):

[2020.07.22-21.44.55:801][598]LogWindows: Windows GetLastError: The operation completed successfully. (0)
[2020.07.22-21.44.55:801][598]LogWindows: FPlatformMisc::RequestExit(0)
[2020.07.22-21.44.55:801][598]LogCore: Engine exit requested (reason: Win RequestExit; note: exit was already requested)
[2020.07.22-21.44.55:802][598]LogOutputDevice: Warning: 

Script Stack (0 frames):

[2020.07.22-21.44.55:802][598]LogWindows: Windows GetLastError: The operation completed successfully. (0)
[2020.07.22-21.44.55:802][598]LogWindows: FPlatformMisc::RequestExit(0)
[2020.07.22-21.44.55:802][598]LogCore: Engine exit requested (reason: Win RequestExit; note: exit was already requested)
[2020.07.22-21.44.55:804][598]LogWindows: FPlatformMisc::RequestExit(0)
[2020.07.22-21.44.55:804][598]LogCore: Engine exit requested (reason: Win RequestExit; note: exit was already requested)
[2020.07.22-21.44.55:804][598]LogOutputDevice: Warning: 

Script Stack (0 frames):

[2020.07.22-21.44.55:804][598]LogWindows: Windows GetLastError: The operation completed successfully. (0)
[2020.07.22-21.44.55:804][598]LogThreadingWindows: Error: Runnable thread RenderThread 10 crashed.
[2020.07.22-21.44.55:804][598]LogWindows: Error: === Critical error: ===
[2020.07.22-21.44.55:805][598]LogWindows: Error: 
[2020.07.22-21.44.55:805][598]LogWindows: Error: Fatal error: [File:D:/Build/++UE4+Licensee/Sync/Engine/Source/Runtime/RenderCore/Private/RenderingThread.cpp] [Line: 855] 
[2020.07.22-21.44.55:805][598]LogWindows: Error: Rendering thread exception:
[2020.07.22-21.44.55:805][598]LogWindows: Error: Assertion failed: Status < (sizeof(*RtlpNumberOf(AftermathReason))) [File:D:/Build/++UE4+Licensee/Sync/Engine/Source/Runtime/Windows/D3D11RHI/Private/D3D11RHI.cpp] [Line: 667] 
[2020.07.22-21.44.55:805][598]LogWindows: Error: 
[2020.07.22-21.44.55:805][598]LogWindows: Error: 
[2020.07.22-21.44.55:805][598]LogWindows: Error: 
[2020.07.22-21.44.55:805][598]LogWindows: Error: Unhandled Exception: 0x00008000
[2020.07.22-21.44.55:805][598]LogWindows: Error: 
[2020.07.22-21.44.55:805][598]LogWindows: Error: [Callstack] 0x00007ffa5435a799 KERNELBASE.dll!UnknownFunction []
[2020.07.22-21.44.55:805][598]LogWindows: Error: [Callstack] 0x00007ff9f9e10347 UE4Editor-Core.dll!UnknownFunction []
[2020.07.22-21.44.55:805][598]LogWindows: Error: [Callstack] 0x00007ff9f9e11f21 UE4Editor-Core.dll!UnknownFunction []
[2020.07.22-21.44.55:805][598]LogWindows: Error: [Callstack] 0x00007ff9f9b9e53d UE4Editor-Core.dll!UnknownFunction []
[2020.07.22-21.44.55:805][598]LogWindows: Error: [Callstack] 0x00007ff9f9b297b5 UE4Editor-Core.dll!UnknownFunction []
[2020.07.22-21.44.55:805][598]LogWindows: Error: [Callstack] 0x00007ff9f9b2baf0 UE4Editor-Core.dll!UnknownFunction []
[2020.07.22-21.44.55:805][598]LogWindows: Error: [Callstack] 0x00007ff9ec8b67a3 UE4Editor-D3D11RHI.dll!UnknownFunction []
[2020.07.22-21.44.55:805][598]LogWindows: Error: [Callstack] 0x00007ff9ec8edf74 UE4Editor-D3D11RHI.dll!UnknownFunction []
[2020.07.22-21.44.55:805][598]LogWindows: Error: [Callstack] 0x00007ff9ec8f2b3b UE4Editor-D3D11RHI.dll!UnknownFunction []
[2020.07.22-21.44.55:805][598]LogWindows: Error: [Callstack] 0x00007ff9ec8c8a7e UE4Editor-D3D11RHI.dll!UnknownFunction []
[2020.07.22-21.44.55:805][598]LogWindows: Error: [Callstack] 0x00007ff9ec8de19d UE4Editor-D3D11RHI.dll!UnknownFunction []
[2020.07.22-21.44.55:805][598]LogWindows: Error: [Callstack] 0x00007ffa27c27a76 UE4Editor-RHI.dll!UnknownFunction []
[2020.07.22-21.44.55:805][598]LogWindows: Error: [Callstack] 0x00007ffa27c2bb50 UE4Editor-RHI.dll!UnknownFunction []
[2020.07.22-21.44.55:805][598]LogWindows: Error: [Callstack] 0x00007ffa27c2b684 UE4Editor-RHI.dll!UnknownFunction []
[2020.07.22-21.44.55:805][598]LogWindows: Error: [Callstack] 0x00007ffa27c2c776 UE4Editor-RHI.dll!UnknownFunction []
[2020.07.22-21.44.55:805][598]LogWindows: Error: [Callstack] 0x00007ffa27c20559 UE4Editor-RHI.dll!UnknownFunction []
[2020.07.22-21.44.55:805][598]LogWindows: Error: [Callstack] 0x00007ff9ec56c1ae UE4Editor-SlateRHIRenderer.dll!UnknownFunction []
[2020.07.22-21.44.55:805][598]LogWindows: Error: [Callstack] 0x00007ff9ec5611f5 UE4Editor-SlateRHIRenderer.dll!UnknownFunction []
[2020.07.22-21.44.55:805][598]LogWindows: Error: [Callstack] 0x00007ff9ec573c0e UE4Editor-SlateRHIRenderer.dll!UnknownFunction []
[2020.07.22-21.44.55:805][598]LogWindows: Error: [Callstack] 0x00007ff9f99487d8 UE4Editor-Core.dll!UnknownFunction []
[2020.07.22-21.44.55:805][598]LogWindows: Error: [Callstack] 0x00007ff9f9948aa3 UE4Editor-Core.dll!UnknownFunction []
[2020.07.22-21.44.55:805][598]LogWindows: Error: [Callstack] 0x00007ffa0a11f892 UE4Editor-RenderCore.dll!UnknownFunction []
[2020.07.22-21.44.55:805][598]LogWindows: Error: [Callstack] 0x00007ffa0a1253d4 UE4Editor-RenderCore.dll!UnknownFunction []
[2020.07.22-21.44.55:805][598]LogWindows: Error: [Callstack] 0x00007ff9f9e3050b UE4Editor-Core.dll!UnknownFunction []
[2020.07.22-21.44.55:805][598]LogWindows: Error: [Callstack] 0x00007ff9f9e27ee0 UE4Editor-Core.dll!UnknownFunction []
[2020.07.22-21.44.55:805][598]LogWindows: Error: [Callstack] 0x00007ffa563f7bd4 KERNEL32.DLL!UnknownFunction []
[2020.07.22-21.44.55:805][598]LogWindows: Error: [Callstack] 0x00007ffa5716ce51 ntdll.dll!UnknownFunction []
[2020.07.22-21.44.55:805][598]LogWindows: Error: 
[2020.07.22-21.44.55:805][598]LogWindows: Error: 
[2020.07.22-21.44.55:805][598]LogWindows: Error: 
[2020.07.22-21.44.55:805][598]LogWindows: Error: 
[2020.07.22-21.44.55:805][598]LogWindows: Error: Crash in runnable thread RenderThread 10
[2020.07.22-21.44.55:809][598]LogWindows: FPlatformMisc::RequestExit(0)
[2020.07.22-21.44.55:809][598]LogCore: Engine exit requested (reason: Win RequestExit; note: exit was already requested)
[2020.07.22-21.44.55:810][598]LogOutputDevice: Warning: 

Script Stack (0 frames):

[2020.07.22-21.44.55:810][598]LogWindows: Windows GetLastError: The operation completed successfully. (0)
[2020.07.22-21.44.55:810][598]LogWindows: Error: HandleError re-entered.
[2020.07.22-21.44.55:810][598]LogWindows: FPlatformMisc::RequestExit(1)
[2020.07.22-21.44.55:810][598]LogCore: Engine exit requested (reason: Win RequestExit; note: exit was already requested)
[2020.07.22-21.44.55:820][598]Log file closed, 07/22/20 14:44:55
