Log file open, 07/18/20 22:01:09
LogInit: Display: Running engine for game: firstgame
LogPlatformFile: Not using cached read wrapper
LogTaskGraph: Started task graph with 5 named threads and 35 total threads with 3 sets of task threads.
LogStats: Stats thread started at 0.738461
LogD3D11RHI: Loaded GFSDK_Aftermath_Lib.x64.dll
LogICUInternationalization: ICU TimeZone Detection - Raw Offset: -8:00, Platform Override: ''
LogPluginManager: Mounting plugin Paper2D
LogPluginManager: Mounting plugin AISupport
LogPluginManager: Mounting plugin LightPropagationVolume
LogPluginManager: Mounting plugin CameraShakePreviewer
LogPluginManager: Mounting plugin ActorLayerUtilities
LogPluginManager: Mounting plugin AnimationSharing
LogPluginManager: Mounting plugin CLionSourceCodeAccess
LogPluginManager: Mounting plugin CodeLiteSourceCodeAccess
LogPluginManager: Mounting plugin GitSourceControl
LogPluginManager: Mounting plugin KDevelopSourceCodeAccess
LogPluginManager: Mounting plugin NullSourceCodeAccess
LogPluginManager: Mounting plugin PerforceSourceControl
LogPluginManager: Mounting plugin PlasticSourceControl
LogPluginManager: Mounting plugin RiderSourceCodeAccess
LogPluginManager: Mounting plugin SubversionSourceControl
LogPluginManager: Mounting plugin UObjectPlugin
LogPluginManager: Mounting plugin VisualStudioCodeSourceCodeAccess
LogPluginManager: Mounting plugin VisualStudioSourceCodeAccess
LogPluginManager: Mounting plugin XCodeSourceCodeAccess
LogPluginManager: Mounting plugin AssetManagerEditor
LogPluginManager: Mounting plugin CryptoKeys
LogPluginManager: Mounting plugin CurveEditorTools
LogPluginManager: Mounting plugin DataValidation
LogPluginManager: Mounting plugin EditorScriptingUtilities
LogPluginManager: Mounting plugin FacialAnimation
LogPluginManager: Mounting plugin GameplayTagsEditor
LogPluginManager: Mounting plugin GeometryMode
LogPluginManager: Mounting plugin MacGraphicsSwitching
LogPluginManager: Mounting plugin MaterialAnalyzer
LogPluginManager: Mounting plugin MobileLauncherProfileWizard
LogPluginManager: Mounting plugin PluginBrowser
LogPluginManager: Mounting plugin SpeedTreeImporter
LogPluginManager: Mounting plugin DatasmithContent
LogPluginManager: Mounting plugin VariantManagerContent
LogPluginManager: Mounting plugin AlembicImporter
LogPluginManager: Mounting plugin AutomationUtils
LogPluginManager: Mounting plugin BackChannel
LogPluginManager: Mounting plugin ChaosCloth
LogPluginManager: Mounting plugin ChaosClothEditor
LogPluginManager: Mounting plugin ChaosEditor
LogPluginManager: Mounting plugin ChaosNiagara
LogPluginManager: Mounting plugin ChaosSolverPlugin
LogPluginManager: Mounting plugin CharacterAI
LogPluginManager: Mounting plugin GeometryCache
LogPluginManager: Mounting plugin GeometryCollectionPlugin
LogPluginManager: Mounting plugin GeometryProcessing
LogPluginManager: Mounting plugin PlanarCut
LogPluginManager: Mounting plugin PlatformCrypto
LogPluginManager: Mounting plugin ProxyLODPlugin
LogPluginManager: Mounting plugin SkeletalReduction
LogPluginManager: Mounting plugin Niagara
LogPluginManager: Mounting plugin MagicLeap
LogPluginManager: Mounting plugin MagicLeapLightEstimation
LogPluginManager: Mounting plugin MagicLeapMedia
LogPluginManager: Mounting plugin MagicLeapPassableWorld
LogPluginManager: Mounting plugin MLSDK
LogPluginManager: Mounting plugin AndroidMedia
LogPluginManager: Mounting plugin AvfMedia
LogPluginManager: Mounting plugin ImgMedia
LogPluginManager: Mounting plugin MediaCompositing
LogPluginManager: Mounting plugin MediaPlayerEditor
LogPluginManager: Mounting plugin WebMMedia
LogPluginManager: Mounting plugin WmfMedia
LogPluginManager: Mounting plugin MeshPainting
LogPluginManager: Mounting plugin TcpMessaging
LogPluginManager: Mounting plugin UdpMessaging
LogPluginManager: Mounting plugin ActorSequence
LogPluginManager: Mounting plugin LevelSequenceEditor
LogPluginManager: Mounting plugin MatineeToLevelSequence
LogPluginManager: Mounting plugin MovieRenderPipeline
LogPluginManager: Mounting plugin TemplateSequence
LogPluginManager: Mounting plugin NetcodeUnitTest
LogPluginManager: Mounting plugin NUTUnrealEngine4
LogPluginManager: Mounting plugin OnlineSubsystemGooglePlay
LogPluginManager: Mounting plugin OnlineSubsystemIOS
LogPluginManager: Mounting plugin OnlineSubsystem
LogPluginManager: Mounting plugin OnlineSubsystemNull
LogPluginManager: Mounting plugin OnlineSubsystemUtils
LogPluginManager: Mounting plugin LauncherChunkInstaller
LogPluginManager: Mounting plugin AndroidDeviceProfileSelector
LogPluginManager: Mounting plugin AndroidMoviePlayer
LogPluginManager: Mounting plugin AndroidPermission
LogPluginManager: Mounting plugin AppleImageUtils
LogPluginManager: Mounting plugin AppleMoviePlayer
LogPluginManager: Mounting plugin ArchVisCharacter
LogPluginManager: Mounting plugin AssetTags
LogPluginManager: Mounting plugin AudioCapture
LogPluginManager: Mounting plugin CableComponent
LogPluginManager: Mounting plugin CustomMeshComponent
LogPluginManager: Mounting plugin EditableMesh
LogPluginManager: Mounting plugin ExampleDeviceProfileSelector
LogPluginManager: Mounting plugin GoogleCloudMessaging
LogPluginManager: Mounting plugin GooglePAD
LogPluginManager: Mounting plugin IOSDeviceProfileSelector
LogPluginManager: Mounting plugin LinuxDeviceProfileSelector
LogPluginManager: Mounting plugin LocationServicesBPLibrary
LogPluginManager: Mounting plugin MobilePatchingUtils
LogPluginManager: Mounting plugin OculusVR
LogPluginManager: Mounting plugin PhysXVehicles
LogPluginManager: Mounting plugin PostSplashScreen
LogPluginManager: Mounting plugin ProceduralMeshComponent
LogPluginManager: Mounting plugin RuntimePhysXCooking
LogPluginManager: Mounting plugin SignificanceManager
LogPluginManager: Mounting plugin SoundFields
LogPluginManager: Mounting plugin SteamVR
LogPluginManager: Mounting plugin Synthesis
LogPluginManager: Mounting plugin WebMMoviePlayer
LogPluginManager: Mounting plugin WindowsMoviePlayer
LogPluginManager: Mounting plugin ScreenshotTools
LogInit: Using libcurl 7.55.1-DEV
LogInit:  - built for x86_64-pc-win32
LogInit:  - supports SSL with OpenSSL/1.1.1
LogInit:  - supports HTTP deflate (compression) using libz 1.2.8
LogInit:  - other features:
LogInit:      CURL_VERSION_SSL
LogInit:      CURL_VERSION_LIBZ
LogInit:      CURL_VERSION_IPV6
LogInit:      CURL_VERSION_ASYNCHDNS
LogInit:      CURL_VERSION_LARGEFILE
LogInit:      CURL_VERSION_IDN
LogInit:  CurlRequestOptions (configurable via config and command line):
LogInit:  - bVerifyPeer = true  - Libcurl will verify peer certificate
LogInit:  - bUseHttpProxy = false  - Libcurl will NOT use HTTP proxy
LogInit:  - bDontReuseConnections = false  - Libcurl will reuse connections
LogInit:  - MaxHostConnections = 16  - Libcurl will limit the number of connections to a host
LogInit:  - LocalHostAddr = Default
LogInit:  - BufferSize = 65536
LogOnline: OSS: Creating online subsystem instance for: NULL
LogInit: WinSock: version 1.1 (2.2), MaxSocks=32767, MaxUdp=65467
LogOnline: OSS: TryLoadSubsystemAndSetDefault: Loaded subsystem for module [NULL]
LogInit: Build: ++UE4+Release-4.25-CL-13594126
LogInit: Engine Version: 4.25.1-13594126+++UE4+Release-4.25
LogInit: Compatible Engine Version: 4.25.0-13144385+++UE4+Release-4.25
LogInit: Net CL: 13144385
LogInit: OS: Windows 10 (Release 1909) (), CPU: AMD Ryzen 5 3600 6-Core Processor              , GPU: NVIDIA GeForce GTX 1660
LogInit: Compiled (64-bit): Jun  2 2020 02:10:36
LogInit: Compiled with Visual C++: 19.24.28315.00
LogInit: Build Configuration: Development
LogInit: Branch Name: ++UE4+Release-4.25
LogInit: Command Line:  -EpicPortal -epicusername=Madeincheese -epicuserid=bca6142b207148d29d71114de8c3e857 -epiclocale=zh-Hans
LogInit: Base Directory: D:/Epic Games/UE_4.25/Engine/Binaries/Win64/
LogInit: Allocator: TBB
LogInit: Installed Engine Build: 1
LogDevObjectVersion: Number of dev versions registered: 26
LogDevObjectVersion:   Dev-Blueprints (B0D832E4-1F89-4F0D-ACCF-7EB736FD4AA2): 10
LogDevObjectVersion:   Dev-Build (E1C64328-A22C-4D53-A36C-8E866417BD8C): 0
LogDevObjectVersion:   Dev-Core (375EC13C-06E4-48FB-B500-84F0262A717E): 4
LogDevObjectVersion:   Dev-Editor (E4B068ED-F494-42E9-A231-DA0B2E46BB41): 38
LogDevObjectVersion:   Dev-Framework (CFFC743F-43B0-4480-9391-14DF171D2073): 37
LogDevObjectVersion:   Dev-Mobile (B02B49B5-BB20-44E9-A304-32B752E40360): 2
LogDevObjectVersion:   Dev-Networking (A4E4105C-59A1-49B5-A7C5-40C4547EDFEE): 0
LogDevObjectVersion:   Dev-Online (39C831C9-5AE6-47DC-9A44-9C173E1C8E7C): 0
LogDevObjectVersion:   Dev-Physics (78F01B33-EBEA-4F98-B9B4-84EACCB95AA2): 4
LogDevObjectVersion:   Dev-Platform (6631380F-2D4D-43E0-8009-CF276956A95A): 0
LogDevObjectVersion:   Dev-Rendering (12F88B9F-8875-4AFC-A67C-D90C383ABD29): 43
LogDevObjectVersion:   Dev-Sequencer (7B5AE74C-D270-4C10-A958-57980B212A5A): 12
LogDevObjectVersion:   Dev-VR (D7296918-1DD6-4BDD-9DE2-64A83CC13884): 3
LogDevObjectVersion:   Dev-LoadTimes (C2A15278-BFE7-4AFE-6C17-90FF531DF755): 1
LogDevObjectVersion:   Private-Geometry (6EACA3D4-40EC-4CC1-B786-8BED09428FC5): 3
LogDevObjectVersion:   Dev-AnimPhys (29E575DD-E0A3-4627-9D10-D276232CDCEA): 17
LogDevObjectVersion:   Dev-Anim (AF43A65D-7FD3-4947-9873-3E8ED9C1BB05): 7
LogDevObjectVersion:   Dev-ReflectionCapture (6B266CEC-1EC7-4B8F-A30B-E4D90942FC07): 1
LogDevObjectVersion:   Dev-Automation (0DF73D61-A23F-47EA-B727-89E90C41499A): 1
LogDevObjectVersion:   FortniteMain (601D1886-AC64-4F84-AA16-D3DE0DEAC7D6): 31
LogDevObjectVersion:   Dev-Enterprise (9DFFBCD6-494F-0158-E221-12823C92A888): 10
LogDevObjectVersion:   Dev-Niagara (F2AED0AC-9AFE-416F-8664-AA7FFA26D6FC): 1
LogDevObjectVersion:   Dev-Destruction (174F1F0B-B4C6-45A5-B13F-2EE8D0FB917D): 10
LogDevObjectVersion:   Dev-Physics-Ext (35F94A83-E258-406C-A318-09F59610247C): 37
LogDevObjectVersion:   Dev-PhysicsMaterial-Chaos (B68FC16E-8B1B-42E2-B453-215C058844FE): 1
LogDevObjectVersion:   Dev-CineCamera (B2E18506-4273-CFC2-A54E-F4BB758BBA07): 1
LogInit: Presizing for max 25165824 objects, including 0 objects not considered by GC, pre-allocating 0 bytes for permanent pool.
LogConfig: Applying CVar settings from Section [/Script/Engine.StreamingSettings] File [C:/Users/haoru/Documents/Unreal Projects/firstgame/Saved/Config/Windows/Engine.ini]
LogConfig: Setting CVar [[s.MinBulkDataSizeForAsyncLoading:131072]]
LogConfig: Setting CVar [[s.AsyncLoadingThreadEnabled:0]]
LogConfig: Setting CVar [[s.EventDrivenLoaderEnabled:1]]
LogConfig: Setting CVar [[s.WarnIfTimeLimitExceeded:0]]
LogConfig: Setting CVar [[s.TimeLimitExceededMultiplier:1.5]]
LogConfig: Setting CVar [[s.TimeLimitExceededMinTime:0.005]]
LogConfig: Setting CVar [[s.UseBackgroundLevelStreaming:1]]
LogConfig: Setting CVar [[s.PriorityAsyncLoadingExtraTime:15.0]]
LogConfig: Setting CVar [[s.LevelStreamingActorsUpdateTimeLimit:5.0]]
LogConfig: Setting CVar [[s.PriorityLevelStreamingActorsUpdateExtraTime:5.0]]
LogConfig: Setting CVar [[s.LevelStreamingComponentsRegistrationGranularity:10]]
LogConfig: Setting CVar [[s.UnregisterComponentsTimeLimit:1.0]]
LogConfig: Setting CVar [[s.LevelStreamingComponentsUnregistrationGranularity:5]]
LogConfig: Setting CVar [[s.FlushStreamingOnExit:1]]
LogInit: Object subsystem initialized
LogConfig: Setting CVar [[con.DebugEarlyDefault:1]]
LogConfig: Setting CVar [[r.setres:1280x720]]
[2020.07.19-05.01.09:234][  0]LogConfig: Setting CVar [[r.VSync:0]]
[2020.07.19-05.01.09:234][  0]LogConfig: Setting CVar [[r.RHICmdBypass:0]]
[2020.07.19-05.01.09:234][  0]LogConfig: Applying CVar settings from Section [/Script/Engine.RendererSettings] File [C:/Users/haoru/Documents/Unreal Projects/firstgame/Saved/Config/Windows/Engine.ini]
[2020.07.19-05.01.09:234][  0]LogConfig: Setting CVar [[r.GPUCrashDebugging:0]]
[2020.07.19-05.01.09:234][  0]LogConfig: Applying CVar settings from Section [/Script/Engine.RendererOverrideSettings] File [C:/Users/haoru/Documents/Unreal Projects/firstgame/Saved/Config/Windows/Engine.ini]
[2020.07.19-05.01.09:234][  0]LogConfig: Applying CVar settings from Section [/Script/Engine.StreamingSettings] File [C:/Users/haoru/Documents/Unreal Projects/firstgame/Saved/Config/Windows/Engine.ini]
[2020.07.19-05.01.09:234][  0]LogConfig: Setting CVar [[s.MinBulkDataSizeForAsyncLoading:131072]]
[2020.07.19-05.01.09:234][  0]LogConfig: Setting CVar [[s.AsyncLoadingThreadEnabled:0]]
[2020.07.19-05.01.09:234][  0]LogConfig: Setting CVar [[s.EventDrivenLoaderEnabled:1]]
[2020.07.19-05.01.09:234][  0]LogConfig: Setting CVar [[s.WarnIfTimeLimitExceeded:0]]
[2020.07.19-05.01.09:234][  0]LogConfig: Setting CVar [[s.TimeLimitExceededMultiplier:1.5]]
[2020.07.19-05.01.09:234][  0]LogConfig: Setting CVar [[s.TimeLimitExceededMinTime:0.005]]
[2020.07.19-05.01.09:234][  0]LogConfig: Setting CVar [[s.UseBackgroundLevelStreaming:1]]
[2020.07.19-05.01.09:234][  0]LogConfig: Setting CVar [[s.PriorityAsyncLoadingExtraTime:15.0]]
[2020.07.19-05.01.09:234][  0]LogConfig: Setting CVar [[s.LevelStreamingActorsUpdateTimeLimit:5.0]]
[2020.07.19-05.01.09:234][  0]LogConfig: Setting CVar [[s.PriorityLevelStreamingActorsUpdateExtraTime:5.0]]
[2020.07.19-05.01.09:234][  0]LogConfig: Setting CVar [[s.LevelStreamingComponentsRegistrationGranularity:10]]
[2020.07.19-05.01.09:234][  0]LogConfig: Setting CVar [[s.UnregisterComponentsTimeLimit:1.0]]
[2020.07.19-05.01.09:234][  0]LogConfig: Setting CVar [[s.LevelStreamingComponentsUnregistrationGranularity:5]]
[2020.07.19-05.01.09:234][  0]LogConfig: Setting CVar [[s.FlushStreamingOnExit:1]]
[2020.07.19-05.01.09:234][  0]LogConfig: Applying CVar settings from Section [/Script/Engine.GarbageCollectionSettings] File [C:/Users/haoru/Documents/Unreal Projects/firstgame/Saved/Config/Windows/Engine.ini]
[2020.07.19-05.01.09:234][  0]LogConfig: Setting CVar [[gc.MaxObjectsNotConsideredByGC:1]]
[2020.07.19-05.01.09:234][  0]LogConfig: Setting CVar [[gc.SizeOfPermanentObjectPool:0]]
[2020.07.19-05.01.09:234][  0]LogConfig: Setting CVar [[gc.FlushStreamingOnGC:0]]
[2020.07.19-05.01.09:234][  0]LogConfig: Setting CVar [[gc.NumRetriesBeforeForcingGC:10]]
[2020.07.19-05.01.09:234][  0]LogConfig: Setting CVar [[gc.AllowParallelGC:1]]
[2020.07.19-05.01.09:234][  0]LogConfig: Setting CVar [[gc.TimeBetweenPurgingPendingKillObjects:61.1]]
[2020.07.19-05.01.09:234][  0]LogConfig: Setting CVar [[gc.MaxObjectsInEditor:25165824]]
[2020.07.19-05.01.09:234][  0]LogConfig: Setting CVar [[gc.IncrementalBeginDestroyEnabled:1]]
[2020.07.19-05.01.09:234][  0]LogConfig: Setting CVar [[gc.CreateGCClusters:1]]
[2020.07.19-05.01.09:234][  0]LogConfig: Setting CVar [[gc.MinGCClusterSize:5]]
[2020.07.19-05.01.09:234][  0]LogConfig: Setting CVar [[gc.ActorClusteringEnabled:0]]
[2020.07.19-05.01.09:234][  0]LogConfig: Setting CVar [[gc.BlueprintClusteringEnabled:0]]
[2020.07.19-05.01.09:234][  0]LogConfig: Setting CVar [[gc.UseDisregardForGCOnDedicatedServers:0]]
[2020.07.19-05.01.09:234][  0]LogConfig: Applying CVar settings from Section [/Script/Engine.NetworkSettings] File [C:/Users/haoru/Documents/Unreal Projects/firstgame/Saved/Config/Windows/Engine.ini]
[2020.07.19-05.01.09:234][  0]LogConfig: Applying CVar settings from Section [/Script/UnrealEd.CookerSettings] File [C:/Users/haoru/Documents/Unreal Projects/firstgame/Saved/Config/Windows/Engine.ini]
[2020.07.19-05.01.09:236][  0]LogConfig: Applying CVar settings from Section [ViewDistanceQuality@3] File [C:/Users/haoru/Documents/Unreal Projects/firstgame/Saved/Config/Windows/Scalability.ini]
[2020.07.19-05.01.09:236][  0]LogConfig: Setting CVar [[r.SkeletalMeshLODBias:0]]
[2020.07.19-05.01.09:236][  0]LogConfig: Setting CVar [[r.ViewDistanceScale:1.0]]
[2020.07.19-05.01.09:236][  0]LogConfig: Applying CVar settings from Section [AntiAliasingQuality@3] File [C:/Users/haoru/Documents/Unreal Projects/firstgame/Saved/Config/Windows/Scalability.ini]
[2020.07.19-05.01.09:236][  0]LogConfig: Setting CVar [[r.PostProcessAAQuality:4]]
[2020.07.19-05.01.09:236][  0]LogConfig: Applying CVar settings from Section [ShadowQuality@3] File [C:/Users/haoru/Documents/Unreal Projects/firstgame/Saved/Config/Windows/Scalability.ini]
[2020.07.19-05.01.09:236][  0]LogConfig: Setting CVar [[r.LightFunctionQuality:1]]
[2020.07.19-05.01.09:236][  0]LogConfig: Setting CVar [[r.ShadowQuality:5]]
[2020.07.19-05.01.09:236][  0]LogConfig: Setting CVar [[r.Shadow.CSM.MaxCascades:10]]
[2020.07.19-05.01.09:236][  0]LogConfig: Setting CVar [[r.Shadow.MaxResolution:2048]]
[2020.07.19-05.01.09:236][  0]LogConfig: Setting CVar [[r.Shadow.MaxCSMResolution:2048]]
[2020.07.19-05.01.09:236][  0]LogConfig: Setting CVar [[r.Shadow.RadiusThreshold:0.01]]
[2020.07.19-05.01.09:236][  0]LogConfig: Setting CVar [[r.Shadow.DistanceScale:1.0]]
[2020.07.19-05.01.09:236][  0]LogConfig: Setting CVar [[r.Shadow.CSM.TransitionScale:1.0]]
[2020.07.19-05.01.09:236][  0]LogConfig: Setting CVar [[r.Shadow.PreShadowResolutionFactor:1.0]]
[2020.07.19-05.01.09:236][  0]LogConfig: Setting CVar [[r.DistanceFieldShadowing:1]]
[2020.07.19-05.01.09:236][  0]LogConfig: Setting CVar [[r.DistanceFieldAO:1]]
[2020.07.19-05.01.09:236][  0]LogConfig: Setting CVar [[r.AOQuality:2]]
[2020.07.19-05.01.09:236][  0]LogConfig: Setting CVar [[r.VolumetricFog:1]]
[2020.07.19-05.01.09:236][  0]LogConfig: Setting CVar [[r.VolumetricFog.GridPixelSize:8]]
[2020.07.19-05.01.09:236][  0]LogConfig: Setting CVar [[r.VolumetricFog.GridSizeZ:128]]
[2020.07.19-05.01.09:236][  0]LogConfig: Setting CVar [[r.VolumetricFog.HistoryMissSupersampleCount:4]]
[2020.07.19-05.01.09:236][  0]LogConfig: Setting CVar [[r.LightMaxDrawDistanceScale:1]]
[2020.07.19-05.01.09:236][  0]LogConfig: Setting CVar [[r.CapsuleShadows:1]]
[2020.07.19-05.01.09:236][  0]LogConfig: Applying CVar settings from Section [PostProcessQuality@3] File [C:/Users/haoru/Documents/Unreal Projects/firstgame/Saved/Config/Windows/Scalability.ini]
[2020.07.19-05.01.09:236][  0]LogConfig: Setting CVar [[r.MotionBlurQuality:4]]
[2020.07.19-05.01.09:236][  0]LogConfig: Setting CVar [[r.AmbientOcclusionMipLevelFactor:0.4]]
[2020.07.19-05.01.09:236][  0]LogConfig: Setting CVar [[r.AmbientOcclusionMaxQuality:100]]
[2020.07.19-05.01.09:236][  0]LogConfig: Setting CVar [[r.AmbientOcclusionLevels:-1]]
[2020.07.19-05.01.09:236][  0]LogConfig: Setting CVar [[r.AmbientOcclusionRadiusScale:1.0]]
[2020.07.19-05.01.09:236][  0]LogConfig: Setting CVar [[r.DepthOfFieldQuality:2]]
[2020.07.19-05.01.09:236][  0]LogConfig: Setting CVar [[r.RenderTargetPoolMin:400]]
[2020.07.19-05.01.09:237][  0]LogConfig: Setting CVar [[r.LensFlareQuality:2]]
[2020.07.19-05.01.09:237][  0]LogConfig: Setting CVar [[r.SceneColorFringeQuality:1]]
[2020.07.19-05.01.09:237][  0]LogConfig: Setting CVar [[r.EyeAdaptationQuality:2]]
[2020.07.19-05.01.09:237][  0]LogConfig: Setting CVar [[r.BloomQuality:5]]
[2020.07.19-05.01.09:237][  0]LogConfig: Setting CVar [[r.FastBlurThreshold:100]]
[2020.07.19-05.01.09:237][  0]LogConfig: Setting CVar [[r.Upscale.Quality:3]]
[2020.07.19-05.01.09:237][  0]LogConfig: Setting CVar [[r.Tonemapper.GrainQuantization:1]]
[2020.07.19-05.01.09:237][  0]LogConfig: Setting CVar [[r.LightShaftQuality:1]]
[2020.07.19-05.01.09:237][  0]LogConfig: Setting CVar [[r.Filter.SizeScale:1]]
[2020.07.19-05.01.09:237][  0]LogConfig: Setting CVar [[r.Tonemapper.Quality:5]]
[2020.07.19-05.01.09:237][  0]LogConfig: Setting CVar [[r.DOF.Gather.AccumulatorQuality:1        ; higher gathering accumulator quality]]
[2020.07.19-05.01.09:237][  0]LogConfig: Setting CVar [[r.DOF.Gather.PostfilterMethod:1          ; Median3x3 postfilering method]]
[2020.07.19-05.01.09:237][  0]LogConfig: Setting CVar [[r.DOF.Gather.EnableBokehSettings:0       ; no bokeh simulation when gathering]]
[2020.07.19-05.01.09:237][  0]LogConfig: Setting CVar [[r.DOF.Gather.RingCount:4                 ; medium number of samples when gathering]]
[2020.07.19-05.01.09:237][  0]LogConfig: Setting CVar [[r.DOF.Scatter.ForegroundCompositing:1    ; additive foreground scattering]]
[2020.07.19-05.01.09:237][  0]LogConfig: Setting CVar [[r.DOF.Scatter.BackgroundCompositing:2    ; additive background scattering]]
[2020.07.19-05.01.09:237][  0]LogConfig: Setting CVar [[r.DOF.Scatter.EnableBokehSettings:1      ; bokeh simulation when scattering]]
[2020.07.19-05.01.09:237][  0]LogConfig: Setting CVar [[r.DOF.Scatter.MaxSpriteRatio:0.1         ; only a maximum of 10% of scattered bokeh]]
[2020.07.19-05.01.09:237][  0]LogConfig: Setting CVar [[r.DOF.Recombine.Quality:1                ; cheap slight out of focus]]
[2020.07.19-05.01.09:237][  0]LogConfig: Setting CVar [[r.DOF.Recombine.EnableBokehSettings:0    ; no bokeh simulation on slight out of focus]]
[2020.07.19-05.01.09:237][  0]LogConfig: Setting CVar [[r.DOF.TemporalAAQuality:1                ; more stable temporal accumulation]]
[2020.07.19-05.01.09:237][  0]LogConfig: Setting CVar [[r.DOF.Kernel.MaxForegroundRadius:0.025]]
[2020.07.19-05.01.09:237][  0]LogConfig: Setting CVar [[r.DOF.Kernel.MaxBackgroundRadius:0.025]]
[2020.07.19-05.01.09:237][  0]LogConfig: Applying CVar settings from Section [TextureQuality@3] File [C:/Users/haoru/Documents/Unreal Projects/firstgame/Saved/Config/Windows/Scalability.ini]
[2020.07.19-05.01.09:237][  0]LogConfig: Setting CVar [[r.Streaming.MipBias:0]]
[2020.07.19-05.01.09:237][  0]LogConfig: Setting CVar [[r.Streaming.AmortizeCPUToGPUCopy:0]]
[2020.07.19-05.01.09:237][  0]LogConfig: Setting CVar [[r.Streaming.MaxNumTexturesToStreamPerFrame:0]]
[2020.07.19-05.01.09:237][  0]LogConfig: Setting CVar [[r.Streaming.Boost:1]]
[2020.07.19-05.01.09:237][  0]LogConfig: Setting CVar [[r.MaxAnisotropy:8]]
[2020.07.19-05.01.09:237][  0]LogConfig: Setting CVar [[r.VT.MaxAnisotropy:8]]
[2020.07.19-05.01.09:237][  0]LogConfig: Setting CVar [[r.Streaming.LimitPoolSizeToVRAM:0]]
[2020.07.19-05.01.09:237][  0]LogConfig: Setting CVar [[r.Streaming.PoolSize:1000]]
[2020.07.19-05.01.09:237][  0]LogConfig: Setting CVar [[r.Streaming.MaxEffectiveScreenSize:0]]
[2020.07.19-05.01.09:237][  0]LogConfig: Applying CVar settings from Section [EffectsQuality@3] File [C:/Users/haoru/Documents/Unreal Projects/firstgame/Saved/Config/Windows/Scalability.ini]
[2020.07.19-05.01.09:237][  0]LogConfig: Setting CVar [[r.TranslucencyLightingVolumeDim:64]]
[2020.07.19-05.01.09:237][  0]LogConfig: Setting CVar [[r.RefractionQuality:2]]
[2020.07.19-05.01.09:237][  0]LogConfig: Setting CVar [[r.SSR.Quality:3]]
[2020.07.19-05.01.09:237][  0]LogConfig: Setting CVar [[r.SSR.HalfResSceneColor:0]]
[2020.07.19-05.01.09:237][  0]LogConfig: Setting CVar [[r.SceneColorFormat:4]]
[2020.07.19-05.01.09:237][  0]LogConfig: Setting CVar [[r.DetailMode:2]]
[2020.07.19-05.01.09:237][  0]LogConfig: Setting CVar [[r.TranslucencyVolumeBlur:1]]
[2020.07.19-05.01.09:237][  0]LogConfig: Setting CVar [[r.MaterialQualityLevel:1 ; High quality]]
[2020.07.19-05.01.09:237][  0]LogConfig: Setting CVar [[r.SSS.Scale:1]]
[2020.07.19-05.01.09:237][  0]LogConfig: Setting CVar [[r.SSS.SampleSet:2]]
[2020.07.19-05.01.09:237][  0]LogConfig: Setting CVar [[r.SSS.Quality:1]]
[2020.07.19-05.01.09:237][  0]LogConfig: Setting CVar [[r.SSS.HalfRes:0]]
[2020.07.19-05.01.09:237][  0]LogConfig: Setting CVar [[r.SSGI.Quality:3]]
[2020.07.19-05.01.09:237][  0]LogConfig: Setting CVar [[r.EmitterSpawnRateScale:1.0]]
[2020.07.19-05.01.09:237][  0]LogConfig: Setting CVar [[r.ParticleLightQuality:2]]
[2020.07.19-05.01.09:237][  0]LogConfig: Setting CVar [[r.SkyAtmosphere.AerialPerspectiveLUT.FastApplyOnOpaque:1 ; Always have FastSkyLUT 1 in this case to avoid wrong sky]]
[2020.07.19-05.01.09:237][  0]LogConfig: Setting CVar [[r.SkyAtmosphere.AerialPerspectiveLUT.SampleCountPerSlice:1]]
[2020.07.19-05.01.09:237][  0]LogConfig: Setting CVar [[r.SkyAtmosphere.AerialPerspectiveLUT.DepthResolution:16.0]]
[2020.07.19-05.01.09:237][  0]LogConfig: Setting CVar [[r.SkyAtmosphere.FastSkyLUT:1]]
[2020.07.19-05.01.09:237][  0]LogConfig: Setting CVar [[r.SkyAtmosphere.FastSkyLUT.SampleCountMin:4.0]]
[2020.07.19-05.01.09:237][  0]LogConfig: Setting CVar [[r.SkyAtmosphere.FastSkyLUT.SampleCountMax:32.0]]
[2020.07.19-05.01.09:237][  0]LogConfig: Setting CVar [[r.SkyAtmosphere.SampleCountMin:4.0]]
[2020.07.19-05.01.09:237][  0]LogConfig: Setting CVar [[r.SkyAtmosphere.SampleCountMax:32.0]]
[2020.07.19-05.01.09:237][  0]LogConfig: Setting CVar [[r.SkyAtmosphere.TransmittanceLUT.UseSmallFormat:0]]
[2020.07.19-05.01.09:237][  0]LogConfig: Setting CVar [[r.SkyAtmosphere.TransmittanceLUT.SampleCount:10.0]]
[2020.07.19-05.01.09:237][  0]LogConfig: Setting CVar [[r.SkyAtmosphere.MultiScatteringLUT.SampleCount:15.0]]
[2020.07.19-05.01.09:237][  0]LogConfig: Applying CVar settings from Section [FoliageQuality@3] File [C:/Users/haoru/Documents/Unreal Projects/firstgame/Saved/Config/Windows/Scalability.ini]
[2020.07.19-05.01.09:237][  0]LogConfig: Setting CVar [[foliage.DensityScale:1.0]]
[2020.07.19-05.01.09:237][  0]LogConfig: Setting CVar [[grass.DensityScale:1.0]]
[2020.07.19-05.01.09:237][  0]LogConfig: Applying CVar settings from Section [ShadingQuality@3] File [C:/Users/haoru/Documents/Unreal Projects/firstgame/Saved/Config/Windows/Scalability.ini]
[2020.07.19-05.01.09:237][  0]LogConfig: Setting CVar [[r.HairStrands.SkyLighting.SampleCount:16]]
[2020.07.19-05.01.09:237][  0]LogConfig: Setting CVar [[r.HairStrands.SkyLighting.JitterIntegration:0]]
[2020.07.19-05.01.09:237][  0]LogConfig: Setting CVar [[r.HairStrands.SkyAO.SampleCount:16]]
[2020.07.19-05.01.09:237][  0]LogConfig: Setting CVar [[r.HairStrands.DeepShadow.SuperSampling:0]]
[2020.07.19-05.01.09:237][  0]LogConfig: Setting CVar [[r.HairStrands.VisibilityPPLL:0]]
[2020.07.19-05.01.09:237][  0]LogConfig: Setting CVar [[r.HairStrands.RasterizationScale:0.5]]
[2020.07.19-05.01.09:237][  0]LogConfig: Setting CVar [[r.HairStrands.VelocityRasterizationScale:1]]
[2020.07.19-05.01.09:237][  0]LogInit: Selected Device Profile: [Windows]
[2020.07.19-05.01.09:237][  0]LogInit: Applying CVar settings loaded from the selected device profile: [Windows]
[2020.07.19-05.01.09:237][  0]LogHAL: Display: Platform has ~ 16 GB [17125621760 / 17179869184 / 16], which maps to Larger [LargestMinGB=32, LargerMinGB=12, DefaultMinGB=8, SmallerMinGB=6, SmallestMinGB=0)
[2020.07.19-05.01.09:237][  0]LogInit: Going up to parent DeviceProfile []
[2020.07.19-05.01.09:237][  0]LogConfig: Applying CVar settings from Section [ViewDistanceQuality@3] File [C:/Users/haoru/Documents/Unreal Projects/firstgame/Saved/Config/Windows/Scalability.ini]
[2020.07.19-05.01.09:237][  0]LogConfig: Setting CVar [[r.SkeletalMeshLODBias:0]]
[2020.07.19-05.01.09:237][  0]LogConfig: Setting CVar [[r.ViewDistanceScale:1.0]]
[2020.07.19-05.01.09:238][  0]LogConfig: Applying CVar settings from Section [AntiAliasingQuality@3] File [C:/Users/haoru/Documents/Unreal Projects/firstgame/Saved/Config/Windows/Scalability.ini]
[2020.07.19-05.01.09:238][  0]LogConfig: Setting CVar [[r.PostProcessAAQuality:4]]
[2020.07.19-05.01.09:238][  0]LogConfig: Applying CVar settings from Section [ShadowQuality@3] File [C:/Users/haoru/Documents/Unreal Projects/firstgame/Saved/Config/Windows/Scalability.ini]
[2020.07.19-05.01.09:238][  0]LogConfig: Setting CVar [[r.LightFunctionQuality:1]]
[2020.07.19-05.01.09:238][  0]LogConfig: Setting CVar [[r.ShadowQuality:5]]
[2020.07.19-05.01.09:238][  0]LogConfig: Setting CVar [[r.Shadow.CSM.MaxCascades:10]]
[2020.07.19-05.01.09:238][  0]LogConfig: Setting CVar [[r.Shadow.MaxResolution:2048]]
[2020.07.19-05.01.09:238][  0]LogConfig: Setting CVar [[r.Shadow.MaxCSMResolution:2048]]
[2020.07.19-05.01.09:238][  0]LogConfig: Setting CVar [[r.Shadow.RadiusThreshold:0.01]]
[2020.07.19-05.01.09:238][  0]LogConfig: Setting CVar [[r.Shadow.DistanceScale:1.0]]
[2020.07.19-05.01.09:238][  0]LogConfig: Setting CVar [[r.Shadow.CSM.TransitionScale:1.0]]
[2020.07.19-05.01.09:238][  0]LogConfig: Setting CVar [[r.Shadow.PreShadowResolutionFactor:1.0]]
[2020.07.19-05.01.09:238][  0]LogConfig: Setting CVar [[r.DistanceFieldShadowing:1]]
[2020.07.19-05.01.09:238][  0]LogConfig: Setting CVar [[r.DistanceFieldAO:1]]
[2020.07.19-05.01.09:238][  0]LogConfig: Setting CVar [[r.AOQuality:2]]
[2020.07.19-05.01.09:238][  0]LogConfig: Setting CVar [[r.VolumetricFog:1]]
[2020.07.19-05.01.09:238][  0]LogConfig: Setting CVar [[r.VolumetricFog.GridPixelSize:8]]
[2020.07.19-05.01.09:238][  0]LogConfig: Setting CVar [[r.VolumetricFog.GridSizeZ:128]]
[2020.07.19-05.01.09:238][  0]LogConfig: Setting CVar [[r.VolumetricFog.HistoryMissSupersampleCount:4]]
[2020.07.19-05.01.09:238][  0]LogConfig: Setting CVar [[r.LightMaxDrawDistanceScale:1]]
[2020.07.19-05.01.09:238][  0]LogConfig: Setting CVar [[r.CapsuleShadows:1]]
[2020.07.19-05.01.09:238][  0]LogConfig: Applying CVar settings from Section [PostProcessQuality@3] File [C:/Users/haoru/Documents/Unreal Projects/firstgame/Saved/Config/Windows/Scalability.ini]
[2020.07.19-05.01.09:238][  0]LogConfig: Setting CVar [[r.MotionBlurQuality:4]]
[2020.07.19-05.01.09:238][  0]LogConfig: Setting CVar [[r.AmbientOcclusionMipLevelFactor:0.4]]
[2020.07.19-05.01.09:238][  0]LogConfig: Setting CVar [[r.AmbientOcclusionMaxQuality:100]]
[2020.07.19-05.01.09:238][  0]LogConfig: Setting CVar [[r.AmbientOcclusionLevels:-1]]
[2020.07.19-05.01.09:238][  0]LogConfig: Setting CVar [[r.AmbientOcclusionRadiusScale:1.0]]
[2020.07.19-05.01.09:238][  0]LogConfig: Setting CVar [[r.DepthOfFieldQuality:2]]
[2020.07.19-05.01.09:238][  0]LogConfig: Setting CVar [[r.RenderTargetPoolMin:400]]
[2020.07.19-05.01.09:238][  0]LogConfig: Setting CVar [[r.LensFlareQuality:2]]
[2020.07.19-05.01.09:238][  0]LogConfig: Setting CVar [[r.SceneColorFringeQuality:1]]
[2020.07.19-05.01.09:238][  0]LogConfig: Setting CVar [[r.EyeAdaptationQuality:2]]
[2020.07.19-05.01.09:238][  0]LogConfig: Setting CVar [[r.BloomQuality:5]]
[2020.07.19-05.01.09:238][  0]LogConfig: Setting CVar [[r.FastBlurThreshold:100]]
[2020.07.19-05.01.09:238][  0]LogConfig: Setting CVar [[r.Upscale.Quality:3]]
[2020.07.19-05.01.09:238][  0]LogConfig: Setting CVar [[r.Tonemapper.GrainQuantization:1]]
[2020.07.19-05.01.09:238][  0]LogConfig: Setting CVar [[r.LightShaftQuality:1]]
[2020.07.19-05.01.09:238][  0]LogConfig: Setting CVar [[r.Filter.SizeScale:1]]
[2020.07.19-05.01.09:238][  0]LogConfig: Setting CVar [[r.Tonemapper.Quality:5]]
[2020.07.19-05.01.09:238][  0]LogConfig: Setting CVar [[r.DOF.Gather.AccumulatorQuality:1        ; higher gathering accumulator quality]]
[2020.07.19-05.01.09:238][  0]LogConfig: Setting CVar [[r.DOF.Gather.PostfilterMethod:1          ; Median3x3 postfilering method]]
[2020.07.19-05.01.09:238][  0]LogConfig: Setting CVar [[r.DOF.Gather.EnableBokehSettings:0       ; no bokeh simulation when gathering]]
[2020.07.19-05.01.09:238][  0]LogConfig: Setting CVar [[r.DOF.Gather.RingCount:4                 ; medium number of samples when gathering]]
[2020.07.19-05.01.09:238][  0]LogConfig: Setting CVar [[r.DOF.Scatter.ForegroundCompositing:1    ; additive foreground scattering]]
[2020.07.19-05.01.09:238][  0]LogConfig: Setting CVar [[r.DOF.Scatter.BackgroundCompositing:2    ; additive background scattering]]
[2020.07.19-05.01.09:238][  0]LogConfig: Setting CVar [[r.DOF.Scatter.EnableBokehSettings:1      ; bokeh simulation when scattering]]
[2020.07.19-05.01.09:238][  0]LogConfig: Setting CVar [[r.DOF.Scatter.MaxSpriteRatio:0.1         ; only a maximum of 10% of scattered bokeh]]
[2020.07.19-05.01.09:238][  0]LogConfig: Setting CVar [[r.DOF.Recombine.Quality:1                ; cheap slight out of focus]]
[2020.07.19-05.01.09:238][  0]LogConfig: Setting CVar [[r.DOF.Recombine.EnableBokehSettings:0    ; no bokeh simulation on slight out of focus]]
[2020.07.19-05.01.09:238][  0]LogConfig: Setting CVar [[r.DOF.TemporalAAQuality:1                ; more stable temporal accumulation]]
[2020.07.19-05.01.09:238][  0]LogConfig: Setting CVar [[r.DOF.Kernel.MaxForegroundRadius:0.025]]
[2020.07.19-05.01.09:238][  0]LogConfig: Setting CVar [[r.DOF.Kernel.MaxBackgroundRadius:0.025]]
[2020.07.19-05.01.09:238][  0]LogConfig: Applying CVar settings from Section [TextureQuality@3] File [C:/Users/haoru/Documents/Unreal Projects/firstgame/Saved/Config/Windows/Scalability.ini]
[2020.07.19-05.01.09:238][  0]LogConfig: Setting CVar [[r.Streaming.MipBias:0]]
[2020.07.19-05.01.09:238][  0]LogConfig: Setting CVar [[r.Streaming.AmortizeCPUToGPUCopy:0]]
[2020.07.19-05.01.09:238][  0]LogConfig: Setting CVar [[r.Streaming.MaxNumTexturesToStreamPerFrame:0]]
[2020.07.19-05.01.09:238][  0]LogConfig: Setting CVar [[r.Streaming.Boost:1]]
[2020.07.19-05.01.09:238][  0]LogConfig: Setting CVar [[r.MaxAnisotropy:8]]
[2020.07.19-05.01.09:238][  0]LogConfig: Setting CVar [[r.VT.MaxAnisotropy:8]]
[2020.07.19-05.01.09:238][  0]LogConfig: Setting CVar [[r.Streaming.LimitPoolSizeToVRAM:0]]
[2020.07.19-05.01.09:238][  0]LogConfig: Setting CVar [[r.Streaming.PoolSize:1000]]
[2020.07.19-05.01.09:238][  0]LogConfig: Setting CVar [[r.Streaming.MaxEffectiveScreenSize:0]]
[2020.07.19-05.01.09:238][  0]LogConfig: Applying CVar settings from Section [EffectsQuality@3] File [C:/Users/haoru/Documents/Unreal Projects/firstgame/Saved/Config/Windows/Scalability.ini]
[2020.07.19-05.01.09:238][  0]LogConfig: Setting CVar [[r.TranslucencyLightingVolumeDim:64]]
[2020.07.19-05.01.09:238][  0]LogConfig: Setting CVar [[r.RefractionQuality:2]]
[2020.07.19-05.01.09:238][  0]LogConfig: Setting CVar [[r.SSR.Quality:3]]
[2020.07.19-05.01.09:238][  0]LogConfig: Setting CVar [[r.SSR.HalfResSceneColor:0]]
[2020.07.19-05.01.09:238][  0]LogConfig: Setting CVar [[r.SceneColorFormat:4]]
[2020.07.19-05.01.09:238][  0]LogConfig: Setting CVar [[r.DetailMode:2]]
[2020.07.19-05.01.09:238][  0]LogConfig: Setting CVar [[r.TranslucencyVolumeBlur:1]]
[2020.07.19-05.01.09:238][  0]LogConfig: Setting CVar [[r.MaterialQualityLevel:1 ; High quality]]
[2020.07.19-05.01.09:238][  0]LogConfig: Setting CVar [[r.SSS.Scale:1]]
[2020.07.19-05.01.09:238][  0]LogConfig: Setting CVar [[r.SSS.SampleSet:2]]
[2020.07.19-05.01.09:238][  0]LogConfig: Setting CVar [[r.SSS.Quality:1]]
[2020.07.19-05.01.09:238][  0]LogConfig: Setting CVar [[r.SSS.HalfRes:0]]
[2020.07.19-05.01.09:238][  0]LogConfig: Setting CVar [[r.SSGI.Quality:3]]
[2020.07.19-05.01.09:238][  0]LogConfig: Setting CVar [[r.EmitterSpawnRateScale:1.0]]
[2020.07.19-05.01.09:238][  0]LogConfig: Setting CVar [[r.ParticleLightQuality:2]]
[2020.07.19-05.01.09:238][  0]LogConfig: Setting CVar [[r.SkyAtmosphere.AerialPerspectiveLUT.FastApplyOnOpaque:1 ; Always have FastSkyLUT 1 in this case to avoid wrong sky]]
[2020.07.19-05.01.09:238][  0]LogConfig: Setting CVar [[r.SkyAtmosphere.AerialPerspectiveLUT.SampleCountPerSlice:1]]
[2020.07.19-05.01.09:238][  0]LogConfig: Setting CVar [[r.SkyAtmosphere.AerialPerspectiveLUT.DepthResolution:16.0]]
[2020.07.19-05.01.09:238][  0]LogConfig: Setting CVar [[r.SkyAtmosphere.FastSkyLUT:1]]
[2020.07.19-05.01.09:238][  0]LogConfig: Setting CVar [[r.SkyAtmosphere.FastSkyLUT.SampleCountMin:4.0]]
[2020.07.19-05.01.09:238][  0]LogConfig: Setting CVar [[r.SkyAtmosphere.FastSkyLUT.SampleCountMax:32.0]]
[2020.07.19-05.01.09:238][  0]LogConfig: Setting CVar [[r.SkyAtmosphere.SampleCountMin:4.0]]
[2020.07.19-05.01.09:238][  0]LogConfig: Setting CVar [[r.SkyAtmosphere.SampleCountMax:32.0]]
[2020.07.19-05.01.09:238][  0]LogConfig: Setting CVar [[r.SkyAtmosphere.TransmittanceLUT.UseSmallFormat:0]]
[2020.07.19-05.01.09:238][  0]LogConfig: Setting CVar [[r.SkyAtmosphere.TransmittanceLUT.SampleCount:10.0]]
[2020.07.19-05.01.09:239][  0]LogConfig: Setting CVar [[r.SkyAtmosphere.MultiScatteringLUT.SampleCount:15.0]]
[2020.07.19-05.01.09:239][  0]LogConfig: Applying CVar settings from Section [FoliageQuality@3] File [C:/Users/haoru/Documents/Unreal Projects/firstgame/Saved/Config/Windows/Scalability.ini]
[2020.07.19-05.01.09:239][  0]LogConfig: Setting CVar [[foliage.DensityScale:1.0]]
[2020.07.19-05.01.09:239][  0]LogConfig: Setting CVar [[grass.DensityScale:1.0]]
[2020.07.19-05.01.09:239][  0]LogConfig: Applying CVar settings from Section [ShadingQuality@3] File [C:/Users/haoru/Documents/Unreal Projects/firstgame/Saved/Config/Windows/Scalability.ini]
[2020.07.19-05.01.09:239][  0]LogConfig: Setting CVar [[r.HairStrands.SkyLighting.SampleCount:16]]
[2020.07.19-05.01.09:239][  0]LogConfig: Setting CVar [[r.HairStrands.SkyLighting.JitterIntegration:0]]
[2020.07.19-05.01.09:239][  0]LogConfig: Setting CVar [[r.HairStrands.SkyAO.SampleCount:16]]
[2020.07.19-05.01.09:239][  0]LogConfig: Setting CVar [[r.HairStrands.DeepShadow.SuperSampling:0]]
[2020.07.19-05.01.09:239][  0]LogConfig: Setting CVar [[r.HairStrands.VisibilityPPLL:0]]
[2020.07.19-05.01.09:239][  0]LogConfig: Setting CVar [[r.HairStrands.RasterizationScale:0.5]]
[2020.07.19-05.01.09:239][  0]LogConfig: Setting CVar [[r.HairStrands.VelocityRasterizationScale:1]]
[2020.07.19-05.01.09:239][  0]LogConfig: Applying CVar settings from Section [Startup] File [../../../Engine/Config/ConsoleVariables.ini]
[2020.07.19-05.01.09:239][  0]LogConfig: Setting CVar [[net.UseAdaptiveNetUpdateFrequency:0]]
[2020.07.19-05.01.09:239][  0]LogConfig: Setting CVar [[p.chaos.AllowCreatePhysxBodies:1]]
[2020.07.19-05.01.09:239][  0]LogConfig: Setting CVar [[fx.SkipVectorVMBackendOptimizations:1]]
[2020.07.19-05.01.09:239][  0]LogConfig: Applying CVar settings from Section [ConsoleVariables] File [C:/Users/haoru/Documents/Unreal Projects/firstgame/Saved/Config/Windows/Engine.ini]
[2020.07.19-05.01.09:239][  0]LogInit: Computer: DESKTOP-4O78A5T
[2020.07.19-05.01.09:239][  0]LogInit: User: haoru
[2020.07.19-05.01.09:239][  0]LogInit: CPU Page size=4096, Cores=6
[2020.07.19-05.01.09:239][  0]LogInit: High frequency timer resolution =10.000000 MHz
[2020.07.19-05.01.09:239][  0]LogMemory: Memory total: Physical=15.9GB (16GB approx)
[2020.07.19-05.01.09:239][  0]LogMemory: Platform Memory Stats for Windows
[2020.07.19-05.01.09:239][  0]LogMemory: Process Physical Memory: 115.64 MB used, 115.64 MB peak
[2020.07.19-05.01.09:239][  0]LogMemory: Process Virtual Memory: 97.44 MB used, 97.44 MB peak
[2020.07.19-05.01.09:239][  0]LogMemory: Physical Memory: 8367.96 MB used,  7964.31 MB free, 16332.27 MB total
[2020.07.19-05.01.09:239][  0]LogMemory: Virtual Memory: 5165.90 MB used,  134212560.00 MB free, 134217728.00 MB total
[2020.07.19-05.01.09:275][  0]LogWindows: WindowsPlatformFeatures enabled
[2020.07.19-05.01.09:299][  0]LogInit: Physics initialised using underlying interface: PhysX
[2020.07.19-05.01.09:300][  0]LogInit: Using OS detected language (en-US).
[2020.07.19-05.01.09:300][  0]LogInit: Using OS detected locale (en-US).
[2020.07.19-05.01.09:301][  0]LogTextLocalizationManager: No specific localization for 'en-US' exists, so the 'en' localization will be used.
[2020.07.19-05.01.09:464][  0]LogInit: Setting process to per monitor DPI aware
[2020.07.19-05.01.09:503][  0]LogSlate: New Slate User Created.  User Index 0, Is Virtual User: 0
[2020.07.19-05.01.09:503][  0]LogSlate: Slate User Registered.  User Index 0, Is Virtual User: 0
[2020.07.19-05.01.09:612][  0]LogHMD: Failed to initialize OpenVR with code 110
[2020.07.19-05.01.09:612][  0]LogD3D11RHI: D3D11 min allowed feature level: 11_0
[2020.07.19-05.01.09:612][  0]LogD3D11RHI: D3D11 max allowed feature level: 11_0
[2020.07.19-05.01.09:612][  0]LogD3D11RHI: D3D11 adapters:
[2020.07.19-05.01.09:669][  0]LogD3D11RHI:    0. 'NVIDIA GeForce GTX 1660' (Feature Level 11_0)
[2020.07.19-05.01.09:669][  0]LogD3D11RHI:       5991/0/8166 MB DedicatedVideo/DedicatedSystem/SharedSystem, Outputs:1, VendorId:0x10de
[2020.07.19-05.01.09:670][  0]LogD3D11RHI:    1. 'Microsoft Basic Render Driver' (Feature Level 11_0)
[2020.07.19-05.01.09:671][  0]LogD3D11RHI:       0/0/8166 MB DedicatedVideo/DedicatedSystem/SharedSystem, Outputs:0, VendorId:0x1414
[2020.07.19-05.01.09:671][  0]LogD3D11RHI: Chosen D3D11 Adapter: 0
[2020.07.19-05.01.09:680][  0]LogD3D11RHI: Creating new Direct3DDevice
[2020.07.19-05.01.09:680][  0]LogD3D11RHI:     GPU DeviceId: 0x2184 (for the marketing name, search the web for "GPU Device Id")
[2020.07.19-05.01.09:680][  0]LogWindows: EnumDisplayDevices:
[2020.07.19-05.01.09:680][  0]LogWindows:    0. 'NVIDIA GeForce GTX 1660' (P:1 D:1)
[2020.07.19-05.01.09:680][  0]LogWindows:    1. 'NVIDIA GeForce GTX 1660' (P:0 D:0)
[2020.07.19-05.01.09:681][  0]LogWindows:    2. 'NVIDIA GeForce GTX 1660' (P:0 D:0)
[2020.07.19-05.01.09:681][  0]LogWindows:    3. 'NVIDIA GeForce GTX 1660' (P:0 D:0)
[2020.07.19-05.01.09:681][  0]LogWindows: DebugString: FoundDriverCount:4 
[2020.07.19-05.01.09:681][  0]LogD3D11RHI:     Adapter Name: NVIDIA GeForce GTX 1660
[2020.07.19-05.01.09:681][  0]LogD3D11RHI:   Driver Version: 451.48 (internal:27.21.14.5148, unified:451.48)
[2020.07.19-05.01.09:681][  0]LogD3D11RHI:      Driver Date: 6-21-2020
[2020.07.19-05.01.09:681][  0]LogRHI: Texture pool is 4193 MB (70% of 5991 MB)
[2020.07.19-05.01.09:724][  0]LogD3D11RHI: RHI has support for 64 bit atomics
[2020.07.19-05.01.09:726][  0]LogD3D11RHI: [Aftermath] Enabled and primed
[2020.07.19-05.01.09:726][  0]LogD3D11RHI: Async texture creation enabled
[2020.07.19-05.01.09:726][  0]LogD3D11RHI: Array index from any shader is supported
[2020.07.19-05.01.09:740][  0]LogD3D11RHI: GPU Timing Frequency: 1000.000000 (Debug: 2 1)
[2020.07.19-05.01.09:991][  0]LogTargetPlatformManager: Display: Loaded TargetPlatform 'AllDesktop'
[2020.07.19-05.01.10:010][  0]LogTargetPlatformManager: Display: Loaded TargetPlatform 'Android'
[2020.07.19-05.01.10:010][  0]LogTargetPlatformManager: Display: Loaded TargetPlatform 'Android_ASTC'
[2020.07.19-05.01.10:010][  0]LogTargetPlatformManager: Display: Loaded TargetPlatform 'Android_DXT'
[2020.07.19-05.01.10:010][  0]LogTargetPlatformManager: Display: Loaded TargetPlatform 'Android_ETC2'
[2020.07.19-05.01.10:010][  0]LogTargetPlatformManager: Display: Loaded TargetPlatform 'AndroidClient'
[2020.07.19-05.01.10:010][  0]LogTargetPlatformManager: Display: Loaded TargetPlatform 'Android_ASTCClient'
[2020.07.19-05.01.10:010][  0]LogTargetPlatformManager: Display: Loaded TargetPlatform 'Android_DXTClient'
[2020.07.19-05.01.10:010][  0]LogTargetPlatformManager: Display: Loaded TargetPlatform 'Android_ETC2Client'
[2020.07.19-05.01.10:010][  0]LogTargetPlatformManager: Display: Loaded TargetPlatform 'Android_Multi'
[2020.07.19-05.01.10:010][  0]LogTargetPlatformManager: Display: Loaded TargetPlatform 'Android_MultiClient'
[2020.07.19-05.01.10:031][  0]LogTargetPlatformManager: Display: Loaded TargetPlatform 'IOSClient'
[2020.07.19-05.01.10:031][  0]LogTargetPlatformManager: Display: Loaded TargetPlatform 'IOS'
[2020.07.19-05.01.10:040][  0]LogTargetPlatformManager: Display: Loaded TargetPlatform 'Linux'
[2020.07.19-05.01.10:048][  0]LogTargetPlatformManager: Display: Loaded TargetPlatform 'LinuxNoEditor'
[2020.07.19-05.01.10:057][  0]LogTargetPlatformManager: Display: Loaded TargetPlatform 'LinuxClient'
[2020.07.19-05.01.10:065][  0]LogTargetPlatformManager: Display: Loaded TargetPlatform 'LinuxServer'
[2020.07.19-05.01.10:073][  0]LogTargetPlatformManager: Display: Loaded TargetPlatform 'LinuxAArch64NoEditor'
[2020.07.19-05.01.10:081][  0]LogTargetPlatformManager: Display: Loaded TargetPlatform 'LinuxAArch64Client'
[2020.07.19-05.01.10:090][  0]LogTargetPlatformManager: Display: Loaded TargetPlatform 'LinuxAArch64Server'
[2020.07.19-05.01.10:112][  0]LogTargetPlatformManager: Display: Loaded TargetPlatform 'Lumin'
[2020.07.19-05.01.10:112][  0]LogTargetPlatformManager: Display: Loaded TargetPlatform 'LuminClient'
[2020.07.19-05.01.10:126][  0]LogTargetPlatformManager: Display: Loaded TargetPlatform 'TVOSClient'
[2020.07.19-05.01.10:126][  0]LogTargetPlatformManager: Display: Loaded TargetPlatform 'TVOS'
[2020.07.19-05.01.10:134][  0]LogTargetPlatformManager: Display: Loaded TargetPlatform 'WindowsNoEditor'
[2020.07.19-05.01.10:143][  0]LogTargetPlatformManager: Display: Loaded TargetPlatform 'Windows'
[2020.07.19-05.01.10:151][  0]LogTargetPlatformManager: Display: Loaded TargetPlatform 'WindowsClient'
[2020.07.19-05.01.10:158][  0]LogTargetPlatformManager: Display: Loaded TargetPlatform 'WindowsServer'
[2020.07.19-05.01.10:158][  0]LogTargetPlatformManager: Display: Building Assets For Windows
[2020.07.19-05.01.10:164][  0]LogAudioDebug: Display: Lib vorbis DLL was dynamically loaded.
[2020.07.19-05.01.10:211][  0]LogShaderCompilers: Guid format shader working directory is -5 characters bigger than the processId version (C:/Users/haoru/Documents/Unreal Projects/firstgame/Intermediate/Shaders/WorkingDirectory/17032/).
[2020.07.19-05.01.10:212][  0]LogShaderCompilers: Cleaned the shader compiler working directory 'C:/Users/haoru/AppData/Local/Temp/UnrealShaderWorkingDir/652CD22745D63D03F7B1F2AA44275D99/'.
[2020.07.19-05.01.10:212][  0]LogXGEController: Cannot use XGE Controller as Incredibuild is not installed on this machine.
[2020.07.19-05.01.10:212][  0]LogShaderCompilers: Cannot use XGE Shader Compiler as Incredibuild is not installed on this machine.
[2020.07.19-05.01.10:212][  0]LogShaderCompilers: Display: Using Local Shader Compiler.
[2020.07.19-05.01.10:880][  0]LogDerivedDataCache: Display: Max Cache Size: 512 MB
[2020.07.19-05.01.10:927][  0]LogDerivedDataCache: Loaded boot cache 0.05s 76MB C:/Users/haoru/AppData/Local/UnrealEngine/4.25/DerivedDataCache/Boot.ddc.
[2020.07.19-05.01.10:927][  0]LogDerivedDataCache: Display: Loaded Boot cache: C:/Users/haoru/AppData/Local/UnrealEngine/4.25/DerivedDataCache/Boot.ddc
[2020.07.19-05.01.10:927][  0]LogDerivedDataCache: FDerivedDataBackendGraph:  Pak pak cache file C:/Users/haoru/Documents/Unreal Projects/firstgame/DerivedDataCache/DDC.ddp not found, will not use a pak cache.
[2020.07.19-05.01.10:927][  0]LogDerivedDataCache: Unable to find inner node Pak for hierarchical cache Hierarchy.
[2020.07.19-05.01.10:927][  0]LogDerivedDataCache: FDerivedDataBackendGraph:  CompressedPak pak cache file C:/Users/haoru/Documents/Unreal Projects/firstgame/DerivedDataCache/Compressed.ddp not found, will not use a pak cache.
[2020.07.19-05.01.10:927][  0]LogDerivedDataCache: Unable to find inner node CompressedPak for hierarchical cache Hierarchy.
[2020.07.19-05.01.10:937][  0]LogDerivedDataCache: Display: Pak cache opened for reading ../../../Engine/DerivedDataCache/Compressed.ddp.
[2020.07.19-05.01.10:937][  0]LogDerivedDataCache: FDerivedDataBackendGraph:  EnterprisePak pak cache file ../../../Enterprise/DerivedDataCache/Compressed.ddp not found, will not use a pak cache.
[2020.07.19-05.01.10:937][  0]LogDerivedDataCache: Unable to find inner node EnterprisePak for hierarchical cache Hierarchy.
[2020.07.19-05.01.10:938][  0]LogDerivedDataCache: Using Local data cache path C:/Users/haoru/AppData/Local/UnrealEngine/Common/DerivedDataCache: Writable
[2020.07.19-05.01.10:938][  0]LogDerivedDataCache: Shared data cache path not found in *engine.ini, will not use an Shared cache.
[2020.07.19-05.01.10:938][  0]LogDerivedDataCache: Unable to find inner node Shared for hierarchical cache Hierarchy.
[2020.07.19-05.01.10:982][  0]LogSlate: Using FreeType 2.10.0
[2020.07.19-05.01.10:983][  0]LogSlate: SlateFontServices - WITH_FREETYPE: 1, WITH_HARFBUZZ: 1
[2020.07.19-05.01.11:004][  0]LogAssetRegistry: FAssetRegistry took 0.0027 seconds to start up
[2020.07.19-05.01.11:219][  0]LogInit: Selected Device Profile: [Windows]
[2020.07.19-05.01.11:310][  0]LogMeshReduction: Using QuadricMeshReduction for automatic static mesh reduction
[2020.07.19-05.01.11:310][  0]LogMeshReduction: Using SimplygonMeshReduction for automatic skeletal mesh reduction
[2020.07.19-05.01.11:310][  0]LogMeshReduction: Using ProxyLODMeshReduction for automatic mesh merging
[2020.07.19-05.01.11:310][  0]LogMeshReduction: No distributed automatic mesh merging module available
[2020.07.19-05.01.11:310][  0]LogMeshMerging: No distributed automatic mesh merging module available
[2020.07.19-05.01.11:322][  0]LogNetVersion: firstgame 1.0.0, NetCL: 13144385, EngineNetVer: 14, GameNetVer: 0 (Checksum: 3518325962)
[2020.07.19-05.01.11:664][  0]LogAISub: UAISubsystem::UAISubsystem AISubsystem (0000010D8D851BC0), frame # 0
[2020.07.19-05.01.11:664][  0]LogAISub: UAISubsystem::UAISubsystem AIPerceptionSystem (0000010D8D7A4F40), frame # 0
[2020.07.19-05.01.11:665][  0]LogAISub: UAISubsystem::UAISubsystem EnvQueryManager (0000010D8D7F5E00), frame # 0
[2020.07.19-05.01.11:708][  0]LogPackageLocalizationCache: Processed 19 localized package path(s) for 1 prioritized culture(s) in 0.037647 seconds
[2020.07.19-05.01.11:713][  0]LogUObjectArray: 15917 objects as part of root set at end of initial load.
[2020.07.19-05.01.11:713][  0]LogUObjectAllocator: 3965568 out of 0 bytes used by permanent object pool.
[2020.07.19-05.01.11:713][  0]LogUObjectArray: CloseDisregardForGC: 0/0 objects in disregard for GC pool
[2020.07.19-05.01.11:996][  0]LogTcpMessaging: Initializing TcpMessaging bridge
[2020.07.19-05.01.12:001][  0]LogUdpMessaging: Initializing bridge on interface 0.0.0.0:0 to multicast group 230.0.0.1:6666.
[2020.07.19-05.01.12:087][  0]SourceControl: Source control is disabled
[2020.07.19-05.01.12:087][  0]SourceControl: Source control is disabled
[2020.07.19-05.01.12:090][  0]SourceControl: Source control is disabled
[2020.07.19-05.01.12:092][  0]SourceControl: Source control is disabled
[2020.07.19-05.01.12:097][  0]SourceControl: Source control is disabled
[2020.07.19-05.01.12:290][  0]LogAndroidPermission: UAndroidPermissionCallbackProxy::GetInstance
[2020.07.19-05.01.12:305][  0]LogAudioCaptureCore: Display: No Audio Capture implementations found. Audio input will be silent.
[2020.07.19-05.01.12:305][  0]LogAudioCaptureCore: Display: No Audio Capture implementations found. Audio input will be silent.
[2020.07.19-05.01.12:345][  0]LogOcInput: OculusInput pre-init called
[2020.07.19-05.01.12:354][  0]LogWindows: Failed to load 'OVRPlugin.dll' (GetLastError=126)
[2020.07.19-05.01.12:354][  0]LogWindows: File 'OVRPlugin.dll' does not exist
[2020.07.19-05.01.12:410][  0]LogEngine: Initializing Engine...
[2020.07.19-05.01.12:411][  0]LogHMD: Failed to initialize OpenVR with code 110
[2020.07.19-05.01.12:411][  0]LogMagicLeap: Warning: VR disabled because ZI is not enabled.  To enable, in the editor, Edit -> Project Settings -> Plugins -> Magic Leap Plugin -> Enable Zero Iteration
[2020.07.19-05.01.12:412][  0]LogStats: UGameplayTagsManager::InitializeManager -  0.000 s
[2020.07.19-05.01.12:506][  0]LogInit: Initializing FReadOnlyCVARCache
[2020.07.19-05.01.12:519][  0]LogAIModule: Creating AISystem for world Untitled
[2020.07.19-05.01.12:519][  0]LogAISub: UAISubsystem::UAISubsystem EnvQueryManager (0000010D95357C00), frame # 0
[2020.07.19-05.01.12:519][  0]LogAISub: UAISubsystem::UAISubsystem AIPerceptionSystem (0000010D9089EAC0), frame # 0
[2020.07.19-05.01.12:524][  0]LogAudioMixer: Display: Audio Mixer Platform Settings:
[2020.07.19-05.01.12:524][  0]LogAudioMixer: Display: 	Sample Rate:						  48000
[2020.07.19-05.01.12:524][  0]LogAudioMixer: Display: 	Callback Buffer Frame Size Requested: 1024
[2020.07.19-05.01.12:524][  0]LogAudioMixer: Display: 	Callback Buffer Frame Size To Use:	  1024
[2020.07.19-05.01.12:524][  0]LogAudioMixer: Display: 	Number of buffers to queue:			  2
[2020.07.19-05.01.12:524][  0]LogAudioMixer: Display: 	Max Channels (voices):				  32
[2020.07.19-05.01.12:524][  0]LogAudioMixer: Display: 	Number of Async Source Workers:		  0
[2020.07.19-05.01.12:524][  0]LogAudio: Display: AudioDevice MaxSources: 32
[2020.07.19-05.01.12:524][  0]LogAudio: Display: Using built-in audio occlusion.
[2020.07.19-05.01.12:525][  0]LogAudioMixer: Display: Initializing audio mixer.
[2020.07.19-05.01.12:533][  0]LogAudioMixer: Display: 0: FrontLeft
[2020.07.19-05.01.12:534][  0]LogAudioMixer: Display: 1: FrontRight
[2020.07.19-05.01.12:534][  0]LogAudioMixer: Display: 2: FrontCenter
[2020.07.19-05.01.12:534][  0]LogAudioMixer: Display: 3: LowFrequency
[2020.07.19-05.01.12:534][  0]LogAudioMixer: Display: 4: BackLeft
[2020.07.19-05.01.12:534][  0]LogAudioMixer: Display: 5: BackRight
[2020.07.19-05.01.12:534][  0]LogAudioMixer: Display: 6: SideLeft
[2020.07.19-05.01.12:534][  0]LogAudioMixer: Display: 7: SideRight
[2020.07.19-05.01.12:572][  0]LogAudioMixer: Display: Using Audio Device Speakers (7.1 Surround Sound)
[2020.07.19-05.01.12:575][  0]LogAudioMixer: Display: Initializing Sound Submixes...
[2020.07.19-05.01.12:577][  0]LogAudioMixer: Display: Creating Master Submix 'MasterSubmixDefault'
[2020.07.19-05.01.12:577][  0]LogAudioMixer: Display: Creating Master Submix 'MasterReverbSubmixDefault'
[2020.07.19-05.01.12:578][  0]LogAudioMixer: Display: Creating Master Submix 'MasterEQSubmixDefault'
[2020.07.19-05.01.12:579][  0]LogInit: FAudioDevice initialized.
[2020.07.19-05.01.12:579][  0]LogNetVersion: Set ProjectVersion to 1.0.0.0. Version Checksum will be recalculated on next use.
[2020.07.19-05.01.12:653][  0]LogDerivedDataCache: Saved boot cache 0.07s 76MB C:/Users/haoru/AppData/Local/UnrealEngine/4.25/DerivedDataCache/Boot.ddc.
[2020.07.19-05.01.12:658][  0]LogInit: Texture streaming: Enabled
[2020.07.19-05.01.12:671][  0]LogEngineSessionManager: EngineSessionManager initialized
[2020.07.19-05.01.12:671][  0]LogEditorSessionSummary: Verbose: Initializing EditorSessionSummaryWriter for editor session tracking
[2020.07.19-05.01.12:673][  0]LogEditorSessionSummary: EditorSessionSummaryWriter initialized
[2020.07.19-05.01.12:728][  0]LogInit: Transaction tracking system initialized
[2020.07.19-05.01.12:745][  0]BlueprintLog: New page: Editor Load
[2020.07.19-05.01.12:804][  0]LocalizationService: Localization service is disabled
[2020.07.19-05.01.12:930][  0]LogCook: Display: Max memory allowance for cook 16384mb min free memory 0mb
[2020.07.19-05.01.12:931][  0]LogCook: Display: Mobile HDR setting 1
[2020.07.19-05.01.13:036][  0]LogFileCache: Scanning file cache for directory 'C:/Users/haoru/Documents/Unreal Projects/firstgame/Content/' took 0.01s
[2020.07.19-05.01.13:186][  0]SourceControl: Source control is disabled
[2020.07.19-05.01.13:186][  0]LogUnrealEdMisc: Loading editor; pre map load, took 5.587
[2020.07.19-05.01.13:186][  0]Cmd: MAP LOAD FILE="C:/Users/haoru/Documents/Unreal Projects/firstgame/Content/ThirdPersonBP/Maps/ThirdPersonExampleMap.umap" TEMPLATE=0 SHOWPROGRESS=1 FEATURELEVEL=3
[2020.07.19-05.01.13:186][  0]LightingResults: New page: Lighting Build
[2020.07.19-05.01.13:187][  0]LogWorld: UWorld::CleanupWorld for Untitled, bSessionEnded=true, bCleanupResources=true
[2020.07.19-05.01.13:187][  0]LogSlate: InvalidateAllWidgets triggered.  All widgets were invalidated
[2020.07.19-05.01.13:187][  0]MapCheck: New page: Map Check
[2020.07.19-05.01.13:187][  0]LightingResults: New page: Lighting Build
[2020.07.19-05.01.13:198][  0]LogAISub: UAISubsystem::~UAISubsystem EnvQueryManager (0000010D95357C00), frame # 0
[2020.07.19-05.01.13:199][  0]LogAISub: UAISubsystem::~UAISubsystem AIPerceptionSystem (0000010D9089EAC0), frame # 0
[2020.07.19-05.01.13:199][  0]LogUObjectHash: Compacting FUObjectHashTables data took   0.68ms
[2020.07.19-05.01.13:758][  0]LogAIModule: Creating AISystem for world ThirdPersonExampleMap
[2020.07.19-05.01.13:758][  0]LogAISub: UAISubsystem::UAISubsystem EnvQueryManager (0000010D86887E00), frame # 0
[2020.07.19-05.01.13:758][  0]LogAISub: UAISubsystem::UAISubsystem AIPerceptionSystem (0000010D868AE700), frame # 0
[2020.07.19-05.01.13:765][  0]LogEditorServer: Finished looking for orphan Actors (0.000 secs)
[2020.07.19-05.01.13:779][  0]LogUObjectHash: Compacting FUObjectHashTables data took   0.89ms
[2020.07.19-05.01.13:779][  0]Cmd: MAP CHECKDEP NOCLEARLOG
[2020.07.19-05.01.13:779][  0]MapCheck: Map check complete: 0 Error(s), 0 Warning(s), took 0.172ms to complete.
[2020.07.19-05.01.13:780][  0]LogFileHelpers: Loading map 'ThirdPersonExampleMap' took 0.594
[2020.07.19-05.01.13:781][  0]LogUnrealEdMisc: Total Editor Startup Time, took 6.182
[2020.07.19-05.01.13:915][  0]LogSlate: Updating window title bar state: overlay mode, drag disabled, window buttons hidden, title bar hidden
[2020.07.19-05.01.13:922][  0]LogSlate: Updating window title bar state: overlay mode, drag disabled, window buttons hidden, title bar hidden
[2020.07.19-05.01.13:931][  0]LogSlate: Updating window title bar state: overlay mode, drag disabled, window buttons hidden, title bar hidden
[2020.07.19-05.01.13:937][  0]LogSlate: Updating window title bar state: overlay mode, drag disabled, window buttons hidden, title bar hidden
[2020.07.19-05.01.13:942][  0]LogCollectionManager: Loaded 0 collections in 0.000683 seconds
[2020.07.19-05.01.13:957][  0]LogFileCache: Scanning file cache for directory 'C:/Users/haoru/Documents/Unreal Projects/firstgame/Saved/Collections/' took 0.00s
[2020.07.19-05.01.13:958][  0]LogFileCache: Scanning file cache for directory 'C:/Users/haoru/Documents/Unreal Projects/firstgame/Content/Developers/haoru/Collections/' took 0.00s
[2020.07.19-05.01.13:958][  0]LogFileCache: Scanning file cache for directory 'C:/Users/haoru/Documents/Unreal Projects/firstgame/Content/Collections/' took 0.00s
[2020.07.19-05.01.13:958][  0]LogContentBrowser: Native class hierarchy populated in 0.0094 seconds. Added 3427 classes and 821 folders.
[2020.07.19-05.01.13:960][  0]LogContentBrowser: Native class hierarchy updated for 'WidgetCarousel' in 0.0003 seconds. Added 0 classes and 0 folders.
[2020.07.19-05.01.13:995][  0]LogContentBrowser: Native class hierarchy updated for 'AddContentDialog' in 0.0003 seconds. Added 0 classes and 0 folders.
[2020.07.19-05.01.13:995][  0]LogContentBrowser: Native class hierarchy updated for 'SceneOutliner' in 0.0002 seconds. Added 2 classes and 0 folders.
[2020.07.19-05.01.14:028][  0]LogSlate: Took 0.000171 seconds to synchronously load lazily loaded font '../../../Engine/Content/Slate/Fonts/Roboto-Regular.ttf' (155K)
[2020.07.19-05.01.14:030][  0]LogSlate: Took 0.000095 seconds to synchronously load lazily loaded font '../../../Engine/Content/Slate/Fonts/Roboto-Bold.ttf' (160K)
[2020.07.19-05.01.14:034][  0]LogSlate: Took 0.000106 seconds to synchronously load lazily loaded font '../../../Engine/Content/Editor/Slate/Fonts/FontAwesome.ttf' (139K)
[2020.07.19-05.01.14:083][  0]LogRenderer: Reallocating scene render targets to support 1208x572 Format 10 NumSamples 1 (Frame:1).
[2020.07.19-05.01.14:171][  0]LogContentBrowser: Native class hierarchy updated for 'HierarchicalLODOutliner' in 0.0002 seconds. Added 0 classes and 0 folders.
[2020.07.19-05.01.14:172][  0]LogLoad: (Engine Initialization) Total time: 6.57 seconds
[2020.07.19-05.01.14:172][  0]LogLoad: (Engine Initialization) Total Blueprint compile time: 0.00 seconds
[2020.07.19-05.01.14:211][  0]LogAssetRegistry: Asset discovery search completed in 3.2087 seconds
[2020.07.19-05.01.14:214][  0]LogCollectionManager: Fixed up redirectors for 0 collections in 0.000002 seconds (updated 0 objects)
[2020.07.19-05.01.14:215][  0]LogContentStreaming: Texture pool size now 1000 MB
[2020.07.19-05.01.14:245][  0]LogSlate: Took 0.000153 seconds to synchronously load lazily loaded font '../../../Engine/Content/Slate/Fonts/Roboto-Light.ttf' (167K)
[2020.07.19-05.01.15:250][ 96]LogSlate: Took 0.000178 seconds to synchronously load lazily loaded font '../../../Engine/Content/Slate/Fonts/Roboto-Light.ttf' (167K)
[2020.07.19-05.01.27:172][258]LogAssetEditorSubsystem: Opening Asset editor for AnimSequence /Game/ThirdPersonBP/AnimStarterPack/Sprint_Fwd_Rifle.Sprint_Fwd_Rifle
[2020.07.19-05.01.27:179][258]LogContentBrowser: Native class hierarchy updated for 'SkeletonEditor' in 0.0003 seconds. Added 1 classes and 2 folders.
[2020.07.19-05.01.27:324][258]LogActorComponent: RegisterComponentWithWorld: (/Engine/Transient.World_4:PersistentLevel.AnimationEditorPreviewActor_0.DebugSkelMeshComponent_0) Already registered. Aborting.
[2020.07.19-05.01.27:325][258]LogContentBrowser: Native class hierarchy updated for 'PinnedCommandList' in 0.0003 seconds. Added 1 classes and 0 folders.
[2020.07.19-05.01.27:410][258]LogSkeletalMesh: USkeletalMeshComponent::InitArticulated : Bodies already created (/Engine/Transient.World_4:PersistentLevel.AnimationEditorPreviewActor_0.DebugSkelMeshComponent_0) - call TermArticulated first.
[2020.07.19-05.01.27:748][258]LogContentBrowser: Verbose: The majority of assets in the view are of type: AnimSequence
[2020.07.19-05.01.29:353][393]LogSlate: Window 'Sprint_Fwd_Rifle' being destroyed
[2020.07.19-05.01.29:359][393]LogSlate: Window 'Sprint_Fwd_Rifle' being destroyed
[2020.07.19-05.01.29:359][393]LogWorld: UWorld::CleanupWorld for World_4, bSessionEnded=true, bCleanupResources=true
[2020.07.19-05.01.29:359][393]LogSlate: InvalidateAllWidgets triggered.  All widgets were invalidated
[2020.07.19-05.01.29:392][393]LogWorld: UWorld::CleanupWorld for World_8, bSessionEnded=true, bCleanupResources=true
[2020.07.19-05.01.29:392][393]LogSlate: InvalidateAllWidgets triggered.  All widgets were invalidated
[2020.07.19-05.01.29:468][393]LogWorld: UWorld::CleanupWorld for World_5, bSessionEnded=true, bCleanupResources=true
[2020.07.19-05.01.29:468][393]LogSlate: InvalidateAllWidgets triggered.  All widgets were invalidated
[2020.07.19-05.02.02:282][758]LogSlate: Window 'Pick Skeleton' being destroyed
[2020.07.19-05.02.11:510][744]Cmd: OBJ SAVEPACKAGE PACKAGE="/Game/ThirdPersonBP/AnimStarterPack/Sprint" FILE="C:/Users/haoru/Documents/Unreal Projects/firstgame/Content/ThirdPersonBP/AnimStarterPack/Sprint.uasset" SILENT=true
[2020.07.19-05.02.11:521][744]LogSavePackage: Moving 'C:/Users/haoru/Documents/Unreal Projects/firstgame/Saved/Sprint061AA8C440270FB43A08E2A895E44311.tmp' to 'C:/Users/haoru/Documents/Unreal Projects/firstgame/Content/ThirdPersonBP/AnimStarterPack/Sprint.uasset'
[2020.07.19-05.02.11:611][744]LogUObjectHash: Compacting FUObjectHashTables data took   0.73ms
[2020.07.19-05.02.11:634][744]LogUObjectHash: Compacting FUObjectHashTables data took   0.69ms
[2020.07.19-05.02.11:644][744]LogUObjectHash: Compacting FUObjectHashTables data took   0.27ms
[2020.07.19-05.02.11:705][744]AssetCheck: New page: Asset Save: Sprint
[2020.07.19-05.02.11:705][744]LogContentValidation: Display: Validating BlendSpace /Game/ThirdPersonBP/AnimStarterPack/Sprint.Sprint
[2020.07.19-05.02.13:235][894]LogAssetEditorSubsystem: Opening Asset editor for BlendSpace /Game/ThirdPersonBP/AnimStarterPack/Sprint.Sprint
[2020.07.19-05.02.13:240][894]LogActorComponent: RegisterComponentWithWorld: (/Engine/Transient.World_9:PersistentLevel.AnimationEditorPreviewActor_0.DebugSkelMeshComponent_0) Already registered. Aborting.
[2020.07.19-05.02.13:290][894]LogSkeletalMesh: USkeletalMeshComponent::InitArticulated : Bodies already created (/Engine/Transient.World_9:PersistentLevel.AnimationEditorPreviewActor_0.DebugSkelMeshComponent_0) - call TermArticulated first.
[2020.07.19-05.02.13:562][894]LogContentBrowser: Verbose: The majority of assets in the view are of type: AnimSequence
[2020.07.19-05.03.16:077][774]Cmd: OBJ SAVEPACKAGE PACKAGE="/Game/ThirdPersonBP/AnimStarterPack/Sprint" FILE="C:/Users/haoru/Documents/Unreal Projects/firstgame/Content/ThirdPersonBP/AnimStarterPack/Sprint.uasset" SILENT=true
[2020.07.19-05.03.16:101][774]LogSavePackage: Moving 'C:/Users/haoru/Documents/Unreal Projects/firstgame/Saved/Sprint4E98A1DA431F26548836429AEE3B9495.tmp' to 'C:/Users/haoru/Documents/Unreal Projects/firstgame/Content/ThirdPersonBP/AnimStarterPack/Sprint.uasset'
[2020.07.19-05.03.16:113][774]AssetCheck: New page: Asset Save: Sprint
[2020.07.19-05.03.16:113][774]LogContentValidation: Display: Validating BlendSpace /Game/ThirdPersonBP/AnimStarterPack/Sprint.Sprint
[2020.07.19-05.03.17:119][852]Cmd: OBJ SAVEPACKAGE PACKAGE="/Game/ThirdPersonBP/AnimStarterPack/Sprint" FILE="C:/Users/haoru/Documents/Unreal Projects/firstgame/Content/ThirdPersonBP/AnimStarterPack/Sprint.uasset" SILENT=true
[2020.07.19-05.03.17:134][852]LogSavePackage: Moving 'C:/Users/haoru/Documents/Unreal Projects/firstgame/Saved/Sprint85FFEDED41526E286383F9BAB0C97EFF.tmp' to 'C:/Users/haoru/Documents/Unreal Projects/firstgame/Content/ThirdPersonBP/AnimStarterPack/Sprint.uasset'
[2020.07.19-05.03.17:149][852]AssetCheck: New page: Asset Save: Sprint
[2020.07.19-05.03.17:149][852]LogContentValidation: Display: Validating BlendSpace /Game/ThirdPersonBP/AnimStarterPack/Sprint.Sprint
[2020.07.19-05.05.27:876][440]LogWorld: UWorld::CleanupWorld for World_11, bSessionEnded=true, bCleanupResources=true
[2020.07.19-05.05.27:876][440]LogSlate: InvalidateAllWidgets triggered.  All widgets were invalidated
[2020.07.19-05.05.43:085][842]LogWorld: UWorld::CleanupWorld for World_12, bSessionEnded=true, bCleanupResources=true
[2020.07.19-05.05.43:085][842]LogSlate: InvalidateAllWidgets triggered.  All widgets were invalidated
[2020.07.19-05.10.24:392][282]Cmd: OBJ SAVEPACKAGE PACKAGE="/Game/ThirdPersonBP/AnimStarterPack/Sprint" FILE="C:/Users/haoru/Documents/Unreal Projects/firstgame/Content/ThirdPersonBP/AnimStarterPack/Sprint.uasset" SILENT=true
[2020.07.19-05.10.24:417][282]LogSavePackage: Moving 'C:/Users/haoru/Documents/Unreal Projects/firstgame/Saved/SprintB80432994D77485788591DB587B051CF.tmp' to 'C:/Users/haoru/Documents/Unreal Projects/firstgame/Content/ThirdPersonBP/AnimStarterPack/Sprint.uasset'
[2020.07.19-05.10.24:430][282]AssetCheck: New page: Asset Save: Sprint
[2020.07.19-05.10.24:430][282]LogContentValidation: Display: Validating BlendSpace /Game/ThirdPersonBP/AnimStarterPack/Sprint.Sprint
[2020.07.19-05.10.27:869][583]LogAssetEditorSubsystem: Opening Asset editor for Blueprint /Game/ThirdPersonBP/AnimStarterPack/Ue4ASP_Character.Ue4ASP_Character
[2020.07.19-05.10.28:038][583]LogContentBrowser: Native class hierarchy updated for 'BlueprintGraph' in 0.0006 seconds. Added 125 classes and 0 folders.
[2020.07.19-05.10.28:867][583]LogSlate: Took 0.000168 seconds to synchronously load lazily loaded font '../../../Engine/Content/Slate/Fonts/Roboto-BoldCondensed.ttf' (158K)
[2020.07.19-05.10.28:986][584]LogSlate: Took 0.000232 seconds to synchronously load lazily loaded font '../../../Engine/Content/Slate/Fonts/Roboto-Italic.ttf' (157K)
[2020.07.19-05.11.14:628][447]BlueprintLog: New page: Compile Ue4ASP_Character
[2020.07.19-05.11.14:692][447]LogUObjectHash: Compacting FUObjectHashTables data took   2.37ms
[2020.07.19-05.11.14:822][447]LogSlate: Took 0.000096 seconds to synchronously load lazily loaded font '../../../Engine/Content/Slate/Fonts/DroidSansMono.ttf' (77K)
[2020.07.19-05.11.18:091][673]LogUObjectHash: Compacting FUObjectHashTables data took   3.23ms
[2020.07.19-05.11.18:091][673]LogFileHelpers: Editor autosave (incl. sublevels) for '/Game/ThirdPersonBP/Maps/ThirdPersonExampleMap' took 0.049
[2020.07.19-05.11.18:092][673]OBJ SavePackage: Generating thumbnails for [1] asset(s) in package [/Game/ThirdPersonBP/AnimStarterPack/Ue4ASP_Character] ([1] browsable assets)...
[2020.07.19-05.11.18:100][673]OBJ SavePackage:     Rendered thumbnail for [Blueprint /Game/ThirdPersonBP/AnimStarterPack/Ue4ASP_Character.Ue4ASP_Character]
[2020.07.19-05.11.18:101][673]OBJ SavePackage: Finished generating thumbnails for package [/Game/ThirdPersonBP/AnimStarterPack/Ue4ASP_Character]
[2020.07.19-05.11.18:161][673]LogSavePackage: Moving 'C:/Users/haoru/Documents/Unreal Projects/firstgame/Saved/Ue4ASP_Character_Auto17DA3E7274D2D54EA2BEDF2A2B31150B3.tmp' to 'C:/Users/haoru/Documents/Unreal Projects/firstgame/Saved/Autosaves/Game/ThirdPersonBP/AnimStarterPack/Ue4ASP_Character_Auto1.uasset'
[2020.07.19-05.11.18:162][673]LogFileHelpers: Auto-saving content packages took 0.071
[2020.07.19-05.12.05:552][181]LogSlate: Window 'Project Settings' being destroyed
[2020.07.19-05.12.05:558][181]LogSlate: Window 'Project Settings' being destroyed
[2020.07.19-05.12.37:150][930]BlueprintLog: New page: Compile Ue4ASP_Character
[2020.07.19-05.12.37:214][930]LogUObjectHash: Compacting FUObjectHashTables data took   3.58ms
[2020.07.19-05.12.37:749][964]LogSavePackage: Moving 'C:/Users/haoru/Documents/Unreal Projects/firstgame/Saved/Ue4ASP_Character507CF27B41C8A297476C4DBE61A24291.tmp' to 'C:/Users/haoru/Documents/Unreal Projects/firstgame/Content/ThirdPersonBP/AnimStarterPack/Ue4ASP_Character.uasset'
[2020.07.19-05.12.37:765][964]AssetCheck: New page: Asset Save: Ue4ASP_Character
[2020.07.19-05.12.37:765][964]LogContentValidation: Display: Validating Blueprint /Game/ThirdPersonBP/AnimStarterPack/Ue4ASP_Character.Ue4ASP_Character
[2020.07.19-05.14.18:196][659]LogSavePackage: Moving 'C:/Users/haoru/Documents/Unreal Projects/firstgame/Saved/Ue4ASP_CharacterE6510331454CF9C97F1A96BB15EE9262.tmp' to 'C:/Users/haoru/Documents/Unreal Projects/firstgame/Content/ThirdPersonBP/AnimStarterPack/Ue4ASP_Character.uasset'
[2020.07.19-05.14.18:212][659]AssetCheck: New page: Asset Save: Ue4ASP_Character
[2020.07.19-05.14.18:212][659]LogContentValidation: Display: Validating Blueprint /Game/ThirdPersonBP/AnimStarterPack/Ue4ASP_Character.Ue4ASP_Character
[2020.07.19-05.14.19:182][740]BlueprintLog: New page: Compile Ue4ASP_Character
[2020.07.19-05.14.19:246][740]LogUObjectHash: Compacting FUObjectHashTables data took   3.60ms
[2020.07.19-05.14.19:797][770]LogSavePackage: Moving 'C:/Users/haoru/Documents/Unreal Projects/firstgame/Saved/Ue4ASP_Character78DB710947146BE86444C0A35821329E.tmp' to 'C:/Users/haoru/Documents/Unreal Projects/firstgame/Content/ThirdPersonBP/AnimStarterPack/Ue4ASP_Character.uasset'
[2020.07.19-05.14.19:811][770]AssetCheck: New page: Asset Save: Ue4ASP_Character
[2020.07.19-05.14.19:811][770]LogContentValidation: Display: Validating Blueprint /Game/ThirdPersonBP/AnimStarterPack/Ue4ASP_Character.Ue4ASP_Character
[2020.07.19-05.14.42:984][837]LogD3D11RHI: Error: Result failed 
 at D:/Build/++UE4+Licensee/Sync/Engine/Source/Runtime/Windows/D3D11RHI/Private/D3D11Query.cpp:348 
 with error DXGI_ERROR_DEVICE_REMOVED DXGI_ERROR_DRIVER_INTERNAL_ERROR
[2020.07.19-05.14.42:984][837]LogWindows: Windows GetLastError: The operation completed successfully. (0)
[2020.07.19-05.14.44:351][838]LogWindows: FPlatformMisc::RequestExit(0)
[2020.07.19-05.14.44:351][838]LogCore: Engine exit requested (reason: Win RequestExit)
[2020.07.19-05.14.44:351][838]LogWindows: Error: Error reentered: Assertion failed: Result >= 0 [File:D:/Build/++UE4+Licensee/Sync/Engine/Source/Runtime/RHI/Private/PipelineStateCache.cpp] [Line: 1258] 


[2020.07.19-05.14.44:351][838]LogOutputDevice: Warning: 

Script Stack (0 frames):

[2020.07.19-05.14.44:351][838]LogWindows: Windows GetLastError: The operation completed successfully. (0)
[2020.07.19-05.14.44:351][838]LogWindows: FPlatformMisc::RequestExit(0)
[2020.07.19-05.14.44:351][838]LogCore: Engine exit requested (reason: Win RequestExit; note: exit was already requested)
[2020.07.19-05.14.44:353][838]LogOutputDevice: Warning: 

Script Stack (0 frames):

[2020.07.19-05.14.44:353][838]LogWindows: Windows GetLastError: The operation completed successfully. (0)
[2020.07.19-05.14.44:353][838]LogWindows: FPlatformMisc::RequestExit(0)
[2020.07.19-05.14.44:353][838]LogCore: Engine exit requested (reason: Win RequestExit; note: exit was already requested)
[2020.07.19-05.14.44:354][838]LogOutputDevice: Warning: 

Script Stack (0 frames):

[2020.07.19-05.14.44:354][838]LogWindows: Windows GetLastError: The operation completed successfully. (0)
[2020.07.19-05.14.44:354][838]LogWindows: FPlatformMisc::RequestExit(0)
[2020.07.19-05.14.44:354][838]LogCore: Engine exit requested (reason: Win RequestExit; note: exit was already requested)
[2020.07.19-05.14.44:355][838]LogOutputDevice: Warning: 

Script Stack (0 frames):

[2020.07.19-05.14.44:355][838]LogWindows: Windows GetLastError: The operation completed successfully. (0)
[2020.07.19-05.14.44:356][838]LogWindows: FPlatformMisc::RequestExit(0)
[2020.07.19-05.14.44:356][838]LogCore: Engine exit requested (reason: Win RequestExit; note: exit was already requested)
[2020.07.19-05.14.44:356][838]LogThreadingWindows: Error: Runnable thread RenderThread 11 crashed.
[2020.07.19-05.14.44:356][838]LogWindows: Error: === Critical error: ===
[2020.07.19-05.14.44:356][838]LogWindows: Error: 
[2020.07.19-05.14.44:356][838]LogWindows: Error: Fatal error: [File:D:/Build/++UE4+Licensee/Sync/Engine/Source/Runtime/RenderCore/Private/RenderingThread.cpp] [Line: 855] 
[2020.07.19-05.14.44:356][838]LogWindows: Error: Rendering thread exception:
[2020.07.19-05.14.44:356][838]LogWindows: Error: Assertion failed: Status < (sizeof(*RtlpNumberOf(AftermathReason))) [File:D:/Build/++UE4+Licensee/Sync/Engine/Source/Runtime/Windows/D3D11RHI/Private/D3D11RHI.cpp] [Line: 667] 
[2020.07.19-05.14.44:356][838]LogWindows: Error: 
[2020.07.19-05.14.44:356][838]LogWindows: Error: 
[2020.07.19-05.14.44:356][838]LogWindows: Error: 
[2020.07.19-05.14.44:356][838]LogWindows: Error: Unhandled Exception: 0x00008000
[2020.07.19-05.14.44:356][838]LogWindows: Error: 
[2020.07.19-05.14.44:356][838]LogWindows: Error: [Callstack] 0x00007ffa5435a799 KERNELBASE.dll!UnknownFunction []
[2020.07.19-05.14.44:356][838]LogWindows: Error: [Callstack] 0x00007ff9e3bb0347 UE4Editor-Core.dll!UnknownFunction []
[2020.07.19-05.14.44:356][838]LogWindows: Error: [Callstack] 0x00007ff9e3bb1f21 UE4Editor-Core.dll!UnknownFunction []
[2020.07.19-05.14.44:356][838]LogWindows: Error: [Callstack] 0x00007ff9e393e53d UE4Editor-Core.dll!UnknownFunction []
[2020.07.19-05.14.44:356][838]LogWindows: Error: [Callstack] 0x00007ff9e38c97b5 UE4Editor-Core.dll!UnknownFunction []
[2020.07.19-05.14.44:356][838]LogWindows: Error: [Callstack] 0x00007ff9e38cbaf0 UE4Editor-Core.dll!UnknownFunction []
[2020.07.19-05.14.44:356][838]LogWindows: Error: [Callstack] 0x00007ff9c42867a3 UE4Editor-D3D11RHI.dll!UnknownFunction []
[2020.07.19-05.14.44:356][838]LogWindows: Error: [Callstack] 0x00007ff9c42bdf74 UE4Editor-D3D11RHI.dll!UnknownFunction []
[2020.07.19-05.14.44:356][838]LogWindows: Error: [Callstack] 0x00007ff9c42c2b3b UE4Editor-D3D11RHI.dll!UnknownFunction []
[2020.07.19-05.14.44:356][838]LogWindows: Error: [Callstack] 0x00007ff9c4298a7e UE4Editor-D3D11RHI.dll!UnknownFunction []
[2020.07.19-05.14.44:356][838]LogWindows: Error: [Callstack] 0x00007ff9c42ae19d UE4Editor-D3D11RHI.dll!UnknownFunction []
[2020.07.19-05.14.44:356][838]LogWindows: Error: [Callstack] 0x00007ffa283d7a76 UE4Editor-RHI.dll!UnknownFunction []
[2020.07.19-05.14.44:356][838]LogWindows: Error: [Callstack] 0x00007ffa283dbb50 UE4Editor-RHI.dll!UnknownFunction []
[2020.07.19-05.14.44:356][838]LogWindows: Error: [Callstack] 0x00007ffa283db684 UE4Editor-RHI.dll!UnknownFunction []
[2020.07.19-05.14.44:356][838]LogWindows: Error: [Callstack] 0x00007ffa283dc776 UE4Editor-RHI.dll!UnknownFunction []
[2020.07.19-05.14.44:356][838]LogWindows: Error: [Callstack] 0x00007ffa283d0559 UE4Editor-RHI.dll!UnknownFunction []
[2020.07.19-05.14.44:356][838]LogWindows: Error: [Callstack] 0x00007ff9c3f3c1ae UE4Editor-SlateRHIRenderer.dll!UnknownFunction []
[2020.07.19-05.14.44:356][838]LogWindows: Error: [Callstack] 0x00007ff9c3f311f5 UE4Editor-SlateRHIRenderer.dll!UnknownFunction []
[2020.07.19-05.14.44:356][838]LogWindows: Error: [Callstack] 0x00007ff9c3f43c0e UE4Editor-SlateRHIRenderer.dll!UnknownFunction []
[2020.07.19-05.14.44:356][838]LogWindows: Error: [Callstack] 0x00007ff9e36e87d8 UE4Editor-Core.dll!UnknownFunction []
[2020.07.19-05.14.44:356][838]LogWindows: Error: [Callstack] 0x00007ff9e36e8aa3 UE4Editor-Core.dll!UnknownFunction []
[2020.07.19-05.14.44:356][838]LogWindows: Error: [Callstack] 0x00007ffa090bf892 UE4Editor-RenderCore.dll!UnknownFunction []
[2020.07.19-05.14.44:356][838]LogWindows: Error: [Callstack] 0x00007ffa090c53d4 UE4Editor-RenderCore.dll!UnknownFunction []
[2020.07.19-05.14.44:356][838]LogWindows: Error: [Callstack] 0x00007ff9e3bd050b UE4Editor-Core.dll!UnknownFunction []
[2020.07.19-05.14.44:356][838]LogWindows: Error: [Callstack] 0x00007ff9e3bc7ee0 UE4Editor-Core.dll!UnknownFunction []
[2020.07.19-05.14.44:356][838]LogWindows: Error: [Callstack] 0x00007ffa563f7bd4 KERNEL32.DLL!UnknownFunction []
[2020.07.19-05.14.44:356][838]LogWindows: Error: [Callstack] 0x00007ffa5716ce51 ntdll.dll!UnknownFunction []
[2020.07.19-05.14.44:356][838]LogWindows: Error: 
[2020.07.19-05.14.44:356][838]LogWindows: Error: 
[2020.07.19-05.14.44:356][838]LogWindows: Error: 
[2020.07.19-05.14.44:356][838]LogWindows: Error: 
[2020.07.19-05.14.44:357][838]LogWindows: Error: Crash in runnable thread RenderThread 11
[2020.07.19-05.14.44:359][838]LogWindows: FPlatformMisc::RequestExit(0)
[2020.07.19-05.14.44:360][838]LogCore: Engine exit requested (reason: Win RequestExit; note: exit was already requested)
[2020.07.19-05.14.44:362][838]LogOutputDevice: Warning: 

Script Stack (0 frames):

[2020.07.19-05.14.44:362][838]LogWindows: Windows GetLastError: The operation completed successfully. (0)
[2020.07.19-05.14.44:362][838]LogWindows: Error: HandleError re-entered.
[2020.07.19-05.14.44:362][838]LogWindows: FPlatformMisc::RequestExit(1)
[2020.07.19-05.14.44:362][838]LogCore: Engine exit requested (reason: Win RequestExit; note: exit was already requested)
[2020.07.19-05.14.44:372][838]Log file closed, 07/18/20 22:14:44
